This is pdfTeX, Version 3.14159265-2.6-1.40.19 (TeX Live 2018/W32TeX) (preloaded format=pdflatex 2019.1.6)  20 OCT 2019 18:06
entering extended mode
 restricted \write18 enabled.
 %&-line parsing enabled.
**CommitteeUpdate.tex
(./CommitteeUpdate.tex
LaTeX2e <2018-12-01>
(c:/texlive/2018/texmf-dist/tex/latex/beamer/beamer.cls
Document Class: beamer 2018/12/02 v3.55 A class for typesetting presentations
(c:/texlive/2018/texmf-dist/tex/latex/beamer/beamerbasemodes.sty
(c:/texlive/2018/texmf-dist/tex/latex/etoolbox/etoolbox.sty
Package: etoolbox 2018/08/19 v2.5f e-TeX tools for LaTeX (JAW)
\etb@tempcnta=\count80
)
\beamer@tempbox=\box27
\beamer@tempcount=\count81
\c@beamerpauses=\count82

(c:/texlive/2018/texmf-dist/tex/latex/beamer/beamerbasedecode.sty
\beamer@slideinframe=\count83
\beamer@minimum=\count84
)
\beamer@commentbox=\box28
\beamer@modecount=\count85
)
(c:/texlive/2018/texmf-dist/tex/generic/oberdiek/ifpdf.sty
Package: ifpdf 2018/09/07 v3.3 Provides the ifpdf switch
)
\headdp=\dimen102
\footheight=\dimen103
\sidebarheight=\dimen104
\beamer@tempdim=\dimen105
\beamer@finalheight=\dimen106
\beamer@animht=\dimen107
\beamer@animdp=\dimen108
\beamer@animwd=\dimen109
\beamer@leftmargin=\dimen110
\beamer@rightmargin=\dimen111
\beamer@leftsidebar=\dimen112
\beamer@rightsidebar=\dimen113
\beamer@boxsize=\dimen114
\beamer@vboxoffset=\dimen115
\beamer@descdefault=\dimen116
\beamer@descriptionwidth=\dimen117
\beamer@lastskip=\skip41
\beamer@areabox=\box29
\beamer@animcurrent=\box30
\beamer@animshowbox=\box31
\beamer@sectionbox=\box32
\beamer@logobox=\box33
\beamer@linebox=\box34
\beamer@sectioncount=\count86
\beamer@subsubsectionmax=\count87
\beamer@subsectionmax=\count88
\beamer@sectionmax=\count89
\beamer@totalheads=\count90
\beamer@headcounter=\count91
\beamer@partstartpage=\count92
\beamer@sectionstartpage=\count93
\beamer@subsectionstartpage=\count94
\beamer@animationtempa=\count95
\beamer@animationtempb=\count96
\beamer@xpos=\count97
\beamer@ypos=\count98
\beamer@ypos@offset=\count99
\beamer@showpartnumber=\count100
\beamer@currentsubsection=\count101
\beamer@coveringdepth=\count102
\beamer@sectionadjust=\count103
\beamer@tocsectionnumber=\count104

(c:/texlive/2018/texmf-dist/tex/latex/beamer/beamerbaseoptions.sty
(c:/texlive/2018/texmf-dist/tex/latex/graphics/keyval.sty
Package: keyval 2014/10/28 v1.15 key=value parser (DPC)
\KV@toks@=\toks14
))
\beamer@paperwidth=\skip42
\beamer@paperheight=\skip43

(c:/texlive/2018/texmf-dist/tex/latex/geometry/geometry.sty
Package: geometry 2018/04/16 v5.8 Page Geometry

(c:/texlive/2018/texmf-dist/tex/generic/oberdiek/ifvtex.sty
Package: ifvtex 2016/05/16 v1.6 Detect VTeX and its facilities (HO)
Package ifvtex Info: VTeX not detected.
)
(c:/texlive/2018/texmf-dist/tex/generic/ifxetex/ifxetex.sty
Package: ifxetex 2010/09/12 v0.6 Provides ifxetex conditional
)
\Gm@cnth=\count105
\Gm@cntv=\count106
\c@Gm@tempcnt=\count107
\Gm@bindingoffset=\dimen118
\Gm@wd@mp=\dimen119
\Gm@odd@mp=\dimen120
\Gm@even@mp=\dimen121
\Gm@layoutwidth=\dimen122
\Gm@layoutheight=\dimen123
\Gm@layouthoffset=\dimen124
\Gm@layoutvoffset=\dimen125
\Gm@dimlist=\toks15
)
(c:/texlive/2018/texmf-dist/tex/latex/base/size10.clo
File: size10.clo 2018/09/03 v1.4i Standard LaTeX file (size option)
)
(c:/texlive/2018/texmf-dist/tex/latex/pgf/basiclayer/pgfcore.sty
(c:/texlive/2018/texmf-dist/tex/latex/graphics/graphicx.sty
Package: graphicx 2017/06/01 v1.1a Enhanced LaTeX Graphics (DPC,SPQR)

(c:/texlive/2018/texmf-dist/tex/latex/graphics/graphics.sty
Package: graphics 2017/06/25 v1.2c Standard LaTeX Graphics (DPC,SPQR)

(c:/texlive/2018/texmf-dist/tex/latex/graphics/trig.sty
Package: trig 2016/01/03 v1.10 sin cos tan (DPC)
)
(c:/texlive/2018/texmf-dist/tex/latex/graphics-cfg/graphics.cfg
File: graphics.cfg 2016/06/04 v1.11 sample graphics configuration
)
Package graphics Info: Driver file: pdftex.def on input line 99.

(c:/texlive/2018/texmf-dist/tex/latex/graphics-def/pdftex.def
File: pdftex.def 2018/01/08 v1.0l Graphics/color driver for pdftex
))
\Gin@req@height=\dimen126
\Gin@req@width=\dimen127
)
(c:/texlive/2018/texmf-dist/tex/latex/pgf/systemlayer/pgfsys.sty
(c:/texlive/2018/texmf-dist/tex/latex/pgf/utilities/pgfrcs.sty
(c:/texlive/2018/texmf-dist/tex/generic/pgf/utilities/pgfutil-common.tex
\pgfutil@everybye=\toks16
\pgfutil@tempdima=\dimen128
\pgfutil@tempdimb=\dimen129

(c:/texlive/2018/texmf-dist/tex/generic/pgf/utilities/pgfutil-common-lists.tex)
) (c:/texlive/2018/texmf-dist/tex/generic/pgf/utilities/pgfutil-latex.def
\pgfutil@abb=\box35

(c:/texlive/2018/texmf-dist/tex/latex/ms/everyshi.sty
Package: everyshi 2001/05/15 v3.00 EveryShipout Package (MS)
))
(c:/texlive/2018/texmf-dist/tex/generic/pgf/utilities/pgfrcs.code.tex
(c:/texlive/2018/texmf-dist/tex/generic/pgf/pgf.revision.tex)
Package: pgfrcs 2019/01/05 v3.1 (3.1)
))
(c:/texlive/2018/texmf-dist/tex/generic/pgf/systemlayer/pgfsys.code.tex
Package: pgfsys 2019/01/05 v3.1 (3.1)

(c:/texlive/2018/texmf-dist/tex/generic/pgf/utilities/pgfkeys.code.tex
\pgfkeys@pathtoks=\toks17
\pgfkeys@temptoks=\toks18

(c:/texlive/2018/texmf-dist/tex/generic/pgf/utilities/pgfkeysfiltered.code.tex
\pgfkeys@tmptoks=\toks19
))
\pgf@x=\dimen130
\pgf@y=\dimen131
\pgf@xa=\dimen132
\pgf@ya=\dimen133
\pgf@xb=\dimen134
\pgf@yb=\dimen135
\pgf@xc=\dimen136
\pgf@yc=\dimen137
\w@pgf@writea=\write3
\r@pgf@reada=\read1
\c@pgf@counta=\count108
\c@pgf@countb=\count109
\c@pgf@countc=\count110
\c@pgf@countd=\count111
\t@pgf@toka=\toks20
\t@pgf@tokb=\toks21
\t@pgf@tokc=\toks22
\pgf@sys@id@count=\count112
 (c:/texlive/2018/texmf-dist/tex/generic/pgf/systemlayer/pgf.cfg
File: pgf.cfg 2019/01/05 v3.1 (3.1)
)
Driver file for pgf: pgfsys-pdftex.def

(c:/texlive/2018/texmf-dist/tex/generic/pgf/systemlayer/pgfsys-pdftex.def
File: pgfsys-pdftex.def 2019/01/05 v3.1 (3.1)

(c:/texlive/2018/texmf-dist/tex/generic/pgf/systemlayer/pgfsys-common-pdf.def
File: pgfsys-common-pdf.def 2019/01/05 v3.1 (3.1)
)))
(c:/texlive/2018/texmf-dist/tex/generic/pgf/systemlayer/pgfsyssoftpath.code.tex
File: pgfsyssoftpath.code.tex 2019/01/05 v3.1 (3.1)
\pgfsyssoftpath@smallbuffer@items=\count113
\pgfsyssoftpath@bigbuffer@items=\count114
)
(c:/texlive/2018/texmf-dist/tex/generic/pgf/systemlayer/pgfsysprotocol.code.tex
File: pgfsysprotocol.code.tex 2019/01/05 v3.1 (3.1)
)) (c:/texlive/2018/texmf-dist/tex/latex/xcolor/xcolor.sty
Package: xcolor 2016/05/11 v2.12 LaTeX color extensions (UK)

(c:/texlive/2018/texmf-dist/tex/latex/graphics-cfg/color.cfg
File: color.cfg 2016/01/02 v1.6 sample color configuration
)
Package xcolor Info: Driver file: pdftex.def on input line 225.
Package xcolor Info: Model `cmy' substituted by `cmy0' on input line 1348.
Package xcolor Info: Model `hsb' substituted by `rgb' on input line 1352.
Package xcolor Info: Model `RGB' extended on input line 1364.
Package xcolor Info: Model `HTML' substituted by `rgb' on input line 1366.
Package xcolor Info: Model `Hsb' substituted by `hsb' on input line 1367.
Package xcolor Info: Model `tHsb' substituted by `hsb' on input line 1368.
Package xcolor Info: Model `HSB' substituted by `hsb' on input line 1369.
Package xcolor Info: Model `Gray' substituted by `gray' on input line 1370.
Package xcolor Info: Model `wave' substituted by `hsb' on input line 1371.
)
(c:/texlive/2018/texmf-dist/tex/generic/pgf/basiclayer/pgfcore.code.tex
Package: pgfcore 2019/01/05 v3.1 (3.1)

(c:/texlive/2018/texmf-dist/tex/generic/pgf/math/pgfmath.code.tex
(c:/texlive/2018/texmf-dist/tex/generic/pgf/math/pgfmathcalc.code.tex
(c:/texlive/2018/texmf-dist/tex/generic/pgf/math/pgfmathutil.code.tex)
(c:/texlive/2018/texmf-dist/tex/generic/pgf/math/pgfmathparser.code.tex
\pgfmath@dimen=\dimen138
\pgfmath@count=\count115
\pgfmath@box=\box36
\pgfmath@toks=\toks23
\pgfmath@stack@operand=\toks24
\pgfmath@stack@operation=\toks25
)
(c:/texlive/2018/texmf-dist/tex/generic/pgf/math/pgfmathfunctions.code.tex
(c:/texlive/2018/texmf-dist/tex/generic/pgf/math/pgfmathfunctions.basic.code.te
x)
(c:/texlive/2018/texmf-dist/tex/generic/pgf/math/pgfmathfunctions.trigonometric
.code.tex)
(c:/texlive/2018/texmf-dist/tex/generic/pgf/math/pgfmathfunctions.random.code.t
ex)
(c:/texlive/2018/texmf-dist/tex/generic/pgf/math/pgfmathfunctions.comparison.co
de.tex)
(c:/texlive/2018/texmf-dist/tex/generic/pgf/math/pgfmathfunctions.base.code.tex
)
(c:/texlive/2018/texmf-dist/tex/generic/pgf/math/pgfmathfunctions.round.code.te
x)
(c:/texlive/2018/texmf-dist/tex/generic/pgf/math/pgfmathfunctions.misc.code.tex
)
(c:/texlive/2018/texmf-dist/tex/generic/pgf/math/pgfmathfunctions.integerarithm
etics.code.tex)))
(c:/texlive/2018/texmf-dist/tex/generic/pgf/math/pgfmathfloat.code.tex
\c@pgfmathroundto@lastzeros=\count116
))
(c:/texlive/2018/texmf-dist/tex/generic/pgf/basiclayer/pgfcorepoints.code.tex
File: pgfcorepoints.code.tex 2019/01/05 v3.1 (3.1)
\pgf@picminx=\dimen139
\pgf@picmaxx=\dimen140
\pgf@picminy=\dimen141
\pgf@picmaxy=\dimen142
\pgf@pathminx=\dimen143
\pgf@pathmaxx=\dimen144
\pgf@pathminy=\dimen145
\pgf@pathmaxy=\dimen146
\pgf@xx=\dimen147
\pgf@xy=\dimen148
\pgf@yx=\dimen149
\pgf@yy=\dimen150
\pgf@zx=\dimen151
\pgf@zy=\dimen152
)
(c:/texlive/2018/texmf-dist/tex/generic/pgf/basiclayer/pgfcorepathconstruct.cod
e.tex
File: pgfcorepathconstruct.code.tex 2019/01/05 v3.1 (3.1)
\pgf@path@lastx=\dimen153
\pgf@path@lasty=\dimen154
)
(c:/texlive/2018/texmf-dist/tex/generic/pgf/basiclayer/pgfcorepathusage.code.te
x
File: pgfcorepathusage.code.tex 2019/01/05 v3.1 (3.1)
\pgf@shorten@end@additional=\dimen155
\pgf@shorten@start@additional=\dimen156
)
(c:/texlive/2018/texmf-dist/tex/generic/pgf/basiclayer/pgfcorescopes.code.tex
File: pgfcorescopes.code.tex 2019/01/05 v3.1 (3.1)
\pgfpic=\box37
\pgf@hbox=\box38
\pgf@layerbox@main=\box39
\pgf@picture@serial@count=\count117
)
(c:/texlive/2018/texmf-dist/tex/generic/pgf/basiclayer/pgfcoregraphicstate.code
.tex
File: pgfcoregraphicstate.code.tex 2019/01/05 v3.1 (3.1)
\pgflinewidth=\dimen157
)
(c:/texlive/2018/texmf-dist/tex/generic/pgf/basiclayer/pgfcoretransformations.c
ode.tex
File: pgfcoretransformations.code.tex 2019/01/05 v3.1 (3.1)
\pgf@pt@x=\dimen158
\pgf@pt@y=\dimen159
\pgf@pt@temp=\dimen160
)
(c:/texlive/2018/texmf-dist/tex/generic/pgf/basiclayer/pgfcorequick.code.tex
File: pgfcorequick.code.tex 2019/01/05 v3.1 (3.1)
)
(c:/texlive/2018/texmf-dist/tex/generic/pgf/basiclayer/pgfcoreobjects.code.tex
File: pgfcoreobjects.code.tex 2019/01/05 v3.1 (3.1)
)
(c:/texlive/2018/texmf-dist/tex/generic/pgf/basiclayer/pgfcorepathprocessing.co
de.tex
File: pgfcorepathprocessing.code.tex 2019/01/05 v3.1 (3.1)
)
(c:/texlive/2018/texmf-dist/tex/generic/pgf/basiclayer/pgfcorearrows.code.tex
File: pgfcorearrows.code.tex 2019/01/05 v3.1 (3.1)
\pgfarrowsep=\dimen161
)
(c:/texlive/2018/texmf-dist/tex/generic/pgf/basiclayer/pgfcoreshade.code.tex
File: pgfcoreshade.code.tex 2019/01/05 v3.1 (3.1)
\pgf@max=\dimen162
\pgf@sys@shading@range@num=\count118
)
(c:/texlive/2018/texmf-dist/tex/generic/pgf/basiclayer/pgfcoreimage.code.tex
File: pgfcoreimage.code.tex 2019/01/05 v3.1 (3.1)

(c:/texlive/2018/texmf-dist/tex/generic/pgf/basiclayer/pgfcoreexternal.code.tex
File: pgfcoreexternal.code.tex 2019/01/05 v3.1 (3.1)
\pgfexternal@startupbox=\box40
))
(c:/texlive/2018/texmf-dist/tex/generic/pgf/basiclayer/pgfcorelayers.code.tex
File: pgfcorelayers.code.tex 2019/01/05 v3.1 (3.1)
)
(c:/texlive/2018/texmf-dist/tex/generic/pgf/basiclayer/pgfcoretransparency.code
.tex
File: pgfcoretransparency.code.tex 2019/01/05 v3.1 (3.1)
)
(c:/texlive/2018/texmf-dist/tex/generic/pgf/basiclayer/pgfcorepatterns.code.tex
File: pgfcorepatterns.code.tex 2019/01/05 v3.1 (3.1)
) (c:/texlive/2018/texmf-dist/tex/generic/pgf/basiclayer/pgfcorerdf.code.tex
File: pgfcorerdf.code.tex 2019/01/05 v3.1 (3.1)
))) (c:/texlive/2018/texmf-dist/tex/latex/pgf/utilities/xxcolor.sty
Package: xxcolor 2003/10/24 ver 0.1
\XC@nummixins=\count119
\XC@countmixins=\count120
)
(c:/texlive/2018/texmf-dist/tex/generic/oberdiek/atbegshi.sty
Package: atbegshi 2016/06/09 v1.18 At begin shipout hook (HO)

(c:/texlive/2018/texmf-dist/tex/generic/oberdiek/infwarerr.sty
Package: infwarerr 2016/05/16 v1.4 Providing info/warning/error messages (HO)
)
(c:/texlive/2018/texmf-dist/tex/generic/oberdiek/ltxcmds.sty
Package: ltxcmds 2016/05/16 v1.23 LaTeX kernel commands for general use (HO)
))
(c:/texlive/2018/texmf-dist/tex/latex/hyperref/hyperref.sty
Package: hyperref 2018/11/30 v6.88e Hypertext links for LaTeX

(c:/texlive/2018/texmf-dist/tex/generic/oberdiek/hobsub-hyperref.sty
Package: hobsub-hyperref 2016/05/16 v1.14 Bundle oberdiek, subset hyperref (HO)


(c:/texlive/2018/texmf-dist/tex/generic/oberdiek/hobsub-generic.sty
Package: hobsub-generic 2016/05/16 v1.14 Bundle oberdiek, subset generic (HO)
Package: hobsub 2016/05/16 v1.14 Construct package bundles (HO)
Package hobsub Info: Skipping package `infwarerr' (already loaded).
Package hobsub Info: Skipping package `ltxcmds' (already loaded).
Package: ifluatex 2016/05/16 v1.4 Provides the ifluatex switch (HO)
Package ifluatex Info: LuaTeX not detected.
Package hobsub Info: Skipping package `ifvtex' (already loaded).
Package: intcalc 2016/05/16 v1.2 Expandable calculations with integers (HO)
Package hobsub Info: Skipping package `ifpdf' (already loaded).
Package: etexcmds 2016/05/16 v1.6 Avoid name clashes with e-TeX commands (HO)
Package etexcmds Info: Could not find \expanded.
(etexcmds)             That can mean that you are not using pdfTeX 1.50 or
(etexcmds)             that some package has redefined \expanded.
(etexcmds)             In the latter case, load this package earlier.
Package: kvsetkeys 2016/05/16 v1.17 Key value parser (HO)
Package: kvdefinekeys 2016/05/16 v1.4 Define keys (HO)
Package: pdftexcmds 2018/09/10 v0.29 Utility functions of pdfTeX for LuaTeX (HO
)
Package pdftexcmds Info: LuaTeX not detected.
Package pdftexcmds Info: \pdf@primitive is available.
Package pdftexcmds Info: \pdf@ifprimitive is available.
Package pdftexcmds Info: \pdfdraftmode found.
Package: pdfescape 2016/05/16 v1.14 Implements pdfTeX's escape features (HO)
Package: bigintcalc 2016/05/16 v1.4 Expandable calculations on big integers (HO
)
Package: bitset 2016/05/16 v1.2 Handle bit-vector datatype (HO)
Package: uniquecounter 2016/05/16 v1.3 Provide unlimited unique counter (HO)
)
Package hobsub Info: Skipping package `hobsub' (already loaded).
Package: letltxmacro 2016/05/16 v1.5 Let assignment for LaTeX macros (HO)
Package: hopatch 2016/05/16 v1.3 Wrapper for package hooks (HO)
Package: xcolor-patch 2016/05/16 xcolor patch
Package: atveryend 2016/05/16 v1.9 Hooks at the very end of document (HO)
Package hobsub Info: Skipping package `atbegshi' (already loaded).
Package: refcount 2016/05/16 v3.5 Data extraction from label references (HO)
Package: hycolor 2016/05/16 v1.8 Color options for hyperref/bookmark (HO)
)
(c:/texlive/2018/texmf-dist/tex/latex/oberdiek/auxhook.sty
Package: auxhook 2016/05/16 v1.4 Hooks for auxiliary files (HO)
)
(c:/texlive/2018/texmf-dist/tex/latex/oberdiek/kvoptions.sty
Package: kvoptions 2016/05/16 v3.12 Key value format for package options (HO)
)
\@linkdim=\dimen163
\Hy@linkcounter=\count121
\Hy@pagecounter=\count122

(c:/texlive/2018/texmf-dist/tex/latex/hyperref/pd1enc.def
File: pd1enc.def 2018/11/30 v6.88e Hyperref: PDFDocEncoding definition (HO)
Now handling font encoding PD1 ...
... no UTF-8 mapping file for font encoding PD1
)
\Hy@SavedSpaceFactor=\count123

(c:/texlive/2018/texmf-dist/tex/latex/latexconfig/hyperref.cfg
File: hyperref.cfg 2002/06/06 v1.2 hyperref configuration of TeXLive
)
Package hyperref Info: Option `bookmarks' set `true' on input line 4393.
Package hyperref Info: Option `bookmarksopen' set `true' on input line 4393.
Package hyperref Info: Option `implicit' set `false' on input line 4393.
Package hyperref Info: Hyper figures OFF on input line 4519.
Package hyperref Info: Link nesting OFF on input line 4524.
Package hyperref Info: Hyper index ON on input line 4527.
Package hyperref Info: Plain pages OFF on input line 4534.
Package hyperref Info: Backreferencing OFF on input line 4539.
Package hyperref Info: Implicit mode OFF; no redefinition of LaTeX internals.
Package hyperref Info: Bookmarks ON on input line 4772.
\c@Hy@tempcnt=\count124

(c:/texlive/2018/texmf-dist/tex/latex/url/url.sty
\Urlmuskip=\muskip10
Package: url 2013/09/16  ver 3.4  Verb mode for urls, etc.
)
LaTeX Info: Redefining \url on input line 5125.
\XeTeXLinkMargin=\dimen164
\Fld@menulength=\count125
\Field@Width=\dimen165
\Fld@charsize=\dimen166
Package hyperref Info: Hyper figures OFF on input line 6380.
Package hyperref Info: Link nesting OFF on input line 6385.
Package hyperref Info: Hyper index ON on input line 6388.
Package hyperref Info: backreferencing OFF on input line 6395.
Package hyperref Info: Link coloring OFF on input line 6400.
Package hyperref Info: Link coloring with OCG OFF on input line 6405.
Package hyperref Info: PDF/A mode OFF on input line 6410.
LaTeX Info: Redefining \ref on input line 6450.
LaTeX Info: Redefining \pageref on input line 6454.
\Hy@abspage=\count126


Package hyperref Message: Stopped early.

)
Package hyperref Info: Driver (autodetected): hpdftex.
 (c:/texlive/2018/texmf-dist/tex/latex/hyperref/hpdftex.def
File: hpdftex.def 2018/11/30 v6.88e Hyperref driver for pdfTeX
\Fld@listcount=\count127
\c@bookmark@seq@number=\count128

(c:/texlive/2018/texmf-dist/tex/latex/oberdiek/rerunfilecheck.sty
Package: rerunfilecheck 2016/05/16 v1.8 Rerun checks for auxiliary files (HO)
Package uniquecounter Info: New unique counter `rerunfilecheck' on input line 2
82.
))
(c:/texlive/2018/texmf-dist/tex/latex/beamer/beamerbaserequires.sty
(c:/texlive/2018/texmf-dist/tex/latex/beamer/beamerbasecompatibility.sty)
(c:/texlive/2018/texmf-dist/tex/latex/beamer/beamerbasefont.sty
(c:/texlive/2018/texmf-dist/tex/latex/amsfonts/amssymb.sty
Package: amssymb 2013/01/14 v3.01 AMS font symbols

(c:/texlive/2018/texmf-dist/tex/latex/amsfonts/amsfonts.sty
Package: amsfonts 2013/01/14 v3.01 Basic AMSFonts support
\@emptytoks=\toks26
\symAMSa=\mathgroup4
\symAMSb=\mathgroup5
LaTeX Font Info:    Overwriting math alphabet `\mathfrak' in version `bold'
(Font)                  U/euf/m/n --> U/euf/b/n on input line 106.
))
(c:/texlive/2018/texmf-dist/tex/latex/sansmathaccent/sansmathaccent.sty
Package: sansmathaccent 2013/03/28

(c:/texlive/2018/texmf-dist/tex/latex/filehook/filehook.sty
Package: filehook 2011/10/12 v0.5d Hooks for input files
)))
(c:/texlive/2018/texmf-dist/tex/latex/beamer/beamerbasetranslator.sty
(c:/texlive/2018/texmf-dist/tex/latex/translator/translator.sty
Package: translator 2018/01/04 v1.12 Easy translation of strings in LaTeX
))
(c:/texlive/2018/texmf-dist/tex/latex/beamer/beamerbasemisc.sty)
(c:/texlive/2018/texmf-dist/tex/latex/beamer/beamerbasetwoscreens.sty)
(c:/texlive/2018/texmf-dist/tex/latex/beamer/beamerbaseoverlay.sty
\beamer@argscount=\count129
\beamer@lastskipcover=\skip44
\beamer@trivlistdepth=\count130
)
(c:/texlive/2018/texmf-dist/tex/latex/beamer/beamerbasetitle.sty)
(c:/texlive/2018/texmf-dist/tex/latex/beamer/beamerbasesection.sty
\c@lecture=\count131
\c@part=\count132
\c@section=\count133
\c@subsection=\count134
\c@subsubsection=\count135
)
(c:/texlive/2018/texmf-dist/tex/latex/beamer/beamerbaseframe.sty
\beamer@framebox=\box41
\beamer@frametitlebox=\box42
\beamer@zoombox=\box43
\beamer@zoomcount=\count136
\beamer@zoomframecount=\count137
\beamer@frametextheight=\dimen167
\c@subsectionslide=\count138
\beamer@frametopskip=\skip45
\beamer@framebottomskip=\skip46
\beamer@frametopskipautobreak=\skip47
\beamer@framebottomskipautobreak=\skip48
\beamer@envbody=\toks27
\framewidth=\dimen168
\c@framenumber=\count139
)
(c:/texlive/2018/texmf-dist/tex/latex/beamer/beamerbaseverbatim.sty
\beamer@verbatimfileout=\write4
)
(c:/texlive/2018/texmf-dist/tex/latex/beamer/beamerbaseframesize.sty
\beamer@splitbox=\box44
\beamer@autobreakcount=\count140
\beamer@autobreaklastheight=\dimen169
\beamer@frametitletoks=\toks28
\beamer@framesubtitletoks=\toks29
)
(c:/texlive/2018/texmf-dist/tex/latex/beamer/beamerbaseframecomponents.sty
\beamer@footins=\box45
)
(c:/texlive/2018/texmf-dist/tex/latex/beamer/beamerbasecolor.sty)
(c:/texlive/2018/texmf-dist/tex/latex/beamer/beamerbasenotes.sty
\beamer@frameboxcopy=\box46
)
(c:/texlive/2018/texmf-dist/tex/latex/beamer/beamerbasetoc.sty)
(c:/texlive/2018/texmf-dist/tex/latex/beamer/beamerbasetemplates.sty
\beamer@sbttoks=\toks30

(c:/texlive/2018/texmf-dist/tex/latex/beamer/beamerbaseauxtemplates.sty
(c:/texlive/2018/texmf-dist/tex/latex/beamer/beamerbaseboxes.sty
\bmb@box=\box47
\bmb@colorbox=\box48
\bmb@boxshadow=\box49
\bmb@boxshadowball=\box50
\bmb@boxshadowballlarge=\box51
\bmb@temp=\dimen170
\bmb@dima=\dimen171
\bmb@dimb=\dimen172
\bmb@prevheight=\dimen173
)
\beamer@blockheadheight=\dimen174
))
(c:/texlive/2018/texmf-dist/tex/latex/beamer/beamerbaselocalstructure.sty
(c:/texlive/2018/texmf-dist/tex/latex/tools/enumerate.sty
Package: enumerate 2015/07/23 v3.00 enumerate extensions (DPC)
\@enLab=\toks31
)
\c@figure=\count141
\c@table=\count142
\abovecaptionskip=\skip49
\belowcaptionskip=\skip50
)
(c:/texlive/2018/texmf-dist/tex/latex/beamer/beamerbasenavigation.sty
\beamer@section@min@dim=\dimen175
)
(c:/texlive/2018/texmf-dist/tex/latex/beamer/beamerbasetheorems.sty
(c:/texlive/2018/texmf-dist/tex/latex/amsmath/amsmath.sty
Package: amsmath 2018/12/01 v2.17b AMS math features
\@mathmargin=\skip51

For additional information on amsmath, use the `?' option.
(c:/texlive/2018/texmf-dist/tex/latex/amsmath/amstext.sty
Package: amstext 2000/06/29 v2.01 AMS text

(c:/texlive/2018/texmf-dist/tex/latex/amsmath/amsgen.sty
File: amsgen.sty 1999/11/30 v2.0 generic functions
\@emptytoks=\toks32
\ex@=\dimen176
))
(c:/texlive/2018/texmf-dist/tex/latex/amsmath/amsbsy.sty
Package: amsbsy 1999/11/29 v1.2d Bold Symbols
\pmbraise@=\dimen177
)
(c:/texlive/2018/texmf-dist/tex/latex/amsmath/amsopn.sty
Package: amsopn 2016/03/08 v2.02 operator names
)
\inf@bad=\count143
LaTeX Info: Redefining \frac on input line 223.
\uproot@=\count144
\leftroot@=\count145
LaTeX Info: Redefining \overline on input line 385.
\classnum@=\count146
\DOTSCASE@=\count147
LaTeX Info: Redefining \ldots on input line 482.
LaTeX Info: Redefining \dots on input line 485.
LaTeX Info: Redefining \cdots on input line 606.
\Mathstrutbox@=\box52
\strutbox@=\box53
\big@size=\dimen178
LaTeX Font Info:    Redeclaring font encoding OML on input line 729.
LaTeX Font Info:    Redeclaring font encoding OMS on input line 730.
\macc@depth=\count148
\c@MaxMatrixCols=\count149
\dotsspace@=\muskip11
\c@parentequation=\count150
\dspbrk@lvl=\count151
\tag@help=\toks33
\row@=\count152
\column@=\count153
\maxfields@=\count154
\andhelp@=\toks34
\eqnshift@=\dimen179
\alignsep@=\dimen180
\tagshift@=\dimen181
\tagwidth@=\dimen182
\totwidth@=\dimen183
\lineht@=\dimen184
\@envbody=\toks35
\multlinegap=\skip52
\multlinetaggap=\skip53
\mathdisplay@stack=\toks36
LaTeX Info: Redefining \[ on input line 2844.
LaTeX Info: Redefining \] on input line 2845.
)
(c:/texlive/2018/texmf-dist/tex/latex/amscls/amsthm.sty
Package: amsthm 2017/10/31 v2.20.4
\thm@style=\toks37
\thm@bodyfont=\toks38
\thm@headfont=\toks39
\thm@notefont=\toks40
\thm@headpunct=\toks41
\thm@preskip=\skip54
\thm@postskip=\skip55
\thm@headsep=\skip56
\dth@everypar=\toks42
)
\c@theorem=\count155
)
(c:/texlive/2018/texmf-dist/tex/latex/beamer/beamerbasethemes.sty))
(c:/texlive/2018/texmf-dist/tex/latex/beamer/beamerthemedefault.sty
(c:/texlive/2018/texmf-dist/tex/latex/beamer/beamerfontthemedefault.sty)
(c:/texlive/2018/texmf-dist/tex/latex/beamer/beamercolorthemedefault.sty)
(c:/texlive/2018/texmf-dist/tex/latex/beamer/beamerinnerthemedefault.sty
\beamer@dima=\dimen185
\beamer@dimb=\dimen186
)
(c:/texlive/2018/texmf-dist/tex/latex/beamer/beamerouterthemedefault.sty)))
(c:/texlive/2018/texmf-dist/tex/latex/beamer/beamerthemeMalmoe.sty
(c:/texlive/2018/texmf-dist/tex/latex/beamer/beamerouterthemesplit.sty)
(c:/texlive/2018/texmf-dist/tex/latex/beamer/beamercolorthemewhale.sty))
(c:/texlive/2018/texmf-dist/tex/latex/caption/caption.sty
Package: caption 2018/10/06 v3.3-154 Customizing captions (AR)

(c:/texlive/2018/texmf-dist/tex/latex/caption/caption3.sty
Package: caption3 2018/09/12 v1.8c caption3 kernel (AR)
Package caption3 Info: TeX engine: e-TeX on input line 64.
\captionmargin=\dimen187
\captionmargin@=\dimen188
\captionwidth=\dimen189
\caption@tempdima=\dimen190
\caption@indent=\dimen191
\caption@parindent=\dimen192
\caption@hangindent=\dimen193
)
\c@caption@flags=\count156
\c@ContinuedFloat=\count157
Package caption Info: beamer document class.
Package caption Info: hyperref package is loaded.
Package caption Info: Hyperref support is turned off
(caption)             because hyperref has stopped early.
)
(c:/texlive/2018/texmf-dist/tex/latex/cancel/cancel.sty
Package: cancel 2013/04/12 v2.2 Cancel math terms
)
(c:/texlive/2018/texmf-dist/tex/latex/appendixnumberbeamer/appendixnumberbeamer
.sty) (./CommitteeUpdate.aux)
\openout1 = `CommitteeUpdate.aux'.

LaTeX Font Info:    Checking defaults for OML/cmm/m/it on input line 19.
LaTeX Font Info:    ... okay on input line 19.
LaTeX Font Info:    Checking defaults for T1/cmr/m/n on input line 19.
LaTeX Font Info:    ... okay on input line 19.
LaTeX Font Info:    Checking defaults for OT1/cmr/m/n on input line 19.
LaTeX Font Info:    ... okay on input line 19.
LaTeX Font Info:    Checking defaults for OMS/cmsy/m/n on input line 19.
LaTeX Font Info:    ... okay on input line 19.
LaTeX Font Info:    Checking defaults for OMX/cmex/m/n on input line 19.
LaTeX Font Info:    ... okay on input line 19.
LaTeX Font Info:    Checking defaults for U/cmr/m/n on input line 19.
LaTeX Font Info:    ... okay on input line 19.
LaTeX Font Info:    Checking defaults for PD1/pdf/m/n on input line 19.
LaTeX Font Info:    ... okay on input line 19.

*geometry* driver: auto-detecting
*geometry* detected driver: pdftex
*geometry* verbose mode - [ preamble ] result:
* driver: pdftex
* paper: custom
* layout: <same size as paper>
* layoutoffset:(h,v)=(0.0pt,0.0pt)
* modes: includehead includefoot 
* h-part:(L,W,R)=(28.45274pt, 307.28987pt, 28.45274pt)
* v-part:(T,H,B)=(0.0pt, 273.14662pt, 0.0pt)
* \paperwidth=364.19536pt
* \paperheight=273.14662pt
* \textwidth=307.28987pt
* \textheight=244.6939pt
* \oddsidemargin=-43.81725pt
* \evensidemargin=-43.81725pt
* \topmargin=-72.26999pt
* \headheight=14.22636pt
* \headsep=0.0pt
* \topskip=10.0pt
* \footskip=14.22636pt
* \marginparwidth=3.0pt
* \marginparsep=11.0pt
* \columnsep=10.0pt
* \skip\footins=9.0pt plus 4.0pt minus 2.0pt
* \hoffset=0.0pt
* \voffset=0.0pt
* \mag=1000
* \@twocolumnfalse
* \@twosidefalse
* \@mparswitchfalse
* \@reversemarginfalse
* (1in=72.27pt=25.4mm, 1cm=28.453pt)

(c:/texlive/2018/texmf-dist/tex/context/base/mkii/supp-pdf.mkii
[Loading MPS to PDF converter (version 2006.09.02).]
\scratchcounter=\count158
\scratchdimen=\dimen194
\scratchbox=\box54
\nofMPsegments=\count159
\nofMParguments=\count160
\everyMPshowfont=\toks43
\MPscratchCnt=\count161
\MPscratchDim=\dimen195
\MPnumerator=\count162
\makeMPintoPDFobject=\count163
\everyMPtoPDFconversion=\toks44
) (c:/texlive/2018/texmf-dist/tex/latex/oberdiek/epstopdf-base.sty
Package: epstopdf-base 2016/05/15 v2.6 Base part for package epstopdf

(c:/texlive/2018/texmf-dist/tex/latex/oberdiek/grfext.sty
Package: grfext 2016/05/16 v1.2 Manage graphics extensions (HO)
)
Package epstopdf-base Info: Redefining graphics rule for `.eps' on input line 4
38.
Package grfext Info: Graphics extension search list:
(grfext)             [.pdf,.png,.jpg,.mps,.jpeg,.jbig2,.jb2,.PDF,.PNG,.JPG,.JPE
G,.JBIG2,.JB2,.eps]
(grfext)             \AppendGraphicsExtensions on input line 456.

(c:/texlive/2018/texmf-dist/tex/latex/latexconfig/epstopdf-sys.cfg
File: epstopdf-sys.cfg 2010/07/13 v1.3 Configuration of (r)epstopdf for TeX Liv
e
))
ABD: EveryShipout initializing macros
\AtBeginShipoutBox=\box55
Package hyperref Info: Link coloring OFF on input line 19.

(c:/texlive/2018/texmf-dist/tex/latex/hyperref/nameref.sty
Package: nameref 2016/05/21 v2.44 Cross-referencing by name of section

(c:/texlive/2018/texmf-dist/tex/generic/oberdiek/gettitlestring.sty
Package: gettitlestring 2016/05/16 v1.5 Cleanup title references (HO)
)
\c@section@level=\count164
)
LaTeX Info: Redefining \ref on input line 19.
LaTeX Info: Redefining \pageref on input line 19.
LaTeX Info: Redefining \nameref on input line 19.

(./CommitteeUpdate.out) (./CommitteeUpdate.out)
\@outlinefile=\write5
\openout5 = `CommitteeUpdate.out'.

LaTeX Font Info:    Overwriting symbol font `operators' in version `normal'
(Font)                  OT1/cmr/m/n --> OT1/cmss/m/n on input line 19.
LaTeX Font Info:    Overwriting symbol font `operators' in version `bold'
(Font)                  OT1/cmr/bx/n --> OT1/cmss/bx/n on input line 19.
\symnumbers=\mathgroup6
\sympureletters=\mathgroup7
LaTeX Font Info:    Overwriting math alphabet `\mathrm' in version `normal'
(Font)                  OT1/cmss/m/n --> OT1/cmr/m/n on input line 19.
LaTeX Font Info:    Redeclaring math alphabet \mathbf on input line 19.
LaTeX Font Info:    Overwriting math alphabet `\mathbf' in version `normal'
(Font)                  OT1/cmr/bx/n --> OT1/cmss/bx/n on input line 19.
LaTeX Font Info:    Overwriting math alphabet `\mathbf' in version `bold'
(Font)                  OT1/cmr/bx/n --> OT1/cmss/bx/n on input line 19.
LaTeX Font Info:    Redeclaring math alphabet \mathsf on input line 19.
LaTeX Font Info:    Overwriting math alphabet `\mathsf' in version `normal'
(Font)                  OT1/cmss/m/n --> OT1/cmss/m/n on input line 19.
LaTeX Font Info:    Overwriting math alphabet `\mathsf' in version `bold'
(Font)                  OT1/cmss/bx/n --> OT1/cmss/m/n on input line 19.
LaTeX Font Info:    Redeclaring math alphabet \mathit on input line 19.
LaTeX Font Info:    Overwriting math alphabet `\mathit' in version `normal'
(Font)                  OT1/cmr/m/it --> OT1/cmss/m/it on input line 19.
LaTeX Font Info:    Overwriting math alphabet `\mathit' in version `bold'
(Font)                  OT1/cmr/bx/it --> OT1/cmss/m/it on input line 19.
LaTeX Font Info:    Redeclaring math alphabet \mathtt on input line 19.
LaTeX Font Info:    Overwriting math alphabet `\mathtt' in version `normal'
(Font)                  OT1/cmtt/m/n --> OT1/cmtt/m/n on input line 19.
LaTeX Font Info:    Overwriting math alphabet `\mathtt' in version `bold'
(Font)                  OT1/cmtt/m/n --> OT1/cmtt/m/n on input line 19.
LaTeX Font Info:    Overwriting symbol font `numbers' in version `bold'
(Font)                  OT1/cmss/m/n --> OT1/cmss/bx/n on input line 19.
LaTeX Font Info:    Overwriting symbol font `pureletters' in version `bold'
(Font)                  OT1/cmss/m/it --> OT1/cmss/bx/it on input line 19.
LaTeX Font Info:    Overwriting math alphabet `\mathrm' in version `bold'
(Font)                  OT1/cmss/bx/n --> OT1/cmr/bx/n on input line 19.
LaTeX Font Info:    Overwriting math alphabet `\mathbf' in version `bold'
(Font)                  OT1/cmss/bx/n --> OT1/cmss/bx/n on input line 19.
LaTeX Font Info:    Overwriting math alphabet `\mathsf' in version `bold'
(Font)                  OT1/cmss/m/n --> OT1/cmss/bx/n on input line 19.
LaTeX Font Info:    Overwriting math alphabet `\mathit' in version `bold'
(Font)                  OT1/cmss/m/it --> OT1/cmss/bx/it on input line 19.
LaTeX Font Info:    Overwriting math alphabet `\mathtt' in version `bold'
(Font)                  OT1/cmtt/m/n --> OT1/cmtt/bx/n on input line 19.
LaTeX Font Info:    Redeclaring symbol font `pureletters' on input line 19.
LaTeX Font Info:    Overwriting symbol font `pureletters' in version `normal'
(Font)                  OT1/cmss/m/it --> OT1/mathkerncmss/m/sl on input line 1
9.
LaTeX Font Info:    Overwriting symbol font `pureletters' in version `bold'
(Font)                  OT1/cmss/bx/it --> OT1/mathkerncmss/m/sl on input line 
19.
LaTeX Font Info:    Overwriting symbol font `pureletters' in version `bold'
(Font)                  OT1/mathkerncmss/m/sl --> OT1/mathkerncmss/bx/sl on inp
ut line 19.

(c:/texlive/2018/texmf-dist/tex/latex/translator/translator-basic-dictionary-En
glish.dict
Dictionary: translator-basic-dictionary, Language: English 
)
(c:/texlive/2018/texmf-dist/tex/latex/translator/translator-bibliography-dictio
nary-English.dict
Dictionary: translator-bibliography-dictionary, Language: English 
)
(c:/texlive/2018/texmf-dist/tex/latex/translator/translator-environment-diction
ary-English.dict
Dictionary: translator-environment-dictionary, Language: English 
)
(c:/texlive/2018/texmf-dist/tex/latex/translator/translator-months-dictionary-E
nglish.dict
Dictionary: translator-months-dictionary, Language: English 
)
(c:/texlive/2018/texmf-dist/tex/latex/translator/translator-numbers-dictionary-
English.dict
Dictionary: translator-numbers-dictionary, Language: English 
)
(c:/texlive/2018/texmf-dist/tex/latex/translator/translator-theorem-dictionary-
English.dict
Dictionary: translator-theorem-dictionary, Language: English 
)
Package caption Info: Begin \AtBeginDocument code.
Package caption Info: End \AtBeginDocument code.
 (./CommitteeUpdate.nav)
LaTeX Font Info:    Try loading font information for U+msa on input line 19.

(c:/texlive/2018/texmf-dist/tex/latex/amsfonts/umsa.fd
File: umsa.fd 2013/01/14 v3.01 AMS symbols A
)
LaTeX Font Info:    Try loading font information for U+msb on input line 19.

(c:/texlive/2018/texmf-dist/tex/latex/amsfonts/umsb.fd
File: umsb.fd 2013/01/14 v3.01 AMS symbols B
)
LaTeX Font Info:    Try loading font information for OT1+mathkerncmss on input 
line 19.

(c:/texlive/2018/texmf-dist/tex/latex/sansmathaccent/ot1mathkerncmss.fd
File: ot1mathkerncmss.fd 2013/03/27 Fontinst v1.933 font definitions for OT1/ma
thkerncmss.
)
Overfull \vbox (0.77788pt too high) detected at line 19
 []


Package hyperref Warning: Option `pdfauthor' has already been used,
(hyperref)                setting the option has no effect on input line 22.

<../ATLAS-Logo-Ref-RGB.png, id=107, 583.7007pt x 307.1475pt>
File: ../ATLAS-Logo-Ref-RGB.png Graphic file (type png)
<use ../ATLAS-Logo-Ref-RGB.png>
Package pdftex.def Info: ../ATLAS-Logo-Ref-RGB.png  used on input line 29.
(pdftex.def)             Requested size: 113.81102pt x 59.88649pt.
<../uo_logo_green_on_white_2.jpg, id=108, 803.0pt x 451.6875pt>
File: ../uo_logo_green_on_white_2.jpg Graphic file (type jpg)
<use ../uo_logo_green_on_white_2.jpg>
Package pdftex.def Info: ../uo_logo_green_on_white_2.jpg  used on input line 29
.
(pdftex.def)             Requested size: 113.81102pt x 64.01463pt.

Overfull \hbox (0.79945pt too wide) in paragraph at lines 29--29
 [][]|  [] 
 []


Overfull \vbox (0.77788pt too high) has occurred while \output is active []


[1{c:/texlive/2018/texmf-var/fonts/map/pdftex/updmap/pdftex.map}

 <../ATLAS-Logo-Ref-RGB.png (PNG copy)> <../uo_logo_green_on_white_2.jpg>]
(./CommitteeUpdate.toc)
Overfull \vbox (0.77788pt too high) has occurred while \output is active []


[2

]
<../../Thesis/ThesisImages/SMParticles.png, id=152, 1027.84pt x 983.675pt>
File: ../../Thesis/ThesisImages/SMParticles.png Graphic file (type png)
<use ../../Thesis/ThesisImages/SMParticles.png>
Package pdftex.def Info: ../../Thesis/ThesisImages/SMParticles.png  used on inp
ut line 50.
(pdftex.def)             Requested size: 136.5733pt x 130.70406pt.

Overfull \vbox (13.33765pt too high) detected at line 50
 []


Overfull \vbox (0.77788pt too high) has occurred while \output is active []


[3

 <../../Thesis/ThesisImages/SMParticles.png>]
<../../Thesis/ThesisImages/ttbarevent.png, id=176, 722.7pt x 515.9275pt>
File: ../../Thesis/ThesisImages/ttbarevent.png Graphic file (type png)
<use ../../Thesis/ThesisImages/ttbarevent.png>
Package pdftex.def Info: ../../Thesis/ThesisImages/ttbarevent.png  used on inpu
t line 67.
(pdftex.def)             Requested size: 161.05663pt x 114.97618pt.

Overfull \vbox (0.77788pt too high) has occurred while \output is active []


[4

 <../../Thesis/ThesisImages/ttbarevent.png>]
<../../Thesis/ThesisImages/Theory/LOPairProdDiags.png, id=194, 740.7675pt x 384
.6872pt>
File: ../../Thesis/ThesisImages/Theory/LOPairProdDiags.png Graphic file (type p
ng)
<use ../../Thesis/ThesisImages/Theory/LOPairProdDiags.png>
Package pdftex.def Info: ../../Thesis/ThesisImages/Theory/LOPairProdDiags.png  
used on input line 81.
(pdftex.def)             Requested size: 221.39552pt x 114.97618pt.

Overfull \vbox (0.77788pt too high) has occurred while \output is active []


[5

 <../../Thesis/ThesisImages/Theory/LOPairProdDiags.png>]
<../../Thesis/ThesisImages/Theory/ttprodxsec.png, id=212, 1986.42125pt x 1353.0
55pt>
File: ../../Thesis/ThesisImages/Theory/ttprodxsec.png Graphic file (type png)
<use ../../Thesis/ThesisImages/Theory/ttprodxsec.png>
Package pdftex.def Info: ../../Thesis/ThesisImages/Theory/ttprodxsec.png  used 
on input line 90.
(pdftex.def)             Requested size: 236.29916pt x 160.96596pt.

Overfull \vbox (0.77788pt too high) has occurred while \output is active []


[6

 <../../Thesis/ThesisImages/Theory/ttprodxsec.png>]
<../../Thesis/ThesisImages/topdecay.png, id=231, 355.3275pt x 349.305pt>
File: ../../Thesis/ThesisImages/topdecay.png Graphic file (type png)
<use ../../Thesis/ThesisImages/topdecay.png>
Package pdftex.def Info: ../../Thesis/ThesisImages/topdecay.png  used on input 
line 107.
(pdftex.def)             Requested size: 107.55098pt x 105.72504pt.
<../../Thesis/ThesisImages/Theory/topdecayproducts.jpg, id=232, 602.25pt x 470.
75874pt>
File: ../../Thesis/ThesisImages/Theory/topdecayproducts.jpg Graphic file (type 
jpg)
<use ../../Thesis/ThesisImages/Theory/topdecayproducts.jpg>
Package pdftex.def Info: ../../Thesis/ThesisImages/Theory/topdecayproducts.jpg 
 used on input line 107.
(pdftex.def)             Requested size: 169.01035pt x 132.10606pt.

Overfull \hbox (15.36542pt too wide) in paragraph at lines 107--107
[][]  
 []


Overfull \vbox (0.77788pt too high) has occurred while \output is active []


[7

 <../../Thesis/ThesisImages/topdecay.png> <../../Thesis/ThesisImages/Theory/top
decayproducts.jpg>]
<../../Thesis/ThesisImages/Theory/SMTopDecays.png, id=251, 969.6225pt x 374.900
62pt>
File: ../../Thesis/ThesisImages/Theory/SMTopDecays.png Graphic file (type png)
<use ../../Thesis/ThesisImages/Theory/SMTopDecays.png>
Package pdftex.def Info: ../../Thesis/ThesisImages/Theory/SMTopDecays.png  used
 on input line 132.
(pdftex.def)             Requested size: 307.28987pt x 118.8151pt.

Overfull \vbox (0.77788pt too high) has occurred while \output is active []


[8

 <../../Thesis/ThesisImages/Theory/SMTopDecays.png>]
<../../Thesis/ThesisImages/Theory/AllFCNCLimits.png, id=269, 1986.42125pt x 177
7.64125pt>
File: ../../Thesis/ThesisImages/Theory/AllFCNCLimits.png Graphic file (type png
)
<use ../../Thesis/ThesisImages/Theory/AllFCNCLimits.png>
Package pdftex.def Info: ../../Thesis/ThesisImages/Theory/AllFCNCLimits.png  us
ed on input line 217.
(pdftex.def)             Requested size: 169.01036pt x 151.24669pt.

Overfull \vbox (0.77788pt too high) has occurred while \output is active []


[9

 <../../Thesis/ThesisImages/Theory/AllFCNCLimits.png>]
Overfull \vbox (0.77788pt too high) has occurred while \output is active []


[10

]
<../../Thesis/ThesisImages/fcncttbar.png, id=304, 423.08063pt x 419.31656pt>
File: ../../Thesis/ThesisImages/fcncttbar.png Graphic file (type png)
<use ../../Thesis/ThesisImages/fcncttbar.png>
Package pdftex.def Info: ../../Thesis/ThesisImages/fcncttbar.png  used on input
 line 248.
(pdftex.def)             Requested size: 122.91406pt x 121.81622pt.

Overfull \vbox (0.77788pt too high) has occurred while \output is active []


[11

 <../../Thesis/ThesisImages/fcncttbar.png>]
Overfull \vbox (0.77788pt too high) has occurred while \output is active []


[12

]
<../../Thesis/ThesisImages/backgrounds.png, id=334, 1179.65718pt x 693.34032pt>

File: ../../Thesis/ThesisImages/backgrounds.png Graphic file (type png)
<use ../../Thesis/ThesisImages/backgrounds.png>
Package pdftex.def Info: ../../Thesis/ThesisImages/backgrounds.png  used on inp
ut line 276.
(pdftex.def)             Requested size: 215.10196pt x 126.42511pt.

Overfull \vbox (0.77788pt too high) has occurred while \output is active []


[13

 <../../Thesis/ThesisImages/backgrounds.png>]
Overfull \hbox (0.79733pt too wide) in paragraph at lines 308--308
[][]  
 []

<Images/onlyNNCut/plotsSkip1percent/el.presel.preselh_leadJet_pt.png, id=348, 6
98.61pt x 473.77pt>
File: Images/onlyNNCut/plotsSkip1percent/el.presel.preselh_leadJet_pt.png Graph
ic file (type png)
<use Images/onlyNNCut/plotsSkip1percent/el.presel.preselh_leadJet_pt.png>
Package pdftex.def Info: Images/onlyNNCut/plotsSkip1percent/el.presel.preselh_l
eadJet_pt.png  used on input line 308.
(pdftex.def)             Requested size: 96.33559pt x 65.32973pt.
<Images/onlyNNCut/plotsSkip1percent/mu.presel.preselh_leadJet_pt.png, id=349, 6
98.61pt x 473.77pt>
File: Images/onlyNNCut/plotsSkip1percent/mu.presel.preselh_leadJet_pt.png Graph
ic file (type png)
<use Images/onlyNNCut/plotsSkip1percent/mu.presel.preselh_leadJet_pt.png>
Package pdftex.def Info: Images/onlyNNCut/plotsSkip1percent/mu.presel.preselh_l
eadJet_pt.png  used on input line 308.
(pdftex.def)             Requested size: 96.33559pt x 65.32973pt.
<Images/onlyNNCut/plotsSkip1percent/el.presel.preselh_photon_pt.png, id=350, 69
8.61pt x 473.77pt>
File: Images/onlyNNCut/plotsSkip1percent/el.presel.preselh_photon_pt.png Graphi
c file (type png)
<use Images/onlyNNCut/plotsSkip1percent/el.presel.preselh_photon_pt.png>
Package pdftex.def Info: Images/onlyNNCut/plotsSkip1percent/el.presel.preselh_p
hoton_pt.png  used on input line 308.
(pdftex.def)             Requested size: 96.33559pt x 65.32973pt.
<Images/onlyNNCut/plotsSkip1percent/mu.presel.preselh_photon_pt.png, id=351, 69
8.61pt x 473.77pt>
File: Images/onlyNNCut/plotsSkip1percent/mu.presel.preselh_photon_pt.png Graphi
c file (type png)
<use Images/onlyNNCut/plotsSkip1percent/mu.presel.preselh_photon_pt.png>
Package pdftex.def Info: Images/onlyNNCut/plotsSkip1percent/mu.presel.preselh_p
hoton_pt.png  used on input line 308.
(pdftex.def)             Requested size: 96.33559pt x 65.32973pt.
<Images/onlyNNCut/plotsSkip1percent/el.presel.preselh_lepton_pt.png, id=352, 69
8.61pt x 473.77pt>
File: Images/onlyNNCut/plotsSkip1percent/el.presel.preselh_lepton_pt.png Graphi
c file (type png)
<use Images/onlyNNCut/plotsSkip1percent/el.presel.preselh_lepton_pt.png>
Package pdftex.def Info: Images/onlyNNCut/plotsSkip1percent/el.presel.preselh_l
epton_pt.png  used on input line 308.
(pdftex.def)             Requested size: 96.33559pt x 65.32973pt.
<Images/onlyNNCut/plotsSkip1percent/mu.presel.preselh_lepton_pt.png, id=353, 69
8.61pt x 473.77pt>
File: Images/onlyNNCut/plotsSkip1percent/mu.presel.preselh_lepton_pt.png Graphi
c file (type png)
<use Images/onlyNNCut/plotsSkip1percent/mu.presel.preselh_lepton_pt.png>
Package pdftex.def Info: Images/onlyNNCut/plotsSkip1percent/mu.presel.preselh_l
epton_pt.png  used on input line 308.
(pdftex.def)             Requested size: 96.33559pt x 65.32973pt.

Overfull \vbox (0.77788pt too high) has occurred while \output is active []


[14

 <./Images/onlyNNCut/plotsSkip1percent/el.presel.preselh_leadJet_pt.png> <./Ima
ges/onlyNNCut/plotsSkip1percent/mu.presel.preselh_leadJet_pt.png> <./Images/onl
yNNCut/plotsSkip1percent/el.presel.preselh_photon_pt.png> <./Images/onlyNNCut/p
lotsSkip1percent/mu.presel.preselh_photon_pt.png> <./Images/onlyNNCut/plotsSkip
1percent/el.presel.preselh_lepton_pt.png> <./Images/onlyNNCut/plotsSkip1percent
/mu.presel.preselh_lepton_pt.png>]
<Images/neural_net2.jpeg, id=366, 793.96625pt x 389.455pt>
File: Images/neural_net2.jpeg Graphic file (type jpg)
<use Images/neural_net2.jpeg>
Package pdftex.def Info: Images/neural_net2.jpeg  used on input line 324.
(pdftex.def)             Requested size: 215.10196pt x 105.5108pt.

Overfull \vbox (0.77788pt too high) has occurred while \output is active []


[15

 <./Images/neural_net2.jpeg>]
Overfull \vbox (0.77788pt too high) has occurred while \output is active []


[16

]
Overfull \vbox (0.77788pt too high) has occurred while \output is active []


[17

]
<Images/SeptNN/accuarcy.png, id=412, 462.528pt x 346.896pt>
File: Images/SeptNN/accuarcy.png Graphic file (type png)
<use Images/SeptNN/accuarcy.png>
Package pdftex.def Info: Images/SeptNN/accuarcy.png  used on input line 367.
(pdftex.def)             Requested size: 96.33559pt x 72.25217pt.
<Images/SeptNN/SigVsBR.png, id=413, 462.528pt x 346.896pt>
File: Images/SeptNN/SigVsBR.png Graphic file (type png)
<use Images/SeptNN/SigVsBR.png>
Package pdftex.def Info: Images/SeptNN/SigVsBR.png  used on input line 367.
(pdftex.def)             Requested size: 96.33559pt x 72.25217pt.
<Images/SeptNN/loss.png, id=414, 462.528pt x 346.896pt>
File: Images/SeptNN/loss.png Graphic file (type png)
<use Images/SeptNN/loss.png>
Package pdftex.def Info: Images/SeptNN/loss.png  used on input line 367.
(pdftex.def)             Requested size: 96.33559pt x 72.25217pt.
<Images/SeptNN/significance2.png, id=415, 1084.05pt x 722.7pt>
File: Images/SeptNN/significance2.png Graphic file (type png)
<use Images/SeptNN/significance2.png>
Package pdftex.def Info: Images/SeptNN/significance2.png  used on input line 36
7.
(pdftex.def)             Requested size: 96.33559pt x 64.21312pt.
<Images/SeptNN/sigbkg.png, id=416, 462.528pt x 346.896pt>
File: Images/SeptNN/sigbkg.png Graphic file (type png)
<use Images/SeptNN/sigbkg.png>
Package pdftex.def Info: Images/SeptNN/sigbkg.png  used on input line 367.
(pdftex.def)             Requested size: 96.33559pt x 72.25217pt.
<Images/SeptNN/CutVsBR.png, id=417, 462.528pt x 346.896pt>
File: Images/SeptNN/CutVsBR.png Graphic file (type png)
<use Images/SeptNN/CutVsBR.png>
Package pdftex.def Info: Images/SeptNN/CutVsBR.png  used on input line 367.
(pdftex.def)             Requested size: 96.33559pt x 72.25217pt.

Overfull \vbox (0.77788pt too high) has occurred while \output is active []


[18

 <./Images/SeptNN/accuarcy.png> <./Images/SeptNN/SigVsBR.png> <./Images/SeptNN/
loss.png> <./Images/SeptNN/significance2.png> <./Images/SeptNN/sigbkg.png> <./I
mages/SeptNN/CutVsBR.png>]
<../../Thesis/ThesisImages/Simulation/B-tagging_diagram.png, id=438, 903.375pt 
x 924.45375pt>
File: ../../Thesis/ThesisImages/Simulation/B-tagging_diagram.png Graphic file (
type png)
<use ../../Thesis/ThesisImages/Simulation/B-tagging_diagram.png>
Package pdftex.def Info: ../../Thesis/ThesisImages/Simulation/B-tagging_diagram
.png  used on input line 386.
(pdftex.def)             Requested size: 146.05923pt x 149.46764pt.

Overfull \vbox (0.77788pt too high) has occurred while \output is active []


[19

 <../../Thesis/ThesisImages/Simulation/B-tagging_diagram.png>]
Overfull \hbox (0.79733pt too wide) in paragraph at lines 423--423
[][]  
 []

<../../Thesis/ThesisImages/SimulationNN/HiddenLayerStudiesBR0.002/btag70/modelo
uts/significanceejetsboth2hidnpart02.png, id=455, 1084.05pt x 722.7pt>
File: ../../Thesis/ThesisImages/SimulationNN/HiddenLayerStudiesBR0.002/btag70/m
odelouts/significanceejetsboth2hidnpart02.png Graphic file (type png)
<use ../../Thesis/ThesisImages/SimulationNN/HiddenLayerStudiesBR0.002/btag70/mo
delouts/significanceejetsboth2hidnpart02.png>
Package pdftex.def Info: ../../Thesis/ThesisImages/SimulationNN/HiddenLayerStud
iesBR0.002/btag70/modelouts/significanceejetsboth2hidnpart02.png  used on input
 line 423.
(pdftex.def)             Requested size: 96.33559pt x 64.21312pt.
<../../Thesis/ThesisImages/SimulationNN/HiddenLayerStudiesBR0.002/btag70/modelo
uts/significancemujetsboth2hidnpart02.png, id=456, 1084.05pt x 722.7pt>
File: ../../Thesis/ThesisImages/SimulationNN/HiddenLayerStudiesBR0.002/btag70/m
odelouts/significancemujetsboth2hidnpart02.png Graphic file (type png)
<use ../../Thesis/ThesisImages/SimulationNN/HiddenLayerStudiesBR0.002/btag70/mo
delouts/significancemujetsboth2hidnpart02.png>
Package pdftex.def Info: ../../Thesis/ThesisImages/SimulationNN/HiddenLayerStud
iesBR0.002/btag70/modelouts/significancemujetsboth2hidnpart02.png  used on inpu
t line 423.
(pdftex.def)             Requested size: 96.33559pt x 64.21312pt.
<../../Thesis/ThesisImages/SimulationNN/HiddenLayerStudiesBR0.002/btag77/modelo
uts/significanceejetsboth2hidnpart02.png, id=457, 1084.05pt x 722.7pt>
File: ../../Thesis/ThesisImages/SimulationNN/HiddenLayerStudiesBR0.002/btag77/m
odelouts/significanceejetsboth2hidnpart02.png Graphic file (type png)
<use ../../Thesis/ThesisImages/SimulationNN/HiddenLayerStudiesBR0.002/btag77/mo
delouts/significanceejetsboth2hidnpart02.png>
Package pdftex.def Info: ../../Thesis/ThesisImages/SimulationNN/HiddenLayerStud
iesBR0.002/btag77/modelouts/significanceejetsboth2hidnpart02.png  used on input
 line 423.
(pdftex.def)             Requested size: 96.33559pt x 64.21312pt.
<../../Thesis/ThesisImages/SimulationNN/HiddenLayerStudiesBR0.002/btag77/modelo
uts/significancemujetsboth2hidnpart02.png, id=458, 1084.05pt x 722.7pt>
File: ../../Thesis/ThesisImages/SimulationNN/HiddenLayerStudiesBR0.002/btag77/m
odelouts/significancemujetsboth2hidnpart02.png Graphic file (type png)
<use ../../Thesis/ThesisImages/SimulationNN/HiddenLayerStudiesBR0.002/btag77/mo
delouts/significancemujetsboth2hidnpart02.png>
Package pdftex.def Info: ../../Thesis/ThesisImages/SimulationNN/HiddenLayerStud
iesBR0.002/btag77/modelouts/significancemujetsboth2hidnpart02.png  used on inpu
t line 423.
(pdftex.def)             Requested size: 96.33559pt x 64.21312pt.
<../../Thesis/ThesisImages/SimulationNN/HiddenLayerStudiesBR0.002/btag85/modelo
uts/significanceejetsboth2hidnpart02.png, id=459, 1084.05pt x 722.7pt>
File: ../../Thesis/ThesisImages/SimulationNN/HiddenLayerStudiesBR0.002/btag85/m
odelouts/significanceejetsboth2hidnpart02.png Graphic file (type png)
<use ../../Thesis/ThesisImages/SimulationNN/HiddenLayerStudiesBR0.002/btag85/mo
delouts/significanceejetsboth2hidnpart02.png>
Package pdftex.def Info: ../../Thesis/ThesisImages/SimulationNN/HiddenLayerStud
iesBR0.002/btag85/modelouts/significanceejetsboth2hidnpart02.png  used on input
 line 423.
(pdftex.def)             Requested size: 96.33559pt x 64.21312pt.
<../../Thesis/ThesisImages/SimulationNN/HiddenLayerStudiesBR0.002/btag85/modelo
uts/significancemujetsboth2hidnpart02.png, id=460, 1084.05pt x 722.7pt>
File: ../../Thesis/ThesisImages/SimulationNN/HiddenLayerStudiesBR0.002/btag85/m
odelouts/significancemujetsboth2hidnpart02.png Graphic file (type png)
<use ../../Thesis/ThesisImages/SimulationNN/HiddenLayerStudiesBR0.002/btag85/mo
delouts/significancemujetsboth2hidnpart02.png>
Package pdftex.def Info: ../../Thesis/ThesisImages/SimulationNN/HiddenLayerStud
iesBR0.002/btag85/modelouts/significancemujetsboth2hidnpart02.png  used on inpu
t line 423.
(pdftex.def)             Requested size: 96.33559pt x 64.21312pt.

Overfull \vbox (0.77788pt too high) has occurred while \output is active []


[20

 <../../Thesis/ThesisImages/SimulationNN/HiddenLayerStudiesBR0.002/btag70/model
outs/significanceejetsboth2hidnpart02.png> <../../Thesis/ThesisImages/Simulatio
nNN/HiddenLayerStudiesBR0.002/btag70/modelouts/significancemujetsboth2hidnpart0
2.png> <../../Thesis/ThesisImages/SimulationNN/HiddenLayerStudiesBR0.002/btag77
/modelouts/significanceejetsboth2hidnpart02.png> <../../Thesis/ThesisImages/Sim
ulationNN/HiddenLayerStudiesBR0.002/btag77/modelouts/significancemujetsboth2hid
npart02.png> <../../Thesis/ThesisImages/SimulationNN/HiddenLayerStudiesBR0.002/
btag85/modelouts/significanceejetsboth2hidnpart02.png> <../../Thesis/ThesisImag
es/SimulationNN/HiddenLayerStudiesBR0.002/btag85/modelouts/significancemujetsbo
th2hidnpart02.png>]

Package hyperref Warning: Token not allowed in a PDF string (PDFDocEncoding):
(hyperref)                removing `math shift' on input line 425.


Package hyperref Warning: Token not allowed in a PDF string (PDFDocEncoding):
(hyperref)                removing `\rightarrow' on input line 425.


Package hyperref Warning: Token not allowed in a PDF string (PDFDocEncoding):
(hyperref)                removing `\gamma' on input line 425.


Package hyperref Warning: Token not allowed in a PDF string (PDFDocEncoding):
(hyperref)                removing `math shift' on input line 425.

<../../Thesis/ThesisImages/ZeeFakeDiagram.png, id=481, 976.64874pt x 508.90125p
t>
File: ../../Thesis/ThesisImages/ZeeFakeDiagram.png Graphic file (type png)
<use ../../Thesis/ThesisImages/ZeeFakeDiagram.png>
Package pdftex.def Info: ../../Thesis/ThesisImages/ZeeFakeDiagram.png  used on 
input line 433.
(pdftex.def)             Requested size: 245.83282pt x 128.0947pt.

Overfull \vbox (0.77788pt too high) has occurred while \output is active []


[21

 <../../Thesis/ThesisImages/ZeeFakeDiagram.png>]
Overfull \hbox (1.15842pt too wide) in paragraph at lines 462--462
[][]  
 []

<Images/Dataee.png, id=498, 700.6175pt x 474.77374pt>
File: Images/Dataee.png Graphic file (type png)
<use Images/Dataee.png>
Package pdftex.def Info: Images/Dataee.png  used on input line 462.
(pdftex.def)             Requested size: 125.37404pt x 84.95572pt.
<Images/Dataeg.png, id=499, 700.6175pt x 474.77374pt>
File: Images/Dataeg.png Graphic file (type png)
<use Images/Dataeg.png>
Package pdftex.def Info: Images/Dataeg.png  used on input line 462.
(pdftex.def)             Requested size: 125.37404pt x 84.95572pt.
<Images/MCVgamee.png, id=500, 700.6175pt x 474.77374pt>
File: Images/MCVgamee.png Graphic file (type png)
<use Images/MCVgamee.png>
Package pdftex.def Info: Images/MCVgamee.png  used on input line 462.
(pdftex.def)             Requested size: 125.37404pt x 84.95572pt.
<Images/MCVgameg.png, id=501, 700.6175pt x 474.77374pt>
File: Images/MCVgameg.png Graphic file (type png)
<use Images/MCVgameg.png>
Package pdftex.def Info: Images/MCVgameg.png  used on input line 462.
(pdftex.def)             Requested size: 125.37404pt x 84.95572pt.

Overfull \vbox (0.77788pt too high) has occurred while \output is active []


[22

 <./Images/Dataee.png> <./Images/Dataeg.png> <./Images/MCVgamee.png> <./Images/
MCVgameg.png>]
Overfull \vbox (0.77788pt too high) has occurred while \output is active []


[23

]
Overfull \hbox (2.59097pt too wide) in paragraph at lines 512--512
[][]  
 []

<Images/dataPhotonElectronPT.png, id=529, 700.6175pt x 475.7775pt>
File: Images/dataPhotonElectronPT.png Graphic file (type png)
<use Images/dataPhotonElectronPT.png>
Package pdftex.def Info: Images/dataPhotonElectronPT.png  used on input line 51
2.
(pdftex.def)             Requested size: 125.37404pt x 85.13531pt.
<Images/dataElectronElectronPT.png, id=530, 700.6175pt x 475.7775pt>
File: Images/dataElectronElectronPT.png Graphic file (type png)
<use Images/dataElectronElectronPT.png>
Package pdftex.def Info: Images/dataElectronElectronPT.png  used on input line 
512.
(pdftex.def)             Requested size: 125.37404pt x 85.13531pt.
<Images/mcPhotonElectronPT.png, id=531, 700.6175pt x 475.7775pt>
File: Images/mcPhotonElectronPT.png Graphic file (type png)
<use Images/mcPhotonElectronPT.png>
Package pdftex.def Info: Images/mcPhotonElectronPT.png  used on input line 512.

(pdftex.def)             Requested size: 125.37404pt x 85.13531pt.
<Images/mcElectronElectronPT.png, id=532, 700.6175pt x 475.7775pt>
File: Images/mcElectronElectronPT.png Graphic file (type png)
<use Images/mcElectronElectronPT.png>
Package pdftex.def Info: Images/mcElectronElectronPT.png  used on input line 51
2.
(pdftex.def)             Requested size: 125.37404pt x 85.13531pt.

Overfull \vbox (0.77788pt too high) has occurred while \output is active []


[24

 <./Images/dataPhotonElectronPT.png> <./Images/dataElectronElectronPT.png> <./I
mages/mcPhotonElectronPT.png> <./Images/mcElectronElectronPT.png>]
<Images/2DSF.png, id=546, 700.6175pt x 475.7775pt>
File: Images/2DSF.png Graphic file (type png)
<use Images/2DSF.png>
Package pdftex.def Info: Images/2DSF.png  used on input line 518.
(pdftex.def)             Requested size: 291.92444pt x 198.24255pt.

Overfull \vbox (5.87062pt too high) detected at line 518
 []


Overfull \vbox (0.77788pt too high) has occurred while \output is active []


[25

 <./Images/2DSF.png>]
Overfull \hbox (6.23372pt too wide) in paragraph at lines 535--535
 [] 
 []


Overfull \vbox (0.77788pt too high) has occurred while \output is active []


[26

]
Overfull \hbox (0.79733pt too wide) in paragraph at lines 559--559
[][]  
 []

<Images/Plots/FCNCplots1percent/ejets/Plots/VR1_MWT.png, id=581, 598.235pt x 67
4.52pt>
File: Images/Plots/FCNCplots1percent/ejets/Plots/VR1_MWT.png Graphic file (type
 png)
<use Images/Plots/FCNCplots1percent/ejets/Plots/VR1_MWT.png>
Package pdftex.def Info: Images/Plots/FCNCplots1percent/ejets/Plots/VR1_MWT.png
  used on input line 559.
(pdftex.def)             Requested size: 91.26497pt x 102.90274pt.
<Images/Plots/FCNCplots1percent/mujets/Plots/VR1_MWT.png, id=582, 598.235pt x 6
74.52pt>
File: Images/Plots/FCNCplots1percent/mujets/Plots/VR1_MWT.png Graphic file (typ
e png)
<use Images/Plots/FCNCplots1percent/mujets/Plots/VR1_MWT.png>
Package pdftex.def Info: Images/Plots/FCNCplots1percent/mujets/Plots/VR1_MWT.pn
g  used on input line 559.
(pdftex.def)             Requested size: 91.26497pt x 102.90274pt.
<Images/Plots/FCNCplots1percent/ejets/Plots/VR1_lep_pt.png, id=583, 598.235pt x
 674.52pt>
File: Images/Plots/FCNCplots1percent/ejets/Plots/VR1_lep_pt.png Graphic file (t
ype png)
<use Images/Plots/FCNCplots1percent/ejets/Plots/VR1_lep_pt.png>
Package pdftex.def Info: Images/Plots/FCNCplots1percent/ejets/Plots/VR1_lep_pt.
png  used on input line 559.
(pdftex.def)             Requested size: 91.26497pt x 102.90274pt.
<Images/Plots/FCNCplots1percent/mujets/Plots/VR1_lep_pt.png, id=584, 598.235pt 
x 674.52pt>
File: Images/Plots/FCNCplots1percent/mujets/Plots/VR1_lep_pt.png Graphic file (
type png)
<use Images/Plots/FCNCplots1percent/mujets/Plots/VR1_lep_pt.png>
Package pdftex.def Info: Images/Plots/FCNCplots1percent/mujets/Plots/VR1_lep_pt
.png  used on input line 559.
(pdftex.def)             Requested size: 91.26497pt x 102.90274pt.
<Images/Plots/FCNCplots1percent/ejets/Plots/VR1_ST.png, id=585, 598.235pt x 674
.52pt>
File: Images/Plots/FCNCplots1percent/ejets/Plots/VR1_ST.png Graphic file (type 
png)
<use Images/Plots/FCNCplots1percent/ejets/Plots/VR1_ST.png>
Package pdftex.def Info: Images/Plots/FCNCplots1percent/ejets/Plots/VR1_ST.png 
 used on input line 559.
(pdftex.def)             Requested size: 91.26497pt x 102.90274pt.
<Images/Plots/FCNCplots1percent/mujets/Plots/VR1_ST.png, id=586, 598.235pt x 67
4.52pt>
File: Images/Plots/FCNCplots1percent/mujets/Plots/VR1_ST.png Graphic file (type
 png)
<use Images/Plots/FCNCplots1percent/mujets/Plots/VR1_ST.png>
Package pdftex.def Info: Images/Plots/FCNCplots1percent/mujets/Plots/VR1_ST.png
  used on input line 559.
(pdftex.def)             Requested size: 91.26497pt x 102.90274pt.

Overfull \vbox (0.4891pt too high) detected at line 559
 []


Overfull \vbox (0.77788pt too high) has occurred while \output is active []


[27

 <./Images/Plots/FCNCplots1percent/ejets/Plots/VR1_MWT.png> <./Images/Plots/FCN
Cplots1percent/mujets/Plots/VR1_MWT.png> <./Images/Plots/FCNCplots1percent/ejet
s/Plots/VR1_lep_pt.png> <./Images/Plots/FCNCplots1percent/mujets/Plots/VR1_lep_
pt.png> <./Images/Plots/FCNCplots1percent/ejets/Plots/VR1_ST.png> <./Images/Plo
ts/FCNCplots1percent/mujets/Plots/VR1_ST.png>]
Overfull \hbox (0.79733pt too wide) in paragraph at lines 580--580
[][]  
 []

<Images/Plots/FCNCplots1percent/ejets/Plots/VR2_MWT.png, id=601, 598.235pt x 67
4.52pt>
File: Images/Plots/FCNCplots1percent/ejets/Plots/VR2_MWT.png Graphic file (type
 png)
<use Images/Plots/FCNCplots1percent/ejets/Plots/VR2_MWT.png>
Package pdftex.def Info: Images/Plots/FCNCplots1percent/ejets/Plots/VR2_MWT.png
  used on input line 580.
(pdftex.def)             Requested size: 91.26497pt x 102.90274pt.
<Images/Plots/FCNCplots1percent/mujets/Plots/VR2_MWT.png, id=602, 598.235pt x 6
74.52pt>
File: Images/Plots/FCNCplots1percent/mujets/Plots/VR2_MWT.png Graphic file (typ
e png)
<use Images/Plots/FCNCplots1percent/mujets/Plots/VR2_MWT.png>
Package pdftex.def Info: Images/Plots/FCNCplots1percent/mujets/Plots/VR2_MWT.pn
g  used on input line 580.
(pdftex.def)             Requested size: 91.26497pt x 102.90274pt.
<Images/Plots/FCNCplots1percent/ejets/Plots/VR2_lep_pt.png, id=603, 598.235pt x
 674.52pt>
File: Images/Plots/FCNCplots1percent/ejets/Plots/VR2_lep_pt.png Graphic file (t
ype png)
<use Images/Plots/FCNCplots1percent/ejets/Plots/VR2_lep_pt.png>
Package pdftex.def Info: Images/Plots/FCNCplots1percent/ejets/Plots/VR2_lep_pt.
png  used on input line 580.
(pdftex.def)             Requested size: 91.26497pt x 102.90274pt.
<Images/Plots/FCNCplots1percent/mujets/Plots/VR2_lep_pt.png, id=604, 598.235pt 
x 674.52pt>
File: Images/Plots/FCNCplots1percent/mujets/Plots/VR2_lep_pt.png Graphic file (
type png)
<use Images/Plots/FCNCplots1percent/mujets/Plots/VR2_lep_pt.png>
Package pdftex.def Info: Images/Plots/FCNCplots1percent/mujets/Plots/VR2_lep_pt
.png  used on input line 580.
(pdftex.def)             Requested size: 91.26497pt x 102.90274pt.
<Images/Plots/FCNCplots1percent/ejets/Plots/VR2_SMtop.png, id=605, 598.235pt x 
674.52pt>
File: Images/Plots/FCNCplots1percent/ejets/Plots/VR2_SMtop.png Graphic file (ty
pe png)
<use Images/Plots/FCNCplots1percent/ejets/Plots/VR2_SMtop.png>
Package pdftex.def Info: Images/Plots/FCNCplots1percent/ejets/Plots/VR2_SMtop.p
ng  used on input line 580.
(pdftex.def)             Requested size: 91.26497pt x 102.90274pt.
<Images/Plots/FCNCplots1percent/mujets/Plots/VR2_SMtop.png, id=606, 598.235pt x
 674.52pt>
File: Images/Plots/FCNCplots1percent/mujets/Plots/VR2_SMtop.png Graphic file (t
ype png)
<use Images/Plots/FCNCplots1percent/mujets/Plots/VR2_SMtop.png>
Package pdftex.def Info: Images/Plots/FCNCplots1percent/mujets/Plots/VR2_SMtop.
png  used on input line 580.
(pdftex.def)             Requested size: 91.26497pt x 102.90274pt.

Overfull \vbox (0.4891pt too high) detected at line 580
 []


Overfull \vbox (0.77788pt too high) has occurred while \output is active []


[28

 <./Images/Plots/FCNCplots1percent/ejets/Plots/VR2_MWT.png> <./Images/Plots/FCN
Cplots1percent/mujets/Plots/VR2_MWT.png> <./Images/Plots/FCNCplots1percent/ejet
s/Plots/VR2_lep_pt.png> <./Images/Plots/FCNCplots1percent/mujets/Plots/VR2_lep_
pt.png> <./Images/Plots/FCNCplots1percent/ejets/Plots/VR2_SMtop.png> <./Images/
Plots/FCNCplots1percent/mujets/Plots/VR2_SMtop.png>]
Overfull \hbox (0.79733pt too wide) in paragraph at lines 603--603
[][]  
 []

<Images/Plots/FCNCplots1percent/ejets/Plots/CR1_MWT.png, id=622, 598.235pt x 67
4.52pt>
File: Images/Plots/FCNCplots1percent/ejets/Plots/CR1_MWT.png Graphic file (type
 png)
<use Images/Plots/FCNCplots1percent/ejets/Plots/CR1_MWT.png>
Package pdftex.def Info: Images/Plots/FCNCplots1percent/ejets/Plots/CR1_MWT.png
  used on input line 603.
(pdftex.def)             Requested size: 91.26497pt x 102.90274pt.
<Images/Plots/FCNCplots1percent/mujets/Plots/CR1_MWT.png, id=623, 598.235pt x 6
74.52pt>
File: Images/Plots/FCNCplots1percent/mujets/Plots/CR1_MWT.png Graphic file (typ
e png)
<use Images/Plots/FCNCplots1percent/mujets/Plots/CR1_MWT.png>
Package pdftex.def Info: Images/Plots/FCNCplots1percent/mujets/Plots/CR1_MWT.pn
g  used on input line 603.
(pdftex.def)             Requested size: 91.26497pt x 102.90274pt.
<Images/Plots/FCNCplots1percent/ejets/Plots/CR1_lep_pt.png, id=624, 598.235pt x
 674.52pt>
File: Images/Plots/FCNCplots1percent/ejets/Plots/CR1_lep_pt.png Graphic file (t
ype png)
<use Images/Plots/FCNCplots1percent/ejets/Plots/CR1_lep_pt.png>
Package pdftex.def Info: Images/Plots/FCNCplots1percent/ejets/Plots/CR1_lep_pt.
png  used on input line 603.
(pdftex.def)             Requested size: 91.26497pt x 102.90274pt.
<Images/Plots/FCNCplots1percent/mujets/Plots/CR1_lep_pt.png, id=625, 598.235pt 
x 674.52pt>
File: Images/Plots/FCNCplots1percent/mujets/Plots/CR1_lep_pt.png Graphic file (
type png)
<use Images/Plots/FCNCplots1percent/mujets/Plots/CR1_lep_pt.png>
Package pdftex.def Info: Images/Plots/FCNCplots1percent/mujets/Plots/CR1_lep_pt
.png  used on input line 603.
(pdftex.def)             Requested size: 91.26497pt x 102.90274pt.
<Images/Plots/FCNCplots1percent/ejets/Plots/CR1_SMtop.png, id=626, 598.235pt x 
674.52pt>
File: Images/Plots/FCNCplots1percent/ejets/Plots/CR1_SMtop.png Graphic file (ty
pe png)
<use Images/Plots/FCNCplots1percent/ejets/Plots/CR1_SMtop.png>
Package pdftex.def Info: Images/Plots/FCNCplots1percent/ejets/Plots/CR1_SMtop.p
ng  used on input line 603.
(pdftex.def)             Requested size: 91.26497pt x 102.90274pt.
<Images/Plots/FCNCplots1percent/mujets/Plots/CR1_SMtop.png, id=627, 598.235pt x
 674.52pt>
File: Images/Plots/FCNCplots1percent/mujets/Plots/CR1_SMtop.png Graphic file (t
ype png)
<use Images/Plots/FCNCplots1percent/mujets/Plots/CR1_SMtop.png>
Package pdftex.def Info: Images/Plots/FCNCplots1percent/mujets/Plots/CR1_SMtop.
png  used on input line 603.
(pdftex.def)             Requested size: 91.26497pt x 102.90274pt.

Overfull \vbox (0.4891pt too high) detected at line 603
 []


Overfull \vbox (0.77788pt too high) has occurred while \output is active []


[29

 <./Images/Plots/FCNCplots1percent/ejets/Plots/CR1_MWT.png> <./Images/Plots/FCN
Cplots1percent/mujets/Plots/CR1_MWT.png> <./Images/Plots/FCNCplots1percent/ejet
s/Plots/CR1_lep_pt.png> <./Images/Plots/FCNCplots1percent/mujets/Plots/CR1_lep_
pt.png> <./Images/Plots/FCNCplots1percent/ejets/Plots/CR1_SMtop.png> <./Images/
Plots/FCNCplots1percent/mujets/Plots/CR1_SMtop.png>]
Overfull \hbox (0.79733pt too wide) in paragraph at lines 624--624
[][]  
 []

<Images/Plots/FCNCplots1percent/ejets/Plots/CR2_MWT.png, id=642, 598.235pt x 67
4.52pt>
File: Images/Plots/FCNCplots1percent/ejets/Plots/CR2_MWT.png Graphic file (type
 png)
<use Images/Plots/FCNCplots1percent/ejets/Plots/CR2_MWT.png>
Package pdftex.def Info: Images/Plots/FCNCplots1percent/ejets/Plots/CR2_MWT.png
  used on input line 624.
(pdftex.def)             Requested size: 91.26497pt x 102.90274pt.
<Images/Plots/FCNCplots1percent/mujets/Plots/CR2_MWT.png, id=643, 598.235pt x 6
74.52pt>
File: Images/Plots/FCNCplots1percent/mujets/Plots/CR2_MWT.png Graphic file (typ
e png)
<use Images/Plots/FCNCplots1percent/mujets/Plots/CR2_MWT.png>
Package pdftex.def Info: Images/Plots/FCNCplots1percent/mujets/Plots/CR2_MWT.pn
g  used on input line 624.
(pdftex.def)             Requested size: 91.26497pt x 102.90274pt.
<Images/Plots/FCNCplots1percent/ejets/Plots/CR2_lep_pt.png, id=644, 598.235pt x
 674.52pt>
File: Images/Plots/FCNCplots1percent/ejets/Plots/CR2_lep_pt.png Graphic file (t
ype png)
<use Images/Plots/FCNCplots1percent/ejets/Plots/CR2_lep_pt.png>
Package pdftex.def Info: Images/Plots/FCNCplots1percent/ejets/Plots/CR2_lep_pt.
png  used on input line 624.
(pdftex.def)             Requested size: 91.26497pt x 102.90274pt.
<Images/Plots/FCNCplots1percent/mujets/Plots/CR2_lep_pt.png, id=645, 598.235pt 
x 674.52pt>
File: Images/Plots/FCNCplots1percent/mujets/Plots/CR2_lep_pt.png Graphic file (
type png)
<use Images/Plots/FCNCplots1percent/mujets/Plots/CR2_lep_pt.png>
Package pdftex.def Info: Images/Plots/FCNCplots1percent/mujets/Plots/CR2_lep_pt
.png  used on input line 624.
(pdftex.def)             Requested size: 91.26497pt x 102.90274pt.
<Images/Plots/FCNCplots1percent/ejets/Plots/CR2_SMtop.png, id=646, 598.235pt x 
674.52pt>
File: Images/Plots/FCNCplots1percent/ejets/Plots/CR2_SMtop.png Graphic file (ty
pe png)
<use Images/Plots/FCNCplots1percent/ejets/Plots/CR2_SMtop.png>
Package pdftex.def Info: Images/Plots/FCNCplots1percent/ejets/Plots/CR2_SMtop.p
ng  used on input line 624.
(pdftex.def)             Requested size: 91.26497pt x 102.90274pt.
<Images/Plots/FCNCplots1percent/mujets/Plots/CR2_SMtop.png, id=647, 598.235pt x
 674.52pt>
File: Images/Plots/FCNCplots1percent/mujets/Plots/CR2_SMtop.png Graphic file (t
ype png)
<use Images/Plots/FCNCplots1percent/mujets/Plots/CR2_SMtop.png>
Package pdftex.def Info: Images/Plots/FCNCplots1percent/mujets/Plots/CR2_SMtop.
png  used on input line 624.
(pdftex.def)             Requested size: 91.26497pt x 102.90274pt.

Overfull \vbox (0.4891pt too high) detected at line 624
 []


Overfull \vbox (0.77788pt too high) has occurred while \output is active []


[30

 <./Images/Plots/FCNCplots1percent/ejets/Plots/CR2_MWT.png> <./Images/Plots/FCN
Cplots1percent/mujets/Plots/CR2_MWT.png> <./Images/Plots/FCNCplots1percent/ejet
s/Plots/CR2_lep_pt.png> <./Images/Plots/FCNCplots1percent/mujets/Plots/CR2_lep_
pt.png> <./Images/Plots/FCNCplots1percent/ejets/Plots/CR2_SMtop.png> <./Images/
Plots/FCNCplots1percent/mujets/Plots/CR2_SMtop.png>]
Overfull \hbox (0.79733pt too wide) in paragraph at lines 647--647
[][]  
 []

<Images/Plots/FCNCplots1percent/ejets/Plots/VR3_MWT.png, id=663, 598.235pt x 67
4.52pt>
File: Images/Plots/FCNCplots1percent/ejets/Plots/VR3_MWT.png Graphic file (type
 png)
<use Images/Plots/FCNCplots1percent/ejets/Plots/VR3_MWT.png>
Package pdftex.def Info: Images/Plots/FCNCplots1percent/ejets/Plots/VR3_MWT.png
  used on input line 647.
(pdftex.def)             Requested size: 91.26497pt x 102.90274pt.
<Images/Plots/FCNCplots1percent/mujets/Plots/VR3_MWT.png, id=664, 598.235pt x 6
74.52pt>
File: Images/Plots/FCNCplots1percent/mujets/Plots/VR3_MWT.png Graphic file (typ
e png)
<use Images/Plots/FCNCplots1percent/mujets/Plots/VR3_MWT.png>
Package pdftex.def Info: Images/Plots/FCNCplots1percent/mujets/Plots/VR3_MWT.pn
g  used on input line 647.
(pdftex.def)             Requested size: 91.26497pt x 102.90274pt.
<Images/Plots/FCNCplots1percent/ejets/Plots/VR3_lep_pt.png, id=665, 598.235pt x
 674.52pt>
File: Images/Plots/FCNCplots1percent/ejets/Plots/VR3_lep_pt.png Graphic file (t
ype png)
<use Images/Plots/FCNCplots1percent/ejets/Plots/VR3_lep_pt.png>
Package pdftex.def Info: Images/Plots/FCNCplots1percent/ejets/Plots/VR3_lep_pt.
png  used on input line 647.
(pdftex.def)             Requested size: 91.26497pt x 102.90274pt.
<Images/Plots/FCNCplots1percent/mujets/Plots/VR3_lep_pt.png, id=666, 598.235pt 
x 674.52pt>
File: Images/Plots/FCNCplots1percent/mujets/Plots/VR3_lep_pt.png Graphic file (
type png)
<use Images/Plots/FCNCplots1percent/mujets/Plots/VR3_lep_pt.png>
Package pdftex.def Info: Images/Plots/FCNCplots1percent/mujets/Plots/VR3_lep_pt
.png  used on input line 647.
(pdftex.def)             Requested size: 91.26497pt x 102.90274pt.
<Images/Plots/FCNCplots1percent/ejets/Plots/VR3_SMtop.png, id=667, 598.235pt x 
674.52pt>
File: Images/Plots/FCNCplots1percent/ejets/Plots/VR3_SMtop.png Graphic file (ty
pe png)
<use Images/Plots/FCNCplots1percent/ejets/Plots/VR3_SMtop.png>
Package pdftex.def Info: Images/Plots/FCNCplots1percent/ejets/Plots/VR3_SMtop.p
ng  used on input line 647.
(pdftex.def)             Requested size: 91.26497pt x 102.90274pt.
<Images/Plots/FCNCplots1percent/mujets/Plots/VR3_SMtop.png, id=668, 598.235pt x
 674.52pt>
File: Images/Plots/FCNCplots1percent/mujets/Plots/VR3_SMtop.png Graphic file (t
ype png)
<use Images/Plots/FCNCplots1percent/mujets/Plots/VR3_SMtop.png>
Package pdftex.def Info: Images/Plots/FCNCplots1percent/mujets/Plots/VR3_SMtop.
png  used on input line 647.
(pdftex.def)             Requested size: 91.26497pt x 102.90274pt.

Overfull \vbox (0.4891pt too high) detected at line 647
 []


Overfull \vbox (0.77788pt too high) has occurred while \output is active []


[31

 <./Images/Plots/FCNCplots1percent/ejets/Plots/VR3_MWT.png> <./Images/Plots/FCN
Cplots1percent/mujets/Plots/VR3_MWT.png> <./Images/Plots/FCNCplots1percent/ejet
s/Plots/VR3_lep_pt.png> <./Images/Plots/FCNCplots1percent/mujets/Plots/VR3_lep_
pt.png> <./Images/Plots/FCNCplots1percent/ejets/Plots/VR3_SMtop.png> <./Images/
Plots/FCNCplots1percent/mujets/Plots/VR3_SMtop.png>]
Overfull \hbox (0.79733pt too wide) in paragraph at lines 670--670
[][]  
 []

<Images/Plots/FCNCplots0.01percent/ejets/Plots/SR_MWT.png, id=685, 598.235pt x 
674.52pt>
File: Images/Plots/FCNCplots0.01percent/ejets/Plots/SR_MWT.png Graphic file (ty
pe png)
<use Images/Plots/FCNCplots0.01percent/ejets/Plots/SR_MWT.png>
Package pdftex.def Info: Images/Plots/FCNCplots0.01percent/ejets/Plots/SR_MWT.p
ng  used on input line 670.
(pdftex.def)             Requested size: 91.26497pt x 102.90274pt.
<Images/Plots/FCNCplots0.01percent/mujets/Plots/SR_MWT.png, id=686, 598.235pt x
 674.52pt>
File: Images/Plots/FCNCplots0.01percent/mujets/Plots/SR_MWT.png Graphic file (t
ype png)
<use Images/Plots/FCNCplots0.01percent/mujets/Plots/SR_MWT.png>
Package pdftex.def Info: Images/Plots/FCNCplots0.01percent/mujets/Plots/SR_MWT.
png  used on input line 670.
(pdftex.def)             Requested size: 91.26497pt x 102.90274pt.
<Images/Plots/FCNCplots0.01percent/ejets/Plots/SR_lep_pt.png, id=687, 598.235pt
 x 674.52pt>
File: Images/Plots/FCNCplots0.01percent/ejets/Plots/SR_lep_pt.png Graphic file 
(type png)
<use Images/Plots/FCNCplots0.01percent/ejets/Plots/SR_lep_pt.png>
Package pdftex.def Info: Images/Plots/FCNCplots0.01percent/ejets/Plots/SR_lep_p
t.png  used on input line 670.
(pdftex.def)             Requested size: 91.26497pt x 102.90274pt.
<Images/Plots/FCNCplots0.01percent/mujets/Plots/SR_lep_pt.png, id=688, 598.235p
t x 674.52pt>
File: Images/Plots/FCNCplots0.01percent/mujets/Plots/SR_lep_pt.png Graphic file
 (type png)
<use Images/Plots/FCNCplots0.01percent/mujets/Plots/SR_lep_pt.png>
Package pdftex.def Info: Images/Plots/FCNCplots0.01percent/mujets/Plots/SR_lep_
pt.png  used on input line 670.
(pdftex.def)             Requested size: 91.26497pt x 102.90274pt.
<Images/Plots/FCNCplots0.01percent/ejets/Plots/SR_SMtop.png, id=689, 598.235pt 
x 674.52pt>
File: Images/Plots/FCNCplots0.01percent/ejets/Plots/SR_SMtop.png Graphic file (
type png)
<use Images/Plots/FCNCplots0.01percent/ejets/Plots/SR_SMtop.png>
Package pdftex.def Info: Images/Plots/FCNCplots0.01percent/ejets/Plots/SR_SMtop
.png  used on input line 670.
(pdftex.def)             Requested size: 91.26497pt x 102.90274pt.
<Images/Plots/FCNCplots0.01percent/mujets/Plots/SR_SMtop.png, id=690, 598.235pt
 x 674.52pt>
File: Images/Plots/FCNCplots0.01percent/mujets/Plots/SR_SMtop.png Graphic file 
(type png)
<use Images/Plots/FCNCplots0.01percent/mujets/Plots/SR_SMtop.png>
Package pdftex.def Info: Images/Plots/FCNCplots0.01percent/mujets/Plots/SR_SMto
p.png  used on input line 670.
(pdftex.def)             Requested size: 91.26497pt x 102.90274pt.

Overfull \vbox (0.4891pt too high) detected at line 670
 []


Overfull \vbox (0.77788pt too high) has occurred while \output is active []


[32

 <./Images/Plots/FCNCplots0.01percent/ejets/Plots/SR_MWT.png> <./Images/Plots/F
CNCplots0.01percent/mujets/Plots/SR_MWT.png> <./Images/Plots/FCNCplots0.01perce
nt/ejets/Plots/SR_lep_pt.png> <./Images/Plots/FCNCplots0.01percent/mujets/Plots
/SR_lep_pt.png> <./Images/Plots/FCNCplots0.01percent/ejets/Plots/SR_SMtop.png> 
<./Images/Plots/FCNCplots0.01percent/mujets/Plots/SR_SMtop.png>]
Overfull \hbox (0.79733pt too wide) in paragraph at lines 691--691
[][]  
 []

<Images/Plots/FCNCplots0.01percent/ejets/Plots/SR_ST.png, id=705, 598.235pt x 6
74.52pt>
File: Images/Plots/FCNCplots0.01percent/ejets/Plots/SR_ST.png Graphic file (typ
e png)
<use Images/Plots/FCNCplots0.01percent/ejets/Plots/SR_ST.png>
Package pdftex.def Info: Images/Plots/FCNCplots0.01percent/ejets/Plots/SR_ST.pn
g  used on input line 691.
(pdftex.def)             Requested size: 91.26497pt x 102.90274pt.
<Images/Plots/FCNCplots0.01percent/mujets/Plots/SR_ST.png, id=706, 598.235pt x 
674.52pt>
File: Images/Plots/FCNCplots0.01percent/mujets/Plots/SR_ST.png Graphic file (ty
pe png)
<use Images/Plots/FCNCplots0.01percent/mujets/Plots/SR_ST.png>
Package pdftex.def Info: Images/Plots/FCNCplots0.01percent/mujets/Plots/SR_ST.p
ng  used on input line 691.
(pdftex.def)             Requested size: 91.26497pt x 102.90274pt.
<Images/Plots/FCNCplots0.01percent/ejets/Plots/SR_ph_pt.png, id=707, 598.235pt 
x 674.52pt>
File: Images/Plots/FCNCplots0.01percent/ejets/Plots/SR_ph_pt.png Graphic file (
type png)
<use Images/Plots/FCNCplots0.01percent/ejets/Plots/SR_ph_pt.png>
Package pdftex.def Info: Images/Plots/FCNCplots0.01percent/ejets/Plots/SR_ph_pt
.png  used on input line 691.
(pdftex.def)             Requested size: 91.26497pt x 102.90274pt.
<Images/Plots/FCNCplots0.01percent/mujets/Plots/SR_ph_pt.png, id=708, 598.235pt
 x 674.52pt>
File: Images/Plots/FCNCplots0.01percent/mujets/Plots/SR_ph_pt.png Graphic file 
(type png)
<use Images/Plots/FCNCplots0.01percent/mujets/Plots/SR_ph_pt.png>
Package pdftex.def Info: Images/Plots/FCNCplots0.01percent/mujets/Plots/SR_ph_p
t.png  used on input line 691.
(pdftex.def)             Requested size: 91.26497pt x 102.90274pt.
<Images/Plots/FCNCplots0.01percent/ejets/Plots/SR_mqph.png, id=709, 598.235pt x
 674.52pt>
File: Images/Plots/FCNCplots0.01percent/ejets/Plots/SR_mqph.png Graphic file (t
ype png)
<use Images/Plots/FCNCplots0.01percent/ejets/Plots/SR_mqph.png>
Package pdftex.def Info: Images/Plots/FCNCplots0.01percent/ejets/Plots/SR_mqph.
png  used on input line 691.
(pdftex.def)             Requested size: 91.26497pt x 102.90274pt.
<Images/Plots/FCNCplots0.01percent/mujets/Plots/SR_mqph.png, id=710, 598.235pt 
x 674.52pt>
File: Images/Plots/FCNCplots0.01percent/mujets/Plots/SR_mqph.png Graphic file (
type png)
<use Images/Plots/FCNCplots0.01percent/mujets/Plots/SR_mqph.png>
Package pdftex.def Info: Images/Plots/FCNCplots0.01percent/mujets/Plots/SR_mqph
.png  used on input line 691.
(pdftex.def)             Requested size: 91.26497pt x 102.90274pt.

Overfull \vbox (0.4891pt too high) detected at line 691
 []


Overfull \vbox (0.77788pt too high) has occurred while \output is active []


[33

 <./Images/Plots/FCNCplots0.01percent/ejets/Plots/SR_ST.png> <./Images/Plots/FC
NCplots0.01percent/mujets/Plots/SR_ST.png> <./Images/Plots/FCNCplots0.01percent
/ejets/Plots/SR_ph_pt.png> <./Images/Plots/FCNCplots0.01percent/mujets/Plots/SR
_ph_pt.png> <./Images/Plots/FCNCplots0.01percent/ejets/Plots/SR_mqph.png> <./Im
ages/Plots/FCNCplots0.01percent/mujets/Plots/SR_mqph.png>]
<Images/Plots/FCNCplots1percent/ejets/Plots/CR1_nbjet.png, id=727, 598.235pt x 
674.52pt>
File: Images/Plots/FCNCplots1percent/ejets/Plots/CR1_nbjet.png Graphic file (ty
pe png)
<use Images/Plots/FCNCplots1percent/ejets/Plots/CR1_nbjet.png>
Package pdftex.def Info: Images/Plots/FCNCplots1percent/ejets/Plots/CR1_nbjet.p
ng  used on input line 725.
(pdftex.def)             Requested size: 91.26497pt x 102.90274pt.
<Images/Plots/FCNCplots0.01percent/ejets/Plots/CR2_nbjet.png, id=728, 598.235pt
 x 674.52pt>
File: Images/Plots/FCNCplots0.01percent/ejets/Plots/CR2_nbjet.png Graphic file 
(type png)
<use Images/Plots/FCNCplots0.01percent/ejets/Plots/CR2_nbjet.png>
Package pdftex.def Info: Images/Plots/FCNCplots0.01percent/ejets/Plots/CR2_nbje
t.png  used on input line 725.
(pdftex.def)             Requested size: 91.26497pt x 102.90274pt.
<Images/Plots/FCNCplots0.01percent/ejets/Plots/VR3_nbjet.png, id=729, 598.235pt
 x 674.52pt>
File: Images/Plots/FCNCplots0.01percent/ejets/Plots/VR3_nbjet.png Graphic file 
(type png)
<use Images/Plots/FCNCplots0.01percent/ejets/Plots/VR3_nbjet.png>
Package pdftex.def Info: Images/Plots/FCNCplots0.01percent/ejets/Plots/VR3_nbje
t.png  used on input line 725.
(pdftex.def)             Requested size: 91.26497pt x 102.90274pt.

Overfull \vbox (0.77788pt too high) has occurred while \output is active []


[34

 <./Images/Plots/FCNCplots1percent/ejets/Plots/CR1_nbjet.png> <./Images/Plots/F
CNCplots0.01percent/ejets/Plots/CR2_nbjet.png> <./Images/Plots/FCNCplots0.01per
cent/ejets/Plots/VR3_nbjet.png>]
Overfull \vbox (0.77788pt too high) has occurred while \output is active []


[35

]
Overfull \vbox (0.77788pt too high) has occurred while \output is active []


[36

]

Package hyperref Warning: Token not allowed in a PDF string (PDFDocEncoding):
(hyperref)                removing `\translate ' on input line 831.

[37

] [38

]
Overfull \hbox (8.68301pt too wide) in paragraph at lines 905--905
[]\OT1/cmss/m/n/10 ['photon0iso','photon0pt','mqgam','mlgam','mtSM','deltaRjgam
','deltaRbl',  
 []

[39

]
<../../Thesis/ThesisImages/Theory/FCNCLoop.png, id=795, 580.41844pt x 432.11438
pt>
File: ../../Thesis/ThesisImages/Theory/FCNCLoop.png Graphic file (type png)
<use ../../Thesis/ThesisImages/Theory/FCNCLoop.png>
Package pdftex.def Info: ../../Thesis/ThesisImages/Theory/FCNCLoop.png  used on
 input line 911.
(pdftex.def)             Requested size: 122.91406pt x 91.50494pt.
<../../Thesis/ThesisImages/penguinFCNC.png, id=796, 1020.81375pt x 629.35126pt>

File: ../../Thesis/ThesisImages/penguinFCNC.png Graphic file (type png)
<use ../../Thesis/ThesisImages/penguinFCNC.png>
Package pdftex.def Info: ../../Thesis/ThesisImages/penguinFCNC.png  used on inp
ut line 911.
(pdftex.def)             Requested size: 122.91406pt x 75.77817pt.
 [40

 <../../Thesis/ThesisImages/Theory/FCNCLoop.png> <../../Thesis/ThesisImages/pen
guinFCNC.png>]
<../../Thesis/ThesisImages/BSMDiagrams.png, id=805, 1166.10657pt x 630.10406pt>

File: ../../Thesis/ThesisImages/BSMDiagrams.png Graphic file (type png)
<use ../../Thesis/ThesisImages/BSMDiagrams.png>
Package pdftex.def Info: ../../Thesis/ThesisImages/BSMDiagrams.png  used on inp
ut line 915.
(pdftex.def)             Requested size: 307.28987pt x 166.04416pt.
 [41

 <../../Thesis/ThesisImages/BSMDiagrams.png>]
[42

]
File: ../../Thesis/ThesisImages/Simulation/B-tagging_diagram.png Graphic file (
type png)
<use ../../Thesis/ThesisImages/Simulation/B-tagging_diagram.png>
Package pdftex.def Info: ../../Thesis/ThesisImages/Simulation/B-tagging_diagram
.png  used on input line 936.
(pdftex.def)             Requested size: 179.76202pt x 183.9626pt.
 [43

] [44

]
\tf@nav=\write6
\openout6 = `CommitteeUpdate.nav'.

\tf@toc=\write7
\openout7 = `CommitteeUpdate.toc'.

\tf@snm=\write8
\openout8 = `CommitteeUpdate.snm'.

Package atveryend Info: Empty hook `BeforeClearDocument' on input line 945.
Package atveryend Info: Empty hook `AfterLastShipout' on input line 945.
 (./CommitteeUpdate.aux)
Package atveryend Info: Executing hook `AtVeryEndDocument' on input line 945.
Package atveryend Info: Executing hook `AtEndAfterFileList' on input line 945.


Package rerunfilecheck Warning: File `CommitteeUpdate.out' has changed.
(rerunfilecheck)                Rerun to get outlines right
(rerunfilecheck)                or use package `bookmark'.

Package rerunfilecheck Info: Checksums for `CommitteeUpdate.out':
(rerunfilecheck)             Before: 774FA0B518AFE86675FB63595CE40832;1508
(rerunfilecheck)             After:  5BF0F7C842860B2F7B98ABD791607523;1508.
 ) 
Here is how much of TeX's memory you used:
 19022 strings out of 492616
 373682 string characters out of 6132769
 431071 words of memory out of 5000000
 22332 multiletter control sequences out of 15000+600000
 15534 words of font info for 57 fonts, out of 8000000 for 9000
 1141 hyphenation exceptions out of 8191
 56i,22n,59p,799b,702s stack positions out of 5000i,500n,10000p,200000b,80000s
<c:/texlive/2018/texmf-dist/fonts/type1/public/amsfonts/cm/cmex10.pfb><c:/tex
live/2018/texmf-dist/fonts/type1/public/amsfonts/cm/cmmi10.pfb><c:/texlive/2018
/texmf-dist/fonts/type1/public/amsfonts/cm/cmmi12.pfb><c:/texlive/2018/texmf-di
st/fonts/type1/public/amsfonts/cm/cmmi5.pfb><c:/texlive/2018/texmf-dist/fonts/t
ype1/public/amsfonts/cm/cmmi7.pfb><c:/texlive/2018/texmf-dist/fonts/type1/publi
c/amsfonts/cm/cmmi9.pfb><c:/texlive/2018/texmf-dist/fonts/type1/public/amsfonts
/cm/cmss10.pfb><c:/texlive/2018/texmf-dist/fonts/type1/public/amsfonts/cm/cmss1
2.pfb><c:/texlive/2018/texmf-dist/fonts/type1/public/amsfonts/cm/cmss8.pfb><c:/
texlive/2018/texmf-dist/fonts/type1/public/amsfonts/cm/cmss9.pfb><c:/texlive/20
18/texmf-dist/fonts/type1/public/amsfonts/cm/cmssi10.pfb><c:/texlive/2018/texmf
-dist/fonts/type1/public/amsfonts/cm/cmssi12.pfb><c:/texlive/2018/texmf-dist/fo
nts/type1/public/amsfonts/cm/cmssi8.pfb><c:/texlive/2018/texmf-dist/fonts/type1
/public/amsfonts/cm/cmssi9.pfb><c:/texlive/2018/texmf-dist/fonts/type1/public/a
msfonts/cm/cmsy10.pfb><c:/texlive/2018/texmf-dist/fonts/type1/public/amsfonts/c
m/cmsy5.pfb><c:/texlive/2018/texmf-dist/fonts/type1/public/amsfonts/cm/cmsy6.pf
b><c:/texlive/2018/texmf-dist/fonts/type1/public/amsfonts/cm/cmsy7.pfb><c:/texl
ive/2018/texmf-dist/fonts/type1/public/amsfonts/cm/cmsy9.pfb><c:/texlive/2018/t
exmf-dist/fonts/type1/public/amsfonts/symbols/msam10.pfb>
Output written on CommitteeUpdate.pdf (44 pages, 3019149 bytes).
PDF statistics:
 928 PDF objects out of 1000 (max. 8388607)
 727 compressed objects within 8 object streams
 111 named destinations out of 1000 (max. 500000)
 669 words of extra memory for PDF output out of 10000 (max. 10000000)

