This is pdfTeX, Version 3.14159265-2.6-1.40.20 (MiKTeX 2.9.7050) (preloaded format=pdflatex 2019.7.18)  18 FEB 2020 15:46
entering extended mode
**./BarkelooATLASFeb2020.tex
(BarkelooATLASFeb2020.tex
LaTeX2e <2018-12-01>
(/home/jason/.miktex/texmfs/install/tex/latex/beamer/beamer.cls
Document Class: beamer 2018/12/02 v3.55 A class for typesetting presentations
(/home/jason/.miktex/texmfs/install/tex/latex/beamer/beamerbasemodes.sty
(/home/jason/.miktex/texmfs/install/tex/latex/etoolbox/etoolbox.sty
Package: etoolbox 2018/08/19 v2.5f e-TeX tools for LaTeX (JAW)
\etb@tempcnta=\count80
)
\beamer@tempbox=\box27
\beamer@tempcount=\count81
\c@beamerpauses=\count82

(/home/jason/.miktex/texmfs/install/tex/latex/beamer/beamerbasedecode.sty
\beamer@slideinframe=\count83
\beamer@minimum=\count84
)
\beamer@commentbox=\box28
\beamer@modecount=\count85
)
(/home/jason/.miktex/texmfs/install/tex/generic/oberdiek/ifpdf.sty
Package: ifpdf 2018/09/07 v3.3 Provides the ifpdf switch
)
\headdp=\dimen102
\footheight=\dimen103
\sidebarheight=\dimen104
\beamer@tempdim=\dimen105
\beamer@finalheight=\dimen106
\beamer@animht=\dimen107
\beamer@animdp=\dimen108
\beamer@animwd=\dimen109
\beamer@leftmargin=\dimen110
\beamer@rightmargin=\dimen111
\beamer@leftsidebar=\dimen112
\beamer@rightsidebar=\dimen113
\beamer@boxsize=\dimen114
\beamer@vboxoffset=\dimen115
\beamer@descdefault=\dimen116
\beamer@descriptionwidth=\dimen117
\beamer@lastskip=\skip41
\beamer@areabox=\box29
\beamer@animcurrent=\box30
\beamer@animshowbox=\box31
\beamer@sectionbox=\box32
\beamer@logobox=\box33
\beamer@linebox=\box34
\beamer@sectioncount=\count86
\beamer@subsubsectionmax=\count87
\beamer@subsectionmax=\count88
\beamer@sectionmax=\count89
\beamer@totalheads=\count90
\beamer@headcounter=\count91
\beamer@partstartpage=\count92
\beamer@sectionstartpage=\count93
\beamer@subsectionstartpage=\count94
\beamer@animationtempa=\count95
\beamer@animationtempb=\count96
\beamer@xpos=\count97
\beamer@ypos=\count98
\beamer@ypos@offset=\count99
\beamer@showpartnumber=\count100
\beamer@currentsubsection=\count101
\beamer@coveringdepth=\count102
\beamer@sectionadjust=\count103
\beamer@tocsectionnumber=\count104

(/home/jason/.miktex/texmfs/install/tex/latex/beamer/beamerbaseoptions.sty
(/home/jason/.miktex/texmfs/install/tex/latex/graphics/keyval.sty
Package: keyval 2014/10/28 v1.15 key=value parser (DPC)
\KV@toks@=\toks14
))
\beamer@paperwidth=\skip42
\beamer@paperheight=\skip43

(/home/jason/.miktex/texmfs/install/tex/latex/geometry/geometry.sty
Package: geometry 2018/04/16 v5.8 Page Geometry

(/home/jason/.miktex/texmfs/install/tex/generic/oberdiek/ifvtex.sty
Package: ifvtex 2016/05/16 v1.6 Detect VTeX and its facilities (HO)
Package ifvtex Info: VTeX not detected.
)
(/home/jason/.miktex/texmfs/install/tex/generic/ifxetex/ifxetex.sty
Package: ifxetex 2010/09/12 v0.6 Provides ifxetex conditional
)
\Gm@cnth=\count105
\Gm@cntv=\count106
\c@Gm@tempcnt=\count107
\Gm@bindingoffset=\dimen118
\Gm@wd@mp=\dimen119
\Gm@odd@mp=\dimen120
\Gm@even@mp=\dimen121
\Gm@layoutwidth=\dimen122
\Gm@layoutheight=\dimen123
\Gm@layouthoffset=\dimen124
\Gm@layoutvoffset=\dimen125
\Gm@dimlist=\toks15

(/home/jason/.miktex/texmfs/install/tex/latex/geometry/geometry.cfg))
(/home/jason/.miktex/texmfs/install/tex/latex/base/size10.clo
File: size10.clo 2018/09/03 v1.4i Standard LaTeX file (size option)
)
(/home/jason/.miktex/texmfs/install/tex/latex/pgf/basiclayer/pgfcore.sty
(/home/jason/.miktex/texmfs/install/tex/latex/graphics/graphicx.sty
Package: graphicx 2017/06/01 v1.1a Enhanced LaTeX Graphics (DPC,SPQR)

(/home/jason/.miktex/texmfs/install/tex/latex/graphics/graphics.sty
Package: graphics 2017/06/25 v1.2c Standard LaTeX Graphics (DPC,SPQR)

(/home/jason/.miktex/texmfs/install/tex/latex/graphics/trig.sty
Package: trig 2016/01/03 v1.10 sin cos tan (DPC)
)
(/home/jason/.miktex/texmfs/install/tex/latex/graphics-cfg/graphics.cfg
File: graphics.cfg 2016/06/04 v1.11 sample graphics configuration
)
Package graphics Info: Driver file: pdftex.def on input line 99.

(/home/jason/.miktex/texmfs/install/tex/latex/graphics-def/pdftex.def
File: pdftex.def 2018/01/08 v1.0l Graphics/color driver for pdftex
))
\Gin@req@height=\dimen126
\Gin@req@width=\dimen127
)
(/home/jason/.miktex/texmfs/install/tex/latex/pgf/systemlayer/pgfsys.sty
(/home/jason/.miktex/texmfs/install/tex/latex/pgf/utilities/pgfrcs.sty
(/home/jason/.miktex/texmfs/install/tex/generic/pgf/utilities/pgfutil-common.te
x
\pgfutil@everybye=\toks16
\pgfutil@tempdima=\dimen128
\pgfutil@tempdimb=\dimen129

(/home/jason/.miktex/texmfs/install/tex/generic/pgf/utilities/pgfutil-common-li
sts.tex))
(/home/jason/.miktex/texmfs/install/tex/generic/pgf/utilities/pgfutil-latex.def
\pgfutil@abb=\box35
(/home/jason/.miktex/texmfs/install/tex/latex/ms/everyshi.sty
Package: everyshi 2001/05/15 v3.00 EveryShipout Package (MS)
))
(/home/jason/.miktex/texmfs/install/tex/generic/pgf/utilities/pgfrcs.code.tex
(/home/jason/.miktex/texmfs/install/tex/generic/pgf/pgf.revision.tex)
Package: pgfrcs 2019/07/12 v3.1.4 (3.1.4)
))
(/home/jason/.miktex/texmfs/install/tex/generic/pgf/systemlayer/pgfsys.code.tex
Package: pgfsys 2019/07/12 v3.1.4 (3.1.4)
(/home/jason/.miktex/texmfs/install/tex/generic/pgf/utilities/pgfkeys.code.tex
\pgfkeys@pathtoks=\toks17
\pgfkeys@temptoks=\toks18

(/home/jason/.miktex/texmfs/install/tex/generic/pgf/utilities/pgfkeysfiltered.c
ode.tex
\pgfkeys@tmptoks=\toks19
))
\pgf@x=\dimen130
\pgf@y=\dimen131
\pgf@xa=\dimen132
\pgf@ya=\dimen133
\pgf@xb=\dimen134
\pgf@yb=\dimen135
\pgf@xc=\dimen136
\pgf@yc=\dimen137
\pgf@xd=\dimen138
\pgf@yd=\dimen139
\w@pgf@writea=\write3
\r@pgf@reada=\read1
\c@pgf@counta=\count108
\c@pgf@countb=\count109
\c@pgf@countc=\count110
\c@pgf@countd=\count111
\t@pgf@toka=\toks20
\t@pgf@tokb=\toks21
\t@pgf@tokc=\toks22
\pgf@sys@id@count=\count112

(/home/jason/.miktex/texmfs/install/tex/generic/pgf/systemlayer/pgf.cfg
File: pgf.cfg 2019/07/12 v3.1.4 (3.1.4)
)
Driver file for pgf: pgfsys-pdftex.def

(/home/jason/.miktex/texmfs/install/tex/generic/pgf/systemlayer/pgfsys-pdftex.d
ef
File: pgfsys-pdftex.def 2019/07/12 v3.1.4 (3.1.4)

(/home/jason/.miktex/texmfs/install/tex/generic/pgf/systemlayer/pgfsys-common-p
df.def
File: pgfsys-common-pdf.def 2019/07/12 v3.1.4 (3.1.4)
)))
(/home/jason/.miktex/texmfs/install/tex/generic/pgf/systemlayer/pgfsyssoftpath.
code.tex
File: pgfsyssoftpath.code.tex 2019/07/12 v3.1.4 (3.1.4)
\pgfsyssoftpath@smallbuffer@items=\count113
\pgfsyssoftpath@bigbuffer@items=\count114
)
(/home/jason/.miktex/texmfs/install/tex/generic/pgf/systemlayer/pgfsysprotocol.
code.tex
File: pgfsysprotocol.code.tex 2019/07/12 v3.1.4 (3.1.4)
)) (/home/jason/.miktex/texmfs/install/tex/latex/xcolor/xcolor.sty
Package: xcolor 2016/05/11 v2.12 LaTeX color extensions (UK)

(/home/jason/.miktex/texmfs/install/tex/latex/graphics-cfg/color.cfg
File: color.cfg 2016/01/02 v1.6 sample color configuration
)
Package xcolor Info: Driver file: pdftex.def on input line 225.
Package xcolor Info: Model `cmy' substituted by `cmy0' on input line 1348.
Package xcolor Info: Model `hsb' substituted by `rgb' on input line 1352.
Package xcolor Info: Model `RGB' extended on input line 1364.
Package xcolor Info: Model `HTML' substituted by `rgb' on input line 1366.
Package xcolor Info: Model `Hsb' substituted by `hsb' on input line 1367.
Package xcolor Info: Model `tHsb' substituted by `hsb' on input line 1368.
Package xcolor Info: Model `HSB' substituted by `hsb' on input line 1369.
Package xcolor Info: Model `Gray' substituted by `gray' on input line 1370.
Package xcolor Info: Model `wave' substituted by `hsb' on input line 1371.
)
(/home/jason/.miktex/texmfs/install/tex/generic/pgf/basiclayer/pgfcore.code.tex
Package: pgfcore 2019/07/12 v3.1.4 (3.1.4)
(/home/jason/.miktex/texmfs/install/tex/generic/pgf/math/pgfmath.code.tex
(/home/jason/.miktex/texmfs/install/tex/generic/pgf/math/pgfmathcalc.code.tex
(/home/jason/.miktex/texmfs/install/tex/generic/pgf/math/pgfmathutil.code.tex)
(/home/jason/.miktex/texmfs/install/tex/generic/pgf/math/pgfmathparser.code.tex
\pgfmath@dimen=\dimen140
\pgfmath@count=\count115
\pgfmath@box=\box36
\pgfmath@toks=\toks23
\pgfmath@stack@operand=\toks24
\pgfmath@stack@operation=\toks25
)
(/home/jason/.miktex/texmfs/install/tex/generic/pgf/math/pgfmathfunctions.code.
tex
(/home/jason/.miktex/texmfs/install/tex/generic/pgf/math/pgfmathfunctions.basic
.code.tex)
(/home/jason/.miktex/texmfs/install/tex/generic/pgf/math/pgfmathfunctions.trigo
nometric.code.tex)
(/home/jason/.miktex/texmfs/install/tex/generic/pgf/math/pgfmathfunctions.rando
m.code.tex)
(/home/jason/.miktex/texmfs/install/tex/generic/pgf/math/pgfmathfunctions.compa
rison.code.tex)
(/home/jason/.miktex/texmfs/install/tex/generic/pgf/math/pgfmathfunctions.base.
code.tex)
(/home/jason/.miktex/texmfs/install/tex/generic/pgf/math/pgfmathfunctions.round
.code.tex)
(/home/jason/.miktex/texmfs/install/tex/generic/pgf/math/pgfmathfunctions.misc.
code.tex)
(/home/jason/.miktex/texmfs/install/tex/generic/pgf/math/pgfmathfunctions.integ
erarithmetics.code.tex)))
(/home/jason/.miktex/texmfs/install/tex/generic/pgf/math/pgfmathfloat.code.tex
\c@pgfmathroundto@lastzeros=\count116
)) (/home/jason/.miktex/texmfs/install/tex/generic/pgf/math/pgfint.code.tex)
(/home/jason/.miktex/texmfs/install/tex/generic/pgf/basiclayer/pgfcorepoints.co
de.tex
File: pgfcorepoints.code.tex 2019/07/12 v3.1.4 (3.1.4)
\pgf@picminx=\dimen141
\pgf@picmaxx=\dimen142
\pgf@picminy=\dimen143
\pgf@picmaxy=\dimen144
\pgf@pathminx=\dimen145
\pgf@pathmaxx=\dimen146
\pgf@pathminy=\dimen147
\pgf@pathmaxy=\dimen148
\pgf@xx=\dimen149
\pgf@xy=\dimen150
\pgf@yx=\dimen151
\pgf@yy=\dimen152
\pgf@zx=\dimen153
\pgf@zy=\dimen154
)
(/home/jason/.miktex/texmfs/install/tex/generic/pgf/basiclayer/pgfcorepathconst
ruct.code.tex
File: pgfcorepathconstruct.code.tex 2019/07/12 v3.1.4 (3.1.4)
\pgf@path@lastx=\dimen155
\pgf@path@lasty=\dimen156
)
(/home/jason/.miktex/texmfs/install/tex/generic/pgf/basiclayer/pgfcorepathusage
.code.tex
File: pgfcorepathusage.code.tex 2019/07/12 v3.1.4 (3.1.4)
\pgf@shorten@end@additional=\dimen157
\pgf@shorten@start@additional=\dimen158
)
(/home/jason/.miktex/texmfs/install/tex/generic/pgf/basiclayer/pgfcorescopes.co
de.tex
File: pgfcorescopes.code.tex 2019/07/12 v3.1.4 (3.1.4)
\pgfpic=\box37
\pgf@hbox=\box38
\pgf@layerbox@main=\box39
\pgf@picture@serial@count=\count117
)
(/home/jason/.miktex/texmfs/install/tex/generic/pgf/basiclayer/pgfcoregraphicst
ate.code.tex
File: pgfcoregraphicstate.code.tex 2019/07/12 v3.1.4 (3.1.4)
\pgflinewidth=\dimen159
)
(/home/jason/.miktex/texmfs/install/tex/generic/pgf/basiclayer/pgfcoretransform
ations.code.tex
File: pgfcoretransformations.code.tex 2019/07/12 v3.1.4 (3.1.4)
\pgf@pt@x=\dimen160
\pgf@pt@y=\dimen161
\pgf@pt@temp=\dimen162
)
(/home/jason/.miktex/texmfs/install/tex/generic/pgf/basiclayer/pgfcorequick.cod
e.tex
File: pgfcorequick.code.tex 2019/07/12 v3.1.4 (3.1.4)
)
(/home/jason/.miktex/texmfs/install/tex/generic/pgf/basiclayer/pgfcoreobjects.c
ode.tex
File: pgfcoreobjects.code.tex 2019/07/12 v3.1.4 (3.1.4)
)
(/home/jason/.miktex/texmfs/install/tex/generic/pgf/basiclayer/pgfcorepathproce
ssing.code.tex
File: pgfcorepathprocessing.code.tex 2019/07/12 v3.1.4 (3.1.4)
)
(/home/jason/.miktex/texmfs/install/tex/generic/pgf/basiclayer/pgfcorearrows.co
de.tex
File: pgfcorearrows.code.tex 2019/07/12 v3.1.4 (3.1.4)
\pgfarrowsep=\dimen163
)
(/home/jason/.miktex/texmfs/install/tex/generic/pgf/basiclayer/pgfcoreshade.cod
e.tex
File: pgfcoreshade.code.tex 2019/07/12 v3.1.4 (3.1.4)
\pgf@max=\dimen164
\pgf@sys@shading@range@num=\count118
\pgf@shadingcount=\count119
)
(/home/jason/.miktex/texmfs/install/tex/generic/pgf/basiclayer/pgfcoreimage.cod
e.tex
File: pgfcoreimage.code.tex 2019/07/12 v3.1.4 (3.1.4)

(/home/jason/.miktex/texmfs/install/tex/generic/pgf/basiclayer/pgfcoreexternal.
code.tex
File: pgfcoreexternal.code.tex 2019/07/12 v3.1.4 (3.1.4)
\pgfexternal@startupbox=\box40
))
(/home/jason/.miktex/texmfs/install/tex/generic/pgf/basiclayer/pgfcorelayers.co
de.tex
File: pgfcorelayers.code.tex 2019/07/12 v3.1.4 (3.1.4)
)
(/home/jason/.miktex/texmfs/install/tex/generic/pgf/basiclayer/pgfcoretranspare
ncy.code.tex
File: pgfcoretransparency.code.tex 2019/07/12 v3.1.4 (3.1.4)
)
(/home/jason/.miktex/texmfs/install/tex/generic/pgf/basiclayer/pgfcorepatterns.
code.tex
File: pgfcorepatterns.code.tex 2019/07/12 v3.1.4 (3.1.4)
)
(/home/jason/.miktex/texmfs/install/tex/generic/pgf/basiclayer/pgfcorerdf.code.
tex
File: pgfcorerdf.code.tex 2019/07/12 v3.1.4 (3.1.4)
))) (/home/jason/.miktex/texmfs/install/tex/latex/pgf/utilities/xxcolor.sty
Package: xxcolor 2003/10/24 ver 0.1
\XC@nummixins=\count120
\XC@countmixins=\count121
) (/home/jason/.miktex/texmfs/install/tex/generic/oberdiek/atbegshi.sty
Package: atbegshi 2016/06/09 v1.18 At begin shipout hook (HO)

(/home/jason/.miktex/texmfs/install/tex/generic/oberdiek/infwarerr.sty
Package: infwarerr 2016/05/16 v1.4 Providing info/warning/error messages (HO)
)
(/home/jason/.miktex/texmfs/install/tex/generic/oberdiek/ltxcmds.sty
Package: ltxcmds 2016/05/16 v1.23 LaTeX kernel commands for general use (HO)
))
(/home/jason/.miktex/texmfs/install/tex/latex/hyperref/hyperref.sty
Package: hyperref 2018/11/30 v6.88e Hypertext links for LaTeX

(/home/jason/.miktex/texmfs/install/tex/generic/oberdiek/hobsub-hyperref.sty
Package: hobsub-hyperref 2016/05/16 v1.14 Bundle oberdiek, subset hyperref (HO)


(/home/jason/.miktex/texmfs/install/tex/generic/oberdiek/hobsub-generic.sty
Package: hobsub-generic 2016/05/16 v1.14 Bundle oberdiek, subset generic (HO)
Package: hobsub 2016/05/16 v1.14 Construct package bundles (HO)
Package hobsub Info: Skipping package `infwarerr' (already loaded).
Package hobsub Info: Skipping package `ltxcmds' (already loaded).
Package: ifluatex 2016/05/16 v1.4 Provides the ifluatex switch (HO)
Package ifluatex Info: LuaTeX not detected.
Package hobsub Info: Skipping package `ifvtex' (already loaded).
Package: intcalc 2016/05/16 v1.2 Expandable calculations with integers (HO)
Package hobsub Info: Skipping package `ifpdf' (already loaded).
Package: etexcmds 2016/05/16 v1.6 Avoid name clashes with e-TeX commands (HO)
Package: kvsetkeys 2016/05/16 v1.17 Key value parser (HO)
Package: kvdefinekeys 2016/05/16 v1.4 Define keys (HO)
Package: pdftexcmds 2018/09/10 v0.29 Utility functions of pdfTeX for LuaTeX (HO
)
Package pdftexcmds Info: LuaTeX not detected.
Package pdftexcmds Info: \pdf@primitive is available.
Package pdftexcmds Info: \pdf@ifprimitive is available.
Package pdftexcmds Info: \pdfdraftmode found.
Package: pdfescape 2016/05/16 v1.14 Implements pdfTeX's escape features (HO)
Package: bigintcalc 2016/05/16 v1.4 Expandable calculations on big integers (HO
)
Package: bitset 2016/05/16 v1.2 Handle bit-vector datatype (HO)
Package: uniquecounter 2016/05/16 v1.3 Provide unlimited unique counter (HO)
)
Package hobsub Info: Skipping package `hobsub' (already loaded).
Package: letltxmacro 2016/05/16 v1.5 Let assignment for LaTeX macros (HO)
Package: hopatch 2016/05/16 v1.3 Wrapper for package hooks (HO)
Package: xcolor-patch 2016/05/16 xcolor patch
Package: atveryend 2016/05/16 v1.9 Hooks at the very end of document (HO)
Package hobsub Info: Skipping package `atbegshi' (already loaded).
Package: refcount 2016/05/16 v3.5 Data extraction from label references (HO)
Package: hycolor 2016/05/16 v1.8 Color options for hyperref/bookmark (HO)
)
(/home/jason/.miktex/texmfs/install/tex/latex/oberdiek/auxhook.sty
Package: auxhook 2016/05/16 v1.4 Hooks for auxiliary files (HO)
)
(/home/jason/.miktex/texmfs/install/tex/latex/oberdiek/kvoptions.sty
Package: kvoptions 2016/05/16 v3.12 Key value format for package options (HO)
)
\@linkdim=\dimen165
\Hy@linkcounter=\count122
\Hy@pagecounter=\count123

(/home/jason/.miktex/texmfs/install/tex/latex/hyperref/pd1enc.def
File: pd1enc.def 2018/11/30 v6.88e Hyperref: PDFDocEncoding definition (HO)
Now handling font encoding PD1 ...
... no UTF-8 mapping file for font encoding PD1
)
\Hy@SavedSpaceFactor=\count124

(/home/jason/.miktex/texmfs/install/tex/latex/00miktex/hyperref.cfg
File: hyperref.cfg 2002/06/06 v1.2 hyperref configuration of TeXLive
)
Package hyperref Info: Option `bookmarks' set `true' on input line 4393.
Package hyperref Info: Option `bookmarksopen' set `true' on input line 4393.
Package hyperref Info: Option `implicit' set `false' on input line 4393.
Package hyperref Info: Hyper figures OFF on input line 4519.
Package hyperref Info: Link nesting OFF on input line 4524.
Package hyperref Info: Hyper index ON on input line 4527.
Package hyperref Info: Plain pages OFF on input line 4534.
Package hyperref Info: Backreferencing OFF on input line 4539.
Package hyperref Info: Implicit mode OFF; no redefinition of LaTeX internals.
Package hyperref Info: Bookmarks ON on input line 4772.
\c@Hy@tempcnt=\count125

(/home/jason/.miktex/texmfs/install/tex/latex/url/url.sty
\Urlmuskip=\muskip10
Package: url 2013/09/16  ver 3.4  Verb mode for urls, etc.
)
LaTeX Info: Redefining \url on input line 5125.
\XeTeXLinkMargin=\dimen166
\Fld@menulength=\count126
\Field@Width=\dimen167
\Fld@charsize=\dimen168
Package hyperref Info: Hyper figures OFF on input line 6380.
Package hyperref Info: Link nesting OFF on input line 6385.
Package hyperref Info: Hyper index ON on input line 6388.
Package hyperref Info: backreferencing OFF on input line 6395.
Package hyperref Info: Link coloring OFF on input line 6400.
Package hyperref Info: Link coloring with OCG OFF on input line 6405.
Package hyperref Info: PDF/A mode OFF on input line 6410.
LaTeX Info: Redefining \ref on input line 6450.
LaTeX Info: Redefining \pageref on input line 6454.
\Hy@abspage=\count127


Package hyperref Message: Stopped early.

)
Package hyperref Info: Driver (autodetected): hpdftex.
 (/home/jason/.miktex/texmfs/install/tex/latex/hyperref/hpdftex.def
File: hpdftex.def 2018/11/30 v6.88e Hyperref driver for pdfTeX
\Fld@listcount=\count128
\c@bookmark@seq@number=\count129

(/home/jason/.miktex/texmfs/install/tex/latex/oberdiek/rerunfilecheck.sty
Package: rerunfilecheck 2016/05/16 v1.8 Rerun checks for auxiliary files (HO)
Package uniquecounter Info: New unique counter `rerunfilecheck' on input line 2
82.
))
(/home/jason/.miktex/texmfs/install/tex/latex/beamer/beamerbaserequires.sty
(/home/jason/.miktex/texmfs/install/tex/latex/beamer/beamerbasecompatibility.st
y) (/home/jason/.miktex/texmfs/install/tex/latex/beamer/beamerbasefont.sty
(/home/jason/.miktex/texmfs/install/tex/latex/amsfonts/amssymb.sty
Package: amssymb 2013/01/14 v3.01 AMS font symbols

(/home/jason/.miktex/texmfs/install/tex/latex/amsfonts/amsfonts.sty
Package: amsfonts 2013/01/14 v3.01 Basic AMSFonts support
\@emptytoks=\toks26
\symAMSa=\mathgroup4
\symAMSb=\mathgroup5
LaTeX Font Info:    Overwriting math alphabet `\mathfrak' in version `bold'
(Font)                  U/euf/m/n --> U/euf/b/n on input line 106.
))
(/home/jason/.miktex/texmfs/install/tex/latex/sansmathaccent/sansmathaccent.sty
Package: sansmathaccent 2013/03/28
(/home/jason/.miktex/texmfs/install/tex/latex/filehook/filehook.sty
Package: filehook 2011/10/12 v0.5d Hooks for input files
)))
(/home/jason/.miktex/texmfs/install/tex/latex/beamer/beamerbasetranslator.sty
(/home/jason/.miktex/texmfs/install/tex/latex/translator/translator.sty
Package: translator 2019-05-31 v1.12a Easy translation of strings in LaTeX
))
(/home/jason/.miktex/texmfs/install/tex/latex/beamer/beamerbasemisc.sty)
(/home/jason/.miktex/texmfs/install/tex/latex/beamer/beamerbasetwoscreens.sty)
(/home/jason/.miktex/texmfs/install/tex/latex/beamer/beamerbaseoverlay.sty
\beamer@argscount=\count130
\beamer@lastskipcover=\skip44
\beamer@trivlistdepth=\count131
)
(/home/jason/.miktex/texmfs/install/tex/latex/beamer/beamerbasetitle.sty)
(/home/jason/.miktex/texmfs/install/tex/latex/beamer/beamerbasesection.sty
\c@lecture=\count132
\c@part=\count133
\c@section=\count134
\c@subsection=\count135
\c@subsubsection=\count136
)
(/home/jason/.miktex/texmfs/install/tex/latex/beamer/beamerbaseframe.sty
\beamer@framebox=\box41
\beamer@frametitlebox=\box42
\beamer@zoombox=\box43
\beamer@zoomcount=\count137
\beamer@zoomframecount=\count138
\beamer@frametextheight=\dimen169
\c@subsectionslide=\count139
\beamer@frametopskip=\skip45
\beamer@framebottomskip=\skip46
\beamer@frametopskipautobreak=\skip47
\beamer@framebottomskipautobreak=\skip48
\beamer@envbody=\toks27
\framewidth=\dimen170
\c@framenumber=\count140
)
(/home/jason/.miktex/texmfs/install/tex/latex/beamer/beamerbaseverbatim.sty
\beamer@verbatimfileout=\write4
)
(/home/jason/.miktex/texmfs/install/tex/latex/beamer/beamerbaseframesize.sty
\beamer@splitbox=\box44
\beamer@autobreakcount=\count141
\beamer@autobreaklastheight=\dimen171
\beamer@frametitletoks=\toks28
\beamer@framesubtitletoks=\toks29
)
(/home/jason/.miktex/texmfs/install/tex/latex/beamer/beamerbaseframecomponents.
sty
\beamer@footins=\box45
) (/home/jason/.miktex/texmfs/install/tex/latex/beamer/beamerbasecolor.sty)
(/home/jason/.miktex/texmfs/install/tex/latex/beamer/beamerbasenotes.sty
\beamer@frameboxcopy=\box46
)
(/home/jason/.miktex/texmfs/install/tex/latex/beamer/beamerbasetoc.sty)
(/home/jason/.miktex/texmfs/install/tex/latex/beamer/beamerbasetemplates.sty
\beamer@sbttoks=\toks30

(/home/jason/.miktex/texmfs/install/tex/latex/beamer/beamerbaseauxtemplates.sty
(/home/jason/.miktex/texmfs/install/tex/latex/beamer/beamerbaseboxes.sty
\bmb@box=\box47
\bmb@colorbox=\box48
\bmb@boxshadow=\box49
\bmb@boxshadowball=\box50
\bmb@boxshadowballlarge=\box51
\bmb@temp=\dimen172
\bmb@dima=\dimen173
\bmb@dimb=\dimen174
\bmb@prevheight=\dimen175
)
\beamer@blockheadheight=\dimen176
))
(/home/jason/.miktex/texmfs/install/tex/latex/beamer/beamerbaselocalstructure.s
ty (/home/jason/.miktex/texmfs/install/tex/latex/tools/enumerate.sty
Package: enumerate 2015/07/23 v3.00 enumerate extensions (DPC)
\@enLab=\toks31
)
\c@figure=\count142
\c@table=\count143
\abovecaptionskip=\skip49
\belowcaptionskip=\skip50
)
(/home/jason/.miktex/texmfs/install/tex/latex/beamer/beamerbasenavigation.sty
\beamer@section@min@dim=\dimen177
)
(/home/jason/.miktex/texmfs/install/tex/latex/beamer/beamerbasetheorems.sty
(/home/jason/.miktex/texmfs/install/tex/latex/amsmath/amsmath.sty
Package: amsmath 2018/12/01 v2.17b AMS math features
\@mathmargin=\skip51

For additional information on amsmath, use the `?' option.
(/home/jason/.miktex/texmfs/install/tex/latex/amsmath/amstext.sty
Package: amstext 2000/06/29 v2.01 AMS text

(/home/jason/.miktex/texmfs/install/tex/latex/amsmath/amsgen.sty
File: amsgen.sty 1999/11/30 v2.0 generic functions
\@emptytoks=\toks32
\ex@=\dimen178
))
(/home/jason/.miktex/texmfs/install/tex/latex/amsmath/amsbsy.sty
Package: amsbsy 1999/11/29 v1.2d Bold Symbols
\pmbraise@=\dimen179
)
(/home/jason/.miktex/texmfs/install/tex/latex/amsmath/amsopn.sty
Package: amsopn 2016/03/08 v2.02 operator names
)
\inf@bad=\count144
LaTeX Info: Redefining \frac on input line 223.
\uproot@=\count145
\leftroot@=\count146
LaTeX Info: Redefining \overline on input line 385.
\classnum@=\count147
\DOTSCASE@=\count148
LaTeX Info: Redefining \ldots on input line 482.
LaTeX Info: Redefining \dots on input line 485.
LaTeX Info: Redefining \cdots on input line 606.
\Mathstrutbox@=\box52
\strutbox@=\box53
\big@size=\dimen180
LaTeX Font Info:    Redeclaring font encoding OML on input line 729.
LaTeX Font Info:    Redeclaring font encoding OMS on input line 730.
\macc@depth=\count149
\c@MaxMatrixCols=\count150
\dotsspace@=\muskip11
\c@parentequation=\count151
\dspbrk@lvl=\count152
\tag@help=\toks33
\row@=\count153
\column@=\count154
\maxfields@=\count155
\andhelp@=\toks34
\eqnshift@=\dimen181
\alignsep@=\dimen182
\tagshift@=\dimen183
\tagwidth@=\dimen184
\totwidth@=\dimen185
\lineht@=\dimen186
\@envbody=\toks35
\multlinegap=\skip52
\multlinetaggap=\skip53
\mathdisplay@stack=\toks36
LaTeX Info: Redefining \[ on input line 2844.
LaTeX Info: Redefining \] on input line 2845.
)
(/home/jason/.miktex/texmfs/install/tex/latex/amscls/amsthm.sty
Package: amsthm 2017/10/31 v2.20.4
\thm@style=\toks37
\thm@bodyfont=\toks38
\thm@headfont=\toks39
\thm@notefont=\toks40
\thm@headpunct=\toks41
\thm@preskip=\skip54
\thm@postskip=\skip55
\thm@headsep=\skip56
\dth@everypar=\toks42
)
\c@theorem=\count156
)
(/home/jason/.miktex/texmfs/install/tex/latex/beamer/beamerbasethemes.sty))
(/home/jason/.miktex/texmfs/install/tex/latex/beamer/beamerthemedefault.sty
(/home/jason/.miktex/texmfs/install/tex/latex/beamer/beamerfontthemedefault.sty
)
(/home/jason/.miktex/texmfs/install/tex/latex/beamer/beamercolorthemedefault.st
y)
(/home/jason/.miktex/texmfs/install/tex/latex/beamer/beamerinnerthemedefault.st
y
\beamer@dima=\dimen187
\beamer@dimb=\dimen188
)
(/home/jason/.miktex/texmfs/install/tex/latex/beamer/beamerouterthemedefault.st
y))) (/home/jason/.miktex/texmfs/install/tex/latex/beamer/beamerthemeMalmoe.sty
(/home/jason/.miktex/texmfs/install/tex/latex/beamer/beamerouterthemesplit.sty)
(/home/jason/.miktex/texmfs/install/tex/latex/beamer/beamercolorthemewhale.sty)
) (/home/jason/.miktex/texmfs/install/tex/latex/l3packages/xfrac/xfrac.sty
(/home/jason/.miktex/texmfs/install/tex/latex/l3kernel/expl3.sty
Package: expl3 2019-07-01 L3 programming layer (loader) 

(/home/jason/.miktex/texmfs/install/tex/latex/l3kernel/expl3-code.tex
Package: expl3 2019-07-01 L3 programming layer (code)
\c_max_int=\count157
\l_tmpa_int=\count158
\l_tmpb_int=\count159
\g_tmpa_int=\count160
\g_tmpb_int=\count161
\g__kernel_prg_map_int=\count162
\c__ior_term_ior=\count163
\c_log_iow=\count164
\l_iow_line_count_int=\count165
\l__iow_line_target_int=\count166
\l__iow_one_indent_int=\count167
\l__iow_indent_int=\count168
\c_zero_dim=\dimen189
\c_max_dim=\dimen190
\l_tmpa_dim=\dimen191
\l_tmpb_dim=\dimen192
\g_tmpa_dim=\dimen193
\g_tmpb_dim=\dimen194
\c_zero_skip=\skip57
\c_max_skip=\skip58
\l_tmpa_skip=\skip59
\l_tmpb_skip=\skip60
\g_tmpa_skip=\skip61
\g_tmpb_skip=\skip62
\c_zero_muskip=\muskip12
\c_max_muskip=\muskip13
\l_tmpa_muskip=\muskip14
\l_tmpb_muskip=\muskip15
\g_tmpa_muskip=\muskip16
\g_tmpb_muskip=\muskip17
\l_keys_choice_int=\count169
\l__intarray_loop_int=\count170
\c__intarray_sp_dim=\dimen195
\g__intarray_font_int=\count171
\c__fp_leading_shift_int=\count172
\c__fp_middle_shift_int=\count173
\c__fp_trailing_shift_int=\count174
\c__fp_big_leading_shift_int=\count175
\c__fp_big_middle_shift_int=\count176
\c__fp_big_trailing_shift_int=\count177
\c__fp_Bigg_leading_shift_int=\count178
\c__fp_Bigg_middle_shift_int=\count179
\c__fp_Bigg_trailing_shift_int=\count180
\c__kernel_randint_max_int=\count181
\g__fp_array_int=\count182
\l__fp_array_loop_int=\count183
\l__sort_length_int=\count184
\l__sort_min_int=\count185
\l__sort_top_int=\count186
\l__sort_max_int=\count187
\l__sort_true_max_int=\count188
\l__sort_block_int=\count189
\l__sort_begin_int=\count190
\l__sort_end_int=\count191
\l__sort_A_int=\count192
\l__sort_B_int=\count193
\l__sort_C_int=\count194
\l__str_internal_int=\count195
\c__str_replacement_char_int=\count196
\l__tl_analysis_normal_int=\count197
\l__tl_analysis_index_int=\count198
\l__tl_analysis_nesting_int=\count199
\l__tl_analysis_type_int=\count266
\l__regex_internal_a_int=\count267
\l__regex_internal_b_int=\count268
\l__regex_internal_c_int=\count269
\l__regex_balance_int=\count270
\l__regex_group_level_int=\count271
\l__regex_mode_int=\count272
\c__regex_cs_in_class_mode_int=\count273
\c__regex_cs_mode_int=\count274
\l__regex_catcodes_int=\count275
\l__regex_default_catcodes_int=\count276
\c__regex_catcode_D_int=\count277
\c__regex_catcode_S_int=\count278
\c__regex_catcode_L_int=\count279
\c__regex_catcode_O_int=\count280
\c__regex_catcode_A_int=\count281
\c__regex_all_catcodes_int=\count282
\l__regex_show_lines_int=\count283
\l__regex_min_state_int=\count284
\l__regex_max_state_int=\count285
\l__regex_left_state_int=\count286
\l__regex_right_state_int=\count287
\l__regex_capturing_group_int=\count288
\l__regex_min_pos_int=\count289
\l__regex_max_pos_int=\count290
\l__regex_curr_pos_int=\count291
\l__regex_start_pos_int=\count292
\l__regex_success_pos_int=\count293
\l__regex_curr_char_int=\count294
\l__regex_curr_catcode_int=\count295
\l__regex_last_char_int=\count296
\l__regex_case_changed_char_int=\count297
\l__regex_curr_state_int=\count298
\l__regex_step_int=\count299
\l__regex_min_active_int=\count300
\l__regex_max_active_int=\count301
\l__regex_replacement_csnames_int=\count302
\l__regex_match_count_int=\count303
\l__regex_min_submatch_int=\count304
\l__regex_submatch_int=\count305
\l__regex_zeroth_submatch_int=\count306
\g__regex_trace_regex_int=\count307
\c_empty_box=\box54
\l_tmpa_box=\box55
\l_tmpb_box=\box56
\g_tmpa_box=\box57
\g_tmpb_box=\box58
\l__box_top_dim=\dimen196
\l__box_bottom_dim=\dimen197
\l__box_left_dim=\dimen198
\l__box_right_dim=\dimen199
\l__box_top_new_dim=\dimen256
\l__box_bottom_new_dim=\dimen257
\l__box_left_new_dim=\dimen258
\l__box_right_new_dim=\dimen259
\l__box_internal_box=\box59
\l__coffin_internal_box=\box60
\l__coffin_internal_dim=\dimen260
\l__coffin_offset_x_dim=\dimen261
\l__coffin_offset_y_dim=\dimen262
\l__coffin_x_dim=\dimen263
\l__coffin_y_dim=\dimen264
\l__coffin_x_prime_dim=\dimen265
\l__coffin_y_prime_dim=\dimen266
\c_empty_coffin=\box61
\l__coffin_aligned_coffin=\box62
\l__coffin_aligned_internal_coffin=\box63
\l_tmpa_coffin=\box64
\l_tmpb_coffin=\box65
\g_tmpa_coffin=\box66
\g_tmpb_coffin=\box67
\l__coffin_bounding_shift_dim=\dimen267
\l__coffin_left_corner_dim=\dimen268
\l__coffin_right_corner_dim=\dimen269
\l__coffin_bottom_corner_dim=\dimen270
\l__coffin_top_corner_dim=\dimen271
\l__coffin_scaled_total_height_dim=\dimen272
\l__coffin_scaled_width_dim=\dimen273
\c__coffin_empty_coffin=\box68
\l__coffin_display_coffin=\box69
\l__coffin_display_coord_coffin=\box70
\l__coffin_display_pole_coffin=\box71
\l__coffin_display_offset_dim=\dimen274
\l__coffin_display_x_dim=\dimen275
\l__coffin_display_y_dim=\dimen276
\g__file_internal_ior=\read2
\l__seq_internal_a_int=\count308
\l__seq_internal_b_int=\count309
\c__deprecation_minus_one=\count310
)
(/home/jason/.miktex/texmfs/install/tex/latex/l3backend/l3backend-pdfmode.def
File: l3backend-pdfmode.def 2019-04-06 v L3 Experimental backend support: PDF m
ode
\l__kernel_color_stack_int=\count311
\l__pdf_internal_box=\box72
)) (/home/jason/.miktex/texmfs/install/tex/latex/l3packages/l3keys2e/l3keys2e.s
ty
Package: l3keys2e 2019-05-28 LaTeX2e option processing using LaTeX3 keys
) (/home/jason/.miktex/texmfs/install/tex/latex/base/textcomp.sty
Package: textcomp 2018/08/11 v2.0j Standard LaTeX package
Package textcomp Info: Sub-encoding information:
(textcomp)               5 = only ISO-Adobe without \textcurrency
(textcomp)               4 = 5 + \texteuro
(textcomp)               3 = 4 + \textohm
(textcomp)               2 = 3 + \textestimated + \textcurrency
(textcomp)               1 = TS1 - \textcircled - \t
(textcomp)               0 = TS1 (full)
(textcomp)             Font families with sub-encoding setting implement
(textcomp)             only a restricted character set as indicated.
(textcomp)             Family '?' is the default used for unknown fonts.
(textcomp)             See the documentation for details.
Package textcomp Info: Setting ? sub-encoding to TS1/1 on input line 79.

(/home/jason/.miktex/texmfs/install/tex/latex/base/ts1enc.def
File: ts1enc.def 2001/06/05 v3.0e (jk/car/fm) Standard LaTeX file
Now handling font encoding TS1 ...
... processing UTF-8 mapping file for font encoding TS1

(/home/jason/.miktex/texmfs/install/tex/latex/base/ts1enc.dfu
File: ts1enc.dfu 2018/10/05 v1.2f UTF-8 support for inputenc
   defining Unicode char U+00A2 (decimal 162)
   defining Unicode char U+00A3 (decimal 163)
   defining Unicode char U+00A4 (decimal 164)
   defining Unicode char U+00A5 (decimal 165)
   defining Unicode char U+00A6 (decimal 166)
   defining Unicode char U+00A7 (decimal 167)
   defining Unicode char U+00A8 (decimal 168)
   defining Unicode char U+00A9 (decimal 169)
   defining Unicode char U+00AA (decimal 170)
   defining Unicode char U+00AC (decimal 172)
   defining Unicode char U+00AE (decimal 174)
   defining Unicode char U+00AF (decimal 175)
   defining Unicode char U+00B0 (decimal 176)
   defining Unicode char U+00B1 (decimal 177)
   defining Unicode char U+00B2 (decimal 178)
   defining Unicode char U+00B3 (decimal 179)
   defining Unicode char U+00B4 (decimal 180)
   defining Unicode char U+00B5 (decimal 181)
   defining Unicode char U+00B6 (decimal 182)
   defining Unicode char U+00B7 (decimal 183)
   defining Unicode char U+00B9 (decimal 185)
   defining Unicode char U+00BA (decimal 186)
   defining Unicode char U+00BC (decimal 188)
   defining Unicode char U+00BD (decimal 189)
   defining Unicode char U+00BE (decimal 190)
   defining Unicode char U+00D7 (decimal 215)
   defining Unicode char U+00F7 (decimal 247)
   defining Unicode char U+0192 (decimal 402)
   defining Unicode char U+02C7 (decimal 711)
   defining Unicode char U+02D8 (decimal 728)
   defining Unicode char U+02DD (decimal 733)
   defining Unicode char U+0E3F (decimal 3647)
   defining Unicode char U+2016 (decimal 8214)
   defining Unicode char U+2020 (decimal 8224)
   defining Unicode char U+2021 (decimal 8225)
   defining Unicode char U+2022 (decimal 8226)
   defining Unicode char U+2030 (decimal 8240)
   defining Unicode char U+2031 (decimal 8241)
   defining Unicode char U+203B (decimal 8251)
   defining Unicode char U+203D (decimal 8253)
   defining Unicode char U+2044 (decimal 8260)
   defining Unicode char U+204E (decimal 8270)
   defining Unicode char U+2052 (decimal 8274)
   defining Unicode char U+20A1 (decimal 8353)
   defining Unicode char U+20A4 (decimal 8356)
   defining Unicode char U+20A6 (decimal 8358)
   defining Unicode char U+20A9 (decimal 8361)
   defining Unicode char U+20AB (decimal 8363)
   defining Unicode char U+20AC (decimal 8364)
   defining Unicode char U+20B1 (decimal 8369)
   defining Unicode char U+2103 (decimal 8451)
   defining Unicode char U+2116 (decimal 8470)
   defining Unicode char U+2117 (decimal 8471)
   defining Unicode char U+211E (decimal 8478)
   defining Unicode char U+2120 (decimal 8480)
   defining Unicode char U+2122 (decimal 8482)
   defining Unicode char U+2126 (decimal 8486)
   defining Unicode char U+2127 (decimal 8487)
   defining Unicode char U+212E (decimal 8494)
   defining Unicode char U+2190 (decimal 8592)
   defining Unicode char U+2191 (decimal 8593)
   defining Unicode char U+2192 (decimal 8594)
   defining Unicode char U+2193 (decimal 8595)
   defining Unicode char U+2329 (decimal 9001)
   defining Unicode char U+232A (decimal 9002)
   defining Unicode char U+2422 (decimal 9250)
   defining Unicode char U+25E6 (decimal 9702)
   defining Unicode char U+25EF (decimal 9711)
   defining Unicode char U+266A (decimal 9834)
   defining Unicode char U+FEFF (decimal 65279)
))
LaTeX Info: Redefining \oldstylenums on input line 334.
Package textcomp Info: Setting cmr sub-encoding to TS1/0 on input line 349.
Package textcomp Info: Setting cmss sub-encoding to TS1/0 on input line 350.
Package textcomp Info: Setting cmtt sub-encoding to TS1/0 on input line 351.
Package textcomp Info: Setting cmvtt sub-encoding to TS1/0 on input line 352.
Package textcomp Info: Setting cmbr sub-encoding to TS1/0 on input line 353.
Package textcomp Info: Setting cmtl sub-encoding to TS1/0 on input line 354.
Package textcomp Info: Setting ccr sub-encoding to TS1/0 on input line 355.
Package textcomp Info: Setting ptm sub-encoding to TS1/4 on input line 356.
Package textcomp Info: Setting pcr sub-encoding to TS1/4 on input line 357.
Package textcomp Info: Setting phv sub-encoding to TS1/4 on input line 358.
Package textcomp Info: Setting ppl sub-encoding to TS1/3 on input line 359.
Package textcomp Info: Setting pag sub-encoding to TS1/4 on input line 360.
Package textcomp Info: Setting pbk sub-encoding to TS1/4 on input line 361.
Package textcomp Info: Setting pnc sub-encoding to TS1/4 on input line 362.
Package textcomp Info: Setting pzc sub-encoding to TS1/4 on input line 363.
Package textcomp Info: Setting bch sub-encoding to TS1/4 on input line 364.
Package textcomp Info: Setting put sub-encoding to TS1/5 on input line 365.
Package textcomp Info: Setting uag sub-encoding to TS1/5 on input line 366.
Package textcomp Info: Setting ugq sub-encoding to TS1/5 on input line 367.
Package textcomp Info: Setting ul8 sub-encoding to TS1/4 on input line 368.
Package textcomp Info: Setting ul9 sub-encoding to TS1/4 on input line 369.
Package textcomp Info: Setting augie sub-encoding to TS1/5 on input line 370.
Package textcomp Info: Setting dayrom sub-encoding to TS1/3 on input line 371.
Package textcomp Info: Setting dayroms sub-encoding to TS1/3 on input line 372.

Package textcomp Info: Setting pxr sub-encoding to TS1/0 on input line 373.
Package textcomp Info: Setting pxss sub-encoding to TS1/0 on input line 374.
Package textcomp Info: Setting pxtt sub-encoding to TS1/0 on input line 375.
Package textcomp Info: Setting txr sub-encoding to TS1/0 on input line 376.
Package textcomp Info: Setting txss sub-encoding to TS1/0 on input line 377.
Package textcomp Info: Setting txtt sub-encoding to TS1/0 on input line 378.
Package textcomp Info: Setting lmr sub-encoding to TS1/0 on input line 379.
Package textcomp Info: Setting lmdh sub-encoding to TS1/0 on input line 380.
Package textcomp Info: Setting lmss sub-encoding to TS1/0 on input line 381.
Package textcomp Info: Setting lmssq sub-encoding to TS1/0 on input line 382.
Package textcomp Info: Setting lmvtt sub-encoding to TS1/0 on input line 383.
Package textcomp Info: Setting lmtt sub-encoding to TS1/0 on input line 384.
Package textcomp Info: Setting qhv sub-encoding to TS1/0 on input line 385.
Package textcomp Info: Setting qag sub-encoding to TS1/0 on input line 386.
Package textcomp Info: Setting qbk sub-encoding to TS1/0 on input line 387.
Package textcomp Info: Setting qcr sub-encoding to TS1/0 on input line 388.
Package textcomp Info: Setting qcs sub-encoding to TS1/0 on input line 389.
Package textcomp Info: Setting qpl sub-encoding to TS1/0 on input line 390.
Package textcomp Info: Setting qtm sub-encoding to TS1/0 on input line 391.
Package textcomp Info: Setting qzc sub-encoding to TS1/0 on input line 392.
Package textcomp Info: Setting qhvc sub-encoding to TS1/0 on input line 393.
Package textcomp Info: Setting futs sub-encoding to TS1/4 on input line 394.
Package textcomp Info: Setting futx sub-encoding to TS1/4 on input line 395.
Package textcomp Info: Setting futj sub-encoding to TS1/4 on input line 396.
Package textcomp Info: Setting hlh sub-encoding to TS1/3 on input line 397.
Package textcomp Info: Setting hls sub-encoding to TS1/3 on input line 398.
Package textcomp Info: Setting hlst sub-encoding to TS1/3 on input line 399.
Package textcomp Info: Setting hlct sub-encoding to TS1/5 on input line 400.
Package textcomp Info: Setting hlx sub-encoding to TS1/5 on input line 401.
Package textcomp Info: Setting hlce sub-encoding to TS1/5 on input line 402.
Package textcomp Info: Setting hlcn sub-encoding to TS1/5 on input line 403.
Package textcomp Info: Setting hlcw sub-encoding to TS1/5 on input line 404.
Package textcomp Info: Setting hlcf sub-encoding to TS1/5 on input line 405.
Package textcomp Info: Setting pplx sub-encoding to TS1/3 on input line 406.
Package textcomp Info: Setting pplj sub-encoding to TS1/3 on input line 407.
Package textcomp Info: Setting ptmx sub-encoding to TS1/4 on input line 408.
Package textcomp Info: Setting ptmj sub-encoding to TS1/4 on input line 409.
)
(/home/jason/.miktex/texmfs/install/tex/latex/l3packages/xparse/xparse.sty
Package: xparse 2019-05-28 L3 Experimental document command parser
\l__xparse_current_arg_int=\count312
\g__xparse_grabber_int=\count313
\l__xparse_m_args_int=\count314
\l__xparse_v_nesting_int=\count315
)
(/home/jason/.miktex/texmfs/install/tex/latex/l3packages/xtemplate/xtemplate.st
y
Package: xtemplate 2019-05-28 L3 Experimental prototype document functions
\l__xtemplate_tmp_dim=\dimen277
\l__xtemplate_tmp_int=\count316
\l__xtemplate_tmp_muskip=\muskip18
\l__xtemplate_tmp_skip=\skip63
)
Package: xfrac 2019-05-28 L3 Experimental split-level fractions
\l__xfrac_slash_box=\box73
\l__xfrac_tmp_box=\box74
\l__xfrac_denominator_bot_sep_dim=\dimen278
\l__xfrac_numerator_bot_sep_dim=\dimen279
\l__xfrac_numerator_top_sep_dim=\dimen280
\l__xfrac_slash_left_sep_dim=\dimen281
\l__xfrac_slash_right_sep_dim=\dimen282
\l__xfrac_slash_left_muskip=\muskip19
\l__xfrac_slash_right_muskip=\muskip20

Package xtemplate Info: Declaring object type 'xfrac' taking 3 argument(s) on
(xtemplate)             line 79.

) (/home/jason/.miktex/texmfs/install/tex/latex/caption/caption.sty
Package: caption 2018/10/06 v3.3-154 Customizing captions (AR)

(/home/jason/.miktex/texmfs/install/tex/latex/caption/caption3.sty
Package: caption3 2018/09/12 v1.8c caption3 kernel (AR)
Package caption3 Info: TeX engine: e-TeX on input line 64.
\captionmargin=\dimen283
\captionmargin@=\dimen284
\captionwidth=\dimen285
\caption@tempdima=\dimen286
\caption@indent=\dimen287
\caption@parindent=\dimen288
\caption@hangindent=\dimen289
)
\c@caption@flags=\count317
\c@ContinuedFloat=\count318
Package caption Info: beamer document class.
Package caption Info: hyperref package is loaded.
Package caption Info: Hyperref support is turned off
(caption)             because hyperref has stopped early.
)
(/home/jason/.miktex/texmfs/install/tex/latex/cancel/cancel.sty
Package: cancel 2013/04/12 v2.2 Cancel math terms
)
(/home/jason/.miktex/texmfs/install/tex/latex/appendixnumberbeamer/appendixnumb
erbeamer.sty) (BarkelooATLASFeb2020.aux)
\openout1 = `BarkelooATLASFeb2020.aux'.

LaTeX Font Info:    Checking defaults for OML/cmm/m/it on input line 19.
LaTeX Font Info:    ... okay on input line 19.
LaTeX Font Info:    Checking defaults for T1/cmr/m/n on input line 19.
LaTeX Font Info:    ... okay on input line 19.
LaTeX Font Info:    Checking defaults for OT1/cmr/m/n on input line 19.
LaTeX Font Info:    ... okay on input line 19.
LaTeX Font Info:    Checking defaults for OMS/cmsy/m/n on input line 19.
LaTeX Font Info:    ... okay on input line 19.
LaTeX Font Info:    Checking defaults for OMX/cmex/m/n on input line 19.
LaTeX Font Info:    ... okay on input line 19.
LaTeX Font Info:    Checking defaults for U/cmr/m/n on input line 19.
LaTeX Font Info:    ... okay on input line 19.
LaTeX Font Info:    Checking defaults for PD1/pdf/m/n on input line 19.
LaTeX Font Info:    ... okay on input line 19.
LaTeX Font Info:    Checking defaults for TS1/cmr/m/n on input line 19.
LaTeX Font Info:    Try loading font information for TS1+cmr on input line 19.

(/home/jason/.miktex/texmfs/install/tex/latex/base/ts1cmr.fd
File: ts1cmr.fd 2014/09/29 v2.5h Standard LaTeX font definitions
)
LaTeX Font Info:    ... okay on input line 19.

*geometry* driver: auto-detecting
*geometry* detected driver: pdftex
*geometry* verbose mode - [ preamble ] result:
* driver: pdftex
* paper: custom
* layout: <same size as paper>
* layoutoffset:(h,v)=(0.0pt,0.0pt)
* modes: includehead includefoot 
* h-part:(L,W,R)=(28.45274pt, 307.28987pt, 28.45274pt)
* v-part:(T,H,B)=(0.0pt, 273.14662pt, 0.0pt)
* \paperwidth=364.19536pt
* \paperheight=273.14662pt
* \textwidth=307.28987pt
* \textheight=244.6939pt
* \oddsidemargin=-43.81725pt
* \evensidemargin=-43.81725pt
* \topmargin=-72.26999pt
* \headheight=14.22636pt
* \headsep=0.0pt
* \topskip=10.0pt
* \footskip=14.22636pt
* \marginparwidth=3.0pt
* \marginparsep=11.0pt
* \columnsep=10.0pt
* \skip\footins=9.0pt plus 4.0pt minus 2.0pt
* \hoffset=0.0pt
* \voffset=0.0pt
* \mag=1000
* \@twocolumnfalse
* \@twosidefalse
* \@mparswitchfalse
* \@reversemarginfalse
* (1in=72.27pt=25.4mm, 1cm=28.453pt)

(/home/jason/.miktex/texmfs/install/tex/context/base/mkii/supp-pdf.mkii
[Loading MPS to PDF converter (version 2006.09.02).]
\scratchcounter=\count319
\scratchdimen=\dimen290
\scratchbox=\box75
\nofMPsegments=\count320
\nofMParguments=\count321
\everyMPshowfont=\toks43
\MPscratchCnt=\count322
\MPscratchDim=\dimen291
\MPnumerator=\count323
\makeMPintoPDFobject=\count324
\everyMPtoPDFconversion=\toks44
) (/home/jason/.miktex/texmfs/install/tex/latex/oberdiek/epstopdf-base.sty
Package: epstopdf-base 2016/05/15 v2.6 Base part for package epstopdf

(/home/jason/.miktex/texmfs/install/tex/latex/oberdiek/grfext.sty
Package: grfext 2016/05/16 v1.2 Manage graphics extensions (HO)
)
Package epstopdf-base Info: Redefining graphics rule for `.eps' on input line 4
38.
Package grfext Info: Graphics extension search list:
(grfext)             [.pdf,.png,.jpg,.mps,.jpeg,.jbig2,.jb2,.PDF,.PNG,.JPG,.JPE
G,.JBIG2,.JB2,.eps]
(grfext)             \AppendGraphicsExtensions on input line 456.
)
ABD: EveryShipout initializing macros
\AtBeginShipoutBox=\box76
Package hyperref Info: Link coloring OFF on input line 19.

(/home/jason/.miktex/texmfs/install/tex/latex/hyperref/nameref.sty
Package: nameref 2016/05/21 v2.44 Cross-referencing by name of section

(/home/jason/.miktex/texmfs/install/tex/generic/oberdiek/gettitlestring.sty
Package: gettitlestring 2016/05/16 v1.5 Cleanup title references (HO)
)
\c@section@level=\count325
)
LaTeX Info: Redefining \ref on input line 19.
LaTeX Info: Redefining \pageref on input line 19.
LaTeX Info: Redefining \nameref on input line 19.

(BarkelooATLASFeb2020.out) (BarkelooATLASFeb2020.out)
\@outlinefile=\write5
\openout5 = `BarkelooATLASFeb2020.out'.

LaTeX Font Info:    Overwriting symbol font `operators' in version `normal'
(Font)                  OT1/cmr/m/n --> OT1/cmss/m/n on input line 19.
LaTeX Font Info:    Overwriting symbol font `operators' in version `bold'
(Font)                  OT1/cmr/bx/n --> OT1/cmss/bx/n on input line 19.
\symnumbers=\mathgroup6
\sympureletters=\mathgroup7
LaTeX Font Info:    Overwriting math alphabet `\mathrm' in version `normal'
(Font)                  OT1/cmss/m/n --> OT1/cmr/m/n on input line 19.
LaTeX Font Info:    Redeclaring math alphabet \mathbf on input line 19.
LaTeX Font Info:    Overwriting math alphabet `\mathbf' in version `normal'
(Font)                  OT1/cmr/bx/n --> OT1/cmss/bx/n on input line 19.
LaTeX Font Info:    Overwriting math alphabet `\mathbf' in version `bold'
(Font)                  OT1/cmr/bx/n --> OT1/cmss/bx/n on input line 19.
LaTeX Font Info:    Redeclaring math alphabet \mathsf on input line 19.
LaTeX Font Info:    Overwriting math alphabet `\mathsf' in version `normal'
(Font)                  OT1/cmss/m/n --> OT1/cmss/m/n on input line 19.
LaTeX Font Info:    Overwriting math alphabet `\mathsf' in version `bold'
(Font)                  OT1/cmss/bx/n --> OT1/cmss/m/n on input line 19.
LaTeX Font Info:    Redeclaring math alphabet \mathit on input line 19.
LaTeX Font Info:    Overwriting math alphabet `\mathit' in version `normal'
(Font)                  OT1/cmr/m/it --> OT1/cmss/m/it on input line 19.
LaTeX Font Info:    Overwriting math alphabet `\mathit' in version `bold'
(Font)                  OT1/cmr/bx/it --> OT1/cmss/m/it on input line 19.
LaTeX Font Info:    Redeclaring math alphabet \mathtt on input line 19.
LaTeX Font Info:    Overwriting math alphabet `\mathtt' in version `normal'
(Font)                  OT1/cmtt/m/n --> OT1/cmtt/m/n on input line 19.
LaTeX Font Info:    Overwriting math alphabet `\mathtt' in version `bold'
(Font)                  OT1/cmtt/m/n --> OT1/cmtt/m/n on input line 19.
LaTeX Font Info:    Overwriting symbol font `numbers' in version `bold'
(Font)                  OT1/cmss/m/n --> OT1/cmss/bx/n on input line 19.
LaTeX Font Info:    Overwriting symbol font `pureletters' in version `bold'
(Font)                  OT1/cmss/m/it --> OT1/cmss/bx/it on input line 19.
LaTeX Font Info:    Overwriting math alphabet `\mathrm' in version `bold'
(Font)                  OT1/cmss/bx/n --> OT1/cmr/bx/n on input line 19.
LaTeX Font Info:    Overwriting math alphabet `\mathbf' in version `bold'
(Font)                  OT1/cmss/bx/n --> OT1/cmss/bx/n on input line 19.
LaTeX Font Info:    Overwriting math alphabet `\mathsf' in version `bold'
(Font)                  OT1/cmss/m/n --> OT1/cmss/bx/n on input line 19.
LaTeX Font Info:    Overwriting math alphabet `\mathit' in version `bold'
(Font)                  OT1/cmss/m/it --> OT1/cmss/bx/it on input line 19.
LaTeX Font Info:    Overwriting math alphabet `\mathtt' in version `bold'
(Font)                  OT1/cmtt/m/n --> OT1/cmtt/bx/n on input line 19.
LaTeX Font Info:    Redeclaring symbol font `pureletters' on input line 19.
LaTeX Font Info:    Overwriting symbol font `pureletters' in version `normal'
(Font)                  OT1/cmss/m/it --> OT1/mathkerncmss/m/sl on input line 1
9.
LaTeX Font Info:    Overwriting symbol font `pureletters' in version `bold'
(Font)                  OT1/cmss/bx/it --> OT1/mathkerncmss/m/sl on input line 
19.
LaTeX Font Info:    Overwriting symbol font `pureletters' in version `bold'
(Font)                  OT1/mathkerncmss/m/sl --> OT1/mathkerncmss/bx/sl on inp
ut line 19.

(/home/jason/.miktex/texmfs/install/tex/latex/translator/translator-basic-dicti
onary-English.dict
Dictionary: translator-basic-dictionary, Language: English 
)
(/home/jason/.miktex/texmfs/install/tex/latex/translator/translator-bibliograph
y-dictionary-English.dict
Dictionary: translator-bibliography-dictionary, Language: English 
)
(/home/jason/.miktex/texmfs/install/tex/latex/translator/translator-environment
-dictionary-English.dict
Dictionary: translator-environment-dictionary, Language: English 
)
(/home/jason/.miktex/texmfs/install/tex/latex/translator/translator-months-dict
ionary-English.dict
Dictionary: translator-months-dictionary, Language: English 
)
(/home/jason/.miktex/texmfs/install/tex/latex/translator/translator-numbers-dic
tionary-English.dict
Dictionary: translator-numbers-dictionary, Language: English 
)
(/home/jason/.miktex/texmfs/install/tex/latex/translator/translator-theorem-dic
tionary-English.dict
Dictionary: translator-theorem-dictionary, Language: English 
)
Package caption Info: Begin \AtBeginDocument code.
Package caption Info: End \AtBeginDocument code.
 (BarkelooATLASFeb2020.nav)

Package hyperref Warning: Option `pdfauthor' has already been used,
(hyperref)                setting the option has no effect on input line 23.

<../ATLAS-Logo-Ref-RGB.png, id=61, 583.7007pt x 307.1475pt>
File: ../ATLAS-Logo-Ref-RGB.png Graphic file (type png)
<use ../ATLAS-Logo-Ref-RGB.png>
Package pdftex.def Info: ../ATLAS-Logo-Ref-RGB.png  used on input line 37.
(pdftex.def)             Requested size: 113.81102pt x 59.88649pt.
<../uo_logo_green_on_white_2.jpg, id=62, 803.0pt x 451.6875pt>
File: ../uo_logo_green_on_white_2.jpg Graphic file (type jpg)
<use ../uo_logo_green_on_white_2.jpg>
Package pdftex.def Info: ../uo_logo_green_on_white_2.jpg  used on input line 37
.
(pdftex.def)             Requested size: 113.81102pt x 64.01463pt.

Overfull \hbox (0.79945pt too wide) in paragraph at lines 37--37
 [][]|  [] 
 []

[1{/home/jason/.miktex/texmfs/data/pdftex/config/pdftex.map}

 <../ATLAS-Logo-Ref-RGB.png (PNG copy)> <../uo_logo_green_on_white_2.jpg>]
(BarkelooATLASFeb2020.toc
LaTeX Font Info:    Try loading font information for U+msa on input line 5.

(/home/jason/.miktex/texmfs/install/tex/latex/amsfonts/umsa.fd
File: umsa.fd 2013/01/14 v3.01 AMS symbols A
)
LaTeX Font Info:    Try loading font information for U+msb on input line 5.

(/home/jason/.miktex/texmfs/install/tex/latex/amsfonts/umsb.fd
File: umsb.fd 2013/01/14 v3.01 AMS symbols B
)
LaTeX Font Info:    Try loading font information for OT1+mathkerncmss on input 
line 5.

(/home/jason/.miktex/texmfs/install/tex/latex/sansmathaccent/ot1mathkerncmss.fd
File: ot1mathkerncmss.fd 2013/03/27 Fontinst v1.933 font definitions for OT1/ma
thkerncmss.
)) [2

]
<../../Thesis/ThesisImages/Theory/SMTopDecays2.png, id=105, 1224.82594pt x 432.
11438pt>
File: ../../Thesis/ThesisImages/Theory/SMTopDecays2.png Graphic file (type png)

<use ../../Thesis/ThesisImages/Theory/SMTopDecays2.png>
Package pdftex.def Info: ../../Thesis/ThesisImages/Theory/SMTopDecays2.png  use
d on input line 68.
(pdftex.def)             Requested size: 307.28987pt x 108.41075pt.
 [3

 <../../Thesis/ThesisImages/Theory/SMTopDecays2.png>]
<../../Thesis/ThesisImages/fcncttbar.png, id=129, 423.08063pt x 419.31656pt>
File: ../../Thesis/ThesisImages/fcncttbar.png Graphic file (type png)
<use ../../Thesis/ThesisImages/fcncttbar.png>
Package pdftex.def Info: ../../Thesis/ThesisImages/fcncttbar.png  used on input
 line 88.
(pdftex.def)             Requested size: 107.55333pt x 106.59479pt.
 [4

 <../../Thesis/ThesisImages/fcncttbar.png>]
<Images/PreSel_NNejet.png, id=144, 598.235pt x 674.52pt>
File: Images/PreSel_NNejet.png Graphic file (type png)
<use Images/PreSel_NNejet.png>
Package pdftex.def Info: Images/PreSel_NNejet.png  used on input line 105.
(pdftex.def)             Requested size: 140.12247pt x 157.9873pt.
<Images/PreSel_NNmujet.png, id=145, 598.235pt x 674.52pt>
File: Images/PreSel_NNmujet.png Graphic file (type png)
<use Images/PreSel_NNmujet.png>
Package pdftex.def Info: Images/PreSel_NNmujet.png  used on input line 105.
(pdftex.def)             Requested size: 140.12247pt x 157.9873pt.
 [5

 <./Images/PreSel_NNejet.png (PNG copy)> <./Images/PreSel_NNmujet.png (PNG copy
)>]

Package hyperref Warning: Token not allowed in a PDF string (PDFDocEncoding):
(hyperref)                removing `math shift' on input line 110.


Package hyperref Warning: Token not allowed in a PDF string (PDFDocEncoding):
(hyperref)                removing `\rightarrow' on input line 110.


Package hyperref Warning: Token not allowed in a PDF string (PDFDocEncoding):
(hyperref)                removing `\gamma' on input line 110.


Package hyperref Warning: Token not allowed in a PDF string (PDFDocEncoding):
(hyperref)                removing `math shift' on input line 110.

[6

]
Overfull \hbox (1.15842pt too wide) in paragraph at lines 150--150
[][]  
 []

<Images/Dataee.png, id=172, 700.6175pt x 474.77374pt>
File: Images/Dataee.png Graphic file (type png)
<use Images/Dataee.png>
Package pdftex.def Info: Images/Dataee.png  used on input line 150.
(pdftex.def)             Requested size: 125.37404pt x 84.95572pt.
<Images/Dataeg.png, id=173, 700.6175pt x 474.77374pt>
File: Images/Dataeg.png Graphic file (type png)
<use Images/Dataeg.png>
Package pdftex.def Info: Images/Dataeg.png  used on input line 150.
(pdftex.def)             Requested size: 125.37404pt x 84.95572pt.
<Images/MCVgamee.png, id=174, 700.6175pt x 474.77374pt>
File: Images/MCVgamee.png Graphic file (type png)
<use Images/MCVgamee.png>
Package pdftex.def Info: Images/MCVgamee.png  used on input line 150.
(pdftex.def)             Requested size: 125.37404pt x 84.95572pt.
<Images/MCVgameg.png, id=175, 700.6175pt x 474.77374pt>
File: Images/MCVgameg.png Graphic file (type png)
<use Images/MCVgameg.png>
Package pdftex.def Info: Images/MCVgameg.png  used on input line 150.
(pdftex.def)             Requested size: 125.37404pt x 84.95572pt.
[7

 <./Images/Dataee.png> <./Images/Dataeg.png> <./Images/MCVgamee.png> <./Images/
MCVgameg.png>] [8

]
Overfull \hbox (0.79733pt too wide) in paragraph at lines 194--194
[][]  
 []

<../../Thesis/ThesisImages/SearchStrategy/FakeRates/2dEEptDa.png, id=201, 700.6
175pt x 474.77374pt>
File: ../../Thesis/ThesisImages/SearchStrategy/FakeRates/2dEEptDa.png Graphic f
ile (type png)
<use ../../Thesis/ThesisImages/SearchStrategy/FakeRates/2dEEptDa.png>
Package pdftex.def Info: ../../Thesis/ThesisImages/SearchStrategy/FakeRates/2dE
EptDa.png  used on input line 194.
(pdftex.def)             Requested size: 93.41795pt x 63.30203pt.
<../../Thesis/ThesisImages/SearchStrategy/FakeRates/2dEEptMC.png, id=202, 700.6
175pt x 474.77374pt>
File: ../../Thesis/ThesisImages/SearchStrategy/FakeRates/2dEEptMC.png Graphic f
ile (type png)
<use ../../Thesis/ThesisImages/SearchStrategy/FakeRates/2dEEptMC.png>
Package pdftex.def Info: ../../Thesis/ThesisImages/SearchStrategy/FakeRates/2dE
EptMC.png  used on input line 194.
(pdftex.def)             Requested size: 93.41795pt x 63.30203pt.
<../../Thesis/ThesisImages/SearchStrategy/FakeRates/2dEPConvertedptDa.png, id=2
03, 700.6175pt x 474.77374pt>
File: ../../Thesis/ThesisImages/SearchStrategy/FakeRates/2dEPConvertedptDa.png 
Graphic file (type png)
<use ../../Thesis/ThesisImages/SearchStrategy/FakeRates/2dEPConvertedptDa.png>
Package pdftex.def Info: ../../Thesis/ThesisImages/SearchStrategy/FakeRates/2dE
PConvertedptDa.png  used on input line 194.
(pdftex.def)             Requested size: 93.41795pt x 63.30203pt.
<../../Thesis/ThesisImages/SearchStrategy/FakeRates/2dEPConvertedptMC.png, id=2
04, 700.6175pt x 474.77374pt>
File: ../../Thesis/ThesisImages/SearchStrategy/FakeRates/2dEPConvertedptMC.png 
Graphic file (type png)
<use ../../Thesis/ThesisImages/SearchStrategy/FakeRates/2dEPConvertedptMC.png>
Package pdftex.def Info: ../../Thesis/ThesisImages/SearchStrategy/FakeRates/2dE
PConvertedptMC.png  used on input line 194.
(pdftex.def)             Requested size: 93.41795pt x 63.30203pt.
<../../Thesis/ThesisImages/SearchStrategy/FakeRates/2dEPUnconvertedptDa.png, id
=205, 700.6175pt x 474.77374pt>
File: ../../Thesis/ThesisImages/SearchStrategy/FakeRates/2dEPUnconvertedptDa.pn
g Graphic file (type png)
<use ../../Thesis/ThesisImages/SearchStrategy/FakeRates/2dEPUnconvertedptDa.png
>
Package pdftex.def Info: ../../Thesis/ThesisImages/SearchStrategy/FakeRates/2dE
PUnconvertedptDa.png  used on input line 194.
(pdftex.def)             Requested size: 93.41795pt x 63.30203pt.
<../../Thesis/ThesisImages/SearchStrategy/FakeRates/2dEPUnconvertedptMC.png, id
=206, 700.6175pt x 474.77374pt>
File: ../../Thesis/ThesisImages/SearchStrategy/FakeRates/2dEPUnconvertedptMC.pn
g Graphic file (type png)
<use ../../Thesis/ThesisImages/SearchStrategy/FakeRates/2dEPUnconvertedptMC.png
>
Package pdftex.def Info: ../../Thesis/ThesisImages/SearchStrategy/FakeRates/2dE
PUnconvertedptMC.png  used on input line 194.
(pdftex.def)             Requested size: 93.41795pt x 63.30203pt.
[9

 <../../Thesis/ThesisImages/SearchStrategy/FakeRates/2dEEptDa.png> <../../Thesi
s/ThesisImages/SearchStrategy/FakeRates/2dEEptMC.png> <../../Thesis/ThesisImage
s/SearchStrategy/FakeRates/2dEPConvertedptDa.png> <../../Thesis/ThesisImages/Se
archStrategy/FakeRates/2dEPConvertedptMC.png> <../../Thesis/ThesisImages/Search
Strategy/FakeRates/2dEPUnconvertedptDa.png> <../../Thesis/ThesisImages/SearchSt
rategy/FakeRates/2dEPUnconvertedptMC.png>]
<../../Thesis/ThesisImages/SearchStrategy/FakeRates/2DConverted.png, id=219, 70
0.6175pt x 475.7775pt>
File: ../../Thesis/ThesisImages/SearchStrategy/FakeRates/2DConverted.png Graphi
c file (type png)
<use ../../Thesis/ThesisImages/SearchStrategy/FakeRates/2DConverted.png>
Package pdftex.def Info: ../../Thesis/ThesisImages/SearchStrategy/FakeRates/2DC
onverted.png  used on input line 211.
(pdftex.def)             Requested size: 140.12247pt x 95.15381pt.
<../../Thesis/ThesisImages/SearchStrategy/FakeRates/2DUnconverted.png, id=220, 
525.46312pt x 356.83313pt>
File: ../../Thesis/ThesisImages/SearchStrategy/FakeRates/2DUnconverted.png Grap
hic file (type png)
<use ../../Thesis/ThesisImages/SearchStrategy/FakeRates/2DUnconverted.png>
Package pdftex.def Info: ../../Thesis/ThesisImages/SearchStrategy/FakeRates/2DU
nconverted.png  used on input line 211.
(pdftex.def)             Requested size: 140.12247pt x 95.15381pt.
 [10

 <../../Thesis/ThesisImages/SearchStrategy/FakeRates/2DConverted.png> <../../Th
esis/ThesisImages/SearchStrategy/FakeRates/2DUnconverted.png>]

Package hyperref Warning: Token not allowed in a PDF string (PDFDocEncoding):
(hyperref)                removing `math shift' on input line 214.


Package hyperref Warning: Token not allowed in a PDF string (PDFDocEncoding):
(hyperref)                removing `\rightarrow' on input line 214.


Package hyperref Warning: Token not allowed in a PDF string (PDFDocEncoding):
(hyperref)                removing `\gamma' on input line 214.


Package hyperref Warning: Token not allowed in a PDF string (PDFDocEncoding):
(hyperref)                removing `math shift' on input line 214.

<../../Thesis/ThesisImages/SearchStrategy/ABCDpictoral.png, id=235, 642.14906pt
 x 542.025pt>
File: ../../Thesis/ThesisImages/SearchStrategy/ABCDpictoral.png Graphic file (t
ype png)
<use ../../Thesis/ThesisImages/SearchStrategy/ABCDpictoral.png>
Package pdftex.def Info: ../../Thesis/ThesisImages/SearchStrategy/ABCDpictoral.
png  used on input line 221.
(pdftex.def)             Requested size: 153.64493pt x 129.6834pt.
[11

 <../../Thesis/ThesisImages/SearchStrategy/ABCDpictoral.png>]
Overfull \hbox (19.73634pt too wide) detected at line 244
[] \OT1/cmss/m/n/10 = [][][] = []
 []

File: ../../Thesis/ThesisImages/SearchStrategy/ABCDpictoral.png Graphic file (t
ype png)
<use ../../Thesis/ThesisImages/SearchStrategy/ABCDpictoral.png>
Package pdftex.def Info: ../../Thesis/ThesisImages/SearchStrategy/ABCDpictoral.
png  used on input line 244.
(pdftex.def)             Requested size: 140.12247pt x 118.26993pt.
[12

]
Overfull \hbox (2.74178pt too wide) in paragraph at lines 285--285
[][]  
 []

<../../Thesis/ThesisImages/SearchStrategy/ABCD/ejetsConverted.png, id=260, 525.
46312pt x 356.83313pt>
File: ../../Thesis/ThesisImages/SearchStrategy/ABCD/ejetsConverted.png Graphic 
file (type png)
<use ../../Thesis/ThesisImages/SearchStrategy/ABCD/ejetsConverted.png>
Package pdftex.def Info: ../../Thesis/ThesisImages/SearchStrategy/ABCD/ejetsCon
verted.png  used on input line 285.
(pdftex.def)             Requested size: 125.37404pt x 85.13531pt.
<../../Thesis/ThesisImages/SearchStrategy/ABCD/mujetsConverted.png, id=261, 525
.46312pt x 356.83313pt>
File: ../../Thesis/ThesisImages/SearchStrategy/ABCD/mujetsConverted.png Graphic
 file (type png)
<use ../../Thesis/ThesisImages/SearchStrategy/ABCD/mujetsConverted.png>
Package pdftex.def Info: ../../Thesis/ThesisImages/SearchStrategy/ABCD/mujetsCo
nverted.png  used on input line 285.
(pdftex.def)             Requested size: 125.37404pt x 85.13531pt.
<../../Thesis/ThesisImages/SearchStrategy/ABCD/ejetsUnconverted.png, id=262, 52
5.46312pt x 356.83313pt>
File: ../../Thesis/ThesisImages/SearchStrategy/ABCD/ejetsUnconverted.png Graphi
c file (type png)
<use ../../Thesis/ThesisImages/SearchStrategy/ABCD/ejetsUnconverted.png>
Package pdftex.def Info: ../../Thesis/ThesisImages/SearchStrategy/ABCD/ejetsUnc
onverted.png  used on input line 285.
(pdftex.def)             Requested size: 125.37404pt x 85.13531pt.
<../../Thesis/ThesisImages/SearchStrategy/ABCD/mujetsUnconverted.png, id=263, 5
25.46312pt x 356.83313pt>
File: ../../Thesis/ThesisImages/SearchStrategy/ABCD/mujetsUnconverted.png Graph
ic file (type png)
<use ../../Thesis/ThesisImages/SearchStrategy/ABCD/mujetsUnconverted.png>
Package pdftex.def Info: ../../Thesis/ThesisImages/SearchStrategy/ABCD/mujetsUn
converted.png  used on input line 285.
(pdftex.def)             Requested size: 125.37404pt x 85.13531pt.

Overfull \vbox (9.30144pt too high) detected at line 285
 []

[13

 <../../Thesis/ThesisImages/SearchStrategy/ABCD/ejetsConverted.png> <../../Thes
is/ThesisImages/SearchStrategy/ABCD/mujetsConverted.png> <../../Thesis/ThesisIm
ages/SearchStrategy/ABCD/ejetsUnconverted.png> <../../Thesis/ThesisImages/Searc
hStrategy/ABCD/mujetsUnconverted.png>]
<Images/FCNC_All_ejets/Plots/VR1_mqph_postFit.png, id=281, 598.235pt x 674.52pt
>
File: Images/FCNC_All_ejets/Plots/VR1_mqph_postFit.png Graphic file (type png)
<use Images/FCNC_All_ejets/Plots/VR1_mqph_postFit.png>
Package pdftex.def Info: Images/FCNC_All_ejets/Plots/VR1_mqph_postFit.png  used
 on input line 317.
(pdftex.def)             Requested size: 96.33559pt x 108.61499pt.
<Images/FCNC_All_ejets/Plots/VR2_mqph_postFit.png, id=282, 598.235pt x 674.52pt
>
File: Images/FCNC_All_ejets/Plots/VR2_mqph_postFit.png Graphic file (type png)
<use Images/FCNC_All_ejets/Plots/VR2_mqph_postFit.png>
Package pdftex.def Info: Images/FCNC_All_ejets/Plots/VR2_mqph_postFit.png  used
 on input line 317.
(pdftex.def)             Requested size: 96.33559pt x 108.61499pt.
<Images/FCNC_All_ejets/Plots/SR_mqph_postFit.png, id=283, 598.235pt x 674.52pt>

File: Images/FCNC_All_ejets/Plots/SR_mqph_postFit.png Graphic file (type png)
<use Images/FCNC_All_ejets/Plots/SR_mqph_postFit.png>
Package pdftex.def Info: Images/FCNC_All_ejets/Plots/SR_mqph_postFit.png  used 
on input line 317.
(pdftex.def)             Requested size: 96.33559pt x 108.61499pt.
<Images/FCNC_All_ejets/NormFactors.png, id=284, 798.985pt x 293.095pt>
File: Images/FCNC_All_ejets/NormFactors.png Graphic file (type png)
<use Images/FCNC_All_ejets/NormFactors.png>
Package pdftex.def Info: Images/FCNC_All_ejets/NormFactors.png  used on input l
ine 317.
(pdftex.def)             Requested size: 184.3758pt x 67.63403pt.
 [14

 <./Images/FCNC_All_ejets/Plots/VR1_mqph_postFit.png> <./Images/FCNC_All_ejets/
Plots/VR2_mqph_postFit.png> <./Images/FCNC_All_ejets/Plots/SR_mqph_postFit.png>
 <./Images/FCNC_All_ejets/NormFactors.png>] [15

] [16

]

Package hyperref Warning: Token not allowed in a PDF string (PDFDocEncoding):
(hyperref)                removing `\translate ' on input line 353.

[17

]
<../../Thesis/ThesisImages/Theory/FCNCLoop.png, id=324, 580.41844pt x 432.11438
pt>
File: ../../Thesis/ThesisImages/Theory/FCNCLoop.png Graphic file (type png)
<use ../../Thesis/ThesisImages/Theory/FCNCLoop.png>
Package pdftex.def Info: ../../Thesis/ThesisImages/Theory/FCNCLoop.png  used on
 input line 361.
(pdftex.def)             Requested size: 122.91406pt x 91.50494pt.
<../../Thesis/ThesisImages/penguinFCNC.png, id=325, 1020.81375pt x 629.35126pt>

File: ../../Thesis/ThesisImages/penguinFCNC.png Graphic file (type png)
<use ../../Thesis/ThesisImages/penguinFCNC.png>
Package pdftex.def Info: ../../Thesis/ThesisImages/penguinFCNC.png  used on inp
ut line 361.
(pdftex.def)             Requested size: 122.91406pt x 75.77817pt.
 [18

 <../../Thesis/ThesisImages/Theory/FCNCLoop.png> <../../Thesis/ThesisImages/pen
guinFCNC.png>]
Overfull \hbox (2.74178pt too wide) in paragraph at lines 392--392
[][]  
 []

<../../Thesis/ThesisImages/RegionPlots/AfterScaling/ControlRegions/HardCodedNor
mFactor/FCNC_All_ejets/Plots/CR1_SMtop.png, id=333, 598.235pt x 674.52pt>
File: ../../Thesis/ThesisImages/RegionPlots/AfterScaling/ControlRegions/HardCod
edNormFactor/FCNC_All_ejets/Plots/CR1_SMtop.png Graphic file (type png)
<use ../../Thesis/ThesisImages/RegionPlots/AfterScaling/ControlRegions/HardCode
dNormFactor/FCNC_All_ejets/Plots/CR1_SMtop.png>
Package pdftex.def Info: ../../Thesis/ThesisImages/RegionPlots/AfterScaling/Con
trolRegions/HardCodedNormFactor/FCNC_All_ejets/Plots/CR1_SMtop.png  used on inp
ut line 392.
(pdftex.def)             Requested size: 78.6683pt x 88.69933pt.
<../../Thesis/ThesisImages/RegionPlots/AfterScaling/ControlRegions/HardCodedNor
mFactor/FCNC_All_ejets/Plots/CR1_SMtop_postFit.png, id=334, 598.235pt x 674.52p
t>
File: ../../Thesis/ThesisImages/RegionPlots/AfterScaling/ControlRegions/HardCod
edNormFactor/FCNC_All_ejets/Plots/CR1_SMtop_postFit.png Graphic file (type png)

<use ../../Thesis/ThesisImages/RegionPlots/AfterScaling/ControlRegions/HardCode
dNormFactor/FCNC_All_ejets/Plots/CR1_SMtop_postFit.png>
Package pdftex.def Info: ../../Thesis/ThesisImages/RegionPlots/AfterScaling/Con
trolRegions/HardCodedNormFactor/FCNC_All_ejets/Plots/CR1_SMtop_postFit.png  use
d on input line 392.
(pdftex.def)             Requested size: 78.6683pt x 88.69933pt.
<../../Thesis/ThesisImages/RegionPlots/AfterScaling/ControlRegions/HardCodedNor
mFactor/FCNC_All_ejets/Plots/CR2_SMtop.png, id=335, 598.235pt x 674.52pt>
File: ../../Thesis/ThesisImages/RegionPlots/AfterScaling/ControlRegions/HardCod
edNormFactor/FCNC_All_ejets/Plots/CR2_SMtop.png Graphic file (type png)
<use ../../Thesis/ThesisImages/RegionPlots/AfterScaling/ControlRegions/HardCode
dNormFactor/FCNC_All_ejets/Plots/CR2_SMtop.png>
Package pdftex.def Info: ../../Thesis/ThesisImages/RegionPlots/AfterScaling/Con
trolRegions/HardCodedNormFactor/FCNC_All_ejets/Plots/CR2_SMtop.png  used on inp
ut line 392.
(pdftex.def)             Requested size: 78.6683pt x 88.69933pt.
<../../Thesis/ThesisImages/RegionPlots/AfterScaling/ControlRegions/HardCodedNor
mFactor/FCNC_All_ejets/Plots/CR2_SMtop_postFit.png, id=336, 598.235pt x 674.52p
t>
File: ../../Thesis/ThesisImages/RegionPlots/AfterScaling/ControlRegions/HardCod
edNormFactor/FCNC_All_ejets/Plots/CR2_SMtop_postFit.png Graphic file (type png)

<use ../../Thesis/ThesisImages/RegionPlots/AfterScaling/ControlRegions/HardCode
dNormFactor/FCNC_All_ejets/Plots/CR2_SMtop_postFit.png>
Package pdftex.def Info: ../../Thesis/ThesisImages/RegionPlots/AfterScaling/Con
trolRegions/HardCodedNormFactor/FCNC_All_ejets/Plots/CR2_SMtop_postFit.png  use
d on input line 392.
(pdftex.def)             Requested size: 78.6683pt x 88.69933pt.
<../../Thesis/ThesisImages/RegionPlots/AfterScaling/ControlRegions/HardCodedNor
mFactor/FCNC_All_ejets/Plots/VR3_SMtop.png, id=337, 598.235pt x 674.52pt>
File: ../../Thesis/ThesisImages/RegionPlots/AfterScaling/ControlRegions/HardCod
edNormFactor/FCNC_All_ejets/Plots/VR3_SMtop.png Graphic file (type png)
<use ../../Thesis/ThesisImages/RegionPlots/AfterScaling/ControlRegions/HardCode
dNormFactor/FCNC_All_ejets/Plots/VR3_SMtop.png>
Package pdftex.def Info: ../../Thesis/ThesisImages/RegionPlots/AfterScaling/Con
trolRegions/HardCodedNormFactor/FCNC_All_ejets/Plots/VR3_SMtop.png  used on inp
ut line 392.
(pdftex.def)             Requested size: 78.6683pt x 88.69933pt.
<../../Thesis/ThesisImages/RegionPlots/AfterScaling/ControlRegions/HardCodedNor
mFactor/FCNC_All_ejets/Plots/VR3_SMtop_postFit.png, id=338, 598.235pt x 674.52p
t>
File: ../../Thesis/ThesisImages/RegionPlots/AfterScaling/ControlRegions/HardCod
edNormFactor/FCNC_All_ejets/Plots/VR3_SMtop_postFit.png Graphic file (type png)

<use ../../Thesis/ThesisImages/RegionPlots/AfterScaling/ControlRegions/HardCode
dNormFactor/FCNC_All_ejets/Plots/VR3_SMtop_postFit.png>
Package pdftex.def Info: ../../Thesis/ThesisImages/RegionPlots/AfterScaling/Con
trolRegions/HardCodedNormFactor/FCNC_All_ejets/Plots/VR3_SMtop_postFit.png  use
d on input line 392.
(pdftex.def)             Requested size: 78.6683pt x 88.69933pt.
[19

 <../../Thesis/ThesisImages/RegionPlots/AfterScaling/ControlRegions/HardCodedNo
rmFactor/FCNC_All_ejets/Plots/CR1_SMtop.png> <../../Thesis/ThesisImages/RegionP
lots/AfterScaling/ControlRegions/HardCodedNormFactor/FCNC_All_ejets/Plots/CR1_S
Mtop_postFit.png> <../../Thesis/ThesisImages/RegionPlots/AfterScaling/ControlRe
gions/HardCodedNormFactor/FCNC_All_ejets/Plots/CR2_SMtop.png> <../../Thesis/The
sisImages/RegionPlots/AfterScaling/ControlRegions/HardCodedNormFactor/FCNC_All_
ejets/Plots/CR2_SMtop_postFit.png> <../../Thesis/ThesisImages/RegionPlots/After
Scaling/ControlRegions/HardCodedNormFactor/FCNC_All_ejets/Plots/VR3_SMtop.png> 
<../../Thesis/ThesisImages/RegionPlots/AfterScaling/ControlRegions/HardCodedNor
mFactor/FCNC_All_ejets/Plots/VR3_SMtop_postFit.png>]
<../../Thesis/ThesisImages/RegionPlots/AfterScaling/ControlRegions/HardCodedNor
mFactor/FCNC_All_ejets/Plots/VR3_MWT_postFit.png, id=347, 598.235pt x 674.52pt>

File: ../../Thesis/ThesisImages/RegionPlots/AfterScaling/ControlRegions/HardCod
edNormFactor/FCNC_All_ejets/Plots/VR3_MWT_postFit.png Graphic file (type png)
<use ../../Thesis/ThesisImages/RegionPlots/AfterScaling/ControlRegions/HardCode
dNormFactor/FCNC_All_ejets/Plots/VR3_MWT_postFit.png>
Package pdftex.def Info: ../../Thesis/ThesisImages/RegionPlots/AfterScaling/Con
trolRegions/HardCodedNormFactor/FCNC_All_ejets/Plots/VR3_MWT_postFit.png  used 
on input line 408.
(pdftex.def)             Requested size: 88.5009pt x 99.78416pt.
File: ../../Thesis/ThesisImages/RegionPlots/AfterScaling/ControlRegions/HardCod
edNormFactor/FCNC_All_ejets/Plots/VR3_SMtop_postFit.png Graphic file (type png)

<use ../../Thesis/ThesisImages/RegionPlots/AfterScaling/ControlRegions/HardCode
dNormFactor/FCNC_All_ejets/Plots/VR3_SMtop_postFit.png>
Package pdftex.def Info: ../../Thesis/ThesisImages/RegionPlots/AfterScaling/Con
trolRegions/HardCodedNormFactor/FCNC_All_ejets/Plots/VR3_SMtop_postFit.png  use
d on input line 408.
(pdftex.def)             Requested size: 88.5009pt x 99.78416pt.
<../../Thesis/ThesisImages/RegionPlots/AfterScaling/ControlRegions/HardCodedNor
mFactor/FCNC_All_ejets/Plots/VR3_met_postFit.png, id=348, 598.235pt x 674.52pt>

File: ../../Thesis/ThesisImages/RegionPlots/AfterScaling/ControlRegions/HardCod
edNormFactor/FCNC_All_ejets/Plots/VR3_met_postFit.png Graphic file (type png)
<use ../../Thesis/ThesisImages/RegionPlots/AfterScaling/ControlRegions/HardCode
dNormFactor/FCNC_All_ejets/Plots/VR3_met_postFit.png>
Package pdftex.def Info: ../../Thesis/ThesisImages/RegionPlots/AfterScaling/Con
trolRegions/HardCodedNormFactor/FCNC_All_ejets/Plots/VR3_met_postFit.png  used 
on input line 408.
(pdftex.def)             Requested size: 88.5009pt x 99.78416pt.
<../../Thesis/ThesisImages/RegionPlots/AfterScaling/ControlRegions/HardCodedNor
mFactor/FCNC_All_ejets/Plots/VR3_njet_postFit.png, id=349, 598.235pt x 674.52pt
>
File: ../../Thesis/ThesisImages/RegionPlots/AfterScaling/ControlRegions/HardCod
edNormFactor/FCNC_All_ejets/Plots/VR3_njet_postFit.png Graphic file (type png)
<use ../../Thesis/ThesisImages/RegionPlots/AfterScaling/ControlRegions/HardCode
dNormFactor/FCNC_All_ejets/Plots/VR3_njet_postFit.png>
Package pdftex.def Info: ../../Thesis/ThesisImages/RegionPlots/AfterScaling/Con
trolRegions/HardCodedNormFactor/FCNC_All_ejets/Plots/VR3_njet_postFit.png  used
 on input line 408.
(pdftex.def)             Requested size: 88.5009pt x 99.78416pt.
<../../Thesis/ThesisImages/RegionPlots/AfterScaling/ControlRegions/HardCodedNor
mFactor/FCNC_All_ejets/Plots/VR3_jet0_pt_postFit.png, id=350, 598.235pt x 674.5
2pt>
File: ../../Thesis/ThesisImages/RegionPlots/AfterScaling/ControlRegions/HardCod
edNormFactor/FCNC_All_ejets/Plots/VR3_jet0_pt_postFit.png Graphic file (type pn
g)
<use ../../Thesis/ThesisImages/RegionPlots/AfterScaling/ControlRegions/HardCode
dNormFactor/FCNC_All_ejets/Plots/VR3_jet0_pt_postFit.png>
Package pdftex.def Info: ../../Thesis/ThesisImages/RegionPlots/AfterScaling/Con
trolRegions/HardCodedNormFactor/FCNC_All_ejets/Plots/VR3_jet0_pt_postFit.png  u
sed on input line 408.
(pdftex.def)             Requested size: 88.5009pt x 99.78416pt.
<../../Thesis/ThesisImages/RegionPlots/AfterScaling/ControlRegions/HardCodedNor
mFactor/FCNC_All_ejets/Plots/VR3_bjet0_pt_postFit.png, id=351, 598.235pt x 674.
52pt>
File: ../../Thesis/ThesisImages/RegionPlots/AfterScaling/ControlRegions/HardCod
edNormFactor/FCNC_All_ejets/Plots/VR3_bjet0_pt_postFit.png Graphic file (type p
ng)
<use ../../Thesis/ThesisImages/RegionPlots/AfterScaling/ControlRegions/HardCode
dNormFactor/FCNC_All_ejets/Plots/VR3_bjet0_pt_postFit.png>
Package pdftex.def Info: ../../Thesis/ThesisImages/RegionPlots/AfterScaling/Con
trolRegions/HardCodedNormFactor/FCNC_All_ejets/Plots/VR3_bjet0_pt_postFit.png  
used on input line 408.
(pdftex.def)             Requested size: 88.5009pt x 99.78416pt.
 [20

 <../../Thesis/ThesisImages/RegionPlots/AfterScaling/ControlRegions/HardCodedNo
rmFactor/FCNC_All_ejets/Plots/VR3_MWT_postFit.png> <../../Thesis/ThesisImages/R
egionPlots/AfterScaling/ControlRegions/HardCodedNormFactor/FCNC_All_ejets/Plots
/VR3_met_postFit.png> <../../Thesis/ThesisImages/RegionPlots/AfterScaling/Contr
olRegions/HardCodedNormFactor/FCNC_All_ejets/Plots/VR3_njet_postFit.png> <../..
/Thesis/ThesisImages/RegionPlots/AfterScaling/ControlRegions/HardCodedNormFacto
r/FCNC_All_ejets/Plots/VR3_jet0_pt_postFit.png> <../../Thesis/ThesisImages/Regi
onPlots/AfterScaling/ControlRegions/HardCodedNormFactor/FCNC_All_ejets/Plots/VR
3_bjet0_pt_postFit.png>]
<Images/FCNC_All_ejets/Plots/VR1_mqph.png, id=359, 598.235pt x 674.52pt>
File: Images/FCNC_All_ejets/Plots/VR1_mqph.png Graphic file (type png)
<use Images/FCNC_All_ejets/Plots/VR1_mqph.png>
Package pdftex.def Info: Images/FCNC_All_ejets/Plots/VR1_mqph.png  used on inpu
t line 433.
(pdftex.def)             Requested size: 96.33559pt x 108.61499pt.
<Images/FCNC_All_ejets/Plots/VR2_mqph.png, id=360, 598.235pt x 674.52pt>
File: Images/FCNC_All_ejets/Plots/VR2_mqph.png Graphic file (type png)
<use Images/FCNC_All_ejets/Plots/VR2_mqph.png>
Package pdftex.def Info: Images/FCNC_All_ejets/Plots/VR2_mqph.png  used on inpu
t line 433.
(pdftex.def)             Requested size: 96.33559pt x 108.61499pt.
<Images/FCNC_All_ejets/Plots/SR_mqph.png, id=361, 598.235pt x 674.52pt>
File: Images/FCNC_All_ejets/Plots/SR_mqph.png Graphic file (type png)
<use Images/FCNC_All_ejets/Plots/SR_mqph.png>
Package pdftex.def Info: Images/FCNC_All_ejets/Plots/SR_mqph.png  used on input
 line 433.
(pdftex.def)             Requested size: 96.33559pt x 108.61499pt.
 [21

 <./Images/FCNC_All_ejets/Plots/VR1_mqph.png> <./Images/FCNC_All_ejets/Plots/VR
2_mqph.png> <./Images/FCNC_All_ejets/Plots/SR_mqph.png>] [22

] [23

]
\tf@nav=\write6
\openout6 = `BarkelooATLASFeb2020.nav'.

\tf@toc=\write7
\openout7 = `BarkelooATLASFeb2020.toc'.

\tf@snm=\write8
\openout8 = `BarkelooATLASFeb2020.snm'.

Package atveryend Info: Empty hook `BeforeClearDocument' on input line 546.
Package atveryend Info: Empty hook `AfterLastShipout' on input line 546.

(BarkelooATLASFeb2020.aux)
Package atveryend Info: Executing hook `AtVeryEndDocument' on input line 546.
Package atveryend Info: Executing hook `AtEndAfterFileList' on input line 546.
Package rerunfilecheck Info: File `BarkelooATLASFeb2020.out' has not changed.
(rerunfilecheck)             Checksum: 04B903B8FB7694469A7A92FF97F7132C;670.


LaTeX Font Warning: Size substitutions with differences
(Font)              up to 3.25pt have occurred.

 ) 
Here is how much of TeX's memory you used:
 29627 strings out of 492896
 585937 string characters out of 3130341
 623107 words of memory out of 3000000
 32979 multiletter control sequences out of 15000+200000
 548833 words of font info for 85 fonts, out of 3000000 for 9000
 1141 hyphenation exceptions out of 8191
 56i,22n,73p,806b,704s stack positions out of 5000i,500n,10000p,200000b,50000s
</home/jason/.miktex/texmfs/install/fonts/type1/public/amsfonts/cm/cmmi10.pfb
></home/jason/.miktex/texmfs/install/fonts/type1/public/amsfonts/cm/cmmi12.pfb>
</home/jason/.miktex/texmfs/install/fonts/type1/public/amsfonts/cm/cmmi5.pfb></
home/jason/.miktex/texmfs/install/fonts/type1/public/amsfonts/cm/cmmi6.pfb></ho
me/jason/.miktex/texmfs/install/fonts/type1/public/amsfonts/cm/cmmi7.pfb></home
/jason/.miktex/texmfs/install/fonts/type1/public/amsfonts/cm/cmmi9.pfb></home/j
ason/.miktex/texmfs/install/fonts/type1/public/amsfonts/cm/cmss10.pfb></home/ja
son/.miktex/texmfs/install/fonts/type1/public/amsfonts/cm/cmss12.pfb></home/jas
on/.miktex/texmfs/install/fonts/type1/public/amsfonts/cm/cmss8.pfb></home/jason
/.miktex/texmfs/install/fonts/type1/public/amsfonts/cm/cmss9.pfb></home/jason/.
miktex/texmfs/install/fonts/type1/public/amsfonts/cm/cmssi10.pfb></home/jason/.
miktex/texmfs/install/fonts/type1/public/amsfonts/cm/cmssi12.pfb></home/jason/.
miktex/texmfs/install/fonts/type1/public/amsfonts/cm/cmssi8.pfb></home/jason/.m
iktex/texmfs/install/fonts/type1/public/amsfonts/cm/cmssi9.pfb></home/jason/.mi
ktex/texmfs/install/fonts/type1/public/amsfonts/cm/cmsy10.pfb></home/jason/.mik
tex/texmfs/install/fonts/type1/public/amsfonts/cm/cmsy5.pfb></home/jason/.mikte
x/texmfs/install/fonts/type1/public/amsfonts/cm/cmsy6.pfb></home/jason/.miktex/
texmfs/install/fonts/type1/public/amsfonts/cm/cmsy7.pfb></home/jason/.miktex/te
xmfs/install/fonts/type1/public/amsfonts/cm/cmsy9.pfb></home/jason/.miktex/texm
fs/install/fonts/type1/public/amsfonts/symbols/msam10.pfb>
Output written on BarkelooATLASFeb2020.pdf (23 pages, 1281462 bytes).
PDF statistics:
 460 PDF objects out of 1000 (max. 8388607)
 58 named destinations out of 1000 (max. 500000)
 346 words of extra memory for PDF output out of 10000 (max. 10000000)

