\BOOKMARK [0][-]{Doc-Start}{Introduction}{}% 1
\BOOKMARK [0][-]{Doc-Start}{Theory}{}% 2
\BOOKMARK [1][-]{section.2.1}{ \040The Standard Model}{Doc-Start}% 3
\BOOKMARK [1][-]{section.2.2}{ \040Physics beyond the Standard Model}{Doc-Start}% 4
\BOOKMARK [1][-]{section.2.3}{ \040Benchmark Signals}{Doc-Start}% 5
\BOOKMARK [2][-]{subsection.2.3.1}{ \040Excited Quarks}{section.2.3}% 6
\BOOKMARK [2][-]{subsection.2.3.2}{ \040W' Bosons}{section.2.3}% 7
\BOOKMARK [2][-]{subsection.2.3.3}{ \040Excited W Bosons}{section.2.3}% 8
\BOOKMARK [2][-]{subsection.2.3.4}{ \040Z' Dark Matter Mediator}{section.2.3}% 9
\BOOKMARK [2][-]{subsection.2.3.5}{ \040Quantum Black Holes}{section.2.3}% 10
\BOOKMARK [0][-]{figure.caption.8}{The Strong Force and Jets}{}% 11
\BOOKMARK [1][-]{section.3.1}{ \040Parton Distribution Functions}{figure.caption.8}% 12
\BOOKMARK [1][-]{section.3.2}{ \040Anatomy of a Collision}{figure.caption.8}% 13
\BOOKMARK [2][-]{subsection.3.2.1}{ \040Hard Scatter and Parton Showering}{section.3.2}% 14
\BOOKMARK [2][-]{subsection.3.2.2}{ \040Pileup and Underlying Event}{section.3.2}% 15
\BOOKMARK [2][-]{subsection.3.2.3}{ \040Hadronization}{section.3.2}% 16
\BOOKMARK [1][-]{section.3.3}{ \040Jets}{figure.caption.8}% 17
\BOOKMARK [2][-]{subsection.3.3.1}{ \040The Anti-kt jet algorithm}{section.3.3}% 18
\BOOKMARK [0][-]{figure.caption.14}{Machine and Detector}{}% 19
\BOOKMARK [1][-]{section.4.1}{ \040The Large Hadron Collider}{figure.caption.14}% 20
\BOOKMARK [2][-]{subsection.4.1.1}{ \040Bunches and bunch trains}{section.4.1}% 21
\BOOKMARK [1][-]{section.4.2}{ \040The ATLAS Detector}{figure.caption.14}% 22
\BOOKMARK [2][-]{subsection.4.2.1}{ \040Coordinate System}{section.4.2}% 23
\BOOKMARK [2][-]{subsection.4.2.2}{ \040Magnet System}{section.4.2}% 24
\BOOKMARK [2][-]{subsection.4.2.3}{ \040Inner Detector}{section.4.2}% 25
\BOOKMARK [2][-]{subsection.4.2.4}{ \040Calorimeters}{section.4.2}% 26
\BOOKMARK [2][-]{subsection.4.2.5}{ \040Muon Spectrometers}{section.4.2}% 27
\BOOKMARK [2][-]{subsection.4.2.6}{ \040Forward Detectors}{section.4.2}% 28
\BOOKMARK [2][-]{subsection.4.2.7}{ \040Trigger and Data Acquisition}{section.4.2}% 29
\BOOKMARK [2][-]{subsection.4.2.8}{ \040Dead Time}{section.4.2}% 30
\BOOKMARK [2][-]{subsection.4.2.9}{ \040Data Processing}{section.4.2}% 31
\BOOKMARK [0][-]{subsection.4.2.9}{Calorimetry and Triggering}{}% 32
\BOOKMARK [1][-]{section.5.1}{ \040The LAr Calorimeter Pulse}{subsection.4.2.9}% 33
\BOOKMARK [1][-]{section.5.2}{ \040Readout Path}{subsection.4.2.9}% 34
\BOOKMARK [1][-]{section.5.3}{ \040Energy Summing and Triggering Path}{subsection.4.2.9}% 35
\BOOKMARK [1][-]{section.5.4}{ \040The Level-1 Calorimeter System}{subsection.4.2.9}% 36
\BOOKMARK [2][-]{subsection.5.4.1}{ \040Receiver and PreProcessor Module}{section.5.4}% 37
\BOOKMARK [2][-]{subsection.5.4.2}{ \040Cluster and Jet/Energy-Sum Processors}{section.5.4}% 38
\BOOKMARK [1][-]{section.5.5}{ \040High-Level Trigger}{subsection.4.2.9}% 39
\BOOKMARK [0][-]{equation.5.5.1}{Trigger and Calibration}{}% 40
\BOOKMARK [1][-]{section.6.1}{ \040Trigger Strategy}{equation.5.5.1}% 41
\BOOKMARK [1][-]{section.6.2}{ \040Event Selection Criteria}{equation.5.5.1}% 42
\BOOKMARK [1][-]{section.6.3}{ \040Jet Formation and Definition}{equation.5.5.1}% 43
\BOOKMARK [1][-]{section.6.4}{ \040Jet Calibration}{equation.5.5.1}% 44
\BOOKMARK [1][-]{section.6.5}{ \040Jet Cleaning}{equation.5.5.1}% 45
\BOOKMARK [1][-]{section.6.6}{ \040Mistimed Events in 2015 and 2016 Data}{equation.5.5.1}% 46
\BOOKMARK [2][-]{subsection.6.6.1}{ \040The L1Calo Saturated BCID Trigger}{section.6.6}% 47
\BOOKMARK [0][-]{figure.caption.25}{Search Strategy}{}% 48
\BOOKMARK [1][-]{section.7.1}{ \040Background Fit}{figure.caption.25}% 49
\BOOKMARK [2][-]{subsection.7.1.1}{ \040The Wilks' Statistical Test}{section.7.1}% 50
\BOOKMARK [2][-]{subsection.7.1.2}{ \040The Sliding Window Fit \(SWiFt\)}{section.7.1}% 51
\BOOKMARK [1][-]{section.7.2}{ \040Search Phase}{figure.caption.25}% 52
\BOOKMARK [2][-]{subsection.7.2.1}{ \040BumpHunter}{section.7.2}% 53
\BOOKMARK [0][-]{subsection.7.2.1}{Results}{}% 54
\BOOKMARK [1][-]{section.8.1}{ \040Limit Setting and Bayes' Theorum}{subsection.7.2.1}% 55
\BOOKMARK [1][-]{section.8.2}{ \040Uncertainties}{subsection.7.2.1}% 56
\BOOKMARK [2][-]{subsection.8.2.1}{ \040Jet Energy Scale Uncertainty}{section.8.2}% 57
\BOOKMARK [2][-]{subsection.8.2.2}{ \040Luminosity Uncertainty}{section.8.2}% 58
\BOOKMARK [2][-]{subsection.8.2.3}{ \040Function Choice Uncertainty}{section.8.2}% 59
\BOOKMARK [2][-]{subsection.8.2.4}{ \040Statistical Uncertainty}{section.8.2}% 60
\BOOKMARK [1][-]{section.8.3}{ \040Limits on Benchmark Signals}{subsection.7.2.1}% 61
\BOOKMARK [0][-]{figure.caption.37}{Complementary Searches and Outlook}{}% 62
\BOOKMARK [1][-]{section.9.1}{ \040Trigger-Level Analysis}{figure.caption.37}% 63
\BOOKMARK [1][-]{section.9.2}{ \040Dijet + Initial State Radiation Searches}{figure.caption.37}% 64
\BOOKMARK [1][-]{section.9.3}{ \040Combined limits on Dark Matter Models}{figure.caption.37}% 65
\BOOKMARK [1][-]{section.9.4}{ \040Outlook}{figure.caption.37}% 66
\BOOKMARK [1][-]{section.9.5}{ \040Conclusion}{figure.caption.37}% 67
\BOOKMARK [0][-]{section.9.5}{REFERENCES CITED}{}% 68
