\BOOKMARK [0][-]{Doc-Start}{The Large Hadron Collider and the ATLAS Detector}{}% 1
\BOOKMARK [1][-]{section.1.1}{ \040The Large Hadron Collider}{Doc-Start}% 2
\BOOKMARK [2][-]{subsection.1.1.1}{ \040LHC Magnets}{section.1.1}% 3
\BOOKMARK [2][-]{subsection.1.1.2}{ \040Luminosity}{section.1.1}% 4
\BOOKMARK [2][-]{subsection.1.1.3}{ \040Pileup}{section.1.1}% 5
\BOOKMARK [1][-]{section.1.2}{ \040The ATLAS Detector}{Doc-Start}% 6
\BOOKMARK [2][-]{subsection.1.2.1}{ \040Coordinate System}{section.1.2}% 7
\BOOKMARK [2][-]{subsection.1.2.2}{ \040Magnet Setup}{section.1.2}% 8
\BOOKMARK [2][-]{subsection.1.2.3}{ \040Inner Detector}{section.1.2}% 9
\BOOKMARK [2][-]{subsection.1.2.4}{ \040Middle Layers, EMCal, HCal}{section.1.2}% 10
\BOOKMARK [2][-]{subsection.1.2.5}{ \040Muon Calorimeter}{section.1.2}% 11
\BOOKMARK [2][-]{subsection.1.2.6}{ \040Trigger and Data Acquisition}{section.1.2}% 12
\BOOKMARK [0][-]{subsubsection.1.2.6.2}{Simulation}{}% 13
\BOOKMARK [1][-]{section.2.1}{ \040Simulation of pp collisions}{subsubsection.1.2.6.2}% 14
\BOOKMARK [2][-]{subsection.2.1.1}{ \040MC Generators Used for LHC Physics}{section.2.1}% 15
\BOOKMARK [2][-]{subsection.2.1.2}{ \040Detector Simulation}{section.2.1}% 16
\BOOKMARK [2][-]{subsection.2.1.3}{ \040Showering in the Detector}{section.2.1}% 17
\BOOKMARK [1][-]{section.2.2}{ \040Object Reconstruction}{subsubsection.1.2.6.2}% 18
\BOOKMARK [2][-]{subsection.2.2.1}{ \040Electrons}{section.2.2}% 19
\BOOKMARK [2][-]{subsection.2.2.2}{ \040Photons}{section.2.2}% 20
\BOOKMARK [2][-]{subsection.2.2.3}{ \040Jets}{section.2.2}% 21
\BOOKMARK [2][-]{subsection.2.2.4}{ \040Muons}{section.2.2}% 22
\BOOKMARK [2][-]{subsection.2.2.5}{ \040Creation of FCNC Signal Events}{section.2.2}% 23
\BOOKMARK [0][-]{subsubsection.2.2.5.1}{Search Strategy}{}% 24
\BOOKMARK [1][-]{section.3.1}{ \040Major Backgrounds}{subsubsection.2.2.5.1}% 25
\BOOKMARK [1][-]{section.3.2}{ \040Event Reconstruction}{subsubsection.2.2.5.1}% 26
\BOOKMARK [1][-]{section.3.3}{ \040Data and Simulation Event PreSelection}{subsubsection.2.2.5.1}% 27
\BOOKMARK [1][-]{section.3.4}{ \040Control and Validation Regions}{subsubsection.2.2.5.1}% 28
\BOOKMARK [1][-]{section.3.5}{ \040Signal Region}{subsubsection.2.2.5.1}% 29
\BOOKMARK [1][-]{section.3.6}{ \040Neural Network}{subsubsection.2.2.5.1}% 30
\BOOKMARK [2][-]{subsection.3.6.1}{ \040Architecture and Studies}{section.3.6}% 31
\BOOKMARK [0][-]{subsection.3.6.1}{Results}{}% 32
\BOOKMARK [1][-]{section.4.1}{ \040Uncertainties}{subsection.3.6.1}% 33
\BOOKMARK [1][-]{section.4.2}{ \040Statistical Treatment of Results}{subsection.3.6.1}% 34
\BOOKMARK [1][-]{section.4.3}{ \040Limit on Branching Ratio tq}{subsection.3.6.1}% 35
\BOOKMARK [0][-]{section.4.3}{Complementary Searches and Outlook}{}% 36
\BOOKMARK [1][-]{section.5.1}{ \040Comparison with Complementary Searches}{section.4.3}% 37
\BOOKMARK [1][-]{section.5.2}{ \040Future Directions}{section.4.3}% 38
\BOOKMARK [1][-]{section.5.3}{ \040Conclusion}{section.4.3}% 39
\BOOKMARK [0][-]{section.5.3}{REFERENCES CITED}{}% 40
