This is pdfTeX, Version 3.14159265-2.6-1.40.20 (MiKTeX 2.9.7050) (preloaded format=pdflatex 2019.7.18)  3 JAN 2020 14:51
entering extended mode
**./main.tex
(main.tex
LaTeX2e <2018-12-01>
(uothesis_3.cls
Document Class: uothesis_3 
UO Thesis Class

Based on the UO Thesis macros by Bart Massey, et al.
Currently maintained by Michael D. Anderson
Accepted by the University of Oregon Graduate School
for general use with Masters Thesis <date goes here>
Accepted by the University of Oregon Graduate School
for general use with PhD Dissertations <date goes here>

(/home/jason/.miktex/texmfs/install/tex/latex/base/report.cls
Document Class: report 2018/09/03 v1.4i Standard LaTeX document class
(/home/jason/.miktex/texmfs/install/tex/latex/base/size12.clo
File: size12.clo 2018/09/03 v1.4i Standard LaTeX file (size option)
)
\c@part=\count80
\c@chapter=\count81
\c@section=\count82
\c@subsection=\count83
\c@subsubsection=\count84
\c@paragraph=\count85
\c@subparagraph=\count86
\c@figure=\count87
\c@table=\count88
\abovecaptionskip=\skip41
\belowcaptionskip=\skip42
\bibindent=\dimen102
)
(/home/jason/.miktex/texmfs/install/tex/latex/float/float.sty
Package: float 2001/11/08 v1.3d Float enhancements (AL)
\c@float@type=\count89
\float@exts=\toks14
\float@box=\box27
\@float@everytoks=\toks15
\@floatcapt=\box28
)
(/home/jason/.miktex/texmfs/install/tex/latex/subfig/subfig.sty
Package: subfig 2005/06/28 ver: 1.3 subfig package

(/home/jason/.miktex/texmfs/install/tex/latex/graphics/keyval.sty
Package: keyval 2014/10/28 v1.15 key=value parser (DPC)
\KV@toks@=\toks16
)
(/home/jason/.miktex/texmfs/install/tex/latex/caption/caption.sty
Package: caption 2018/10/06 v3.3-154 Customizing captions (AR)

(/home/jason/.miktex/texmfs/install/tex/latex/caption/caption3.sty
Package: caption3 2018/09/12 v1.8c caption3 kernel (AR)
Package caption3 Info: TeX engine: e-TeX on input line 64.
\captionmargin=\dimen103
\captionmargin@=\dimen104
\captionwidth=\dimen105
\caption@tempdima=\dimen106
\caption@indent=\dimen107
\caption@parindent=\dimen108
\caption@hangindent=\dimen109
)
\c@caption@flags=\count90
\c@ContinuedFloat=\count91
Package caption Info: float package is loaded.
)
\c@KVtest=\count92
\sf@farskip=\skip43
\sf@captopadj=\dimen110
\sf@capskip=\skip44
\sf@nearskip=\skip45
\c@subfigure=\count93
\c@subfigure@save=\count94
\c@lofdepth=\count95
\c@subtable=\count96
\c@subtable@save=\count97
\c@lotdepth=\count98
\sf@top=\skip46
\sf@bottom=\skip47
)
(/home/jason/.miktex/texmfs/install/tex/latex/xcolor/xcolor.sty
Package: xcolor 2016/05/11 v2.12 LaTeX color extensions (UK)

(/home/jason/.miktex/texmfs/install/tex/latex/graphics-cfg/color.cfg
File: color.cfg 2016/01/02 v1.6 sample color configuration
)
Package xcolor Info: Driver file: pdftex.def on input line 225.

(/home/jason/.miktex/texmfs/install/tex/latex/graphics-def/pdftex.def
File: pdftex.def 2018/01/08 v1.0l Graphics/color driver for pdftex
)
Package xcolor Info: Model `cmy' substituted by `cmy0' on input line 1348.
Package xcolor Info: Model `hsb' substituted by `rgb' on input line 1352.
Package xcolor Info: Model `RGB' extended on input line 1364.
Package xcolor Info: Model `HTML' substituted by `rgb' on input line 1366.
Package xcolor Info: Model `Hsb' substituted by `hsb' on input line 1367.
Package xcolor Info: Model `tHsb' substituted by `hsb' on input line 1368.
Package xcolor Info: Model `HSB' substituted by `hsb' on input line 1369.
Package xcolor Info: Model `Gray' substituted by `gray' on input line 1370.
Package xcolor Info: Model `wave' substituted by `hsb' on input line 1371.

(/home/jason/.miktex/texmfs/install/tex/latex/graphics/dvipsnam.def
File: dvipsnam.def 2016/06/17 v3.0m Driver-dependent file (DPC,SPQR)
))
(/home/jason/.miktex/texmfs/install/tex/latex/graphics/graphicx.sty
Package: graphicx 2017/06/01 v1.1a Enhanced LaTeX Graphics (DPC,SPQR)

(/home/jason/.miktex/texmfs/install/tex/latex/graphics/graphics.sty
Package: graphics 2017/06/25 v1.2c Standard LaTeX Graphics (DPC,SPQR)

(/home/jason/.miktex/texmfs/install/tex/latex/graphics/trig.sty
Package: trig 2016/01/03 v1.10 sin cos tan (DPC)
)
(/home/jason/.miktex/texmfs/install/tex/latex/graphics-cfg/graphics.cfg
File: graphics.cfg 2016/06/04 v1.11 sample graphics configuration
)
Package graphics Info: Driver file: pdftex.def on input line 99.
)
\Gin@req@height=\dimen111
\Gin@req@width=\dimen112
)
(/home/jason/.miktex/texmfs/install/tex/latex/setspace/setspace.sty
Package: setspace 2011/12/19 v6.7a set line spacing
)
(/home/jason/.miktex/texmfs/install/tex/latex/tools/xspace.sty
Package: xspace 2014/10/28 v1.13 Space after command names (DPC,MH)
)
(/home/jason/.miktex/texmfs/install/tex/latex/lineno/lineno.sty
Package: lineno 2005/11/02 line numbers on paragraphs v4.41
\linenopenalty=\count99
\output=\toks17
\linenoprevgraf=\count100
\linenumbersep=\dimen113
\linenumberwidth=\dimen114
\c@linenumber=\count101
\c@pagewiselinenumber=\count102
\c@LN@truepage=\count103
\c@internallinenumber=\count104
\c@internallinenumbers=\count105
\quotelinenumbersep=\dimen115
\bframerule=\dimen116
\bframesep=\dimen117
\bframebox=\box29
LaTeX Info: Redefining \\ on input line 3056.
)
(/home/jason/.miktex/texmfs/install/tex/latex/layouts/layouts.sty
Package: layouts 2009/09/02 v2.6d graphical depiction of document elements
\l@ylen=\skip48
\layoutsbox=\box30
\l@youtunitlength=\skip49
\l@youtlinethick=\skip50
\l@youtlinethickii=\skip51
\l@ysetupparskip=\skip52
\l@ysetupbaselineskip=\skip53
\l@yonem=\skip54
\l@yonex=\skip55
\l@ylmarg=\skip56
\l@yrmarg=\skip57
\l@yitmindent=\skip58
\l@ylblwidth=\skip59
\l@ylblsep=\skip60
\l@ylparindent=\skip61
\l@ytsep=\skip62
\l@ypskip=\skip63
\l@yptsep=\skip64
\l@ypsep=\skip65
\l@yitmsep=\skip66
\l@ytok=\toks18
\l@youtpw=\count106
\l@youtph=\count107
\l@youthpi=\count108
\l@youthpii=\count109
\l@youthpiii=\count110
\l@youthpiv=\count111
\l@youthpv=\count112
\l@youthpvi=\count113
\l@youthpvii=\count114
\l@youtparskip=\count115
\l@youtvpi=\count116
\l@youtvpii=\count117
\l@youtvpiii=\count118
\l@youtvpiv=\count119
\l@youtvpv=\count120
\l@youtvpvi=\count121
\l@youtvpvii=\count122
\l@youthdo=\count123
\l@youthdi=\count124
\l@youthdii=\count125
\l@youthdiii=\count126
\l@youthdiv=\count127
\l@youthdv=\count128
\l@youthdvi=\count129
\l@youthdvii=\count130
\l@youtvdo=\count131
\l@youtvdi=\count132
\l@youtvdii=\count133
\l@youtvdiii=\count134
\l@youtvdiv=\count135
\l@youtvdv=\count136
\l@youtvdvi=\count137
\l@youtvdvii=\count138
\l@youtvdviii=\count139
\l@youtxci=\count140
\l@youtxcii=\count141
\l@youtxciii=\count142
\l@youtxciv=\count143
\l@youtxcv=\count144
\l@youtxcvi=\count145
\l@youtyci=\count146
\l@youtycii=\count147
\l@youtyciii=\count148
\l@youtyciv=\count149
\l@youtycv=\count150
\l@youtycvi=\count151
\l@youtycvii=\count152
\l@youtycviii=\count153
\l@youtxco=\count154
\l@youtyco=\count155
\l@ytempdima=\skip67
\stockwidth=\skip68
\stockheight=\skip69
\trimedge=\skip70
\trimtop=\skip71
\uppermargin=\skip72
\spinemargin=\skip73
)
(/home/jason/.miktex/texmfs/install/tex/latex/todonotes/todonotes.sty
Package: todonotes 2019/01/24 v1.1.2 Todonotes source and documentation.
Package: todonotes 2018/11/22

(/home/jason/.miktex/texmfs/install/tex/latex/base/ifthen.sty
Package: ifthen 2014/09/29 v1.1c Standard LaTeX ifthen package (DPC)
)
(/home/jason/.miktex/texmfs/install/tex/latex/xkeyval/xkeyval.sty
Package: xkeyval 2014/12/03 v2.7a package option processing (HA)

(/home/jason/.miktex/texmfs/install/tex/generic/xkeyval/xkeyval.tex
(/home/jason/.miktex/texmfs/install/tex/generic/xkeyval/xkvutils.tex
\XKV@toks=\toks19
\XKV@tempa@toks=\toks20
)
\XKV@depth=\count156
File: xkeyval.tex 2014/12/03 v2.7a key=value parser (HA)
))
(/home/jason/.miktex/texmfs/install/tex/latex/pgf/frontendlayer/tikz.sty
(/home/jason/.miktex/texmfs/install/tex/latex/pgf/basiclayer/pgf.sty
(/home/jason/.miktex/texmfs/install/tex/latex/pgf/utilities/pgfrcs.sty
(/home/jason/.miktex/texmfs/install/tex/generic/pgf/utilities/pgfutil-common.te
x
\pgfutil@everybye=\toks21
\pgfutil@tempdima=\dimen118
\pgfutil@tempdimb=\dimen119

(/home/jason/.miktex/texmfs/install/tex/generic/pgf/utilities/pgfutil-common-li
sts.tex))
(/home/jason/.miktex/texmfs/install/tex/generic/pgf/utilities/pgfutil-latex.def
\pgfutil@abb=\box31
(/home/jason/.miktex/texmfs/install/tex/latex/ms/everyshi.sty
Package: everyshi 2001/05/15 v3.00 EveryShipout Package (MS)
))
(/home/jason/.miktex/texmfs/install/tex/generic/pgf/utilities/pgfrcs.code.tex
(/home/jason/.miktex/texmfs/install/tex/generic/pgf/pgf.revision.tex)
Package: pgfrcs 2019/07/12 v3.1.4 (3.1.4)
))
Package: pgf 2019/07/12 v3.1.4 (3.1.4)

(/home/jason/.miktex/texmfs/install/tex/latex/pgf/basiclayer/pgfcore.sty
(/home/jason/.miktex/texmfs/install/tex/latex/pgf/systemlayer/pgfsys.sty
(/home/jason/.miktex/texmfs/install/tex/generic/pgf/systemlayer/pgfsys.code.tex
Package: pgfsys 2019/07/12 v3.1.4 (3.1.4)
(/home/jason/.miktex/texmfs/install/tex/generic/pgf/utilities/pgfkeys.code.tex
\pgfkeys@pathtoks=\toks22
\pgfkeys@temptoks=\toks23

(/home/jason/.miktex/texmfs/install/tex/generic/pgf/utilities/pgfkeysfiltered.c
ode.tex
\pgfkeys@tmptoks=\toks24
))
\pgf@x=\dimen120
\pgf@y=\dimen121
\pgf@xa=\dimen122
\pgf@ya=\dimen123
\pgf@xb=\dimen124
\pgf@yb=\dimen125
\pgf@xc=\dimen126
\pgf@yc=\dimen127
\pgf@xd=\dimen128
\pgf@yd=\dimen129
\w@pgf@writea=\write3
\r@pgf@reada=\read1
\c@pgf@counta=\count157
\c@pgf@countb=\count158
\c@pgf@countc=\count159
\c@pgf@countd=\count160
\t@pgf@toka=\toks25
\t@pgf@tokb=\toks26
\t@pgf@tokc=\toks27
\pgf@sys@id@count=\count161

(/home/jason/.miktex/texmfs/install/tex/generic/pgf/systemlayer/pgf.cfg
File: pgf.cfg 2019/07/12 v3.1.4 (3.1.4)
)
Driver file for pgf: pgfsys-pdftex.def

(/home/jason/.miktex/texmfs/install/tex/generic/pgf/systemlayer/pgfsys-pdftex.d
ef
File: pgfsys-pdftex.def 2019/07/12 v3.1.4 (3.1.4)

(/home/jason/.miktex/texmfs/install/tex/generic/pgf/systemlayer/pgfsys-common-p
df.def
File: pgfsys-common-pdf.def 2019/07/12 v3.1.4 (3.1.4)
)))
(/home/jason/.miktex/texmfs/install/tex/generic/pgf/systemlayer/pgfsyssoftpath.
code.tex
File: pgfsyssoftpath.code.tex 2019/07/12 v3.1.4 (3.1.4)
\pgfsyssoftpath@smallbuffer@items=\count162
\pgfsyssoftpath@bigbuffer@items=\count163
)
(/home/jason/.miktex/texmfs/install/tex/generic/pgf/systemlayer/pgfsysprotocol.
code.tex
File: pgfsysprotocol.code.tex 2019/07/12 v3.1.4 (3.1.4)
))
(/home/jason/.miktex/texmfs/install/tex/generic/pgf/basiclayer/pgfcore.code.tex
Package: pgfcore 2019/07/12 v3.1.4 (3.1.4)
(/home/jason/.miktex/texmfs/install/tex/generic/pgf/math/pgfmath.code.tex
(/home/jason/.miktex/texmfs/install/tex/generic/pgf/math/pgfmathcalc.code.tex
(/home/jason/.miktex/texmfs/install/tex/generic/pgf/math/pgfmathutil.code.tex)
(/home/jason/.miktex/texmfs/install/tex/generic/pgf/math/pgfmathparser.code.tex
\pgfmath@dimen=\dimen130
\pgfmath@count=\count164
\pgfmath@box=\box32
\pgfmath@toks=\toks28
\pgfmath@stack@operand=\toks29
\pgfmath@stack@operation=\toks30
)
(/home/jason/.miktex/texmfs/install/tex/generic/pgf/math/pgfmathfunctions.code.
tex
(/home/jason/.miktex/texmfs/install/tex/generic/pgf/math/pgfmathfunctions.basic
.code.tex)
(/home/jason/.miktex/texmfs/install/tex/generic/pgf/math/pgfmathfunctions.trigo
nometric.code.tex)
(/home/jason/.miktex/texmfs/install/tex/generic/pgf/math/pgfmathfunctions.rando
m.code.tex)
(/home/jason/.miktex/texmfs/install/tex/generic/pgf/math/pgfmathfunctions.compa
rison.code.tex)
(/home/jason/.miktex/texmfs/install/tex/generic/pgf/math/pgfmathfunctions.base.
code.tex)
(/home/jason/.miktex/texmfs/install/tex/generic/pgf/math/pgfmathfunctions.round
.code.tex)
(/home/jason/.miktex/texmfs/install/tex/generic/pgf/math/pgfmathfunctions.misc.
code.tex)
(/home/jason/.miktex/texmfs/install/tex/generic/pgf/math/pgfmathfunctions.integ
erarithmetics.code.tex)))
(/home/jason/.miktex/texmfs/install/tex/generic/pgf/math/pgfmathfloat.code.tex
\c@pgfmathroundto@lastzeros=\count165
)) (/home/jason/.miktex/texmfs/install/tex/generic/pgf/math/pgfint.code.tex)
(/home/jason/.miktex/texmfs/install/tex/generic/pgf/basiclayer/pgfcorepoints.co
de.tex
File: pgfcorepoints.code.tex 2019/07/12 v3.1.4 (3.1.4)
\pgf@picminx=\dimen131
\pgf@picmaxx=\dimen132
\pgf@picminy=\dimen133
\pgf@picmaxy=\dimen134
\pgf@pathminx=\dimen135
\pgf@pathmaxx=\dimen136
\pgf@pathminy=\dimen137
\pgf@pathmaxy=\dimen138
\pgf@xx=\dimen139
\pgf@xy=\dimen140
\pgf@yx=\dimen141
\pgf@yy=\dimen142
\pgf@zx=\dimen143
\pgf@zy=\dimen144
)
(/home/jason/.miktex/texmfs/install/tex/generic/pgf/basiclayer/pgfcorepathconst
ruct.code.tex
File: pgfcorepathconstruct.code.tex 2019/07/12 v3.1.4 (3.1.4)
\pgf@path@lastx=\dimen145
\pgf@path@lasty=\dimen146
)
(/home/jason/.miktex/texmfs/install/tex/generic/pgf/basiclayer/pgfcorepathusage
.code.tex
File: pgfcorepathusage.code.tex 2019/07/12 v3.1.4 (3.1.4)
\pgf@shorten@end@additional=\dimen147
\pgf@shorten@start@additional=\dimen148
)
(/home/jason/.miktex/texmfs/install/tex/generic/pgf/basiclayer/pgfcorescopes.co
de.tex
File: pgfcorescopes.code.tex 2019/07/12 v3.1.4 (3.1.4)
\pgfpic=\box33
\pgf@hbox=\box34
\pgf@layerbox@main=\box35
\pgf@picture@serial@count=\count166
)
(/home/jason/.miktex/texmfs/install/tex/generic/pgf/basiclayer/pgfcoregraphicst
ate.code.tex
File: pgfcoregraphicstate.code.tex 2019/07/12 v3.1.4 (3.1.4)
\pgflinewidth=\dimen149
)
(/home/jason/.miktex/texmfs/install/tex/generic/pgf/basiclayer/pgfcoretransform
ations.code.tex
File: pgfcoretransformations.code.tex 2019/07/12 v3.1.4 (3.1.4)
\pgf@pt@x=\dimen150
\pgf@pt@y=\dimen151
\pgf@pt@temp=\dimen152
)
(/home/jason/.miktex/texmfs/install/tex/generic/pgf/basiclayer/pgfcorequick.cod
e.tex
File: pgfcorequick.code.tex 2019/07/12 v3.1.4 (3.1.4)
)
(/home/jason/.miktex/texmfs/install/tex/generic/pgf/basiclayer/pgfcoreobjects.c
ode.tex
File: pgfcoreobjects.code.tex 2019/07/12 v3.1.4 (3.1.4)
)
(/home/jason/.miktex/texmfs/install/tex/generic/pgf/basiclayer/pgfcorepathproce
ssing.code.tex
File: pgfcorepathprocessing.code.tex 2019/07/12 v3.1.4 (3.1.4)
)
(/home/jason/.miktex/texmfs/install/tex/generic/pgf/basiclayer/pgfcorearrows.co
de.tex
File: pgfcorearrows.code.tex 2019/07/12 v3.1.4 (3.1.4)
\pgfarrowsep=\dimen153
)
(/home/jason/.miktex/texmfs/install/tex/generic/pgf/basiclayer/pgfcoreshade.cod
e.tex
File: pgfcoreshade.code.tex 2019/07/12 v3.1.4 (3.1.4)
\pgf@max=\dimen154
\pgf@sys@shading@range@num=\count167
\pgf@shadingcount=\count168
)
(/home/jason/.miktex/texmfs/install/tex/generic/pgf/basiclayer/pgfcoreimage.cod
e.tex
File: pgfcoreimage.code.tex 2019/07/12 v3.1.4 (3.1.4)

(/home/jason/.miktex/texmfs/install/tex/generic/pgf/basiclayer/pgfcoreexternal.
code.tex
File: pgfcoreexternal.code.tex 2019/07/12 v3.1.4 (3.1.4)
\pgfexternal@startupbox=\box36
))
(/home/jason/.miktex/texmfs/install/tex/generic/pgf/basiclayer/pgfcorelayers.co
de.tex
File: pgfcorelayers.code.tex 2019/07/12 v3.1.4 (3.1.4)
)
(/home/jason/.miktex/texmfs/install/tex/generic/pgf/basiclayer/pgfcoretranspare
ncy.code.tex
File: pgfcoretransparency.code.tex 2019/07/12 v3.1.4 (3.1.4)
)
(/home/jason/.miktex/texmfs/install/tex/generic/pgf/basiclayer/pgfcorepatterns.
code.tex
File: pgfcorepatterns.code.tex 2019/07/12 v3.1.4 (3.1.4)
)
(/home/jason/.miktex/texmfs/install/tex/generic/pgf/basiclayer/pgfcorerdf.code.
tex
File: pgfcorerdf.code.tex 2019/07/12 v3.1.4 (3.1.4)
)))
(/home/jason/.miktex/texmfs/install/tex/generic/pgf/modules/pgfmoduleshapes.cod
e.tex
File: pgfmoduleshapes.code.tex 2019/07/12 v3.1.4 (3.1.4)
\pgfnodeparttextbox=\box37
)
(/home/jason/.miktex/texmfs/install/tex/generic/pgf/modules/pgfmoduleplot.code.
tex
File: pgfmoduleplot.code.tex 2019/07/12 v3.1.4 (3.1.4)
)
(/home/jason/.miktex/texmfs/install/tex/latex/pgf/compatibility/pgfcomp-version
-0-65.sty
Package: pgfcomp-version-0-65 2019/07/12 v3.1.4 (3.1.4)
\pgf@nodesepstart=\dimen155
\pgf@nodesepend=\dimen156
)
(/home/jason/.miktex/texmfs/install/tex/latex/pgf/compatibility/pgfcomp-version
-1-18.sty
Package: pgfcomp-version-1-18 2019/07/12 v3.1.4 (3.1.4)
))
(/home/jason/.miktex/texmfs/install/tex/latex/pgf/utilities/pgffor.sty
(/home/jason/.miktex/texmfs/install/tex/latex/pgf/utilities/pgfkeys.sty
(/home/jason/.miktex/texmfs/install/tex/generic/pgf/utilities/pgfkeys.code.tex)
) (/home/jason/.miktex/texmfs/install/tex/latex/pgf/math/pgfmath.sty
(/home/jason/.miktex/texmfs/install/tex/generic/pgf/math/pgfmath.code.tex))
(/home/jason/.miktex/texmfs/install/tex/generic/pgf/utilities/pgffor.code.tex
Package: pgffor 2019/07/12 v3.1.4 (3.1.4)

(/home/jason/.miktex/texmfs/install/tex/generic/pgf/math/pgfmath.code.tex)
\pgffor@iter=\dimen157
\pgffor@skip=\dimen158
\pgffor@stack=\toks31
\pgffor@toks=\toks32
))
(/home/jason/.miktex/texmfs/install/tex/generic/pgf/frontendlayer/tikz/tikz.cod
e.tex
Package: tikz 2019/07/12 v3.1.4 (3.1.4)

(/home/jason/.miktex/texmfs/install/tex/generic/pgf/libraries/pgflibraryplothan
dlers.code.tex
File: pgflibraryplothandlers.code.tex 2019/07/12 v3.1.4 (3.1.4)
\pgf@plot@mark@count=\count169
\pgfplotmarksize=\dimen159
)
\tikz@lastx=\dimen160
\tikz@lasty=\dimen161
\tikz@lastxsaved=\dimen162
\tikz@lastysaved=\dimen163
\tikz@lastmovetox=\dimen164
\tikz@lastmovetoy=\dimen165
\tikzleveldistance=\dimen166
\tikzsiblingdistance=\dimen167
\tikz@figbox=\box38
\tikz@figbox@bg=\box39
\tikz@tempbox=\box40
\tikz@tempbox@bg=\box41
\tikztreelevel=\count170
\tikznumberofchildren=\count171
\tikznumberofcurrentchild=\count172
\tikz@fig@count=\count173

(/home/jason/.miktex/texmfs/install/tex/generic/pgf/modules/pgfmodulematrix.cod
e.tex
File: pgfmodulematrix.code.tex 2019/07/12 v3.1.4 (3.1.4)
\pgfmatrixcurrentrow=\count174
\pgfmatrixcurrentcolumn=\count175
\pgf@matrix@numberofcolumns=\count176
)
\tikz@expandcount=\count177

(/home/jason/.miktex/texmfs/install/tex/generic/pgf/frontendlayer/tikz/librarie
s/tikzlibrarytopaths.code.tex
File: tikzlibrarytopaths.code.tex 2019/07/12 v3.1.4 (3.1.4)
)))
(/home/jason/.miktex/texmfs/install/tex/generic/pgf/frontendlayer/tikz/librarie
s/tikzlibrarypositioning.code.tex
File: tikzlibrarypositioning.code.tex 2019/07/12 v3.1.4 (3.1.4)
)
(/home/jason/.miktex/texmfs/install/tex/generic/pgf/frontendlayer/tikz/librarie
s/tikzlibraryshadows.code.tex
File: tikzlibraryshadows.code.tex 2019/07/12 v3.1.4 (3.1.4)

(/home/jason/.miktex/texmfs/install/tex/generic/pgf/frontendlayer/tikz/librarie
s/tikzlibraryfadings.code.tex
File: tikzlibraryfadings.code.tex 2019/07/12 v3.1.4 (3.1.4)

(/home/jason/.miktex/texmfs/install/tex/generic/pgf/libraries/pgflibraryfadings
.code.tex
File: pgflibraryfadings.code.tex 2019/07/12 v3.1.4 (3.1.4)
))) (/home/jason/.miktex/texmfs/install/tex/latex/tools/calc.sty
Package: calc 2017/05/25 v4.3 Infix arithmetic (KKT,FJ)
\calc@Acount=\count178
\calc@Bcount=\count179
\calc@Adimen=\dimen168
\calc@Bdimen=\dimen169
\calc@Askip=\skip74
\calc@Bskip=\skip75
LaTeX Info: Redefining \setlength on input line 80.
LaTeX Info: Redefining \addtolength on input line 81.
\calc@Ccount=\count180
\calc@Cskip=\skip76
)
\c@@todonotes@numberoftodonotes=\count181
)
(/home/jason/.miktex/texmfs/install/tex/latex/ms/ragged2e.sty
Package: ragged2e 2009/05/21 v2.1 ragged2e Package (MS)

(/home/jason/.miktex/texmfs/install/tex/latex/ms/everysel.sty
Package: everysel 2011/10/28 v1.2 EverySelectfont Package (MS)
)
\CenteringLeftskip=\skip77
\RaggedLeftLeftskip=\skip78
\RaggedRightLeftskip=\skip79
\CenteringRightskip=\skip80
\RaggedLeftRightskip=\skip81
\RaggedRightRightskip=\skip82
\CenteringParfillskip=\skip83
\RaggedLeftParfillskip=\skip84
\RaggedRightParfillskip=\skip85
\JustifyingParfillskip=\skip86
\CenteringParindent=\skip87
\RaggedLeftParindent=\skip88
\RaggedRightParindent=\skip89
\JustifyingParindent=\skip90
)
(/home/jason/.miktex/texmfs/install/tex/latex/natbib/natbib.sty
Package: natbib 2010/09/13 8.31b (PWD, AO)
\bibhang=\skip91
\bibsep=\skip92
LaTeX Info: Redefining \cite on input line 694.
\c@NAT@ctr=\count182
)
\c@citation=\count183
\@cvhangindent=\skip93
\c@@shownumdepth=\count184
\largNum=\skip94
\tocRightMargin=\skip95
\tocLeftMarginSecondLineFigure=\skip96
\aux@appendices=\count185
\@savsk=\skip97
)
(/home/jason/.miktex/texmfs/install/tex/latex/hyperref/hyperref.sty
Package: hyperref 2018/11/30 v6.88e Hypertext links for LaTeX

(/home/jason/.miktex/texmfs/install/tex/generic/oberdiek/hobsub-hyperref.sty
Package: hobsub-hyperref 2016/05/16 v1.14 Bundle oberdiek, subset hyperref (HO)


(/home/jason/.miktex/texmfs/install/tex/generic/oberdiek/hobsub-generic.sty
Package: hobsub-generic 2016/05/16 v1.14 Bundle oberdiek, subset generic (HO)
Package: hobsub 2016/05/16 v1.14 Construct package bundles (HO)
Package: infwarerr 2016/05/16 v1.4 Providing info/warning/error messages (HO)
Package: ltxcmds 2016/05/16 v1.23 LaTeX kernel commands for general use (HO)
Package: ifluatex 2016/05/16 v1.4 Provides the ifluatex switch (HO)
Package ifluatex Info: LuaTeX not detected.
Package: ifvtex 2016/05/16 v1.6 Detect VTeX and its facilities (HO)
Package ifvtex Info: VTeX not detected.
Package: intcalc 2016/05/16 v1.2 Expandable calculations with integers (HO)
Package: ifpdf 2018/09/07 v3.3 Provides the ifpdf switch
Package: etexcmds 2016/05/16 v1.6 Avoid name clashes with e-TeX commands (HO)
Package: kvsetkeys 2016/05/16 v1.17 Key value parser (HO)
Package: kvdefinekeys 2016/05/16 v1.4 Define keys (HO)
Package: pdftexcmds 2018/09/10 v0.29 Utility functions of pdfTeX for LuaTeX (HO
)
Package pdftexcmds Info: LuaTeX not detected.
Package pdftexcmds Info: \pdf@primitive is available.
Package pdftexcmds Info: \pdf@ifprimitive is available.
Package pdftexcmds Info: \pdfdraftmode found.
Package: pdfescape 2016/05/16 v1.14 Implements pdfTeX's escape features (HO)
Package: bigintcalc 2016/05/16 v1.4 Expandable calculations on big integers (HO
)
Package: bitset 2016/05/16 v1.2 Handle bit-vector datatype (HO)
Package: uniquecounter 2016/05/16 v1.3 Provide unlimited unique counter (HO)
)
Package hobsub Info: Skipping package `hobsub' (already loaded).
Package: letltxmacro 2016/05/16 v1.5 Let assignment for LaTeX macros (HO)
Package: hopatch 2016/05/16 v1.3 Wrapper for package hooks (HO)
Package: xcolor-patch 2016/05/16 xcolor patch
Package: atveryend 2016/05/16 v1.9 Hooks at the very end of document (HO)
Package atveryend Info: \enddocument detected (standard20110627).
Package: atbegshi 2016/06/09 v1.18 At begin shipout hook (HO)
Package: refcount 2016/05/16 v3.5 Data extraction from label references (HO)
Package: hycolor 2016/05/16 v1.8 Color options for hyperref/bookmark (HO)
)
(/home/jason/.miktex/texmfs/install/tex/generic/ifxetex/ifxetex.sty
Package: ifxetex 2010/09/12 v0.6 Provides ifxetex conditional
)
(/home/jason/.miktex/texmfs/install/tex/latex/oberdiek/auxhook.sty
Package: auxhook 2016/05/16 v1.4 Hooks for auxiliary files (HO)
)
(/home/jason/.miktex/texmfs/install/tex/latex/oberdiek/kvoptions.sty
Package: kvoptions 2016/05/16 v3.12 Key value format for package options (HO)
)
\@linkdim=\dimen170
\Hy@linkcounter=\count186
\Hy@pagecounter=\count187

(/home/jason/.miktex/texmfs/install/tex/latex/hyperref/pd1enc.def
File: pd1enc.def 2018/11/30 v6.88e Hyperref: PDFDocEncoding definition (HO)
Now handling font encoding PD1 ...
... no UTF-8 mapping file for font encoding PD1
)
\Hy@SavedSpaceFactor=\count188

(/home/jason/.miktex/texmfs/install/tex/latex/00miktex/hyperref.cfg
File: hyperref.cfg 2002/06/06 v1.2 hyperref configuration of TeXLive
)
Package hyperref Info: Option `final' set `true' on input line 4393.
Package hyperref Info: Option `linktocpage' set `true' on input line 4393.
Package hyperref Info: Hyper figures OFF on input line 4519.
Package hyperref Info: Link nesting OFF on input line 4524.
Package hyperref Info: Hyper index ON on input line 4527.
Package hyperref Info: Plain pages OFF on input line 4534.
Package hyperref Info: Backreferencing OFF on input line 4539.
Package hyperref Info: Implicit mode ON; LaTeX internals redefined.
Package hyperref Info: Bookmarks ON on input line 4772.
\c@Hy@tempcnt=\count189

(/home/jason/.miktex/texmfs/install/tex/latex/url/url.sty
\Urlmuskip=\muskip10
Package: url 2013/09/16  ver 3.4  Verb mode for urls, etc.
)
LaTeX Info: Redefining \url on input line 5125.
\XeTeXLinkMargin=\dimen171
\Fld@menulength=\count190
\Field@Width=\dimen172
\Fld@charsize=\dimen173
Package hyperref Info: Hyper figures OFF on input line 6380.
Package hyperref Info: Link nesting OFF on input line 6385.
Package hyperref Info: Hyper index ON on input line 6388.
Package hyperref Info: backreferencing OFF on input line 6395.
Package hyperref Info: Link coloring OFF on input line 6400.
Package hyperref Info: Link coloring with OCG OFF on input line 6405.
Package hyperref Info: PDF/A mode OFF on input line 6410.
LaTeX Info: Redefining \ref on input line 6450.
LaTeX Info: Redefining \pageref on input line 6454.
\Hy@abspage=\count191
\c@Item=\count192
\c@Hfootnote=\count193
)
Package hyperref Info: Driver (autodetected): hpdftex.

(/home/jason/.miktex/texmfs/install/tex/latex/hyperref/hpdftex.def
File: hpdftex.def 2018/11/30 v6.88e Hyperref driver for pdfTeX
\Fld@listcount=\count194
\c@bookmark@seq@number=\count195

(/home/jason/.miktex/texmfs/install/tex/latex/oberdiek/rerunfilecheck.sty
Package: rerunfilecheck 2016/05/16 v1.8 Rerun checks for auxiliary files (HO)
Package uniquecounter Info: New unique counter `rerunfilecheck' on input line 2
82.
)
\Hy@SectionHShift=\skip98
)
(/home/jason/.miktex/texmfs/install/tex/generic/babel/babel.sty
Package: babel 2019/06/03 3.32 The Babel package

(/home/jason/.miktex/texmfs/install/tex/generic/babel/switch.def
File: switch.def 2019/06/03 3.32 Babel switching mechanism
)
*************************************
* Local config file bblopts.cfg used
*
(/home/jason/.miktex/texmfs/install/tex/latex/arabi/bblopts.cfg
File: bblopts.cfg 2005/09/08 v0.1 add Arabic and Farsi to "declared" options of
 babel
)
(/home/jason/.miktex/texmfs/install/tex/latex/babel-english/USenglish.ldf
Language: USenglish 2017/06/06 v3.3r English support from the babel system

(/home/jason/.miktex/texmfs/install/tex/latex/babel-english/english.ldf
Language: english 2017/06/06 v3.3r English support from the babel system

(/home/jason/.miktex/texmfs/install/tex/generic/babel/babel.def
File: babel.def 2019/06/03 3.32 Babel common definitions
\babel@savecnt=\count196
\U@D=\dimen174

(/home/jason/.miktex/texmfs/install/tex/generic/babel/txtbabel.def)
\bbl@dirlevel=\count197
)
\l@canadian = a dialect from \language\l@american 
\l@australian = a dialect from \language\l@british 
\l@newzealand = a dialect from \language\l@british 
)))
(/home/jason/.miktex/texmfs/install/tex/latex/enumitem/enumitem.sty
Package: enumitem 2019/06/20 v3.9 Customized lists
\labelindent=\skip99
\enit@outerparindent=\dimen175
\enit@toks=\toks33
\enit@inbox=\box42
\enit@count@id=\count198
\enitdp@description=\count199
)
(/home/jason/.miktex/texmfs/install/tex/latex/notoccite/notoccite.sty
Package: notoccite 2000/07/20
)
(/home/jason/.miktex/texmfs/install/tex/latex/siunitx/siunitx.sty
(/home/jason/.miktex/texmfs/install/tex/latex/l3kernel/expl3.sty
Package: expl3 2019-07-01 L3 programming layer (loader) 

(/home/jason/.miktex/texmfs/install/tex/latex/l3kernel/expl3-code.tex
Package: expl3 2019-07-01 L3 programming layer (code)
\c_max_int=\count266
\l_tmpa_int=\count267
\l_tmpb_int=\count268
\g_tmpa_int=\count269
\g_tmpb_int=\count270
\g__kernel_prg_map_int=\count271
\c__ior_term_ior=\count272
\c_log_iow=\count273
\l_iow_line_count_int=\count274
\l__iow_line_target_int=\count275
\l__iow_one_indent_int=\count276
\l__iow_indent_int=\count277
\c_zero_dim=\dimen176
\c_max_dim=\dimen177
\l_tmpa_dim=\dimen178
\l_tmpb_dim=\dimen179
\g_tmpa_dim=\dimen180
\g_tmpb_dim=\dimen181
\c_zero_skip=\skip100
\c_max_skip=\skip101
\l_tmpa_skip=\skip102
\l_tmpb_skip=\skip103
\g_tmpa_skip=\skip104
\g_tmpb_skip=\skip105
\c_zero_muskip=\muskip11
\c_max_muskip=\muskip12
\l_tmpa_muskip=\muskip13
\l_tmpb_muskip=\muskip14
\g_tmpa_muskip=\muskip15
\g_tmpb_muskip=\muskip16
\l_keys_choice_int=\count278
\l__intarray_loop_int=\count279
\c__intarray_sp_dim=\dimen182
\g__intarray_font_int=\count280
\c__fp_leading_shift_int=\count281
\c__fp_middle_shift_int=\count282
\c__fp_trailing_shift_int=\count283
\c__fp_big_leading_shift_int=\count284
\c__fp_big_middle_shift_int=\count285
\c__fp_big_trailing_shift_int=\count286
\c__fp_Bigg_leading_shift_int=\count287
\c__fp_Bigg_middle_shift_int=\count288
\c__fp_Bigg_trailing_shift_int=\count289
\c__kernel_randint_max_int=\count290
\g__fp_array_int=\count291
\l__fp_array_loop_int=\count292
\l__sort_length_int=\count293
\l__sort_min_int=\count294
\l__sort_top_int=\count295
\l__sort_max_int=\count296
\l__sort_true_max_int=\count297
\l__sort_block_int=\count298
\l__sort_begin_int=\count299
\l__sort_end_int=\count300
\l__sort_A_int=\count301
\l__sort_B_int=\count302
\l__sort_C_int=\count303
\l__str_internal_int=\count304
\c__str_replacement_char_int=\count305
\l__tl_analysis_normal_int=\count306
\l__tl_analysis_index_int=\count307
\l__tl_analysis_nesting_int=\count308
\l__tl_analysis_type_int=\count309
\l__regex_internal_a_int=\count310
\l__regex_internal_b_int=\count311
\l__regex_internal_c_int=\count312
\l__regex_balance_int=\count313
\l__regex_group_level_int=\count314
\l__regex_mode_int=\count315
\c__regex_cs_in_class_mode_int=\count316
\c__regex_cs_mode_int=\count317
\l__regex_catcodes_int=\count318
\l__regex_default_catcodes_int=\count319
\c__regex_catcode_D_int=\count320
\c__regex_catcode_S_int=\count321
\c__regex_catcode_L_int=\count322
\c__regex_catcode_O_int=\count323
\c__regex_catcode_A_int=\count324
\c__regex_all_catcodes_int=\count325
\l__regex_show_lines_int=\count326
\l__regex_min_state_int=\count327
\l__regex_max_state_int=\count328
\l__regex_left_state_int=\count329
\l__regex_right_state_int=\count330
\l__regex_capturing_group_int=\count331
\l__regex_min_pos_int=\count332
\l__regex_max_pos_int=\count333
\l__regex_curr_pos_int=\count334
\l__regex_start_pos_int=\count335
\l__regex_success_pos_int=\count336
\l__regex_curr_char_int=\count337
\l__regex_curr_catcode_int=\count338
\l__regex_last_char_int=\count339
\l__regex_case_changed_char_int=\count340
\l__regex_curr_state_int=\count341
\l__regex_step_int=\count342
\l__regex_min_active_int=\count343
\l__regex_max_active_int=\count344
\l__regex_replacement_csnames_int=\count345
\l__regex_match_count_int=\count346
\l__regex_min_submatch_int=\count347
\l__regex_submatch_int=\count348
\l__regex_zeroth_submatch_int=\count349
\g__regex_trace_regex_int=\count350
\c_empty_box=\box43
\l_tmpa_box=\box44
\l_tmpb_box=\box45
\g_tmpa_box=\box46
\g_tmpb_box=\box47
\l__box_top_dim=\dimen183
\l__box_bottom_dim=\dimen184
\l__box_left_dim=\dimen185
\l__box_right_dim=\dimen186
\l__box_top_new_dim=\dimen187
\l__box_bottom_new_dim=\dimen188
\l__box_left_new_dim=\dimen189
\l__box_right_new_dim=\dimen190
\l__box_internal_box=\box48
\l__coffin_internal_box=\box49
\l__coffin_internal_dim=\dimen191
\l__coffin_offset_x_dim=\dimen192
\l__coffin_offset_y_dim=\dimen193
\l__coffin_x_dim=\dimen194
\l__coffin_y_dim=\dimen195
\l__coffin_x_prime_dim=\dimen196
\l__coffin_y_prime_dim=\dimen197
\c_empty_coffin=\box50
\l__coffin_aligned_coffin=\box51
\l__coffin_aligned_internal_coffin=\box52
\l_tmpa_coffin=\box53
\l_tmpb_coffin=\box54
\g_tmpa_coffin=\box55
\g_tmpb_coffin=\box56
\l__coffin_bounding_shift_dim=\dimen198
\l__coffin_left_corner_dim=\dimen199
\l__coffin_right_corner_dim=\dimen256
\l__coffin_bottom_corner_dim=\dimen257
\l__coffin_top_corner_dim=\dimen258
\l__coffin_scaled_total_height_dim=\dimen259
\l__coffin_scaled_width_dim=\dimen260
\c__coffin_empty_coffin=\box57
\l__coffin_display_coffin=\box58
\l__coffin_display_coord_coffin=\box59
\l__coffin_display_pole_coffin=\box60
\l__coffin_display_offset_dim=\dimen261
\l__coffin_display_x_dim=\dimen262
\l__coffin_display_y_dim=\dimen263
\g__file_internal_ior=\read2
\l__seq_internal_a_int=\count351
\l__seq_internal_b_int=\count352
\c__deprecation_minus_one=\count353
)
(/home/jason/.miktex/texmfs/install/tex/latex/l3backend/l3backend-pdfmode.def
File: l3backend-pdfmode.def 2019-04-06 v L3 Experimental backend support: PDF m
ode
\l__kernel_color_stack_int=\count354
\l__pdf_internal_box=\box61
)) (/home/jason/.miktex/texmfs/install/tex/latex/l3packages/xparse/xparse.sty
Package: xparse 2019-05-28 L3 Experimental document command parser
\l__xparse_current_arg_int=\count355
\g__xparse_grabber_int=\count356
\l__xparse_m_args_int=\count357
\l__xparse_v_nesting_int=\count358
)
Package: siunitx 2018/05/17 v2.7s A comprehensive (SI) units package

(/home/jason/.miktex/texmfs/install/tex/latex/amsmath/amstext.sty
Package: amstext 2000/06/29 v2.01 AMS text

(/home/jason/.miktex/texmfs/install/tex/latex/amsmath/amsgen.sty
File: amsgen.sty 1999/11/30 v2.0 generic functions
\@emptytoks=\toks34
\ex@=\dimen264
))
(/home/jason/.miktex/texmfs/install/tex/latex/tools/array.sty
Package: array 2018/12/30 v2.4k Tabular extension package (FMi)
\col@sep=\dimen265
\ar@mcellbox=\box62
\extrarowheight=\dimen266
\NC@list=\toks35
\extratabsurround=\skip106
\backup@length=\skip107
\ar@cellbox=\box63
)
(/home/jason/.miktex/texmfs/install/tex/latex/l3packages/l3keys2e/l3keys2e.sty
Package: l3keys2e 2019-05-28 LaTeX2e option processing using LaTeX3 keys
)
\l__siunitx_tmp_box=\box64
\l__siunitx_tmp_dim=\dimen267
\l__siunitx_tmp_int=\count359
\l__siunitx_number_mantissa_length_int=\count360
\l__siunitx_number_uncert_length_int=\count361
\l__siunitx_round_int=\count362
\l__siunitx_process_decimal_int=\count363
\l__siunitx_process_uncertainty_int=\count364
\l__siunitx_process_fixed_int=\count365
\l__siunitx_process_integer_min_int=\count366
\l__siunitx_process_precision_int=\count367
\l__siunitx_group_min_int=\count368
\l__siunitx_angle_marker_box=\box65
\l__siunitx_angle_unit_box=\box66
\l__siunitx_angle_marker_dim=\dimen268
\l__siunitx_angle_unit_dim=\dimen269
\l__siunitx_unit_int=\count369
\l__siunitx_unit_denominator_int=\count370
\l__siunitx_unit_numerator_int=\count371
\l__siunitx_unit_prefix_int=\count372
\l__siunitx_unit_prefix_base_int=\count373
\l__siunitx_unit_prefix_gram_int=\count374
\l__siunitx_number_product_int=\count375
\c__siunitx_one_fill_skip=\skip108
\l__siunitx_table_unit_align_skip=\skip109
\l__siunitx_table_exponent_dim=\dimen270
\l__siunitx_table_integer_dim=\dimen271
\l__siunitx_table_mantissa_dim=\dimen272
\l__siunitx_table_marker_dim=\dimen273
\l__siunitx_table_result_dim=\dimen274
\l__siunitx_table_uncert_dim=\dimen275
\l__siunitx_table_fill_pre_dim=\dimen276
\l__siunitx_table_fill_post_dim=\dimen277
\l__siunitx_table_fill_mid_dim=\dimen278
\l__siunitx_table_pre_box=\box67
\l__siunitx_table_post_box=\box68
\l__siunitx_table_mantissa_box=\box69
\l__siunitx_table_result_box=\box70
\l__siunitx_table_number_align_skip=\skip110
\l__siunitx_table_text_align_skip=\skip111
(/home/jason/.miktex/texmfs/install/tex/latex/translator/translator.sty
Package: translator 2019-05-31 v1.12a Easy translation of strings in LaTeX
))
(/home/jason/.miktex/texmfs/install/tex/latex/booktabs/booktabs.sty
Package: booktabs 2005/04/14 v1.61803 publication quality tables
\heavyrulewidth=\dimen279
\lightrulewidth=\dimen280
\cmidrulewidth=\dimen281
\belowrulesep=\dimen282
\belowbottomsep=\dimen283
\aboverulesep=\dimen284
\abovetopsep=\dimen285
\cmidrulesep=\dimen286
\cmidrulekern=\dimen287
\defaultaddspace=\dimen288
\@cmidla=\count376
\@cmidlb=\count377
\@aboverulesep=\dimen289
\@belowrulesep=\dimen290
\@thisruleclass=\count378
\@lastruleclass=\count379
\@thisrulewidth=\dimen291
)
(/home/jason/.miktex/texmfs/install/tex/latex/carlisle/slashed.sty
Package: slashed 1997/01/16 v0.01 Feynman Slashed Character Notation (DPC)
)
(/home/jason/.miktex/texmfs/install/tex/latex/amsmath/amsmath.sty
Package: amsmath 2018/12/01 v2.17b AMS math features
\@mathmargin=\skip112

For additional information on amsmath, use the `?' option.
(/home/jason/.miktex/texmfs/install/tex/latex/amsmath/amsbsy.sty
Package: amsbsy 1999/11/29 v1.2d Bold Symbols
\pmbraise@=\dimen292
)
(/home/jason/.miktex/texmfs/install/tex/latex/amsmath/amsopn.sty
Package: amsopn 2016/03/08 v2.02 operator names
)
\inf@bad=\count380
LaTeX Info: Redefining \frac on input line 223.
\uproot@=\count381
\leftroot@=\count382
LaTeX Info: Redefining \overline on input line 385.
\classnum@=\count383
\DOTSCASE@=\count384
LaTeX Info: Redefining \ldots on input line 482.
LaTeX Info: Redefining \dots on input line 485.
LaTeX Info: Redefining \cdots on input line 606.
\Mathstrutbox@=\box71
\strutbox@=\box72
\big@size=\dimen293
LaTeX Font Info:    Redeclaring font encoding OML on input line 729.
LaTeX Font Info:    Redeclaring font encoding OMS on input line 730.
\macc@depth=\count385
\c@MaxMatrixCols=\count386
\dotsspace@=\muskip17
\c@parentequation=\count387
\dspbrk@lvl=\count388
\tag@help=\toks36
\row@=\count389
\column@=\count390
\maxfields@=\count391
\andhelp@=\toks37
\eqnshift@=\dimen294
\alignsep@=\dimen295
\tagshift@=\dimen296
\tagwidth@=\dimen297
\totwidth@=\dimen298
\lineht@=\dimen299
\@envbody=\toks38
\multlinegap=\skip113
\multlinetaggap=\skip114
\mathdisplay@stack=\toks39
LaTeX Info: Redefining \[ on input line 2844.
LaTeX Info: Redefining \] on input line 2845.
)
(/home/jason/.miktex/texmfs/install/tex/latex/amsfonts/amssymb.sty
Package: amssymb 2013/01/14 v3.01 AMS font symbols

(/home/jason/.miktex/texmfs/install/tex/latex/amsfonts/amsfonts.sty
Package: amsfonts 2013/01/14 v3.01 Basic AMSFonts support
\symAMSa=\mathgroup4
\symAMSb=\mathgroup5
LaTeX Font Info:    Overwriting math alphabet `\mathfrak' in version `bold'
(Font)                  U/euf/m/n --> U/euf/b/n on input line 106.
))
(/home/jason/.miktex/texmfs/install/tex/latex/feynmf/feynmp.sty
Package: feynmp 1996/12/02 v1.08 LaTeX/MetaPost Feynman Diagram Package (ohl)
\@outfmf=\write4
\fmfbuf@=\toks40
\c@fmfgraph=\count392
)
(/home/jason/.miktex/texmfs/install/tex/latex/base/inputenc.sty
Package: inputenc 2018/08/11 v1.3c Input encoding file
\inpenc@prehook=\toks41
\inpenc@posthook=\toks42
)
(/home/jason/.miktex/texmfs/install/tex/latex/oberdiek/pdflscape.sty
Package: pdflscape 2016/05/14 v0.11 Display of landscape pages in PDF (HO)

(/home/jason/.miktex/texmfs/install/tex/latex/graphics/lscape.sty
Package: lscape 2000/10/22 v3.01 Landscape Pages (DPC)
)
Package pdflscape Info: Auto-detected driver: pdftex on input line 81.
)
(/home/jason/.miktex/texmfs/install/tex/latex/tools/multicol.sty
Package: multicol 2018/12/27 v1.8v multicolumn formatting (FMi)
\c@tracingmulticols=\count393
\mult@box=\box73
\multicol@leftmargin=\dimen300
\c@unbalance=\count394
\c@collectmore=\count395
\doublecol@number=\count396
\multicoltolerance=\count397
\multicolpretolerance=\count398
\full@width=\dimen301
\page@free=\dimen302
\premulticols=\dimen303
\postmulticols=\dimen304
\multicolsep=\skip115
\multicolbaselineskip=\skip116
\partial@page=\box74
\last@line=\box75
\maxbalancingoverflow=\dimen305
\mult@rightbox=\box76
\mult@grightbox=\box77
\mult@gfirstbox=\box78
\mult@firstbox=\box79
\@tempa=\box80
\@tempa=\box81
\@tempa=\box82
\@tempa=\box83
\@tempa=\box84
\@tempa=\box85
\@tempa=\box86
\@tempa=\box87
\@tempa=\box88
\@tempa=\box89
\@tempa=\box90
\@tempa=\box91
\@tempa=\box92
\@tempa=\box93
\@tempa=\box94
\@tempa=\box95
\@tempa=\box96
\c@columnbadness=\count399
\c@finalcolumnbadness=\count400
\last@try=\dimen306
\multicolovershoot=\dimen307
\multicolundershoot=\dimen308
\mult@nat@firstbox=\box97
\colbreak@box=\box98
\mc@col@check@num=\count401
)
(/home/jason/.miktex/texmfs/install/tex/latex/l3packages/xfrac/xfrac.sty
(/home/jason/.miktex/texmfs/install/tex/latex/base/textcomp.sty
Package: textcomp 2018/08/11 v2.0j Standard LaTeX package
Package textcomp Info: Sub-encoding information:
(textcomp)               5 = only ISO-Adobe without \textcurrency
(textcomp)               4 = 5 + \texteuro
(textcomp)               3 = 4 + \textohm
(textcomp)               2 = 3 + \textestimated + \textcurrency
(textcomp)               1 = TS1 - \textcircled - \t
(textcomp)               0 = TS1 (full)
(textcomp)             Font families with sub-encoding setting implement
(textcomp)             only a restricted character set as indicated.
(textcomp)             Family '?' is the default used for unknown fonts.
(textcomp)             See the documentation for details.
Package textcomp Info: Setting ? sub-encoding to TS1/1 on input line 79.

(/home/jason/.miktex/texmfs/install/tex/latex/base/ts1enc.def
File: ts1enc.def 2001/06/05 v3.0e (jk/car/fm) Standard LaTeX file
Now handling font encoding TS1 ...
... processing UTF-8 mapping file for font encoding TS1

(/home/jason/.miktex/texmfs/install/tex/latex/base/ts1enc.dfu
File: ts1enc.dfu 2018/10/05 v1.2f UTF-8 support for inputenc
   defining Unicode char U+00A2 (decimal 162)
   defining Unicode char U+00A3 (decimal 163)
   defining Unicode char U+00A4 (decimal 164)
   defining Unicode char U+00A5 (decimal 165)
   defining Unicode char U+00A6 (decimal 166)
   defining Unicode char U+00A7 (decimal 167)
   defining Unicode char U+00A8 (decimal 168)
   defining Unicode char U+00A9 (decimal 169)
   defining Unicode char U+00AA (decimal 170)
   defining Unicode char U+00AC (decimal 172)
   defining Unicode char U+00AE (decimal 174)
   defining Unicode char U+00AF (decimal 175)
   defining Unicode char U+00B0 (decimal 176)
   defining Unicode char U+00B1 (decimal 177)
   defining Unicode char U+00B2 (decimal 178)
   defining Unicode char U+00B3 (decimal 179)
   defining Unicode char U+00B4 (decimal 180)
   defining Unicode char U+00B5 (decimal 181)
   defining Unicode char U+00B6 (decimal 182)
   defining Unicode char U+00B7 (decimal 183)
   defining Unicode char U+00B9 (decimal 185)
   defining Unicode char U+00BA (decimal 186)
   defining Unicode char U+00BC (decimal 188)
   defining Unicode char U+00BD (decimal 189)
   defining Unicode char U+00BE (decimal 190)
   defining Unicode char U+00D7 (decimal 215)
   defining Unicode char U+00F7 (decimal 247)
   defining Unicode char U+0192 (decimal 402)
   defining Unicode char U+02C7 (decimal 711)
   defining Unicode char U+02D8 (decimal 728)
   defining Unicode char U+02DD (decimal 733)
   defining Unicode char U+0E3F (decimal 3647)
   defining Unicode char U+2016 (decimal 8214)
   defining Unicode char U+2020 (decimal 8224)
   defining Unicode char U+2021 (decimal 8225)
   defining Unicode char U+2022 (decimal 8226)
   defining Unicode char U+2030 (decimal 8240)
   defining Unicode char U+2031 (decimal 8241)
   defining Unicode char U+203B (decimal 8251)
   defining Unicode char U+203D (decimal 8253)
   defining Unicode char U+2044 (decimal 8260)
   defining Unicode char U+204E (decimal 8270)
   defining Unicode char U+2052 (decimal 8274)
   defining Unicode char U+20A1 (decimal 8353)
   defining Unicode char U+20A4 (decimal 8356)
   defining Unicode char U+20A6 (decimal 8358)
   defining Unicode char U+20A9 (decimal 8361)
   defining Unicode char U+20AB (decimal 8363)
   defining Unicode char U+20AC (decimal 8364)
   defining Unicode char U+20B1 (decimal 8369)
   defining Unicode char U+2103 (decimal 8451)
   defining Unicode char U+2116 (decimal 8470)
   defining Unicode char U+2117 (decimal 8471)
   defining Unicode char U+211E (decimal 8478)
   defining Unicode char U+2120 (decimal 8480)
   defining Unicode char U+2122 (decimal 8482)
   defining Unicode char U+2126 (decimal 8486)
   defining Unicode char U+2127 (decimal 8487)
   defining Unicode char U+212E (decimal 8494)
   defining Unicode char U+2190 (decimal 8592)
   defining Unicode char U+2191 (decimal 8593)
   defining Unicode char U+2192 (decimal 8594)
   defining Unicode char U+2193 (decimal 8595)
   defining Unicode char U+2329 (decimal 9001)
   defining Unicode char U+232A (decimal 9002)
   defining Unicode char U+2422 (decimal 9250)
   defining Unicode char U+25E6 (decimal 9702)
   defining Unicode char U+25EF (decimal 9711)
   defining Unicode char U+266A (decimal 9834)
   defining Unicode char U+FEFF (decimal 65279)
))
LaTeX Info: Redefining \oldstylenums on input line 334.
Package textcomp Info: Setting cmr sub-encoding to TS1/0 on input line 349.
Package textcomp Info: Setting cmss sub-encoding to TS1/0 on input line 350.
Package textcomp Info: Setting cmtt sub-encoding to TS1/0 on input line 351.
Package textcomp Info: Setting cmvtt sub-encoding to TS1/0 on input line 352.
Package textcomp Info: Setting cmbr sub-encoding to TS1/0 on input line 353.
Package textcomp Info: Setting cmtl sub-encoding to TS1/0 on input line 354.
Package textcomp Info: Setting ccr sub-encoding to TS1/0 on input line 355.
Package textcomp Info: Setting ptm sub-encoding to TS1/4 on input line 356.
Package textcomp Info: Setting pcr sub-encoding to TS1/4 on input line 357.
Package textcomp Info: Setting phv sub-encoding to TS1/4 on input line 358.
Package textcomp Info: Setting ppl sub-encoding to TS1/3 on input line 359.
Package textcomp Info: Setting pag sub-encoding to TS1/4 on input line 360.
Package textcomp Info: Setting pbk sub-encoding to TS1/4 on input line 361.
Package textcomp Info: Setting pnc sub-encoding to TS1/4 on input line 362.
Package textcomp Info: Setting pzc sub-encoding to TS1/4 on input line 363.
Package textcomp Info: Setting bch sub-encoding to TS1/4 on input line 364.
Package textcomp Info: Setting put sub-encoding to TS1/5 on input line 365.
Package textcomp Info: Setting uag sub-encoding to TS1/5 on input line 366.
Package textcomp Info: Setting ugq sub-encoding to TS1/5 on input line 367.
Package textcomp Info: Setting ul8 sub-encoding to TS1/4 on input line 368.
Package textcomp Info: Setting ul9 sub-encoding to TS1/4 on input line 369.
Package textcomp Info: Setting augie sub-encoding to TS1/5 on input line 370.
Package textcomp Info: Setting dayrom sub-encoding to TS1/3 on input line 371.
Package textcomp Info: Setting dayroms sub-encoding to TS1/3 on input line 372.

Package textcomp Info: Setting pxr sub-encoding to TS1/0 on input line 373.
Package textcomp Info: Setting pxss sub-encoding to TS1/0 on input line 374.
Package textcomp Info: Setting pxtt sub-encoding to TS1/0 on input line 375.
Package textcomp Info: Setting txr sub-encoding to TS1/0 on input line 376.
Package textcomp Info: Setting txss sub-encoding to TS1/0 on input line 377.
Package textcomp Info: Setting txtt sub-encoding to TS1/0 on input line 378.
Package textcomp Info: Setting lmr sub-encoding to TS1/0 on input line 379.
Package textcomp Info: Setting lmdh sub-encoding to TS1/0 on input line 380.
Package textcomp Info: Setting lmss sub-encoding to TS1/0 on input line 381.
Package textcomp Info: Setting lmssq sub-encoding to TS1/0 on input line 382.
Package textcomp Info: Setting lmvtt sub-encoding to TS1/0 on input line 383.
Package textcomp Info: Setting lmtt sub-encoding to TS1/0 on input line 384.
Package textcomp Info: Setting qhv sub-encoding to TS1/0 on input line 385.
Package textcomp Info: Setting qag sub-encoding to TS1/0 on input line 386.
Package textcomp Info: Setting qbk sub-encoding to TS1/0 on input line 387.
Package textcomp Info: Setting qcr sub-encoding to TS1/0 on input line 388.
Package textcomp Info: Setting qcs sub-encoding to TS1/0 on input line 389.
Package textcomp Info: Setting qpl sub-encoding to TS1/0 on input line 390.
Package textcomp Info: Setting qtm sub-encoding to TS1/0 on input line 391.
Package textcomp Info: Setting qzc sub-encoding to TS1/0 on input line 392.
Package textcomp Info: Setting qhvc sub-encoding to TS1/0 on input line 393.
Package textcomp Info: Setting futs sub-encoding to TS1/4 on input line 394.
Package textcomp Info: Setting futx sub-encoding to TS1/4 on input line 395.
Package textcomp Info: Setting futj sub-encoding to TS1/4 on input line 396.
Package textcomp Info: Setting hlh sub-encoding to TS1/3 on input line 397.
Package textcomp Info: Setting hls sub-encoding to TS1/3 on input line 398.
Package textcomp Info: Setting hlst sub-encoding to TS1/3 on input line 399.
Package textcomp Info: Setting hlct sub-encoding to TS1/5 on input line 400.
Package textcomp Info: Setting hlx sub-encoding to TS1/5 on input line 401.
Package textcomp Info: Setting hlce sub-encoding to TS1/5 on input line 402.
Package textcomp Info: Setting hlcn sub-encoding to TS1/5 on input line 403.
Package textcomp Info: Setting hlcw sub-encoding to TS1/5 on input line 404.
Package textcomp Info: Setting hlcf sub-encoding to TS1/5 on input line 405.
Package textcomp Info: Setting pplx sub-encoding to TS1/3 on input line 406.
Package textcomp Info: Setting pplj sub-encoding to TS1/3 on input line 407.
Package textcomp Info: Setting ptmx sub-encoding to TS1/4 on input line 408.
Package textcomp Info: Setting ptmj sub-encoding to TS1/4 on input line 409.
)
(/home/jason/.miktex/texmfs/install/tex/latex/l3packages/xtemplate/xtemplate.st
y
Package: xtemplate 2019-05-28 L3 Experimental prototype document functions
\l__xtemplate_tmp_dim=\dimen309
\l__xtemplate_tmp_int=\count402
\l__xtemplate_tmp_muskip=\muskip18
\l__xtemplate_tmp_skip=\skip117
)
Package: xfrac 2019-05-28 L3 Experimental split-level fractions
\l__xfrac_slash_box=\box99
\l__xfrac_tmp_box=\box100
\l__xfrac_denominator_bot_sep_dim=\dimen310
\l__xfrac_numerator_bot_sep_dim=\dimen311
\l__xfrac_numerator_top_sep_dim=\dimen312
\l__xfrac_slash_left_sep_dim=\dimen313
\l__xfrac_slash_right_sep_dim=\dimen314
\l__xfrac_slash_left_muskip=\muskip19
\l__xfrac_slash_right_muskip=\muskip20

Package xtemplate Info: Declaring object type 'xfrac' taking 3 argument(s) on
(xtemplate)             line 79.

) (/home/jason/.miktex/texmfs/install/tex/latex/tools/hhline.sty
Package: hhline 2014/10/28 v2.03 Table rule package (DPC)
)
(/home/jason/.miktex/texmfs/install/tex/latex/tools/tabularx.sty
Package: tabularx 2016/02/03 v2.11b `tabularx' package (DPC)
\TX@col@width=\dimen315
\TX@old@table=\dimen316
\TX@old@col=\dimen317
\TX@target=\dimen318
\TX@delta=\dimen319
\TX@cols=\count403
\TX@ftn=\toks43
)
(/home/jason/.miktex/texmfs/install/tex/latex/placeins/placeins.sty
Package: placeins 2005/04/18  v 2.2
) (main.aux
(cover.aux) (abstract.aux) (cv.aux) (Results.aux) (appendicies.aux))
\openout1 = `main.aux'.

LaTeX Font Info:    Checking defaults for OML/cmm/m/it on input line 51.
LaTeX Font Info:    ... okay on input line 51.
LaTeX Font Info:    Checking defaults for T1/cmr/m/n on input line 51.
LaTeX Font Info:    ... okay on input line 51.
LaTeX Font Info:    Checking defaults for OT1/cmr/m/n on input line 51.
LaTeX Font Info:    ... okay on input line 51.
LaTeX Font Info:    Checking defaults for OMS/cmsy/m/n on input line 51.
LaTeX Font Info:    ... okay on input line 51.
LaTeX Font Info:    Checking defaults for OMX/cmex/m/n on input line 51.
LaTeX Font Info:    ... okay on input line 51.
LaTeX Font Info:    Checking defaults for U/cmr/m/n on input line 51.
LaTeX Font Info:    ... okay on input line 51.
LaTeX Font Info:    Checking defaults for PD1/pdf/m/n on input line 51.
LaTeX Font Info:    ... okay on input line 51.
LaTeX Font Info:    Checking defaults for TS1/cmr/m/n on input line 51.
LaTeX Font Info:    Try loading font information for TS1+cmr on input line 51.

(/home/jason/.miktex/texmfs/install/tex/latex/base/ts1cmr.fd
File: ts1cmr.fd 2014/09/29 v2.5h Standard LaTeX font definitions
)
LaTeX Font Info:    ... okay on input line 51.
Package caption Info: Begin \AtBeginDocument code.
Package caption Info: subfig package v1.3 is loaded.
Package caption Info: hyperref package is loaded.
Package caption Info: End \AtBeginDocument code.

(/home/jason/.miktex/texmfs/install/tex/context/base/mkii/supp-pdf.mkii
[Loading MPS to PDF converter (version 2006.09.02).]
\scratchcounter=\count404
\scratchdimen=\dimen320
\scratchbox=\box101
\nofMPsegments=\count405
\nofMParguments=\count406
\everyMPshowfont=\toks44
\MPscratchCnt=\count407
\MPscratchDim=\dimen321
\MPnumerator=\count408
\makeMPintoPDFobject=\count409
\everyMPtoPDFconversion=\toks45
) (/home/jason/.miktex/texmfs/install/tex/latex/oberdiek/epstopdf-base.sty
Package: epstopdf-base 2016/05/15 v2.6 Base part for package epstopdf

(/home/jason/.miktex/texmfs/install/tex/latex/oberdiek/grfext.sty
Package: grfext 2016/05/16 v1.2 Manage graphics extensions (HO)
)
Package epstopdf-base Info: Redefining graphics rule for `.eps' on input line 4
38.
Package grfext Info: Graphics extension search list:
(grfext)             [.pdf,.png,.jpg,.mps,.jpeg,.jbig2,.jb2,.PDF,.PNG,.JPG,.JPE
G,.JBIG2,.JB2,.eps]
(grfext)             \AppendGraphicsExtensions on input line 456.
)

Package layouts Warning: Layout scale set to 0.5 on input line 51.

ABD: EveryShipout initializing macros

Package todonotes Warning: The length marginparwidth is less than 2cm and will 
most likely cause issues with the appearance of inserted todonotes. The issue c
an be solved by adding a line like \setlength {\marginparwidth }{2cm} prior to 
loading the todonotes package. on input line 51.

ABD: EverySelectfont initializing macros
LaTeX Info: Redefining \selectfont on input line 51.
\AtBeginShipoutBox=\box102


Package hyperref Warning: Height of page (\stockheight) is invalid (0.0pt),
(hyperref)                using 11in.

Package hyperref Info: Link coloring OFF on input line 51.
(/home/jason/.miktex/texmfs/install/tex/latex/hyperref/nameref.sty
Package: nameref 2016/05/21 v2.44 Cross-referencing by name of section

(/home/jason/.miktex/texmfs/install/tex/generic/oberdiek/gettitlestring.sty
Package: gettitlestring 2016/05/16 v1.5 Cleanup title references (HO)
)
\c@section@level=\count410
)
LaTeX Info: Redefining \ref on input line 51.
LaTeX Info: Redefining \pageref on input line 51.
LaTeX Info: Redefining \nameref on input line 51.

(main.out) (main.out)
\@outlinefile=\write5
\openout5 = `main.out'.


(/home/jason/.miktex/texmfs/install/tex/latex/translator/translator-basic-dicti
onary-English.dict
Dictionary: translator-basic-dictionary, Language: English 
)
(/home/jason/.miktex/texmfs/install/tex/latex/siunitx/siunitx-abbreviations.cfg
File: siunitx-abbreviations.cfg 2017/11/26 v2.7k siunitx: Abbreviated units
)
LaTeX Font Info:    Try loading font information for U+msa on input line 51.
 (/home/jason/.miktex/texmfs/install/tex/latex/amsfonts/umsa.fd
File: umsa.fd 2013/01/14 v3.01 AMS symbols A
)
LaTeX Font Info:    Try loading font information for U+msb on input line 51.

(/home/jason/.miktex/texmfs/install/tex/latex/amsfonts/umsb.fd
File: umsb.fd 2013/01/14 v3.01 AMS symbols B
)
\openout2 = `cover.aux'.

 (cover.tex)
\openout2 = `abstract.aux'.


(abstract.tex)
\openout2 = `cv.aux'.

 (cv.tex) [1







{/home/jason/.miktex/texmfs/data/pdftex/config/pdftex.map}] [2

] [3

]
Underfull \hbox (badness 10000) in paragraph at lines 58--58

 []

[4

] [5

] [6]
Underfull \hbox (badness 10000) in paragraph at lines 58--58

 []

(main.toc
Overfull \hbox (7.17632pt too wide) detected at line 2
 \OT1/cmr/m/n/12 I.  
 []


Overfull \hbox (31.87698pt too wide) detected at line 3
 \OT1/cmr/m/n/12 1.1.  
 []


Overfull \hbox (26.91597pt too wide) detected at line 4
 \OT1/cmr/m/n/12 1.1.1.  
 []


Overfull \hbox (26.91597pt too wide) detected at line 5
 \OT1/cmr/m/n/12 1.1.2.  
 []


Overfull \hbox (26.91597pt too wide) detected at line 6
 \OT1/cmr/m/n/12 1.1.3.  
 []


Overfull \hbox (31.87698pt too wide) detected at line 10
 \OT1/cmr/m/n/12 1.2.  
 []


Overfull \hbox (31.87698pt too wide) detected at line 11
 \OT1/cmr/m/n/12 1.3.  
 []


Overfull \hbox (11.74571pt too wide) detected at line 13
 \OT1/cmr/m/n/12 A.  
 []


Overfull \hbox (11.25822pt too wide) detected at line 14
 \OT1/cmr/m/n/12 B.  
 []


Overfull \hbox (11.4235pt too wide) detected at line 15
 \OT1/cmr/m/n/12 C.  
 []


Overfull \hbox (34.48807pt too wide) detected at line 16
 \OT1/cmr/m/n/12 C.1.  
 []


Overfull \hbox (34.48807pt too wide) detected at line 17
 \OT1/cmr/m/n/12 C.2.  
 []

[7


]
Overfull \hbox (11.911pt too wide) detected at line 18
 \OT1/cmr/m/n/12 D.  
 []


Overfull \hbox (10.93184pt too wide) detected at line 19
 \OT1/cmr/m/n/12 E.  
 []

)
\tf@toc=\write6
\openout6 = `main.toc'.

 [8]
Underfull \hbox (badness 10000) in paragraph at lines 58--58

 []

(main.lof [9

])
\tf@lof=\write7
\openout7 = `main.lof'.

 [10]
Underfull \hbox (badness 10000) in paragraph at lines 58--58

 []

(main.lot)
\tf@lot=\write8
\openout8 = `main.lot'.

 [11

]
\openout2 = `Results.aux'.

 (Results.tex
[Analysis And Results]
[1




]
Underfull \hbox (badness 2165) in paragraph at lines 28--29
[]\OT1/cmr/m/n/12 Lepton ef-fi-cien-cies con-tain the trig-ger,
 []

[2]
Underfull \hbox (badness 3417) in paragraph at lines 30--31
[]\OT1/cmr/m/n/12 The lep-ton en-ergy (mo-men-tum) is
 []


LaTeX Warning: Reference `sec:FakePho' on page 3 undefined on input line 31.

[3]

LaTeX Warning: Reference `sec:Fakes' on page 4 undefined on input line 47.


Underfull \hbox (badness 4899) in paragraph at lines 51--51
[]\OT1/cmr/bx/n/12 1.1.3.  Sym-metriza-tion, Smooth-ing, and Prun-ing of Sys-te
m-atic
 []


Underfull \hbox (badness 1231) in paragraph at lines 53--54
[]\OT1/cmr/m/n/12 Symmetrization and smooth-ing are meth-ods used to min-i-mize
 sta-tis-ti-cal
 []

[4] [5]

Package hyperref Warning: Token not allowed in a PDF string (PDFDocEncoding):
(hyperref)                removing `math shift' on input line 76.


Package hyperref Warning: Token not allowed in a PDF string (PDFDocEncoding):
(hyperref)                removing `\rightarrow' on input line 76.


Package hyperref Warning: Token not allowed in a PDF string (PDFDocEncoding):
(hyperref)                removing `math shift' on input line 76.


Package hyperref Warning: Token not allowed in a PDF string (PDFDocEncoding):
(hyperref)                removing `math shift' on input line 76.


Package hyperref Warning: Token not allowed in a PDF string (PDFDocEncoding):
(hyperref)                removing `\gamma' on input line 76.


Package hyperref Warning: Token not allowed in a PDF string (PDFDocEncoding):
(hyperref)                removing `math shift' on input line 76.

) [6]
\openout2 = `appendicies.aux'.

 (appendicies.tex (Appendix_Derivation.tex
[Derivation Information (TOPQ1)]

Overfull \hbox (13.2493pt too wide) in paragraph at lines 9--18
 [] 
 []

) [7



] (Appendix_MC_samples.tex
[Complete List of Monte Carlo Samples Used]

Overfull \hbox (22.04129pt too wide) in paragraph at lines 44--84
 [] 
 []


LaTeX Warning: `!h' float specifier changed to `!ht'.


LaTeX Warning: `!h' float specifier changed to `!ht'.


LaTeX Warning: Float too large for page by 3.19751pt on input line 207.


LaTeX Warning: `!h' float specifier changed to `!ht'.


LaTeX Warning: `!h' float specifier changed to `!ht'.

) [8


] [9] [10] [11] [12] (Appendix_NN.tex
[Additional Plots from NN Studies]
<../ThesisImages/SearchStrategy/varplots/bjet0_e.png, id=293, 578.16pt x 578.16
pt>
File: ../ThesisImages/SearchStrategy/varplots/bjet0_e.png Graphic file (type pn
g)
<use ../ThesisImages/SearchStrategy/varplots/bjet0_e.png>
Package pdftex.def Info: ../ThesisImages/SearchStrategy/varplots/bjet0_e.png  u
sed on input line 10.
(pdftex.def)             Requested size: 173.44534pt x 173.4405pt.
<../ThesisImages/SearchStrategy/varplots/bjet0_eta.png, id=295, 578.16pt x 578.
16pt>
File: ../ThesisImages/SearchStrategy/varplots/bjet0_eta.png Graphic file (type 
png)
<use ../ThesisImages/SearchStrategy/varplots/bjet0_eta.png>
Package pdftex.def Info: ../ThesisImages/SearchStrategy/varplots/bjet0_eta.png 
 used on input line 11.
(pdftex.def)             Requested size: 173.44534pt x 173.4405pt.
<../ThesisImages/SearchStrategy/varplots/deltaRjb.png, id=296, 578.16pt x 578.1
6pt>
File: ../ThesisImages/SearchStrategy/varplots/deltaRjb.png Graphic file (type p
ng)
<use ../ThesisImages/SearchStrategy/varplots/deltaRjb.png>
Package pdftex.def Info: ../ThesisImages/SearchStrategy/varplots/deltaRjb.png  
used on input line 13.
(pdftex.def)             Requested size: 173.44534pt x 173.4405pt.
<../ThesisImages/SearchStrategy/varplots/jet0_e.png, id=297, 578.16pt x 578.16p
t>
File: ../ThesisImages/SearchStrategy/varplots/jet0_e.png Graphic file (type png
)
<use ../ThesisImages/SearchStrategy/varplots/jet0_e.png>
Package pdftex.def Info: ../ThesisImages/SearchStrategy/varplots/jet0_e.png  us
ed on input line 14.
(pdftex.def)             Requested size: 173.44534pt x 173.4405pt.
<../ThesisImages/SearchStrategy/varplots/jet0_eta.png, id=298, 578.16pt x 578.1
6pt>
File: ../ThesisImages/SearchStrategy/varplots/jet0_eta.png Graphic file (type p
ng)
<use ../ThesisImages/SearchStrategy/varplots/jet0_eta.png>
Package pdftex.def Info: ../ThesisImages/SearchStrategy/varplots/jet0_eta.png  
used on input line 16.
(pdftex.def)             Requested size: 173.44534pt x 173.4405pt.
<../ThesisImages/SearchStrategy/varplots/nu_chi2.png, id=299, 578.16pt x 578.16
pt>
File: ../ThesisImages/SearchStrategy/varplots/nu_chi2.png Graphic file (type pn
g)
<use ../ThesisImages/SearchStrategy/varplots/nu_chi2.png>
Package pdftex.def Info: ../ThesisImages/SearchStrategy/varplots/nu_chi2.png  u
sed on input line 17.
(pdftex.def)             Requested size: 173.44534pt x 173.4405pt.

LaTeX Warning: Float too large for page by 8.21405pt on input line 20.


LaTeX Warning: `!h' float specifier changed to `!ht'.

<../ThesisImages/SearchStrategy/varplots/lepton_pt.png, id=300, 578.16pt x 578.
16pt>
File: ../ThesisImages/SearchStrategy/varplots/lepton_pt.png Graphic file (type 
png)
<use ../ThesisImages/SearchStrategy/varplots/lepton_pt.png>
Package pdftex.def Info: ../ThesisImages/SearchStrategy/varplots/lepton_pt.png 
 used on input line 25.
(pdftex.def)             Requested size: 173.44534pt x 173.4405pt.
<../ThesisImages/SearchStrategy/varplots/lepton_eta.png, id=301, 578.16pt x 578
.16pt>
File: ../ThesisImages/SearchStrategy/varplots/lepton_eta.png Graphic file (type
 png)
<use ../ThesisImages/SearchStrategy/varplots/lepton_eta.png>
Package pdftex.def Info: ../ThesisImages/SearchStrategy/varplots/lepton_eta.png
  used on input line 26.
(pdftex.def)             Requested size: 173.44534pt x 173.4405pt.
<../ThesisImages/SearchStrategy/varplots/lepton_iso.png, id=302, 578.16pt x 578
.16pt>
File: ../ThesisImages/SearchStrategy/varplots/lepton_iso.png Graphic file (type
 png)
<use ../ThesisImages/SearchStrategy/varplots/lepton_iso.png>
Package pdftex.def Info: ../ThesisImages/SearchStrategy/varplots/lepton_iso.png
  used on input line 28.
(pdftex.def)             Requested size: 173.44534pt x 173.4405pt.
<../ThesisImages/SearchStrategy/varplots/sm_chi2.png, id=303, 578.16pt x 578.16
pt>
File: ../ThesisImages/SearchStrategy/varplots/sm_chi2.png Graphic file (type pn
g)
<use ../ThesisImages/SearchStrategy/varplots/sm_chi2.png>
Package pdftex.def Info: ../ThesisImages/SearchStrategy/varplots/sm_chi2.png  u
sed on input line 29.
(pdftex.def)             Requested size: 173.44534pt x 173.4405pt.
<../ThesisImages/SearchStrategy/varplots/photon0_e.png, id=304, 578.16pt x 578.
16pt>
File: ../ThesisImages/SearchStrategy/varplots/photon0_e.png Graphic file (type 
png)
<use ../ThesisImages/SearchStrategy/varplots/photon0_e.png>
Package pdftex.def Info: ../ThesisImages/SearchStrategy/varplots/photon0_e.png 
 used on input line 31.
(pdftex.def)             Requested size: 173.44534pt x 173.4405pt.
<../ThesisImages/SearchStrategy/varplots/photon0_eta.png, id=305, 578.16pt x 57
8.16pt>
File: ../ThesisImages/SearchStrategy/varplots/photon0_eta.png Graphic file (typ
e png)
<use ../ThesisImages/SearchStrategy/varplots/photon0_eta.png>
Package pdftex.def Info: ../ThesisImages/SearchStrategy/varplots/photon0_eta.pn
g  used on input line 32.
(pdftex.def)             Requested size: 173.44534pt x 173.4405pt.

LaTeX Warning: Float too large for page by 8.21405pt on input line 35.


LaTeX Warning: `!h' float specifier changed to `!ht'.

[13


] [14 <../ThesisImages/SearchStrategy/varplots/bjet0_e.png> <../ThesisImages/Se
archStrategy/varplots/bjet0_eta.png> <../ThesisImages/SearchStrategy/varplots/d
eltaRjb.png> <../ThesisImages/SearchStrategy/varplots/jet0_e.png> <../ThesisIma
ges/SearchStrategy/varplots/jet0_eta.png> <../ThesisImages/SearchStrategy/varpl
ots/nu_chi2.png>] [15 <../ThesisImages/SearchStrategy/varplots/lepton_pt.png> <
../ThesisImages/SearchStrategy/varplots/lepton_eta.png> <../ThesisImages/Search
Strategy/varplots/lepton_iso.png> <../ThesisImages/SearchStrategy/varplots/sm_c
hi2.png> <../ThesisImages/SearchStrategy/varplots/photon0_e.png> <../ThesisImag
es/SearchStrategy/varplots/photon0_eta.png>]
<../ThesisImages/SearchStrategy/varplots/ejets/deltaRlgam.png, id=345, 578.16pt
 x 578.16pt>
File: ../ThesisImages/SearchStrategy/varplots/ejets/deltaRlgam.png Graphic file
 (type png)
<use ../ThesisImages/SearchStrategy/varplots/ejets/deltaRlgam.png>
Package pdftex.def Info: ../ThesisImages/SearchStrategy/varplots/ejets/deltaRlg
am.png  used on input line 41.
(pdftex.def)             Requested size: 173.44534pt x 173.4405pt.
<../ThesisImages/SearchStrategy/varplots/ejets/lepton_e.png, id=346, 578.16pt x
 578.16pt>
File: ../ThesisImages/SearchStrategy/varplots/ejets/lepton_e.png Graphic file (
type png)
<use ../ThesisImages/SearchStrategy/varplots/ejets/lepton_e.png>
Package pdftex.def Info: ../ThesisImages/SearchStrategy/varplots/ejets/lepton_e
.png  used on input line 42.
(pdftex.def)             Requested size: 173.44534pt x 173.4405pt.
<../ThesisImages/SearchStrategy/varplots/ejets/met.png, id=347, 578.16pt x 578.
16pt>
File: ../ThesisImages/SearchStrategy/varplots/ejets/met.png Graphic file (type 
png)
<use ../ThesisImages/SearchStrategy/varplots/ejets/met.png>
Package pdftex.def Info: ../ThesisImages/SearchStrategy/varplots/ejets/met.png 
 used on input line 44.
(pdftex.def)             Requested size: 173.44534pt x 173.4405pt.
<../ThesisImages/SearchStrategy/varplots/ejets/bjet0_pt.png, id=348, 578.16pt x
 578.16pt>
File: ../ThesisImages/SearchStrategy/varplots/ejets/bjet0_pt.png Graphic file (
type png)
<use ../ThesisImages/SearchStrategy/varplots/ejets/bjet0_pt.png>
Package pdftex.def Info: ../ThesisImages/SearchStrategy/varplots/ejets/bjet0_pt
.png  used on input line 45.
(pdftex.def)             Requested size: 173.44534pt x 173.4405pt.
<../ThesisImages/SearchStrategy/varplots/ejets/photon0_iso.png, id=349, 578.16p
t x 578.16pt>
File: ../ThesisImages/SearchStrategy/varplots/ejets/photon0_iso.png Graphic fil
e (type png)
<use ../ThesisImages/SearchStrategy/varplots/ejets/photon0_iso.png>
Package pdftex.def Info: ../ThesisImages/SearchStrategy/varplots/ejets/photon0_
iso.png  used on input line 52.
(pdftex.def)             Requested size: 173.44534pt x 173.4405pt.
<../ThesisImages/SearchStrategy/varplots/ejets/photon0_pt.png, id=350, 578.16pt
 x 578.16pt>
File: ../ThesisImages/SearchStrategy/varplots/ejets/photon0_pt.png Graphic file
 (type png)
<use ../ThesisImages/SearchStrategy/varplots/ejets/photon0_pt.png>
Package pdftex.def Info: ../ThesisImages/SearchStrategy/varplots/ejets/photon0_
pt.png  used on input line 53.
(pdftex.def)             Requested size: 173.44534pt x 173.4405pt.
<../ThesisImages/SearchStrategy/varplots/ejets/m_qgam.png, id=351, 578.16pt x 5
78.16pt>
File: ../ThesisImages/SearchStrategy/varplots/ejets/m_qgam.png Graphic file (ty
pe png)
<use ../ThesisImages/SearchStrategy/varplots/ejets/m_qgam.png>
Package pdftex.def Info: ../ThesisImages/SearchStrategy/varplots/ejets/m_qgam.p
ng  used on input line 55.
(pdftex.def)             Requested size: 173.44534pt x 173.4405pt.
<../ThesisImages/SearchStrategy/varplots/ejets/m_lgam.png, id=352, 578.16pt x 5
78.16pt>
File: ../ThesisImages/SearchStrategy/varplots/ejets/m_lgam.png Graphic file (ty
pe png)
<use ../ThesisImages/SearchStrategy/varplots/ejets/m_lgam.png>
Package pdftex.def Info: ../ThesisImages/SearchStrategy/varplots/ejets/m_lgam.p
ng  used on input line 56.
(pdftex.def)             Requested size: 173.44534pt x 173.4405pt.
<../ThesisImages/SearchStrategy/varplots/ejets/m_tSM.png, id=353, 578.16pt x 57
8.16pt>
File: ../ThesisImages/SearchStrategy/varplots/ejets/m_tSM.png Graphic file (typ
e png)
<use ../ThesisImages/SearchStrategy/varplots/ejets/m_tSM.png>
Package pdftex.def Info: ../ThesisImages/SearchStrategy/varplots/ejets/m_tSM.pn
g  used on input line 58.
(pdftex.def)             Requested size: 173.44534pt x 173.4405pt.
<../ThesisImages/SearchStrategy/varplots/ejets/deltaRjgam.png, id=354, 578.16pt
 x 578.16pt>
File: ../ThesisImages/SearchStrategy/varplots/ejets/deltaRjgam.png Graphic file
 (type png)
<use ../ThesisImages/SearchStrategy/varplots/ejets/deltaRjgam.png>
Package pdftex.def Info: ../ThesisImages/SearchStrategy/varplots/ejets/deltaRjg
am.png  used on input line 59.
(pdftex.def)             Requested size: 173.44534pt x 173.4405pt.


LaTeX Warning: `!h' float specifier changed to `!ht'.

<../ThesisImages/SearchStrategy/varplots/ejets/deltaRbl.png, id=355, 578.16pt x
 578.16pt>
File: ../ThesisImages/SearchStrategy/varplots/ejets/deltaRbl.png Graphic file (
type png)
<use ../ThesisImages/SearchStrategy/varplots/ejets/deltaRbl.png>
Package pdftex.def Info: ../ThesisImages/SearchStrategy/varplots/ejets/deltaRbl
.png  used on input line 66.
(pdftex.def)             Requested size: 173.44534pt x 173.4405pt.
<../ThesisImages/SearchStrategy/varplots/ejets/MWT.png, id=356, 578.16pt x 578.
16pt>
File: ../ThesisImages/SearchStrategy/varplots/ejets/MWT.png Graphic file (type 
png)
<use ../ThesisImages/SearchStrategy/varplots/ejets/MWT.png>
Package pdftex.def Info: ../ThesisImages/SearchStrategy/varplots/ejets/MWT.png 
 used on input line 67.
(pdftex.def)             Requested size: 173.44534pt x 173.4405pt.
<../ThesisImages/SearchStrategy/varplots/ejets/S_T.png, id=357, 578.16pt x 578.
16pt>
File: ../ThesisImages/SearchStrategy/varplots/ejets/S_T.png Graphic file (type 
png)
<use ../ThesisImages/SearchStrategy/varplots/ejets/S_T.png>
Package pdftex.def Info: ../ThesisImages/SearchStrategy/varplots/ejets/S_T.png 
 used on input line 69.
(pdftex.def)             Requested size: 173.44534pt x 173.4405pt.
<../ThesisImages/SearchStrategy/varplots/ejets/njets.png, id=358, 578.16pt x 57
8.16pt>
File: ../ThesisImages/SearchStrategy/varplots/ejets/njets.png Graphic file (typ
e png)
<use ../ThesisImages/SearchStrategy/varplots/ejets/njets.png>
Package pdftex.def Info: ../ThesisImages/SearchStrategy/varplots/ejets/njets.pn
g  used on input line 70.
(pdftex.def)             Requested size: 173.44534pt x 173.4405pt.
<../ThesisImages/SearchStrategy/varplots/ejets/w_chi2.png, id=359, 578.16pt x 5
78.16pt>
File: ../ThesisImages/SearchStrategy/varplots/ejets/w_chi2.png Graphic file (ty
pe png)
<use ../ThesisImages/SearchStrategy/varplots/ejets/w_chi2.png>
Package pdftex.def Info: ../ThesisImages/SearchStrategy/varplots/ejets/w_chi2.p
ng  used on input line 72.
(pdftex.def)             Requested size: 173.44534pt x 173.4405pt.
<../ThesisImages/SearchStrategy/varplots/ejets/jet0_pt.png, id=360, 578.16pt x 
578.16pt>
File: ../ThesisImages/SearchStrategy/varplots/ejets/jet0_pt.png Graphic file (t
ype png)
<use ../ThesisImages/SearchStrategy/varplots/ejets/jet0_pt.png>
Package pdftex.def Info: ../ThesisImages/SearchStrategy/varplots/ejets/jet0_pt.
png  used on input line 73.
(pdftex.def)             Requested size: 173.44534pt x 173.4405pt.

LaTeX Warning: `!h' float specifier changed to `!ht'.

<../ThesisImages/SearchStrategy/varplots/ejets/bjet0_e.png, id=361, 578.16pt x 
578.16pt>
File: ../ThesisImages/SearchStrategy/varplots/ejets/bjet0_e.png Graphic file (t
ype png)
<use ../ThesisImages/SearchStrategy/varplots/ejets/bjet0_e.png>
Package pdftex.def Info: ../ThesisImages/SearchStrategy/varplots/ejets/bjet0_e.
png  used on input line 81.
(pdftex.def)             Requested size: 173.44534pt x 173.4405pt.
<../ThesisImages/SearchStrategy/varplots/ejets/bjet0_eta.png, id=362, 578.16pt 
x 578.16pt>
File: ../ThesisImages/SearchStrategy/varplots/ejets/bjet0_eta.png Graphic file 
(type png)
<use ../ThesisImages/SearchStrategy/varplots/ejets/bjet0_eta.png>
Package pdftex.def Info: ../ThesisImages/SearchStrategy/varplots/ejets/bjet0_et
a.png  used on input line 82.
(pdftex.def)             Requested size: 173.44534pt x 173.4405pt.
<../ThesisImages/SearchStrategy/varplots/ejets/deltaRjb.png, id=363, 578.16pt x
 578.16pt>
File: ../ThesisImages/SearchStrategy/varplots/ejets/deltaRjb.png Graphic file (
type png)
<use ../ThesisImages/SearchStrategy/varplots/ejets/deltaRjb.png>
Package pdftex.def Info: ../ThesisImages/SearchStrategy/varplots/ejets/deltaRjb
.png  used on input line 84.
(pdftex.def)             Requested size: 173.44534pt x 173.4405pt.
<../ThesisImages/SearchStrategy/varplots/ejets/jet0_e.png, id=364, 578.16pt x 5
78.16pt>
File: ../ThesisImages/SearchStrategy/varplots/ejets/jet0_e.png Graphic file (ty
pe png)
<use ../ThesisImages/SearchStrategy/varplots/ejets/jet0_e.png>
Package pdftex.def Info: ../ThesisImages/SearchStrategy/varplots/ejets/jet0_e.p
ng  used on input line 85.
(pdftex.def)             Requested size: 173.44534pt x 173.4405pt.
<../ThesisImages/SearchStrategy/varplots/ejets/jet0_eta.png, id=365, 578.16pt x
 578.16pt>
File: ../ThesisImages/SearchStrategy/varplots/ejets/jet0_eta.png Graphic file (
type png)
<use ../ThesisImages/SearchStrategy/varplots/ejets/jet0_eta.png>
Package pdftex.def Info: ../ThesisImages/SearchStrategy/varplots/ejets/jet0_eta
.png  used on input line 87.
(pdftex.def)             Requested size: 173.44534pt x 173.4405pt.
<../ThesisImages/SearchStrategy/varplots/ejets/nu_chi2.png, id=366, 578.16pt x 
578.16pt>
File: ../ThesisImages/SearchStrategy/varplots/ejets/nu_chi2.png Graphic file (t
ype png)
<use ../ThesisImages/SearchStrategy/varplots/ejets/nu_chi2.png>
Package pdftex.def Info: ../ThesisImages/SearchStrategy/varplots/ejets/nu_chi2.
png  used on input line 88.
(pdftex.def)             Requested size: 173.44534pt x 173.4405pt.

LaTeX Warning: Float too large for page by 8.21405pt on input line 91.


LaTeX Warning: `!h' float specifier changed to `!ht'.

<../ThesisImages/SearchStrategy/varplots/ejets/lepton_pt.png, id=367, 578.16pt 
x 578.16pt>
File: ../ThesisImages/SearchStrategy/varplots/ejets/lepton_pt.png Graphic file 
(type png)
<use ../ThesisImages/SearchStrategy/varplots/ejets/lepton_pt.png>
Package pdftex.def Info: ../ThesisImages/SearchStrategy/varplots/ejets/lepton_p
t.png  used on input line 96.
(pdftex.def)             Requested size: 173.44534pt x 173.4405pt.
<../ThesisImages/SearchStrategy/varplots/ejets/lepton_eta.png, id=368, 578.16pt
 x 578.16pt>
File: ../ThesisImages/SearchStrategy/varplots/ejets/lepton_eta.png Graphic file
 (type png)
<use ../ThesisImages/SearchStrategy/varplots/ejets/lepton_eta.png>
Package pdftex.def Info: ../ThesisImages/SearchStrategy/varplots/ejets/lepton_e
ta.png  used on input line 97.
(pdftex.def)             Requested size: 173.44534pt x 173.4405pt.
<../ThesisImages/SearchStrategy/varplots/ejets/lepton_iso.png, id=369, 578.16pt
 x 578.16pt>
File: ../ThesisImages/SearchStrategy/varplots/ejets/lepton_iso.png Graphic file
 (type png)
<use ../ThesisImages/SearchStrategy/varplots/ejets/lepton_iso.png>
Package pdftex.def Info: ../ThesisImages/SearchStrategy/varplots/ejets/lepton_i
so.png  used on input line 99.
(pdftex.def)             Requested size: 173.44534pt x 173.4405pt.
<../ThesisImages/SearchStrategy/varplots/ejets/sm_chi2.png, id=370, 578.16pt x 
578.16pt>
File: ../ThesisImages/SearchStrategy/varplots/ejets/sm_chi2.png Graphic file (t
ype png)
<use ../ThesisImages/SearchStrategy/varplots/ejets/sm_chi2.png>
Package pdftex.def Info: ../ThesisImages/SearchStrategy/varplots/ejets/sm_chi2.
png  used on input line 100.
(pdftex.def)             Requested size: 173.44534pt x 173.4405pt.
<../ThesisImages/SearchStrategy/varplots/ejets/photon0_e.png, id=371, 578.16pt 
x 578.16pt>
File: ../ThesisImages/SearchStrategy/varplots/ejets/photon0_e.png Graphic file 
(type png)
<use ../ThesisImages/SearchStrategy/varplots/ejets/photon0_e.png>
Package pdftex.def Info: ../ThesisImages/SearchStrategy/varplots/ejets/photon0_
e.png  used on input line 102.
(pdftex.def)             Requested size: 173.44534pt x 173.4405pt.
<../ThesisImages/SearchStrategy/varplots/ejets/photon0_eta.png, id=372, 578.16p
t x 578.16pt>
File: ../ThesisImages/SearchStrategy/varplots/ejets/photon0_eta.png Graphic fil
e (type png)
<use ../ThesisImages/SearchStrategy/varplots/ejets/photon0_eta.png>
Package pdftex.def Info: ../ThesisImages/SearchStrategy/varplots/ejets/photon0_
eta.png  used on input line 103.
(pdftex.def)             Requested size: 173.44534pt x 173.4405pt.

LaTeX Warning: Float too large for page by 8.21405pt on input line 106.


LaTeX Warning: `!h' float specifier changed to `!ht'.

) [16

 <../ThesisImages/SearchStrategy/varplots/ejets/deltaRlgam.png> <../ThesisImage
s/SearchStrategy/varplots/ejets/lepton_e.png> <../ThesisImages/SearchStrategy/v
arplots/ejets/met.png> <../ThesisImages/SearchStrategy/varplots/ejets/bjet0_pt.
png>] [17 <../ThesisImages/SearchStrategy/varplots/ejets/photon0_iso.png> <../T
hesisImages/SearchStrategy/varplots/ejets/photon0_pt.png> <../ThesisImages/Sear
chStrategy/varplots/ejets/m_qgam.png> <../ThesisImages/SearchStrategy/varplots/
ejets/m_lgam.png> <../ThesisImages/SearchStrategy/varplots/ejets/m_tSM.png> <..
/ThesisImages/SearchStrategy/varplots/ejets/deltaRjgam.png>] [18 <../ThesisImag
es/SearchStrategy/varplots/ejets/deltaRbl.png> <../ThesisImages/SearchStrategy/
varplots/ejets/MWT.png> <../ThesisImages/SearchStrategy/varplots/ejets/S_T.png>
 <../ThesisImages/SearchStrategy/varplots/ejets/njets.png> <../ThesisImages/Sea
rchStrategy/varplots/ejets/w_chi2.png> <../ThesisImages/SearchStrategy/varplots
/ejets/jet0_pt.png>] [19 <../ThesisImages/SearchStrategy/varplots/ejets/bjet0_e
.png> <../ThesisImages/SearchStrategy/varplots/ejets/bjet0_eta.png> <../ThesisI
mages/SearchStrategy/varplots/ejets/deltaRjb.png> <../ThesisImages/SearchStrate
gy/varplots/ejets/jet0_e.png> <../ThesisImages/SearchStrategy/varplots/ejets/je
t0_eta.png> <../ThesisImages/SearchStrategy/varplots/ejets/nu_chi2.png>]
[20 <../ThesisImages/SearchStrategy/varplots/ejets/lepton_pt.png> <../ThesisIma
ges/SearchStrategy/varplots/ejets/lepton_eta.png> <../ThesisImages/SearchStrate
gy/varplots/ejets/lepton_iso.png> <../ThesisImages/SearchStrategy/varplots/ejet
s/sm_chi2.png> <../ThesisImages/SearchStrategy/varplots/ejets/photon0_e.png> <.
./ThesisImages/SearchStrategy/varplots/ejets/photon0_eta.png>]
(Appendix_Syst_EGFake.tex
[Systematic Variations for Electron to Photon Fake Rate Calculation]
<../ThesisImages/SearchStrategy/2.5gevWindow/2DConverted.png, id=451, 700.6175p
t x 475.7775pt>
File: ../ThesisImages/SearchStrategy/2.5gevWindow/2DConverted.png Graphic file 
(type png)
<use ../ThesisImages/SearchStrategy/2.5gevWindow/2DConverted.png>
Package pdftex.def Info: ../ThesisImages/SearchStrategy/2.5gevWindow/2DConverte
d.png  used on input line 8.
(pdftex.def)             Requested size: 325.215pt x 220.84947pt.
<../ThesisImages/SearchStrategy/2.5gevWindow/2DUnconverted.png, id=452, 700.617
5pt x 475.7775pt>
File: ../ThesisImages/SearchStrategy/2.5gevWindow/2DUnconverted.png Graphic fil
e (type png)
<use ../ThesisImages/SearchStrategy/2.5gevWindow/2DUnconverted.png>
Package pdftex.def Info: ../ThesisImages/SearchStrategy/2.5gevWindow/2DUnconver
ted.png  used on input line 9.
(pdftex.def)             Requested size: 325.215pt x 220.84947pt.

LaTeX Warning: `!h' float specifier changed to `!ht'.

<../ThesisImages/SearchStrategy/7.5gevWindow/2DConverted.png, id=453, 700.6175p
t x 475.7775pt>
File: ../ThesisImages/SearchStrategy/7.5gevWindow/2DConverted.png Graphic file 
(type png)
<use ../ThesisImages/SearchStrategy/7.5gevWindow/2DConverted.png>
Package pdftex.def Info: ../ThesisImages/SearchStrategy/7.5gevWindow/2DConverte
d.png  used on input line 16.
(pdftex.def)             Requested size: 325.215pt x 220.84947pt.
<../ThesisImages/SearchStrategy/7.5gevWindow/2DUnconverted.png, id=454, 700.617
5pt x 475.7775pt>
File: ../ThesisImages/SearchStrategy/7.5gevWindow/2DUnconverted.png Graphic fil
e (type png)
<use ../ThesisImages/SearchStrategy/7.5gevWindow/2DUnconverted.png>
Package pdftex.def Info: ../ThesisImages/SearchStrategy/7.5gevWindow/2DUnconver
ted.png  used on input line 17.
(pdftex.def)             Requested size: 325.215pt x 220.84947pt.

LaTeX Warning: `!h' float specifier changed to `!ht'.

<../ThesisImages/SearchStrategy/10gevWindow/2DConverted.png, id=455, 700.6175pt
 x 475.7775pt>
File: ../ThesisImages/SearchStrategy/10gevWindow/2DConverted.png Graphic file (
type png)
<use ../ThesisImages/SearchStrategy/10gevWindow/2DConverted.png>
Package pdftex.def Info: ../ThesisImages/SearchStrategy/10gevWindow/2DConverted
.png  used on input line 24.
(pdftex.def)             Requested size: 325.215pt x 220.84947pt.
<../ThesisImages/SearchStrategy/10gevWindow/2DUnconverted.png, id=456, 700.6175
pt x 475.7775pt>
File: ../ThesisImages/SearchStrategy/10gevWindow/2DUnconverted.png Graphic file
 (type png)
<use ../ThesisImages/SearchStrategy/10gevWindow/2DUnconverted.png>
Package pdftex.def Info: ../ThesisImages/SearchStrategy/10gevWindow/2DUnconvert
ed.png  used on input line 25.
(pdftex.def)             Requested size: 325.215pt x 220.84947pt.

LaTeX Warning: `!h' float specifier changed to `!ht'.

) [21


] [22 <../ThesisImages/SearchStrategy/2.5gevWindow/2DConverted.png> <../ThesisI
mages/SearchStrategy/2.5gevWindow/2DUnconverted.png>] [23 <../ThesisImages/Sear
chStrategy/7.5gevWindow/2DConverted.png> <../ThesisImages/SearchStrategy/7.5gev
Window/2DUnconverted.png>] [24 <../ThesisImages/SearchStrategy/10gevWindow/2DCo
nverted.png> <../ThesisImages/SearchStrategy/10gevWindow/2DUnconverted.png>] (A
ppendix_Systematics.tex
[Systematic Pull Plots]
) [25


]) (main.bbl [26



] [27] [28] [29] [30] [31]) [32]
Package atveryend Info: Empty hook `BeforeClearDocument' on input line 80.
Package atveryend Info: Empty hook `AfterLastShipout' on input line 80.
 (main.aux (cover.aux)
(abstract.aux) (cv.aux) (Results.aux) (appendicies.aux))
Package atveryend Info: Executing hook `AtVeryEndDocument' on input line 80.


 *File List*
uothesis_3.cls    
  report.cls    2018/09/03 v1.4i Standard LaTeX document class
  size12.clo    2018/09/03 v1.4i Standard LaTeX file (size option)
   float.sty    2001/11/08 v1.3d Float enhancements (AL)
  subfig.sty    2005/06/28 ver: 1.3 subfig package
  keyval.sty    2014/10/28 v1.15 key=value parser (DPC)
 caption.sty    2018/10/06 v3.3-154 Customizing captions (AR)
caption3.sty    2018/09/12 v1.8c caption3 kernel (AR)
  xcolor.sty    2016/05/11 v2.12 LaTeX color extensions (UK)
   color.cfg    2016/01/02 v1.6 sample color configuration
  pdftex.def    2018/01/08 v1.0l Graphics/color driver for pdftex
dvipsnam.def    2016/06/17 v3.0m Driver-dependent file (DPC,SPQR)
graphicx.sty    2017/06/01 v1.1a Enhanced LaTeX Graphics (DPC,SPQR)
graphics.sty    2017/06/25 v1.2c Standard LaTeX Graphics (DPC,SPQR)
    trig.sty    2016/01/03 v1.10 sin cos tan (DPC)
graphics.cfg    2016/06/04 v1.11 sample graphics configuration
setspace.sty    2011/12/19 v6.7a set line spacing
  xspace.sty    2014/10/28 v1.13 Space after command names (DPC,MH)
  lineno.sty    2005/11/02 line numbers on paragraphs v4.41
 layouts.sty    2009/09/02 v2.6d graphical depiction of document elements
todonotes.sty    2018/11/22
  ifthen.sty    2014/09/29 v1.1c Standard LaTeX ifthen package (DPC)
 xkeyval.sty    2014/12/03 v2.7a package option processing (HA)
 xkeyval.tex    2014/12/03 v2.7a key=value parser (HA)
    tikz.sty    2019/07/12 v3.1.4 (3.1.4)
     pgf.sty    2019/07/12 v3.1.4 (3.1.4)
  pgfrcs.sty    2019/07/12 v3.1.4 (3.1.4)
everyshi.sty    2001/05/15 v3.00 EveryShipout Package (MS)
  pgfrcs.code.tex
 pgfcore.sty    2019/07/12 v3.1.4 (3.1.4)
  pgfsys.sty    2019/07/12 v3.1.4 (3.1.4)
  pgfsys.code.tex
pgfsyssoftpath.code.tex    2019/07/12 v3.1.4 (3.1.4)
pgfsysprotocol.code.tex    2019/07/12 v3.1.4 (3.1.4)
 pgfcore.code.tex
pgfcomp-version-0-65.sty    2019/07/12 v3.1.4 (3.1.4)
pgfcomp-version-1-18.sty    2019/07/12 v3.1.4 (3.1.4)
  pgffor.sty    2019/07/12 v3.1.4 (3.1.4)
 pgfkeys.sty    
 pgfkeys.code.tex
 pgfmath.sty    
 pgfmath.code.tex
  pgffor.code.tex
    tikz.code.tex
    calc.sty    2017/05/25 v4.3 Infix arithmetic (KKT,FJ)
ragged2e.sty    2009/05/21 v2.1 ragged2e Package (MS)
everysel.sty    2011/10/28 v1.2 EverySelectfont Package (MS)
  natbib.sty    2010/09/13 8.31b (PWD, AO)
hyperref.sty    2018/11/30 v6.88e Hypertext links for LaTeX
hobsub-hyperref.sty    2016/05/16 v1.14 Bundle oberdiek, subset hyperref (HO)
hobsub-generic.sty    2016/05/16 v1.14 Bundle oberdiek, subset generic (HO)
  hobsub.sty    2016/05/16 v1.14 Construct package bundles (HO)
infwarerr.sty    2016/05/16 v1.4 Providing info/warning/error messages (HO)
 ltxcmds.sty    2016/05/16 v1.23 LaTeX kernel commands for general use (HO)
ifluatex.sty    2016/05/16 v1.4 Provides the ifluatex switch (HO)
  ifvtex.sty    2016/05/16 v1.6 Detect VTeX and its facilities (HO)
 intcalc.sty    2016/05/16 v1.2 Expandable calculations with integers (HO)
   ifpdf.sty    2018/09/07 v3.3 Provides the ifpdf switch
etexcmds.sty    2016/05/16 v1.6 Avoid name clashes with e-TeX commands (HO)
kvsetkeys.sty    2016/05/16 v1.17 Key value parser (HO)
kvdefinekeys.sty    2016/05/16 v1.4 Define keys (HO)
pdftexcmds.sty    2018/09/10 v0.29 Utility functions of pdfTeX for LuaTeX (HO)
pdfescape.sty    2016/05/16 v1.14 Implements pdfTeX's escape features (HO)
bigintcalc.sty    2016/05/16 v1.4 Expandable calculations on big integers (HO)
  bitset.sty    2016/05/16 v1.2 Handle bit-vector datatype (HO)
uniquecounter.sty    2016/05/16 v1.3 Provide unlimited unique counter (HO)
letltxmacro.sty    2016/05/16 v1.5 Let assignment for LaTeX macros (HO)
 hopatch.sty    2016/05/16 v1.3 Wrapper for package hooks (HO)
xcolor-patch.sty    2016/05/16 xcolor patch
atveryend.sty    2016/05/16 v1.9 Hooks at the very end of document (HO)
atbegshi.sty    2016/06/09 v1.18 At begin shipout hook (HO)
refcount.sty    2016/05/16 v3.5 Data extraction from label references (HO)
 hycolor.sty    2016/05/16 v1.8 Color options for hyperref/bookmark (HO)
 ifxetex.sty    2010/09/12 v0.6 Provides ifxetex conditional
 auxhook.sty    2016/05/16 v1.4 Hooks for auxiliary files (HO)
kvoptions.sty    2016/05/16 v3.12 Key value format for package options (HO)
  pd1enc.def    2018/11/30 v6.88e Hyperref: PDFDocEncoding definition (HO)
hyperref.cfg    2002/06/06 v1.2 hyperref configuration of TeXLive
     url.sty    2013/09/16  ver 3.4  Verb mode for urls, etc.
 hpdftex.def    2018/11/30 v6.88e Hyperref driver for pdfTeX
rerunfilecheck.sty    2016/05/16 v1.8 Rerun checks for auxiliary files (HO)
   babel.sty    2019/06/03 3.32 The Babel package
 bblopts.cfg    2005/09/08 v0.1 add Arabic and Farsi to "declared" options of b
abel
USenglish.ldf    2017/06/06 v3.3r English support from the babel system
enumitem.sty    2019/06/20 v3.9 Customized lists
notoccite.sty    2000/07/20
 siunitx.sty    2018/05/17 v2.7s A comprehensive (SI) units package
   expl3.sty    2019-07-01 L3 programming layer (loader) 
expl3-code.tex    2019-07-01 L3 programming layer 
l3backend-pdfmode.def    2019-04-06 v L3 Experimental backend support: PDF mode

  xparse.sty    2019-05-28 L3 Experimental document command parser
 amstext.sty    2000/06/29 v2.01 AMS text
  amsgen.sty    1999/11/30 v2.0 generic functions
   array.sty    2018/12/30 v2.4k Tabular extension package (FMi)
l3keys2e.sty    2019-05-28 LaTeX2e option processing using LaTeX3 keys
translator.sty    2019-05-31 v1.12a Easy translation of strings in LaTeX
booktabs.sty    2005/04/14 v1.61803 publication quality tables
 slashed.sty    1997/01/16 v0.01 Feynman Slashed Character Notation (DPC)
 amsmath.sty    2018/12/01 v2.17b AMS math features
  amsbsy.sty    1999/11/29 v1.2d Bold Symbols
  amsopn.sty    2016/03/08 v2.02 operator names
 amssymb.sty    2013/01/14 v3.01 AMS font symbols
amsfonts.sty    2013/01/14 v3.01 Basic AMSFonts support
  feynmp.sty    1996/12/02 v1.08 LaTeX/MetaPost Feynman Diagram Package (ohl)
inputenc.sty    2018/08/11 v1.3c Input encoding file
pdflscape.sty    2016/05/14 v0.11 Display of landscape pages in PDF (HO)
  lscape.sty    2000/10/22 v3.01 Landscape Pages (DPC)
multicol.sty    2018/12/27 v1.8v multicolumn formatting (FMi)
   xfrac.sty    2019-05-28 L3 Experimental split-level fractions
textcomp.sty    2018/08/11 v2.0j Standard LaTeX package
  ts1enc.def    2001/06/05 v3.0e (jk/car/fm) Standard LaTeX file
  ts1enc.dfu    2018/10/05 v1.2f UTF-8 support for inputenc
xtemplate.sty    2019-05-28 L3 Experimental prototype document functions
  hhline.sty    2014/10/28 v2.03 Table rule package (DPC)
tabularx.sty    2016/02/03 v2.11b `tabularx' package (DPC)
placeins.sty    2005/04/18  v 2.2
  ts1cmr.fd    2014/09/29 v2.5h Standard LaTeX font definitions
supp-pdf.mkii
epstopdf-base.sty    2016/05/15 v2.6 Base part for package epstopdf
  grfext.sty    2016/05/16 v1.2 Manage graphics extensions (HO)
 nameref.sty    2016/05/21 v2.44 Cross-referencing by name of section
gettitlestring.sty    2016/05/16 v1.5 Cleanup title references (HO)
    main.out
    main.out
translator-basic-dictionary-English.dict    
siunitx-abbreviations.cfg    2017/11/26 v2.7k siunitx: Abbreviated units
    umsa.fd    2013/01/14 v3.01 AMS symbols A
    umsb.fd    2013/01/14 v3.01 AMS symbols B
   cover.tex
abstract.tex
      cv.tex
 Results.tex
appendicies.tex
Appendix_Derivation.tex
Appendix_MC_samples.tex
Appendix_NN.tex
../ThesisImages/SearchStrategy/varplots/bjet0_e.png
../ThesisImages/SearchStrategy/varplots/bjet0_eta.png
../ThesisImages/SearchStrategy/varplots/deltaRjb.png
../ThesisImages/SearchStrategy/varplots/jet0_e.png
../ThesisImages/SearchStrategy/varplots/jet0_eta.png
../ThesisImages/SearchStrategy/varplots/nu_chi2.png
../ThesisImages/SearchStrategy/varplots/lepton_pt.png
../ThesisImages/SearchStrategy/varplots/lepton_eta.png
../ThesisImages/SearchStrategy/varplots/lepton_iso.png
../ThesisImages/SearchStrategy/varplots/sm_chi2.png
../ThesisImages/SearchStrategy/varplots/photon0_e.png
../ThesisImages/SearchStrategy/varplots/photon0_eta.png
../ThesisImages/SearchStrategy/varplots/ejets/deltaRlgam.png
../ThesisImages/SearchStrategy/varplots/ejets/lepton_e.png
../ThesisImages/SearchStrategy/varplots/ejets/met.png
../ThesisImages/SearchStrategy/varplots/ejets/bjet0_pt.png
../ThesisImages/SearchStrategy/varplots/ejets/photon0_iso.png
../ThesisImages/SearchStrategy/varplots/ejets/photon0_pt.png
../ThesisImages/SearchStrategy/varplots/ejets/m_qgam.png
../ThesisImages/SearchStrategy/varplots/ejets/m_lgam.png
../ThesisImages/SearchStrategy/varplots/ejets/m_tSM.png
../ThesisImages/SearchStrategy/varplots/ejets/deltaRjgam.png
../ThesisImages/SearchStrategy/varplots/ejets/deltaRbl.png
../ThesisImages/SearchStrategy/varplots/ejets/MWT.png
../ThesisImages/SearchStrategy/varplots/ejets/S_T.png
../ThesisImages/SearchStrategy/varplots/ejets/njets.png
../ThesisImages/SearchStrategy/varplots/ejets/w_chi2.png
../ThesisImages/SearchStrategy/varplots/ejets/jet0_pt.png
../ThesisImages/SearchStrategy/varplots/ejets/bjet0_e.png
../ThesisImages/SearchStrategy/varplots/ejets/bjet0_eta.png
../ThesisImages/SearchStrategy/varplots/ejets/deltaRjb.png
../ThesisImages/SearchStrategy/varplots/ejets/jet0_e.png
../ThesisImages/SearchStrategy/varplots/ejets/jet0_eta.png
../ThesisImages/SearchStrategy/varplots/ejets/nu_chi2.png
../ThesisImages/SearchStrategy/varplots/ejets/lepton_pt.png
../ThesisImages/SearchStrategy/varplots/ejets/lepton_eta.png
../ThesisImages/SearchStrategy/varplots/ejets/lepton_iso.png
../ThesisImages/SearchStrategy/varplots/ejets/sm_chi2.png
../ThesisImages/SearchStrategy/varplots/ejets/photon0_e.png
../ThesisImages/SearchStrategy/varplots/ejets/photon0_eta.png
Appendix_Syst_EGFake.tex
../ThesisImages/SearchStrategy/2.5gevWindow/2DConverted.png
../ThesisImages/SearchStrategy/2.5gevWindow/2DUnconverted.png
../ThesisImages/SearchStrategy/7.5gevWindow/2DConverted.png
../ThesisImages/SearchStrategy/7.5gevWindow/2DUnconverted.png
../ThesisImages/SearchStrategy/10gevWindow/2DConverted.png
../ThesisImages/SearchStrategy/10gevWindow/2DUnconverted.png
Appendix_Systematics.tex
    main.bbl
 ***********

Package atveryend Info: Executing hook `AtEndAfterFileList' on input line 80.
Package rerunfilecheck Info: File `main.out' has not changed.
(rerunfilecheck)             Checksum: 73DAA68682E00AFDA61CBDF6ADC92B1D;805.

LaTeX Warning: There were undefined references.

Package atveryend Info: Empty hook `AtVeryVeryEnd' on input line 80.
 ) 
Here is how much of TeX's memory you used:
 34576 strings out of 492896
 682287 string characters out of 3130341
 788991 words of memory out of 3000000
 37705 multiletter control sequences out of 15000+200000
 543452 words of font info for 68 fonts, out of 3000000 for 9000
 1141 hyphenation exceptions out of 8191
 69i,15n,89p,2220b,1232s stack positions out of 5000i,500n,10000p,200000b,50000s
 </home/jason/.miktex/texmfs/data/fonts/pk/ljfour/jknappen/ec/dpi600/tcrm1200
.pk></home/jason/.miktex/texmfs/install/fonts/type1/public/amsfonts/cm/cmbx12.p
fb></home/jason/.miktex/texmfs/install/fonts/type1/public/amsfonts/cm/cmbxti10.
pfb></home/jason/.miktex/texmfs/install/fonts/type1/public/amsfonts/cm/cmcsc10.
pfb></home/jason/.miktex/texmfs/install/fonts/type1/public/amsfonts/cm/cmmi10.p
fb></home/jason/.miktex/texmfs/install/fonts/type1/public/amsfonts/cm/cmmi12.pf
b></home/jason/.miktex/texmfs/install/fonts/type1/public/amsfonts/cm/cmmi5.pfb>
</home/jason/.miktex/texmfs/install/fonts/type1/public/amsfonts/cm/cmmi6.pfb></
home/jason/.miktex/texmfs/install/fonts/type1/public/amsfonts/cm/cmmi7.pfb></ho
me/jason/.miktex/texmfs/install/fonts/type1/public/amsfonts/cm/cmmi8.pfb></home
/jason/.miktex/texmfs/install/fonts/type1/public/amsfonts/cm/cmr10.pfb></home/j
ason/.miktex/texmfs/install/fonts/type1/public/amsfonts/cm/cmr12.pfb></home/jas
on/.miktex/texmfs/install/fonts/type1/public/amsfonts/cm/cmr6.pfb></home/jason/
.miktex/texmfs/install/fonts/type1/public/amsfonts/cm/cmr7.pfb></home/jason/.mi
ktex/texmfs/install/fonts/type1/public/amsfonts/cm/cmr8.pfb></home/jason/.mikte
x/texmfs/install/fonts/type1/public/amsfonts/cm/cmsy10.pfb></home/jason/.miktex
/texmfs/install/fonts/type1/public/amsfonts/cm/cmsy6.pfb></home/jason/.miktex/t
exmfs/install/fonts/type1/public/amsfonts/cm/cmsy8.pfb></home/jason/.miktex/tex
mfs/install/fonts/type1/public/amsfonts/cm/cmti12.pfb>
Output written on main.pdf (43 pages, 1242472 bytes).
PDF statistics:
 704 PDF objects out of 1000 (max. 8388607)
 217 named destinations out of 1000 (max. 500000)
 419 words of extra memory for PDF output out of 10000 (max. 10000000)

