This is pdfTeX, Version 3.14159265-2.6-1.40.20 (MiKTeX 2.9.7050) (preloaded format=pdflatex 2019.4.23)  10 JUL 2019 15:58
entering extended mode
**./BarkelooUOGroupJul1119.tex
(BarkelooUOGroupJul1119.tex
LaTeX2e <2018-12-01>
(/home/jason/.miktex/texmfs/install/tex/latex/beamer/beamer.cls
Document Class: beamer 2018/12/02 v3.55 A class for typesetting presentations
(/home/jason/.miktex/texmfs/install/tex/latex/beamer/beamerbasemodes.sty
(/home/jason/.miktex/texmfs/install/tex/latex/etoolbox/etoolbox.sty
Package: etoolbox 2018/08/19 v2.5f e-TeX tools for LaTeX (JAW)
\etb@tempcnta=\count80
)
\beamer@tempbox=\box27
\beamer@tempcount=\count81
\c@beamerpauses=\count82

(/home/jason/.miktex/texmfs/install/tex/latex/beamer/beamerbasedecode.sty
\beamer@slideinframe=\count83
\beamer@minimum=\count84
)
\beamer@commentbox=\box28
\beamer@modecount=\count85
)
(/home/jason/.miktex/texmfs/install/tex/generic/oberdiek/ifpdf.sty
Package: ifpdf 2018/09/07 v3.3 Provides the ifpdf switch
)
\headdp=\dimen102
\footheight=\dimen103
\sidebarheight=\dimen104
\beamer@tempdim=\dimen105
\beamer@finalheight=\dimen106
\beamer@animht=\dimen107
\beamer@animdp=\dimen108
\beamer@animwd=\dimen109
\beamer@leftmargin=\dimen110
\beamer@rightmargin=\dimen111
\beamer@leftsidebar=\dimen112
\beamer@rightsidebar=\dimen113
\beamer@boxsize=\dimen114
\beamer@vboxoffset=\dimen115
\beamer@descdefault=\dimen116
\beamer@descriptionwidth=\dimen117
\beamer@lastskip=\skip41
\beamer@areabox=\box29
\beamer@animcurrent=\box30
\beamer@animshowbox=\box31
\beamer@sectionbox=\box32
\beamer@logobox=\box33
\beamer@linebox=\box34
\beamer@sectioncount=\count86
\beamer@subsubsectionmax=\count87
\beamer@subsectionmax=\count88
\beamer@sectionmax=\count89
\beamer@totalheads=\count90
\beamer@headcounter=\count91
\beamer@partstartpage=\count92
\beamer@sectionstartpage=\count93
\beamer@subsectionstartpage=\count94
\beamer@animationtempa=\count95
\beamer@animationtempb=\count96
\beamer@xpos=\count97
\beamer@ypos=\count98
\beamer@ypos@offset=\count99
\beamer@showpartnumber=\count100
\beamer@currentsubsection=\count101
\beamer@coveringdepth=\count102
\beamer@sectionadjust=\count103
\beamer@tocsectionnumber=\count104

(/home/jason/.miktex/texmfs/install/tex/latex/beamer/beamerbaseoptions.sty
(/home/jason/.miktex/texmfs/install/tex/latex/graphics/keyval.sty
Package: keyval 2014/10/28 v1.15 key=value parser (DPC)
\KV@toks@=\toks14
))
\beamer@paperwidth=\skip42
\beamer@paperheight=\skip43

(/home/jason/.miktex/texmfs/install/tex/latex/geometry/geometry.sty
Package: geometry 2018/04/16 v5.8 Page Geometry

(/home/jason/.miktex/texmfs/install/tex/generic/oberdiek/ifvtex.sty
Package: ifvtex 2016/05/16 v1.6 Detect VTeX and its facilities (HO)
Package ifvtex Info: VTeX not detected.
)
(/home/jason/.miktex/texmfs/install/tex/generic/ifxetex/ifxetex.sty
Package: ifxetex 2010/09/12 v0.6 Provides ifxetex conditional
)
\Gm@cnth=\count105
\Gm@cntv=\count106
\c@Gm@tempcnt=\count107
\Gm@bindingoffset=\dimen118
\Gm@wd@mp=\dimen119
\Gm@odd@mp=\dimen120
\Gm@even@mp=\dimen121
\Gm@layoutwidth=\dimen122
\Gm@layoutheight=\dimen123
\Gm@layouthoffset=\dimen124
\Gm@layoutvoffset=\dimen125
\Gm@dimlist=\toks15

(/home/jason/.miktex/texmfs/install/tex/latex/geometry/geometry.cfg))
(/home/jason/.miktex/texmfs/install/tex/latex/base/size10.clo
File: size10.clo 2018/09/03 v1.4i Standard LaTeX file (size option)
)
(/home/jason/.miktex/texmfs/install/tex/latex/pgf/basiclayer/pgfcore.sty
(/home/jason/.miktex/texmfs/install/tex/latex/graphics/graphicx.sty
Package: graphicx 2017/06/01 v1.1a Enhanced LaTeX Graphics (DPC,SPQR)

(/home/jason/.miktex/texmfs/install/tex/latex/graphics/graphics.sty
Package: graphics 2017/06/25 v1.2c Standard LaTeX Graphics (DPC,SPQR)

(/home/jason/.miktex/texmfs/install/tex/latex/graphics/trig.sty
Package: trig 2016/01/03 v1.10 sin cos tan (DPC)
)
(/home/jason/.miktex/texmfs/install/tex/latex/graphics-cfg/graphics.cfg
File: graphics.cfg 2016/06/04 v1.11 sample graphics configuration
)
Package graphics Info: Driver file: pdftex.def on input line 99.

(/home/jason/.miktex/texmfs/install/tex/latex/graphics-def/pdftex.def
File: pdftex.def 2018/01/08 v1.0l Graphics/color driver for pdftex
))
\Gin@req@height=\dimen126
\Gin@req@width=\dimen127
)
(/home/jason/.miktex/texmfs/install/tex/latex/pgf/systemlayer/pgfsys.sty
(/home/jason/.miktex/texmfs/install/tex/latex/pgf/utilities/pgfrcs.sty
(/home/jason/.miktex/texmfs/install/tex/generic/pgf/utilities/pgfutil-common.te
x
\pgfutil@everybye=\toks16
\pgfutil@tempdima=\dimen128
\pgfutil@tempdimb=\dimen129

(/home/jason/.miktex/texmfs/install/tex/generic/pgf/utilities/pgfutil-common-li
sts.tex))
(/home/jason/.miktex/texmfs/install/tex/generic/pgf/utilities/pgfutil-latex.def
\pgfutil@abb=\box35
(/home/jason/.miktex/texmfs/install/tex/latex/ms/everyshi.sty
Package: everyshi 2001/05/15 v3.00 EveryShipout Package (MS)
))
(/home/jason/.miktex/texmfs/install/tex/generic/pgf/utilities/pgfrcs.code.tex
(/home/jason/.miktex/texmfs/install/tex/generic/pgf/pgf.revision.tex)
Package: pgfrcs 2019/04/04 v3.1.2 (3.1.2)
))
(/home/jason/.miktex/texmfs/install/tex/generic/pgf/systemlayer/pgfsys.code.tex
Package: pgfsys 2019/04/04 v3.1.2 (3.1.2)
(/home/jason/.miktex/texmfs/install/tex/generic/pgf/utilities/pgfkeys.code.tex
\pgfkeys@pathtoks=\toks17
\pgfkeys@temptoks=\toks18

(/home/jason/.miktex/texmfs/install/tex/generic/pgf/utilities/pgfkeysfiltered.c
ode.tex
\pgfkeys@tmptoks=\toks19
))
\pgf@x=\dimen130
\pgf@y=\dimen131
\pgf@xa=\dimen132
\pgf@ya=\dimen133
\pgf@xb=\dimen134
\pgf@yb=\dimen135
\pgf@xc=\dimen136
\pgf@yc=\dimen137
\w@pgf@writea=\write3
\r@pgf@reada=\read1
\c@pgf@counta=\count108
\c@pgf@countb=\count109
\c@pgf@countc=\count110
\c@pgf@countd=\count111
\t@pgf@toka=\toks20
\t@pgf@tokb=\toks21
\t@pgf@tokc=\toks22
\pgf@sys@id@count=\count112

(/home/jason/.miktex/texmfs/install/tex/generic/pgf/systemlayer/pgf.cfg
File: pgf.cfg 2019/04/04 v3.1.2 (3.1.2)
)
Driver file for pgf: pgfsys-pdftex.def

(/home/jason/.miktex/texmfs/install/tex/generic/pgf/systemlayer/pgfsys-pdftex.d
ef
File: pgfsys-pdftex.def 2019/04/04 v3.1.2 (3.1.2)

(/home/jason/.miktex/texmfs/install/tex/generic/pgf/systemlayer/pgfsys-common-p
df.def
File: pgfsys-common-pdf.def 2019/04/04 v3.1.2 (3.1.2)
)))
(/home/jason/.miktex/texmfs/install/tex/generic/pgf/systemlayer/pgfsyssoftpath.
code.tex
File: pgfsyssoftpath.code.tex 2019/04/04 v3.1.2 (3.1.2)
\pgfsyssoftpath@smallbuffer@items=\count113
\pgfsyssoftpath@bigbuffer@items=\count114
)
(/home/jason/.miktex/texmfs/install/tex/generic/pgf/systemlayer/pgfsysprotocol.
code.tex
File: pgfsysprotocol.code.tex 2019/04/04 v3.1.2 (3.1.2)
)) (/home/jason/.miktex/texmfs/install/tex/latex/xcolor/xcolor.sty
Package: xcolor 2016/05/11 v2.12 LaTeX color extensions (UK)

(/home/jason/.miktex/texmfs/install/tex/latex/graphics-cfg/color.cfg
File: color.cfg 2016/01/02 v1.6 sample color configuration
)
Package xcolor Info: Driver file: pdftex.def on input line 225.
Package xcolor Info: Model `cmy' substituted by `cmy0' on input line 1348.
Package xcolor Info: Model `hsb' substituted by `rgb' on input line 1352.
Package xcolor Info: Model `RGB' extended on input line 1364.
Package xcolor Info: Model `HTML' substituted by `rgb' on input line 1366.
Package xcolor Info: Model `Hsb' substituted by `hsb' on input line 1367.
Package xcolor Info: Model `tHsb' substituted by `hsb' on input line 1368.
Package xcolor Info: Model `HSB' substituted by `hsb' on input line 1369.
Package xcolor Info: Model `Gray' substituted by `gray' on input line 1370.
Package xcolor Info: Model `wave' substituted by `hsb' on input line 1371.
)
(/home/jason/.miktex/texmfs/install/tex/generic/pgf/basiclayer/pgfcore.code.tex
Package: pgfcore 2019/04/04 v3.1.2 (3.1.2)
(/home/jason/.miktex/texmfs/install/tex/generic/pgf/math/pgfmath.code.tex
(/home/jason/.miktex/texmfs/install/tex/generic/pgf/math/pgfmathcalc.code.tex
(/home/jason/.miktex/texmfs/install/tex/generic/pgf/math/pgfmathutil.code.tex)
(/home/jason/.miktex/texmfs/install/tex/generic/pgf/math/pgfmathparser.code.tex
\pgfmath@dimen=\dimen138
\pgfmath@count=\count115
\pgfmath@box=\box36
\pgfmath@toks=\toks23
\pgfmath@stack@operand=\toks24
\pgfmath@stack@operation=\toks25
)
(/home/jason/.miktex/texmfs/install/tex/generic/pgf/math/pgfmathfunctions.code.
tex
(/home/jason/.miktex/texmfs/install/tex/generic/pgf/math/pgfmathfunctions.basic
.code.tex)
(/home/jason/.miktex/texmfs/install/tex/generic/pgf/math/pgfmathfunctions.trigo
nometric.code.tex)
(/home/jason/.miktex/texmfs/install/tex/generic/pgf/math/pgfmathfunctions.rando
m.code.tex)
(/home/jason/.miktex/texmfs/install/tex/generic/pgf/math/pgfmathfunctions.compa
rison.code.tex)
(/home/jason/.miktex/texmfs/install/tex/generic/pgf/math/pgfmathfunctions.base.
code.tex)
(/home/jason/.miktex/texmfs/install/tex/generic/pgf/math/pgfmathfunctions.round
.code.tex)
(/home/jason/.miktex/texmfs/install/tex/generic/pgf/math/pgfmathfunctions.misc.
code.tex)
(/home/jason/.miktex/texmfs/install/tex/generic/pgf/math/pgfmathfunctions.integ
erarithmetics.code.tex)))
(/home/jason/.miktex/texmfs/install/tex/generic/pgf/math/pgfmathfloat.code.tex
\c@pgfmathroundto@lastzeros=\count116
))
(/home/jason/.miktex/texmfs/install/tex/generic/pgf/basiclayer/pgfcorepoints.co
de.tex
File: pgfcorepoints.code.tex 2019/04/04 v3.1.2 (3.1.2)
\pgf@picminx=\dimen139
\pgf@picmaxx=\dimen140
\pgf@picminy=\dimen141
\pgf@picmaxy=\dimen142
\pgf@pathminx=\dimen143
\pgf@pathmaxx=\dimen144
\pgf@pathminy=\dimen145
\pgf@pathmaxy=\dimen146
\pgf@xx=\dimen147
\pgf@xy=\dimen148
\pgf@yx=\dimen149
\pgf@yy=\dimen150
\pgf@zx=\dimen151
\pgf@zy=\dimen152
)
(/home/jason/.miktex/texmfs/install/tex/generic/pgf/basiclayer/pgfcorepathconst
ruct.code.tex
File: pgfcorepathconstruct.code.tex 2019/04/04 v3.1.2 (3.1.2)
\pgf@path@lastx=\dimen153
\pgf@path@lasty=\dimen154
)
(/home/jason/.miktex/texmfs/install/tex/generic/pgf/basiclayer/pgfcorepathusage
.code.tex
File: pgfcorepathusage.code.tex 2019/04/04 v3.1.2 (3.1.2)
\pgf@shorten@end@additional=\dimen155
\pgf@shorten@start@additional=\dimen156
)
(/home/jason/.miktex/texmfs/install/tex/generic/pgf/basiclayer/pgfcorescopes.co
de.tex
File: pgfcorescopes.code.tex 2019/04/04 v3.1.2 (3.1.2)
\pgfpic=\box37
\pgf@hbox=\box38
\pgf@layerbox@main=\box39
\pgf@picture@serial@count=\count117
)
(/home/jason/.miktex/texmfs/install/tex/generic/pgf/basiclayer/pgfcoregraphicst
ate.code.tex
File: pgfcoregraphicstate.code.tex 2019/04/04 v3.1.2 (3.1.2)
\pgflinewidth=\dimen157
)
(/home/jason/.miktex/texmfs/install/tex/generic/pgf/basiclayer/pgfcoretransform
ations.code.tex
File: pgfcoretransformations.code.tex 2019/04/04 v3.1.2 (3.1.2)
\pgf@pt@x=\dimen158
\pgf@pt@y=\dimen159
\pgf@pt@temp=\dimen160
)
(/home/jason/.miktex/texmfs/install/tex/generic/pgf/basiclayer/pgfcorequick.cod
e.tex
File: pgfcorequick.code.tex 2019/04/04 v3.1.2 (3.1.2)
)
(/home/jason/.miktex/texmfs/install/tex/generic/pgf/basiclayer/pgfcoreobjects.c
ode.tex
File: pgfcoreobjects.code.tex 2019/04/04 v3.1.2 (3.1.2)
)
(/home/jason/.miktex/texmfs/install/tex/generic/pgf/basiclayer/pgfcorepathproce
ssing.code.tex
File: pgfcorepathprocessing.code.tex 2019/04/04 v3.1.2 (3.1.2)
)
(/home/jason/.miktex/texmfs/install/tex/generic/pgf/basiclayer/pgfcorearrows.co
de.tex
File: pgfcorearrows.code.tex 2019/04/04 v3.1.2 (3.1.2)
\pgfarrowsep=\dimen161
)
(/home/jason/.miktex/texmfs/install/tex/generic/pgf/basiclayer/pgfcoreshade.cod
e.tex
File: pgfcoreshade.code.tex 2019/04/04 v3.1.2 (3.1.2)
\pgf@max=\dimen162
\pgf@sys@shading@range@num=\count118
\pgf@shadingcount=\count119
)
(/home/jason/.miktex/texmfs/install/tex/generic/pgf/basiclayer/pgfcoreimage.cod
e.tex
File: pgfcoreimage.code.tex 2019/04/04 v3.1.2 (3.1.2)

(/home/jason/.miktex/texmfs/install/tex/generic/pgf/basiclayer/pgfcoreexternal.
code.tex
File: pgfcoreexternal.code.tex 2019/04/04 v3.1.2 (3.1.2)
\pgfexternal@startupbox=\box40
))
(/home/jason/.miktex/texmfs/install/tex/generic/pgf/basiclayer/pgfcorelayers.co
de.tex
File: pgfcorelayers.code.tex 2019/04/04 v3.1.2 (3.1.2)
)
(/home/jason/.miktex/texmfs/install/tex/generic/pgf/basiclayer/pgfcoretranspare
ncy.code.tex
File: pgfcoretransparency.code.tex 2019/04/04 v3.1.2 (3.1.2)
)
(/home/jason/.miktex/texmfs/install/tex/generic/pgf/basiclayer/pgfcorepatterns.
code.tex
File: pgfcorepatterns.code.tex 2019/04/04 v3.1.2 (3.1.2)
)
(/home/jason/.miktex/texmfs/install/tex/generic/pgf/basiclayer/pgfcorerdf.code.
tex
File: pgfcorerdf.code.tex 2019/04/04 v3.1.2 (3.1.2)
))) (/home/jason/.miktex/texmfs/install/tex/latex/pgf/utilities/xxcolor.sty
Package: xxcolor 2003/10/24 ver 0.1
\XC@nummixins=\count120
\XC@countmixins=\count121
) (/home/jason/.miktex/texmfs/install/tex/generic/oberdiek/atbegshi.sty
Package: atbegshi 2016/06/09 v1.18 At begin shipout hook (HO)

(/home/jason/.miktex/texmfs/install/tex/generic/oberdiek/infwarerr.sty
Package: infwarerr 2016/05/16 v1.4 Providing info/warning/error messages (HO)
)
(/home/jason/.miktex/texmfs/install/tex/generic/oberdiek/ltxcmds.sty
Package: ltxcmds 2016/05/16 v1.23 LaTeX kernel commands for general use (HO)
))
(/home/jason/.miktex/texmfs/install/tex/latex/hyperref/hyperref.sty
Package: hyperref 2018/11/30 v6.88e Hypertext links for LaTeX

(/home/jason/.miktex/texmfs/install/tex/generic/oberdiek/hobsub-hyperref.sty
Package: hobsub-hyperref 2016/05/16 v1.14 Bundle oberdiek, subset hyperref (HO)


(/home/jason/.miktex/texmfs/install/tex/generic/oberdiek/hobsub-generic.sty
Package: hobsub-generic 2016/05/16 v1.14 Bundle oberdiek, subset generic (HO)
Package: hobsub 2016/05/16 v1.14 Construct package bundles (HO)
Package hobsub Info: Skipping package `infwarerr' (already loaded).
Package hobsub Info: Skipping package `ltxcmds' (already loaded).
Package: ifluatex 2016/05/16 v1.4 Provides the ifluatex switch (HO)
Package ifluatex Info: LuaTeX not detected.
Package hobsub Info: Skipping package `ifvtex' (already loaded).
Package: intcalc 2016/05/16 v1.2 Expandable calculations with integers (HO)
Package hobsub Info: Skipping package `ifpdf' (already loaded).
Package: etexcmds 2016/05/16 v1.6 Avoid name clashes with e-TeX commands (HO)
Package: kvsetkeys 2016/05/16 v1.17 Key value parser (HO)
Package: kvdefinekeys 2016/05/16 v1.4 Define keys (HO)
Package: pdftexcmds 2018/09/10 v0.29 Utility functions of pdfTeX for LuaTeX (HO
)
Package pdftexcmds Info: LuaTeX not detected.
Package pdftexcmds Info: \pdf@primitive is available.
Package pdftexcmds Info: \pdf@ifprimitive is available.
Package pdftexcmds Info: \pdfdraftmode found.
Package: pdfescape 2016/05/16 v1.14 Implements pdfTeX's escape features (HO)
Package: bigintcalc 2016/05/16 v1.4 Expandable calculations on big integers (HO
)
Package: bitset 2016/05/16 v1.2 Handle bit-vector datatype (HO)
Package: uniquecounter 2016/05/16 v1.3 Provide unlimited unique counter (HO)
)
Package hobsub Info: Skipping package `hobsub' (already loaded).
Package: letltxmacro 2016/05/16 v1.5 Let assignment for LaTeX macros (HO)
Package: hopatch 2016/05/16 v1.3 Wrapper for package hooks (HO)
Package: xcolor-patch 2016/05/16 xcolor patch
Package: atveryend 2016/05/16 v1.9 Hooks at the very end of document (HO)
Package hobsub Info: Skipping package `atbegshi' (already loaded).
Package: refcount 2016/05/16 v3.5 Data extraction from label references (HO)
Package: hycolor 2016/05/16 v1.8 Color options for hyperref/bookmark (HO)
)
(/home/jason/.miktex/texmfs/install/tex/latex/oberdiek/auxhook.sty
Package: auxhook 2016/05/16 v1.4 Hooks for auxiliary files (HO)
)
(/home/jason/.miktex/texmfs/install/tex/latex/oberdiek/kvoptions.sty
Package: kvoptions 2016/05/16 v3.12 Key value format for package options (HO)
)
\@linkdim=\dimen163
\Hy@linkcounter=\count122
\Hy@pagecounter=\count123

(/home/jason/.miktex/texmfs/install/tex/latex/hyperref/pd1enc.def
File: pd1enc.def 2018/11/30 v6.88e Hyperref: PDFDocEncoding definition (HO)
Now handling font encoding PD1 ...
... no UTF-8 mapping file for font encoding PD1
)
\Hy@SavedSpaceFactor=\count124

(/home/jason/.miktex/texmfs/install/tex/latex/00miktex/hyperref.cfg
File: hyperref.cfg 2002/06/06 v1.2 hyperref configuration of TeXLive
)
Package hyperref Info: Option `bookmarks' set `true' on input line 4393.
Package hyperref Info: Option `bookmarksopen' set `true' on input line 4393.
Package hyperref Info: Option `implicit' set `false' on input line 4393.
Package hyperref Info: Hyper figures OFF on input line 4519.
Package hyperref Info: Link nesting OFF on input line 4524.
Package hyperref Info: Hyper index ON on input line 4527.
Package hyperref Info: Plain pages OFF on input line 4534.
Package hyperref Info: Backreferencing OFF on input line 4539.
Package hyperref Info: Implicit mode OFF; no redefinition of LaTeX internals.
Package hyperref Info: Bookmarks ON on input line 4772.
\c@Hy@tempcnt=\count125

(/home/jason/.miktex/texmfs/install/tex/latex/url/url.sty
\Urlmuskip=\muskip10
Package: url 2013/09/16  ver 3.4  Verb mode for urls, etc.
)
LaTeX Info: Redefining \url on input line 5125.
\XeTeXLinkMargin=\dimen164
\Fld@menulength=\count126
\Field@Width=\dimen165
\Fld@charsize=\dimen166
Package hyperref Info: Hyper figures OFF on input line 6380.
Package hyperref Info: Link nesting OFF on input line 6385.
Package hyperref Info: Hyper index ON on input line 6388.
Package hyperref Info: backreferencing OFF on input line 6395.
Package hyperref Info: Link coloring OFF on input line 6400.
Package hyperref Info: Link coloring with OCG OFF on input line 6405.
Package hyperref Info: PDF/A mode OFF on input line 6410.
LaTeX Info: Redefining \ref on input line 6450.
LaTeX Info: Redefining \pageref on input line 6454.
\Hy@abspage=\count127


Package hyperref Message: Stopped early.

)
Package hyperref Info: Driver (autodetected): hpdftex.
 (/home/jason/.miktex/texmfs/install/tex/latex/hyperref/hpdftex.def
File: hpdftex.def 2018/11/30 v6.88e Hyperref driver for pdfTeX
\Fld@listcount=\count128
\c@bookmark@seq@number=\count129

(/home/jason/.miktex/texmfs/install/tex/latex/oberdiek/rerunfilecheck.sty
Package: rerunfilecheck 2016/05/16 v1.8 Rerun checks for auxiliary files (HO)
Package uniquecounter Info: New unique counter `rerunfilecheck' on input line 2
82.
))
(/home/jason/.miktex/texmfs/install/tex/latex/beamer/beamerbaserequires.sty
(/home/jason/.miktex/texmfs/install/tex/latex/beamer/beamerbasecompatibility.st
y) (/home/jason/.miktex/texmfs/install/tex/latex/beamer/beamerbasefont.sty
(/home/jason/.miktex/texmfs/install/tex/latex/amsfonts/amssymb.sty
Package: amssymb 2013/01/14 v3.01 AMS font symbols

(/home/jason/.miktex/texmfs/install/tex/latex/amsfonts/amsfonts.sty
Package: amsfonts 2013/01/14 v3.01 Basic AMSFonts support
\@emptytoks=\toks26
\symAMSa=\mathgroup4
\symAMSb=\mathgroup5
LaTeX Font Info:    Overwriting math alphabet `\mathfrak' in version `bold'
(Font)                  U/euf/m/n --> U/euf/b/n on input line 106.
))
(/home/jason/.miktex/texmfs/install/tex/latex/sansmathaccent/sansmathaccent.sty
Package: sansmathaccent 2013/03/28
(/home/jason/.miktex/texmfs/install/tex/latex/filehook/filehook.sty
Package: filehook 2011/10/12 v0.5d Hooks for input files
)))
(/home/jason/.miktex/texmfs/install/tex/latex/beamer/beamerbasetranslator.sty
(/home/jason/.miktex/texmfs/install/tex/latex/translator/translator.sty
Package: translator 2018/01/04 v1.12 Easy translation of strings in LaTeX
))
(/home/jason/.miktex/texmfs/install/tex/latex/beamer/beamerbasemisc.sty)
(/home/jason/.miktex/texmfs/install/tex/latex/beamer/beamerbasetwoscreens.sty)
(/home/jason/.miktex/texmfs/install/tex/latex/beamer/beamerbaseoverlay.sty
\beamer@argscount=\count130
\beamer@lastskipcover=\skip44
\beamer@trivlistdepth=\count131
)
(/home/jason/.miktex/texmfs/install/tex/latex/beamer/beamerbasetitle.sty)
(/home/jason/.miktex/texmfs/install/tex/latex/beamer/beamerbasesection.sty
\c@lecture=\count132
\c@part=\count133
\c@section=\count134
\c@subsection=\count135
\c@subsubsection=\count136
)
(/home/jason/.miktex/texmfs/install/tex/latex/beamer/beamerbaseframe.sty
\beamer@framebox=\box41
\beamer@frametitlebox=\box42
\beamer@zoombox=\box43
\beamer@zoomcount=\count137
\beamer@zoomframecount=\count138
\beamer@frametextheight=\dimen167
\c@subsectionslide=\count139
\beamer@frametopskip=\skip45
\beamer@framebottomskip=\skip46
\beamer@frametopskipautobreak=\skip47
\beamer@framebottomskipautobreak=\skip48
\beamer@envbody=\toks27
\framewidth=\dimen168
\c@framenumber=\count140
)
(/home/jason/.miktex/texmfs/install/tex/latex/beamer/beamerbaseverbatim.sty
\beamer@verbatimfileout=\write4
)
(/home/jason/.miktex/texmfs/install/tex/latex/beamer/beamerbaseframesize.sty
\beamer@splitbox=\box44
\beamer@autobreakcount=\count141
\beamer@autobreaklastheight=\dimen169
\beamer@frametitletoks=\toks28
\beamer@framesubtitletoks=\toks29
)
(/home/jason/.miktex/texmfs/install/tex/latex/beamer/beamerbaseframecomponents.
sty
\beamer@footins=\box45
) (/home/jason/.miktex/texmfs/install/tex/latex/beamer/beamerbasecolor.sty)
(/home/jason/.miktex/texmfs/install/tex/latex/beamer/beamerbasenotes.sty
\beamer@frameboxcopy=\box46
)
(/home/jason/.miktex/texmfs/install/tex/latex/beamer/beamerbasetoc.sty)
(/home/jason/.miktex/texmfs/install/tex/latex/beamer/beamerbasetemplates.sty
\beamer@sbttoks=\toks30

(/home/jason/.miktex/texmfs/install/tex/latex/beamer/beamerbaseauxtemplates.sty
(/home/jason/.miktex/texmfs/install/tex/latex/beamer/beamerbaseboxes.sty
\bmb@box=\box47
\bmb@colorbox=\box48
\bmb@boxshadow=\box49
\bmb@boxshadowball=\box50
\bmb@boxshadowballlarge=\box51
\bmb@temp=\dimen170
\bmb@dima=\dimen171
\bmb@dimb=\dimen172
\bmb@prevheight=\dimen173
)
\beamer@blockheadheight=\dimen174
))
(/home/jason/.miktex/texmfs/install/tex/latex/beamer/beamerbaselocalstructure.s
ty (/home/jason/.miktex/texmfs/install/tex/latex/tools/enumerate.sty
Package: enumerate 2015/07/23 v3.00 enumerate extensions (DPC)
\@enLab=\toks31
)
\c@figure=\count142
\c@table=\count143
\abovecaptionskip=\skip49
\belowcaptionskip=\skip50
)
(/home/jason/.miktex/texmfs/install/tex/latex/beamer/beamerbasenavigation.sty
\beamer@section@min@dim=\dimen175
)
(/home/jason/.miktex/texmfs/install/tex/latex/beamer/beamerbasetheorems.sty
(/home/jason/.miktex/texmfs/install/tex/latex/amsmath/amsmath.sty
Package: amsmath 2018/12/01 v2.17b AMS math features
\@mathmargin=\skip51

For additional information on amsmath, use the `?' option.
(/home/jason/.miktex/texmfs/install/tex/latex/amsmath/amstext.sty
Package: amstext 2000/06/29 v2.01 AMS text

(/home/jason/.miktex/texmfs/install/tex/latex/amsmath/amsgen.sty
File: amsgen.sty 1999/11/30 v2.0 generic functions
\@emptytoks=\toks32
\ex@=\dimen176
))
(/home/jason/.miktex/texmfs/install/tex/latex/amsmath/amsbsy.sty
Package: amsbsy 1999/11/29 v1.2d Bold Symbols
\pmbraise@=\dimen177
)
(/home/jason/.miktex/texmfs/install/tex/latex/amsmath/amsopn.sty
Package: amsopn 2016/03/08 v2.02 operator names
)
\inf@bad=\count144
LaTeX Info: Redefining \frac on input line 223.
\uproot@=\count145
\leftroot@=\count146
LaTeX Info: Redefining \overline on input line 385.
\classnum@=\count147
\DOTSCASE@=\count148
LaTeX Info: Redefining \ldots on input line 482.
LaTeX Info: Redefining \dots on input line 485.
LaTeX Info: Redefining \cdots on input line 606.
\Mathstrutbox@=\box52
\strutbox@=\box53
\big@size=\dimen178
LaTeX Font Info:    Redeclaring font encoding OML on input line 729.
LaTeX Font Info:    Redeclaring font encoding OMS on input line 730.
\macc@depth=\count149
\c@MaxMatrixCols=\count150
\dotsspace@=\muskip11
\c@parentequation=\count151
\dspbrk@lvl=\count152
\tag@help=\toks33
\row@=\count153
\column@=\count154
\maxfields@=\count155
\andhelp@=\toks34
\eqnshift@=\dimen179
\alignsep@=\dimen180
\tagshift@=\dimen181
\tagwidth@=\dimen182
\totwidth@=\dimen183
\lineht@=\dimen184
\@envbody=\toks35
\multlinegap=\skip52
\multlinetaggap=\skip53
\mathdisplay@stack=\toks36
LaTeX Info: Redefining \[ on input line 2844.
LaTeX Info: Redefining \] on input line 2845.
)
(/home/jason/.miktex/texmfs/install/tex/latex/amscls/amsthm.sty
Package: amsthm 2017/10/31 v2.20.4
\thm@style=\toks37
\thm@bodyfont=\toks38
\thm@headfont=\toks39
\thm@notefont=\toks40
\thm@headpunct=\toks41
\thm@preskip=\skip54
\thm@postskip=\skip55
\thm@headsep=\skip56
\dth@everypar=\toks42
)
\c@theorem=\count156
)
(/home/jason/.miktex/texmfs/install/tex/latex/beamer/beamerbasethemes.sty))
(/home/jason/.miktex/texmfs/install/tex/latex/beamer/beamerthemedefault.sty
(/home/jason/.miktex/texmfs/install/tex/latex/beamer/beamerfontthemedefault.sty
)
(/home/jason/.miktex/texmfs/install/tex/latex/beamer/beamercolorthemedefault.st
y)
(/home/jason/.miktex/texmfs/install/tex/latex/beamer/beamerinnerthemedefault.st
y
\beamer@dima=\dimen185
\beamer@dimb=\dimen186
)
(/home/jason/.miktex/texmfs/install/tex/latex/beamer/beamerouterthemedefault.st
y))) (/home/jason/.miktex/texmfs/install/tex/latex/beamer/beamerthemeMalmoe.sty
(/home/jason/.miktex/texmfs/install/tex/latex/beamer/beamerouterthemesplit.sty)
(/home/jason/.miktex/texmfs/install/tex/latex/beamer/beamercolorthemewhale.sty)
) (/home/jason/.miktex/texmfs/install/tex/latex/caption/caption.sty
Package: caption 2018/10/06 v3.3-154 Customizing captions (AR)

(/home/jason/.miktex/texmfs/install/tex/latex/caption/caption3.sty
Package: caption3 2018/09/12 v1.8c caption3 kernel (AR)
Package caption3 Info: TeX engine: e-TeX on input line 64.
\captionmargin=\dimen187
\captionmargin@=\dimen188
\captionwidth=\dimen189
\caption@tempdima=\dimen190
\caption@indent=\dimen191
\caption@parindent=\dimen192
\caption@hangindent=\dimen193
)
\c@caption@flags=\count157
\c@ContinuedFloat=\count158
Package caption Info: beamer document class.
Package caption Info: hyperref package is loaded.
Package caption Info: Hyperref support is turned off
(caption)             because hyperref has stopped early.
)
(/home/jason/.miktex/texmfs/install/tex/latex/cancel/cancel.sty
Package: cancel 2013/04/12 v2.2 Cancel math terms
)
(/home/jason/.miktex/texmfs/install/tex/latex/appendixnumberbeamer/appendixnumb
erbeamer.sty) (BarkelooUOGroupJul1119.aux)
\openout1 = `BarkelooUOGroupJul1119.aux'.

LaTeX Font Info:    Checking defaults for OML/cmm/m/it on input line 18.
LaTeX Font Info:    ... okay on input line 18.
LaTeX Font Info:    Checking defaults for T1/cmr/m/n on input line 18.
LaTeX Font Info:    ... okay on input line 18.
LaTeX Font Info:    Checking defaults for OT1/cmr/m/n on input line 18.
LaTeX Font Info:    ... okay on input line 18.
LaTeX Font Info:    Checking defaults for OMS/cmsy/m/n on input line 18.
LaTeX Font Info:    ... okay on input line 18.
LaTeX Font Info:    Checking defaults for OMX/cmex/m/n on input line 18.
LaTeX Font Info:    ... okay on input line 18.
LaTeX Font Info:    Checking defaults for U/cmr/m/n on input line 18.
LaTeX Font Info:    ... okay on input line 18.
LaTeX Font Info:    Checking defaults for PD1/pdf/m/n on input line 18.
LaTeX Font Info:    ... okay on input line 18.

*geometry* driver: auto-detecting
*geometry* detected driver: pdftex
*geometry* verbose mode - [ preamble ] result:
* driver: pdftex
* paper: custom
* layout: <same size as paper>
* layoutoffset:(h,v)=(0.0pt,0.0pt)
* modes: includehead includefoot 
* h-part:(L,W,R)=(28.45274pt, 307.28987pt, 28.45274pt)
* v-part:(T,H,B)=(0.0pt, 273.14662pt, 0.0pt)
* \paperwidth=364.19536pt
* \paperheight=273.14662pt
* \textwidth=307.28987pt
* \textheight=244.6939pt
* \oddsidemargin=-43.81725pt
* \evensidemargin=-43.81725pt
* \topmargin=-72.26999pt
* \headheight=14.22636pt
* \headsep=0.0pt
* \topskip=10.0pt
* \footskip=14.22636pt
* \marginparwidth=3.0pt
* \marginparsep=11.0pt
* \columnsep=10.0pt
* \skip\footins=9.0pt plus 4.0pt minus 2.0pt
* \hoffset=0.0pt
* \voffset=0.0pt
* \mag=1000
* \@twocolumnfalse
* \@twosidefalse
* \@mparswitchfalse
* \@reversemarginfalse
* (1in=72.27pt=25.4mm, 1cm=28.453pt)

(/home/jason/.miktex/texmfs/install/tex/context/base/mkii/supp-pdf.mkii
[Loading MPS to PDF converter (version 2006.09.02).]
\scratchcounter=\count159
\scratchdimen=\dimen194
\scratchbox=\box54
\nofMPsegments=\count160
\nofMParguments=\count161
\everyMPshowfont=\toks43
\MPscratchCnt=\count162
\MPscratchDim=\dimen195
\MPnumerator=\count163
\makeMPintoPDFobject=\count164
\everyMPtoPDFconversion=\toks44
) (/home/jason/.miktex/texmfs/install/tex/latex/oberdiek/epstopdf-base.sty
Package: epstopdf-base 2016/05/15 v2.6 Base part for package epstopdf

(/home/jason/.miktex/texmfs/install/tex/latex/oberdiek/grfext.sty
Package: grfext 2016/05/16 v1.2 Manage graphics extensions (HO)
)
Package epstopdf-base Info: Redefining graphics rule for `.eps' on input line 4
38.
Package grfext Info: Graphics extension search list:
(grfext)             [.pdf,.png,.jpg,.mps,.jpeg,.jbig2,.jb2,.PDF,.PNG,.JPG,.JPE
G,.JBIG2,.JB2,.eps]
(grfext)             \AppendGraphicsExtensions on input line 456.
)
ABD: EveryShipout initializing macros
\AtBeginShipoutBox=\box55
Package hyperref Info: Link coloring OFF on input line 18.

(/home/jason/.miktex/texmfs/install/tex/latex/hyperref/nameref.sty
Package: nameref 2016/05/21 v2.44 Cross-referencing by name of section

(/home/jason/.miktex/texmfs/install/tex/generic/oberdiek/gettitlestring.sty
Package: gettitlestring 2016/05/16 v1.5 Cleanup title references (HO)
)
\c@section@level=\count165
)
LaTeX Info: Redefining \ref on input line 18.
LaTeX Info: Redefining \pageref on input line 18.
LaTeX Info: Redefining \nameref on input line 18.

(BarkelooUOGroupJul1119.out) (BarkelooUOGroupJul1119.out)
\@outlinefile=\write5
\openout5 = `BarkelooUOGroupJul1119.out'.

LaTeX Font Info:    Overwriting symbol font `operators' in version `normal'
(Font)                  OT1/cmr/m/n --> OT1/cmss/m/n on input line 18.
LaTeX Font Info:    Overwriting symbol font `operators' in version `bold'
(Font)                  OT1/cmr/bx/n --> OT1/cmss/bx/n on input line 18.
\symnumbers=\mathgroup6
\sympureletters=\mathgroup7
LaTeX Font Info:    Overwriting math alphabet `\mathrm' in version `normal'
(Font)                  OT1/cmss/m/n --> OT1/cmr/m/n on input line 18.
LaTeX Font Info:    Redeclaring math alphabet \mathbf on input line 18.
LaTeX Font Info:    Overwriting math alphabet `\mathbf' in version `normal'
(Font)                  OT1/cmr/bx/n --> OT1/cmss/bx/n on input line 18.
LaTeX Font Info:    Overwriting math alphabet `\mathbf' in version `bold'
(Font)                  OT1/cmr/bx/n --> OT1/cmss/bx/n on input line 18.
LaTeX Font Info:    Redeclaring math alphabet \mathsf on input line 18.
LaTeX Font Info:    Overwriting math alphabet `\mathsf' in version `normal'
(Font)                  OT1/cmss/m/n --> OT1/cmss/m/n on input line 18.
LaTeX Font Info:    Overwriting math alphabet `\mathsf' in version `bold'
(Font)                  OT1/cmss/bx/n --> OT1/cmss/m/n on input line 18.
LaTeX Font Info:    Redeclaring math alphabet \mathit on input line 18.
LaTeX Font Info:    Overwriting math alphabet `\mathit' in version `normal'
(Font)                  OT1/cmr/m/it --> OT1/cmss/m/it on input line 18.
LaTeX Font Info:    Overwriting math alphabet `\mathit' in version `bold'
(Font)                  OT1/cmr/bx/it --> OT1/cmss/m/it on input line 18.
LaTeX Font Info:    Redeclaring math alphabet \mathtt on input line 18.
LaTeX Font Info:    Overwriting math alphabet `\mathtt' in version `normal'
(Font)                  OT1/cmtt/m/n --> OT1/cmtt/m/n on input line 18.
LaTeX Font Info:    Overwriting math alphabet `\mathtt' in version `bold'
(Font)                  OT1/cmtt/m/n --> OT1/cmtt/m/n on input line 18.
LaTeX Font Info:    Overwriting symbol font `numbers' in version `bold'
(Font)                  OT1/cmss/m/n --> OT1/cmss/bx/n on input line 18.
LaTeX Font Info:    Overwriting symbol font `pureletters' in version `bold'
(Font)                  OT1/cmss/m/it --> OT1/cmss/bx/it on input line 18.
LaTeX Font Info:    Overwriting math alphabet `\mathrm' in version `bold'
(Font)                  OT1/cmss/bx/n --> OT1/cmr/bx/n on input line 18.
LaTeX Font Info:    Overwriting math alphabet `\mathbf' in version `bold'
(Font)                  OT1/cmss/bx/n --> OT1/cmss/bx/n on input line 18.
LaTeX Font Info:    Overwriting math alphabet `\mathsf' in version `bold'
(Font)                  OT1/cmss/m/n --> OT1/cmss/bx/n on input line 18.
LaTeX Font Info:    Overwriting math alphabet `\mathit' in version `bold'
(Font)                  OT1/cmss/m/it --> OT1/cmss/bx/it on input line 18.
LaTeX Font Info:    Overwriting math alphabet `\mathtt' in version `bold'
(Font)                  OT1/cmtt/m/n --> OT1/cmtt/bx/n on input line 18.
LaTeX Font Info:    Redeclaring symbol font `pureletters' on input line 18.
LaTeX Font Info:    Overwriting symbol font `pureletters' in version `normal'
(Font)                  OT1/cmss/m/it --> OT1/mathkerncmss/m/sl on input line 1
8.
LaTeX Font Info:    Overwriting symbol font `pureletters' in version `bold'
(Font)                  OT1/cmss/bx/it --> OT1/mathkerncmss/m/sl on input line 
18.
LaTeX Font Info:    Overwriting symbol font `pureletters' in version `bold'
(Font)                  OT1/mathkerncmss/m/sl --> OT1/mathkerncmss/bx/sl on inp
ut line 18.

(/home/jason/.miktex/texmfs/install/tex/latex/translator/translator-basic-dicti
onary-English.dict
Dictionary: translator-basic-dictionary, Language: English 
)
(/home/jason/.miktex/texmfs/install/tex/latex/translator/translator-bibliograph
y-dictionary-English.dict
Dictionary: translator-bibliography-dictionary, Language: English 
)
(/home/jason/.miktex/texmfs/install/tex/latex/translator/translator-environment
-dictionary-English.dict
Dictionary: translator-environment-dictionary, Language: English 
)
(/home/jason/.miktex/texmfs/install/tex/latex/translator/translator-months-dict
ionary-English.dict
Dictionary: translator-months-dictionary, Language: English 
)
(/home/jason/.miktex/texmfs/install/tex/latex/translator/translator-numbers-dic
tionary-English.dict
Dictionary: translator-numbers-dictionary, Language: English 
)
(/home/jason/.miktex/texmfs/install/tex/latex/translator/translator-theorem-dic
tionary-English.dict
Dictionary: translator-theorem-dictionary, Language: English 
)
Package caption Info: Begin \AtBeginDocument code.
Package caption Info: End \AtBeginDocument code.
 (BarkelooUOGroupJul1119.nav)

Package hyperref Warning: Option `pdfauthor' has already been used,
(hyperref)                setting the option has no effect on input line 21.

LaTeX Font Info:    Try loading font information for U+msa on input line 35.
(/home/jason/.miktex/texmfs/install/tex/latex/amsfonts/umsa.fd
File: umsa.fd 2013/01/14 v3.01 AMS symbols A
)
LaTeX Font Info:    Try loading font information for U+msb on input line 35.

(/home/jason/.miktex/texmfs/install/tex/latex/amsfonts/umsb.fd
File: umsb.fd 2013/01/14 v3.01 AMS symbols B
)
LaTeX Font Info:    Try loading font information for OT1+mathkerncmss on input 
line 35.

(/home/jason/.miktex/texmfs/install/tex/latex/sansmathaccent/ot1mathkerncmss.fd
File: ot1mathkerncmss.fd 2013/03/27 Fontinst v1.933 font definitions for OT1/ma
thkerncmss.
)
<../ATLAS-Logo-Ref-RGB.png, id=69, 583.7007pt x 307.1475pt>
File: ../ATLAS-Logo-Ref-RGB.png Graphic file (type png)
<use ../ATLAS-Logo-Ref-RGB.png>
Package pdftex.def Info: ../ATLAS-Logo-Ref-RGB.png  used on input line 35.
(pdftex.def)             Requested size: 113.81102pt x 59.88649pt.
<../uo_logo_green_on_white_2.jpg, id=70, 803.0pt x 451.6875pt>
File: ../uo_logo_green_on_white_2.jpg Graphic file (type jpg)
<use ../uo_logo_green_on_white_2.jpg>
Package pdftex.def Info: ../uo_logo_green_on_white_2.jpg  used on input line 35
.
(pdftex.def)             Requested size: 113.81102pt x 64.01463pt.

Overfull \hbox (0.79945pt too wide) in paragraph at lines 35--35
 [][]|  [] 
 []

[1{/home/jason/.miktex/texmfs/data/pdftex/config/pdftex.map}

 <../ATLAS-Logo-Ref-RGB.png (PNG copy)> <../uo_logo_green_on_white_2.jpg>]
(BarkelooUOGroupJul1119.toc) [2

]
<../../Thesis/ThesisImages/SMTopDecays2.png, id=117, 1224.82594pt x 432.11438pt
>
File: ../../Thesis/ThesisImages/SMTopDecays2.png Graphic file (type png)
<use ../../Thesis/ThesisImages/SMTopDecays2.png>
Package pdftex.def Info: ../../Thesis/ThesisImages/SMTopDecays2.png  used on in
put line 66.
(pdftex.def)             Requested size: 307.28987pt x 108.41075pt.
 [3

 <../../Thesis/ThesisImages/SMTopDecays2.png>]
<../../Thesis/ThesisImages/fcncttbar.png, id=142, 423.08063pt x 419.31656pt>
File: ../../Thesis/ThesisImages/fcncttbar.png Graphic file (type png)
<use ../../Thesis/ThesisImages/fcncttbar.png>
Package pdftex.def Info: ../../Thesis/ThesisImages/fcncttbar.png  used on input
 line 85.
(pdftex.def)             Requested size: 122.91406pt x 121.81622pt.
 [4

 <../../Thesis/ThesisImages/fcncttbar.png>] [5

]
Overfull \hbox (0.79733pt too wide) in paragraph at lines 136--136
[][]  
 []

<Images/onlyNNCut/plotsSkip1percent/el.presel.preselh_leadJet_pt.png, id=170, 6
98.61pt x 473.77pt>
File: Images/onlyNNCut/plotsSkip1percent/el.presel.preselh_leadJet_pt.png Graph
ic file (type png)
<use Images/onlyNNCut/plotsSkip1percent/el.presel.preselh_leadJet_pt.png>
Package pdftex.def Info: Images/onlyNNCut/plotsSkip1percent/el.presel.preselh_l
eadJet_pt.png  used on input line 136.
(pdftex.def)             Requested size: 96.33559pt x 65.32973pt.
<Images/onlyNNCut/plotsSkip1percent/mu.presel.preselh_leadJet_pt.png, id=171, 6
98.61pt x 473.77pt>
File: Images/onlyNNCut/plotsSkip1percent/mu.presel.preselh_leadJet_pt.png Graph
ic file (type png)
<use Images/onlyNNCut/plotsSkip1percent/mu.presel.preselh_leadJet_pt.png>
Package pdftex.def Info: Images/onlyNNCut/plotsSkip1percent/mu.presel.preselh_l
eadJet_pt.png  used on input line 136.
(pdftex.def)             Requested size: 96.33559pt x 65.32973pt.
<Images/onlyNNCut/plotsSkip1percent/el.presel.preselh_photon_pt.png, id=172, 69
8.61pt x 473.77pt>
File: Images/onlyNNCut/plotsSkip1percent/el.presel.preselh_photon_pt.png Graphi
c file (type png)
<use Images/onlyNNCut/plotsSkip1percent/el.presel.preselh_photon_pt.png>
Package pdftex.def Info: Images/onlyNNCut/plotsSkip1percent/el.presel.preselh_p
hoton_pt.png  used on input line 136.
(pdftex.def)             Requested size: 96.33559pt x 65.32973pt.
<Images/onlyNNCut/plotsSkip1percent/mu.presel.preselh_photon_pt.png, id=173, 69
8.61pt x 473.77pt>
File: Images/onlyNNCut/plotsSkip1percent/mu.presel.preselh_photon_pt.png Graphi
c file (type png)
<use Images/onlyNNCut/plotsSkip1percent/mu.presel.preselh_photon_pt.png>
Package pdftex.def Info: Images/onlyNNCut/plotsSkip1percent/mu.presel.preselh_p
hoton_pt.png  used on input line 136.
(pdftex.def)             Requested size: 96.33559pt x 65.32973pt.
<Images/onlyNNCut/plotsSkip1percent/el.presel.preselh_lepton_pt.png, id=174, 69
8.61pt x 473.77pt>
File: Images/onlyNNCut/plotsSkip1percent/el.presel.preselh_lepton_pt.png Graphi
c file (type png)
<use Images/onlyNNCut/plotsSkip1percent/el.presel.preselh_lepton_pt.png>
Package pdftex.def Info: Images/onlyNNCut/plotsSkip1percent/el.presel.preselh_l
epton_pt.png  used on input line 136.
(pdftex.def)             Requested size: 96.33559pt x 65.32973pt.
<Images/onlyNNCut/plotsSkip1percent/mu.presel.preselh_lepton_pt.png, id=175, 69
8.61pt x 473.77pt>
File: Images/onlyNNCut/plotsSkip1percent/mu.presel.preselh_lepton_pt.png Graphi
c file (type png)
<use Images/onlyNNCut/plotsSkip1percent/mu.presel.preselh_lepton_pt.png>
Package pdftex.def Info: Images/onlyNNCut/plotsSkip1percent/mu.presel.preselh_l
epton_pt.png  used on input line 136.
(pdftex.def)             Requested size: 96.33559pt x 65.32973pt.
[6

 <./Images/onlyNNCut/plotsSkip1percent/el.presel.preselh_leadJet_pt.png> <./Ima
ges/onlyNNCut/plotsSkip1percent/mu.presel.preselh_leadJet_pt.png> <./Images/onl
yNNCut/plotsSkip1percent/el.presel.preselh_photon_pt.png> <./Images/onlyNNCut/p
lotsSkip1percent/mu.presel.preselh_photon_pt.png> <./Images/onlyNNCut/plotsSkip
1percent/el.presel.preselh_lepton_pt.png> <./Images/onlyNNCut/plotsSkip1percent
/mu.presel.preselh_lepton_pt.png>]
<Images/neural_net2.jpeg, id=189, 793.96625pt x 389.455pt>
File: Images/neural_net2.jpeg Graphic file (type jpg)
<use Images/neural_net2.jpeg>
Package pdftex.def Info: Images/neural_net2.jpeg  used on input line 177.
(pdftex.def)             Requested size: 215.10196pt x 105.5108pt.
 [7

 <./Images/neural_net2.jpeg>] [8

]
[9

]
Overfull \hbox (0.79733pt too wide) in paragraph at lines 222--222
[][]  
 []

<Images/previousEJetOuts/sigbkg.png, id=230, 462.528pt x 346.896pt>
File: Images/previousEJetOuts/sigbkg.png Graphic file (type png)
<use Images/previousEJetOuts/sigbkg.png>
Package pdftex.def Info: Images/previousEJetOuts/sigbkg.png  used on input line
 222.
(pdftex.def)             Requested size: 125.37404pt x 94.0284pt.
<Images/previousMuJetOuts/sigbkg.png, id=231, 462.528pt x 346.896pt>
File: Images/previousMuJetOuts/sigbkg.png Graphic file (type png)
<use Images/previousMuJetOuts/sigbkg.png>
Package pdftex.def Info: Images/previousMuJetOuts/sigbkg.png  used on input lin
e 222.
(pdftex.def)             Requested size: 125.37404pt x 94.0284pt.
<Images/ejetsOuts/sigbkg.png, id=232, 462.528pt x 346.896pt>
File: Images/ejetsOuts/sigbkg.png Graphic file (type png)
<use Images/ejetsOuts/sigbkg.png>
Package pdftex.def Info: Images/ejetsOuts/sigbkg.png  used on input line 222.
(pdftex.def)             Requested size: 125.37404pt x 94.0284pt.
<Images/mujetsOuts/sigbkg.png, id=233, 462.528pt x 346.896pt>
File: Images/mujetsOuts/sigbkg.png Graphic file (type png)
<use Images/mujetsOuts/sigbkg.png>
Package pdftex.def Info: Images/mujetsOuts/sigbkg.png  used on input line 222.
(pdftex.def)             Requested size: 125.37404pt x 94.0284pt.
[10

 <./Images/previousEJetOuts/sigbkg.png> <./Images/previousMuJetOuts/sigbkg.png>
 <./Images/ejetsOuts/sigbkg.png> <./Images/mujetsOuts/sigbkg.png>]
File: Images/ejetsOuts/sigbkg.png Graphic file (type png)
<use Images/ejetsOuts/sigbkg.png>
Package pdftex.def Info: Images/ejetsOuts/sigbkg.png  used on input line 239.
(pdftex.def)             Requested size: 125.37404pt x 94.0284pt.
<Images/ejetsOuts/significance2.png, id=250, 1084.05pt x 722.7pt>
File: Images/ejetsOuts/significance2.png Graphic file (type png)
<use Images/ejetsOuts/significance2.png>
Package pdftex.def Info: Images/ejetsOuts/significance2.png  used on input line
 239.
(pdftex.def)             Requested size: 125.37404pt x 83.57741pt.
<Images/ejetsOuts/SigVsBR.png, id=251, 462.528pt x 346.896pt>
File: Images/ejetsOuts/SigVsBR.png Graphic file (type png)
<use Images/ejetsOuts/SigVsBR.png>
Package pdftex.def Info: Images/ejetsOuts/SigVsBR.png  used on input line 239.
(pdftex.def)             Requested size: 125.37404pt x 94.0284pt.
<Images/ejetsOuts/CutVsBR.png, id=252, 462.528pt x 346.896pt>
File: Images/ejetsOuts/CutVsBR.png Graphic file (type png)
<use Images/ejetsOuts/CutVsBR.png>
Package pdftex.def Info: Images/ejetsOuts/CutVsBR.png  used on input line 239.
(pdftex.def)             Requested size: 125.37404pt x 94.0284pt.
 [11

 <./Images/ejetsOuts/significance2.png> <./Images/ejetsOuts/SigVsBR.png> <./Ima
ges/ejetsOuts/CutVsBR.png>]
File: Images/mujetsOuts/sigbkg.png Graphic file (type png)
<use Images/mujetsOuts/sigbkg.png>
Package pdftex.def Info: Images/mujetsOuts/sigbkg.png  used on input line 254.
(pdftex.def)             Requested size: 125.37404pt x 94.0284pt.
<Images/mujetsOuts/significance2.png, id=268, 1084.05pt x 722.7pt>
File: Images/mujetsOuts/significance2.png Graphic file (type png)
<use Images/mujetsOuts/significance2.png>
Package pdftex.def Info: Images/mujetsOuts/significance2.png  used on input lin
e 254.
(pdftex.def)             Requested size: 125.37404pt x 83.57741pt.
<Images/mujetsOuts/SigVsBR.png, id=269, 462.528pt x 346.896pt>
File: Images/mujetsOuts/SigVsBR.png Graphic file (type png)
<use Images/mujetsOuts/SigVsBR.png>
Package pdftex.def Info: Images/mujetsOuts/SigVsBR.png  used on input line 254.

(pdftex.def)             Requested size: 125.37404pt x 94.0284pt.
<Images/mujetsOuts/CutVsBR.png, id=270, 462.528pt x 346.896pt>
File: Images/mujetsOuts/CutVsBR.png Graphic file (type png)
<use Images/mujetsOuts/CutVsBR.png>
Package pdftex.def Info: Images/mujetsOuts/CutVsBR.png  used on input line 254.

(pdftex.def)             Requested size: 125.37404pt x 94.0284pt.
 [12

 <./Images/mujetsOuts/significance2.png> <./Images/mujetsOuts/SigVsBR.png> <./I
mages/mujetsOuts/CutVsBR.png>]
Overfull \hbox (3.85289pt too wide) in paragraph at lines 288--288
[][]  
 []

<Images/onlyNNCut/plotsNoSkip_01percent/mu.SR.SRh_leadJet_pt.png, id=286, 698.6
1pt x 473.77pt>
File: Images/onlyNNCut/plotsNoSkip_01percent/mu.SR.SRh_leadJet_pt.png Graphic f
ile (type png)
<use Images/onlyNNCut/plotsNoSkip_01percent/mu.SR.SRh_leadJet_pt.png>
Package pdftex.def Info: Images/onlyNNCut/plotsNoSkip_01percent/mu.SR.SRh_leadJ
et_pt.png  used on input line 288.
(pdftex.def)             Requested size: 96.33559pt x 65.32973pt.
<Images/onlyNNCut/plotsNoSkip_01percent/mu.VR1.VR1h_leadJet_pt.png, id=287, 698
.61pt x 473.77pt>
File: Images/onlyNNCut/plotsNoSkip_01percent/mu.VR1.VR1h_leadJet_pt.png Graphic
 file (type png)
<use Images/onlyNNCut/plotsNoSkip_01percent/mu.VR1.VR1h_leadJet_pt.png>
Package pdftex.def Info: Images/onlyNNCut/plotsNoSkip_01percent/mu.VR1.VR1h_lea
dJet_pt.png  used on input line 288.
(pdftex.def)             Requested size: 96.33559pt x 65.32973pt.
<Images/onlyNNCut/plotsNoSkip_01percent/mu.SR.SRh_photon_pt.png, id=288, 698.61
pt x 473.77pt>
File: Images/onlyNNCut/plotsNoSkip_01percent/mu.SR.SRh_photon_pt.png Graphic fi
le (type png)
<use Images/onlyNNCut/plotsNoSkip_01percent/mu.SR.SRh_photon_pt.png>
Package pdftex.def Info: Images/onlyNNCut/plotsNoSkip_01percent/mu.SR.SRh_photo
n_pt.png  used on input line 288.
(pdftex.def)             Requested size: 96.33559pt x 65.32973pt.
<Images/onlyNNCut/plotsNoSkip_01percent/mu.VR1.VR1h_photon_pt.png, id=289, 698.
61pt x 473.77pt>
File: Images/onlyNNCut/plotsNoSkip_01percent/mu.VR1.VR1h_photon_pt.png Graphic 
file (type png)
<use Images/onlyNNCut/plotsNoSkip_01percent/mu.VR1.VR1h_photon_pt.png>
Package pdftex.def Info: Images/onlyNNCut/plotsNoSkip_01percent/mu.VR1.VR1h_pho
ton_pt.png  used on input line 288.
(pdftex.def)             Requested size: 96.33559pt x 65.32973pt.
<Images/onlyNNCut/plotsNoSkip_01percent/mu.SR.SRh_lepton_pt.png, id=290, 698.61
pt x 473.77pt>
File: Images/onlyNNCut/plotsNoSkip_01percent/mu.SR.SRh_lepton_pt.png Graphic fi
le (type png)
<use Images/onlyNNCut/plotsNoSkip_01percent/mu.SR.SRh_lepton_pt.png>
Package pdftex.def Info: Images/onlyNNCut/plotsNoSkip_01percent/mu.SR.SRh_lepto
n_pt.png  used on input line 288.
(pdftex.def)             Requested size: 96.33559pt x 65.32973pt.
<Images/onlyNNCut/plotsNoSkip_01percent/mu.VR1.VR1h_lepton_pt.png, id=291, 698.
61pt x 473.77pt>
File: Images/onlyNNCut/plotsNoSkip_01percent/mu.VR1.VR1h_lepton_pt.png Graphic 
file (type png)
<use Images/onlyNNCut/plotsNoSkip_01percent/mu.VR1.VR1h_lepton_pt.png>
Package pdftex.def Info: Images/onlyNNCut/plotsNoSkip_01percent/mu.VR1.VR1h_lep
ton_pt.png  used on input line 288.
(pdftex.def)             Requested size: 96.33559pt x 65.32973pt.
[13

 <./Images/onlyNNCut/plotsNoSkip_01percent/mu.SR.SRh_leadJet_pt.png> <./Images/
onlyNNCut/plotsNoSkip_01percent/mu.VR1.VR1h_leadJet_pt.png> <./Images/onlyNNCut
/plotsNoSkip_01percent/mu.SR.SRh_photon_pt.png> <./Images/onlyNNCut/plotsNoSkip
_01percent/mu.VR1.VR1h_photon_pt.png> <./Images/onlyNNCut/plotsNoSkip_01percent
/mu.SR.SRh_lepton_pt.png> <./Images/onlyNNCut/plotsNoSkip_01percent/mu.VR1.VR1h
_lepton_pt.png>] [14

] [15

] [16

]

Package hyperref Warning: Token not allowed in a PDF string (PDFDocEncoding):
(hyperref)                removing `\translate ' on input line 357.

[17

]
<../../Thesis/ThesisImages/FCNCLoop.png, id=343, 580.41844pt x 432.11438pt>
File: ../../Thesis/ThesisImages/FCNCLoop.png Graphic file (type png)
<use ../../Thesis/ThesisImages/FCNCLoop.png>
Package pdftex.def Info: ../../Thesis/ThesisImages/FCNCLoop.png  used on input 
line 365.
(pdftex.def)             Requested size: 122.91406pt x 91.50494pt.
<../../Thesis/ThesisImages/penguinFCNC.png, id=344, 1020.81375pt x 629.35126pt>

File: ../../Thesis/ThesisImages/penguinFCNC.png Graphic file (type png)
<use ../../Thesis/ThesisImages/penguinFCNC.png>
Package pdftex.def Info: ../../Thesis/ThesisImages/penguinFCNC.png  used on inp
ut line 365.
(pdftex.def)             Requested size: 122.91406pt x 75.77817pt.
 [18

 <../../Thesis/ThesisImages/FCNCLoop.png> <../../Thesis/ThesisImages/penguinFCN
C.png>]
<Images/correlations.png, id=353, 346.896pt x 346.896pt>
File: Images/correlations.png Graphic file (type png)
<use Images/correlations.png>
Package pdftex.def Info: Images/correlations.png  used on input line 370.
(pdftex.def)             Requested size: 188.29498pt x 188.29593pt.
 [19

 <./Images/correlations.png>] [20

]
Overfull \hbox (8.68301pt too wide) in paragraph at lines 443--443
[]\OT1/cmss/m/n/10 ['photon0iso','photon0pt','mqgam','mlgam','mtSM','deltaRjgam
','deltaRbl',  
 []

[21

]
<../../Thesis/ThesisImages/2017PeakLumiByFill.pdf, id=377, 569.12625pt x 408.52
625pt>
File: ../../Thesis/ThesisImages/2017PeakLumiByFill.pdf Graphic file (type pdf)
<use ../../Thesis/ThesisImages/2017PeakLumiByFill.pdf>
Package pdftex.def Info: ../../Thesis/ThesisImages/2017PeakLumiByFill.pdf  used
 on input line 448.
(pdftex.def)             Requested size: 307.28987pt x 220.58842pt.

Overfull \vbox (8.85541pt too high) detected at line 448
 []

[22

 <../../Thesis/ThesisImages/2017PeakLumiByFill.pdf, page is rotated 90 degrees>
]
<../../Thesis/ThesisImages/BSMDiagrams.png, id=428, 1166.10657pt x 630.10406pt>

File: ../../Thesis/ThesisImages/BSMDiagrams.png Graphic file (type png)
<use ../../Thesis/ThesisImages/BSMDiagrams.png>
Package pdftex.def Info: ../../Thesis/ThesisImages/BSMDiagrams.png  used on inp
ut line 452.
(pdftex.def)             Requested size: 307.28987pt x 166.04416pt.
 [23

 <../../Thesis/ThesisImages/BSMDiagrams.png>] [24

]
<../../Thesis/ThesisImages/B-tagging_diagram.png, id=443, 903.375pt x 924.45375
pt>
File: ../../Thesis/ThesisImages/B-tagging_diagram.png Graphic file (type png)
<use ../../Thesis/ThesisImages/B-tagging_diagram.png>
Package pdftex.def Info: ../../Thesis/ThesisImages/B-tagging_diagram.png  used 
on input line 473.
(pdftex.def)             Requested size: 183.99384pt x 188.29593pt.
 [25

 <../../Thesis/ThesisImages/B-tagging_diagram.png>] [26

]
\tf@nav=\write6
\openout6 = `BarkelooUOGroupJul1119.nav'.

\tf@toc=\write7
\openout7 = `BarkelooUOGroupJul1119.toc'.

\tf@snm=\write8
\openout8 = `BarkelooUOGroupJul1119.snm'.

Package atveryend Info: Empty hook `BeforeClearDocument' on input line 480.
Package atveryend Info: Empty hook `AfterLastShipout' on input line 480.
 (BarkelooUOGroupJul1119.aux)
Package atveryend Info: Executing hook `AtVeryEndDocument' on input line 480.
Package atveryend Info: Executing hook `AtEndAfterFileList' on input line 480.
Package rerunfilecheck Info: File `BarkelooUOGroupJul1119.out' has not changed.

(rerunfilecheck)             Checksum: 8652DA56B80C032383FD86412493713B;788.
 ) 
Here is how much of TeX's memory you used:
 18646 strings out of 492903
 360501 string characters out of 3130412
 431295 words of memory out of 3000000
 22044 multiletter control sequences out of 15000+200000
 13595 words of font info for 50 fonts, out of 3000000 for 9000
 1141 hyphenation exceptions out of 8191
 56i,19n,59p,808b,704s stack positions out of 5000i,500n,10000p,200000b,50000s
</home/jason/.miktex/texmfs/install/fonts/type1/public/amsfonts/cm/cmex10.pfb
></home/jason/.miktex/texmfs/install/fonts/type1/public/amsfonts/cm/cmmi10.pfb>
</home/jason/.miktex/texmfs/install/fonts/type1/public/amsfonts/cm/cmmi12.pfb><
/home/jason/.miktex/texmfs/install/fonts/type1/public/amsfonts/cm/cmmi7.pfb></h
ome/jason/.miktex/texmfs/install/fonts/type1/public/amsfonts/cm/cmmi9.pfb></hom
e/jason/.miktex/texmfs/install/fonts/type1/public/amsfonts/cm/cmss10.pfb></home
/jason/.miktex/texmfs/install/fonts/type1/public/amsfonts/cm/cmss12.pfb></home/
jason/.miktex/texmfs/install/fonts/type1/public/amsfonts/cm/cmss8.pfb></home/ja
son/.miktex/texmfs/install/fonts/type1/public/amsfonts/cm/cmss9.pfb></home/jaso
n/.miktex/texmfs/install/fonts/type1/public/amsfonts/cm/cmssi10.pfb></home/jaso
n/.miktex/texmfs/install/fonts/type1/public/amsfonts/cm/cmssi12.pfb></home/jaso
n/.miktex/texmfs/install/fonts/type1/public/amsfonts/cm/cmssi8.pfb></home/jason
/.miktex/texmfs/install/fonts/type1/public/amsfonts/cm/cmssi9.pfb></home/jason/
.miktex/texmfs/install/fonts/type1/public/amsfonts/cm/cmsy10.pfb></home/jason/.
miktex/texmfs/install/fonts/type1/public/amsfonts/cm/cmsy6.pfb></home/jason/.mi
ktex/texmfs/install/fonts/type1/public/amsfonts/cm/cmsy7.pfb></home/jason/.mikt
ex/texmfs/install/fonts/type1/public/amsfonts/cm/cmsy9.pfb></home/jason/.miktex
/texmfs/install/fonts/type1/public/amsfonts/symbols/msam10.pfb>
Output written on BarkelooUOGroupJul1119.pdf (26 pages, 1247107 bytes).
PDF statistics:
 532 PDF objects out of 1000 (max. 8388607)
 66 named destinations out of 1000 (max. 500000)
 312 words of extra memory for PDF output out of 10000 (max. 10000000)

